-- The C compiler identification is GNU 11.4.0
-- The CXX compiler identification is GNU 11.4.0
-- Detecting C compiler ABI info
-- Detecting C compiler ABI info - done
-- Check for working C compiler: /usr/bin/cc - skipped
-- Detecting C compile features
-- Detecting C compile features - done
-- Detecting CXX compiler ABI info
-- Detecting CXX compiler ABI info - done
-- Check for working CXX compiler: /usr/bin/c++ - skipped
-- Detecting CXX compile features
-- Detecting CXX compile features - done
-- Found ament_cmake: 1.3.12 (/opt/ros/humble/share/ament_cmake/cmake)
-- Found Python3: /usr/bin/python3 (found version "3.10.12") found components: Interpreter 
-- Override CMake install command with custom implementation using symlinks instead of copying resources
-- Found ament_index_cpp: 1.4.0 (/opt/ros/humble/share/ament_index_cpp/cmake)
-- Found controller_interface: 2.53.0 (/opt/ros/humble/share/controller_interface/cmake)
-- Found rosidl_generator_c: 3.1.8 (/opt/ros/humble/share/rosidl_generator_c/cmake)
-- Found rosidl_adapter: 3.1.8 (/opt/ros/humble/share/rosidl_adapter/cmake)
-- Found rosidl_generator_cpp: 3.1.8 (/opt/ros/humble/share/rosidl_generator_cpp/cmake)
-- Using all available rosidl_typesupport_c: rosidl_typesupport_fastrtps_c;rosidl_typesupport_introspection_c
-- Using all available rosidl_typesupport_cpp: rosidl_typesupport_fastrtps_cpp;rosidl_typesupport_introspection_cpp
-- Found rmw_implementation_cmake: 6.1.2 (/opt/ros/humble/share/rmw_implementation_cmake/cmake)
-- Found rmw_fastrtps_cpp: 6.2.9 (/opt/ros/humble/share/rmw_fastrtps_cpp/cmake)
-- Found TinyXML2 via Config file: TinyXML2_DIR-NOTFOUND
-- Found OpenSSL: /usr/lib/x86_64-linux-gnu/libcrypto.so (found version "3.0.2")  
-- Found TinyXML2 via Config file: TinyXML2_DIR-NOTFOUND
-- Found FastRTPS: /opt/ros/humble/include  
-- Found TinyXML2 via Config file: TinyXML2_DIR-NOTFOUND
-- Found TinyXML2 via Config file: TinyXML2_DIR-NOTFOUND
-- Using RMW implementation 'rmw_fastrtps_cpp' as default
-- Looking for pthread.h
-- Looking for pthread.h - found
-- Performing Test CMAKE_HAVE_LIBC_PTHREAD
-- Performing Test CMAKE_HAVE_LIBC_PTHREAD - Success
-- Found Threads: TRUE  
-- Found franka_msgs: 2.2.0 (/home/raiaan/franka_ros2_ws/install/franka_msgs/share/franka_msgs/cmake)
-- Found franka_semantic_components: 2.2.0 (/home/raiaan/franka_ros2_ws/install/franka_semantic_components/share/franka_semantic_components/cmake)
-- Found std_srvs: 4.9.0 (/opt/ros/humble/share/std_srvs/cmake)
-- Configuring done
-- Generating done
-- Build files have been written to: /home/raiaan/franka_ros2_ws/build/franka_mobile_example_controllers
[ 50%] [32mBuilding CXX object CMakeFiles/franka_mobile_example_controllers.dir/src/mobile_cartesian_velocity_example_controller.cpp.o[0m
[100%] [32m[1mLinking CXX shared library libfranka_mobile_example_controllers.so[0m
[100%] Built target franka_mobile_example_controllers
-- Install configuration: ""
-- Execute custom install script
-- Symlinking: /home/raiaan/franka_ros2_ws/install/franka_mobile_example_controllers/share/franka_mobile_example_controllers//franka_mobile_example_controllers.xml
-- Symlinking: /home/raiaan/franka_ros2_ws/install/franka_mobile_example_controllers/lib/libfranka_mobile_example_controllers.so
-- Symlinking: /home/raiaan/franka_ros2_ws/install/franka_mobile_example_controllers/include/franka_mobile_example_controllers/mobile_cartesian_velocity_example_controller.hpp
-- Symlinking: /home/raiaan/franka_ros2_ws/install/franka_mobile_example_controllers/share/franka_mobile_example_controllers/environment/library_path.sh
-- Symlinking: /home/raiaan/franka_ros2_ws/install/franka_mobile_example_controllers/share/franka_mobile_example_controllers/environment/library_path.dsv
-- Symlinking: /home/raiaan/franka_ros2_ws/install/franka_mobile_example_controllers/share/ament_index/resource_index/package_run_dependencies/franka_mobile_example_controllers
-- Symlinking: /home/raiaan/franka_ros2_ws/install/franka_mobile_example_controllers/share/ament_index/resource_index/parent_prefix_path/franka_mobile_example_controllers
-- Symlinking: /home/raiaan/franka_ros2_ws/install/franka_mobile_example_controllers/share/franka_mobile_example_controllers/environment/ament_prefix_path.sh
-- Symlinking: /home/raiaan/franka_ros2_ws/install/franka_mobile_example_controllers/share/franka_mobile_example_controllers/environment/ament_prefix_path.dsv
-- Symlinking: /home/raiaan/franka_ros2_ws/install/franka_mobile_example_controllers/share/franka_mobile_example_controllers/environment/path.sh
-- Symlinking: /home/raiaan/franka_ros2_ws/install/franka_mobile_example_controllers/share/franka_mobile_example_controllers/environment/path.dsv
-- Symlinking: /home/raiaan/franka_ros2_ws/install/franka_mobile_example_controllers/share/franka_mobile_example_controllers/local_setup.bash
-- Symlinking: /home/raiaan/franka_ros2_ws/install/franka_mobile_example_controllers/share/franka_mobile_example_controllers/local_setup.sh
-- Symlinking: /home/raiaan/franka_ros2_ws/install/franka_mobile_example_controllers/share/franka_mobile_example_controllers/local_setup.zsh
-- Symlinking: /home/raiaan/franka_ros2_ws/install/franka_mobile_example_controllers/share/franka_mobile_example_controllers/local_setup.dsv
-- Symlinking: /home/raiaan/franka_ros2_ws/install/franka_mobile_example_controllers/share/franka_mobile_example_controllers/package.dsv
-- Symlinking: /home/raiaan/franka_ros2_ws/install/franka_mobile_example_controllers/share/ament_index/resource_index/packages/franka_mobile_example_controllers
-- Symlinking: /home/raiaan/franka_ros2_ws/install/franka_mobile_example_controllers/share/ament_index/resource_index/controller_interface__pluginlib__plugin/franka_mobile_example_controllers
-- Symlinking: /home/raiaan/franka_ros2_ws/install/franka_mobile_example_controllers/share/franka_mobile_example_controllers/cmake/ament_cmake_export_include_directories-extras.cmake
-- Symlinking: /home/raiaan/franka_ros2_ws/install/franka_mobile_example_controllers/share/franka_mobile_example_controllers/cmake/ament_cmake_export_libraries-extras.cmake
-- Symlinking: /home/raiaan/franka_ros2_ws/install/franka_mobile_example_controllers/share/franka_mobile_example_controllers/cmake/ament_cmake_export_dependencies-extras.cmake
-- Symlinking: /home/raiaan/franka_ros2_ws/install/franka_mobile_example_controllers/share/franka_mobile_example_controllers/cmake/franka_mobile_example_controllersConfig.cmake
-- Symlinking: /home/raiaan/franka_ros2_ws/install/franka_mobile_example_controllers/share/franka_mobile_example_controllers/cmake/franka_mobile_example_controllersConfig-version.cmake
-- Symlinking: /home/raiaan/franka_ros2_ws/install/franka_mobile_example_controllers/share/franka_mobile_example_controllers/package.xml
