[3.215s] Invoking command in '/home/raiaan/franka_ros2_ws/build/franka_mobile_example_controllers': AMENT_PREFIX_PATH=/home/raiaan/franka_ros2_ws/install/franka_semantic_components:/home/raiaan/franka_ros2_ws/install/franka_hardware:/home/raiaan/franka_ros2_ws/install/franka_msgs:${AMENT_PREFIX_PATH} CMAKE_PREFIX_PATH=/home/raiaan/franka_ros2_ws/install/franka_semantic_components:/home/raiaan/franka_ros2_ws/install/franka_hardware:/home/raiaan/franka_ros2_ws/install/libfranka:/home/raiaan/franka_ros2_ws/install/franka_msgs:/opt/ros/humble LD_LIBRARY_PATH=/home/raiaan/franka_ros2_ws/install/franka_semantic_components/lib:/home/raiaan/franka_ros2_ws/install/franka_hardware/lib:/home/raiaan/franka_ros2_ws/install/libfranka/lib:/home/raiaan/franka_ros2_ws/install/franka_msgs/lib:${LD_LIBRARY_PATH} PATH=/home/raiaan/franka_ros2_ws/install/libfranka/bin:${PATH} PKG_CONFIG_PATH=/home/raiaan/franka_ros2_ws/install/libfranka/lib/x86_64-linux-gnu/pkgconfig:/home/raiaan/franka_ros2_ws/install/libfranka/lib/pkgconfig PYTHONPATH=/home/raiaan/franka_ros2_ws/install/franka_msgs/local/lib/python3.10/dist-packages:${PYTHONPATH} /usr/bin/cmake /home/raiaan/franka_ros2_ws/src/franka_ros2/franka_mobile_example_controllers -DAMENT_CMAKE_SYMLINK_INSTALL=1 -DCMAKE_INSTALL_PREFIX=/home/raiaan/franka_ros2_ws/install/franka_mobile_example_controllers
[3.663s] -- The C compiler identification is GNU 11.4.0
[5.729s] -- The CXX compiler identification is GNU 11.4.0
[7.323s] -- Detecting C compiler ABI info
[7.776s] -- Detecting C compiler ABI info - done
[7.782s] -- Check for working C compiler: /usr/bin/cc - skipped
[7.782s] -- Detecting C compile features
[7.783s] -- Detecting C compile features - done
[7.785s] -- Detecting CXX compiler ABI info
[8.266s] -- Detecting CXX compiler ABI info - done
[8.272s] -- Check for working CXX compiler: /usr/bin/c++ - skipped
[8.272s] -- Detecting CXX compile features
[8.273s] -- Detecting CXX compile features - done
[8.275s] -- Found ament_cmake: 1.3.12 (/opt/ros/humble/share/ament_cmake/cmake)
[8.408s] -- Found Python3: /usr/bin/python3 (found version "3.10.12") found components: Interpreter 
[8.464s] -- Override CMake install command with custom implementation using symlinks instead of copying resources
[8.488s] -- Found ament_index_cpp: 1.4.0 (/opt/ros/humble/share/ament_index_cpp/cmake)
[8.490s] -- Found controller_interface: 2.53.0 (/opt/ros/humble/share/controller_interface/cmake)
[9.335s] -- Found rosidl_generator_c: 3.1.8 (/opt/ros/humble/share/rosidl_generator_c/cmake)
[9.339s] -- Found rosidl_adapter: 3.1.8 (/opt/ros/humble/share/rosidl_adapter/cmake)
[9.347s] -- Found rosidl_generator_cpp: 3.1.8 (/opt/ros/humble/share/rosidl_generator_cpp/cmake)
[9.358s] -- Using all available rosidl_typesupport_c: rosidl_typesupport_fastrtps_c;rosidl_typesupport_introspection_c
[9.372s] -- Using all available rosidl_typesupport_cpp: rosidl_typesupport_fastrtps_cpp;rosidl_typesupport_introspection_cpp
[16.921s] -- Found rmw_implementation_cmake: 6.1.2 (/opt/ros/humble/share/rmw_implementation_cmake/cmake)
[16.923s] -- Found rmw_fastrtps_cpp: 6.2.9 (/opt/ros/humble/share/rmw_fastrtps_cpp/cmake)
[16.944s] -- Found TinyXML2 via Config file: TinyXML2_DIR-NOTFOUND
[16.989s] -- Found OpenSSL: /usr/lib/x86_64-linux-gnu/libcrypto.so (found version "3.0.2")  
[16.992s] -- Found TinyXML2 via Config file: TinyXML2_DIR-NOTFOUND
[18.144s] -- Found FastRTPS: /opt/ros/humble/include  
[18.147s] -- Found TinyXML2 via Config file: TinyXML2_DIR-NOTFOUND
[18.155s] -- Found TinyXML2 via Config file: TinyXML2_DIR-NOTFOUND
[18.818s] -- Using RMW implementation 'rmw_fastrtps_cpp' as default
[18.835s] -- Looking for pthread.h
[19.481s] -- Looking for pthread.h - found
[19.482s] -- Performing Test CMAKE_HAVE_LIBC_PTHREAD
[20.065s] -- Performing Test CMAKE_HAVE_LIBC_PTHREAD - Success
[20.066s] -- Found Threads: TRUE  
[20.108s] -- Found franka_msgs: 2.2.0 (/home/raiaan/franka_ros2_ws/install/franka_msgs/share/franka_msgs/cmake)
[20.125s] -- Found franka_semantic_components: 2.2.0 (/home/raiaan/franka_ros2_ws/install/franka_semantic_components/share/franka_semantic_components/cmake)
[20.145s] -- Found std_srvs: 4.9.0 (/opt/ros/humble/share/std_srvs/cmake)
[20.227s] -- Configuring done
[20.250s] -- Generating done
[20.255s] -- Build files have been written to: /home/raiaan/franka_ros2_ws/build/franka_mobile_example_controllers
[20.268s] Invoked command in '/home/raiaan/franka_ros2_ws/build/franka_mobile_example_controllers' returned '0': AMENT_PREFIX_PATH=/home/raiaan/franka_ros2_ws/install/franka_semantic_components:/home/raiaan/franka_ros2_ws/install/franka_hardware:/home/raiaan/franka_ros2_ws/install/franka_msgs:${AMENT_PREFIX_PATH} CMAKE_PREFIX_PATH=/home/raiaan/franka_ros2_ws/install/franka_semantic_components:/home/raiaan/franka_ros2_ws/install/franka_hardware:/home/raiaan/franka_ros2_ws/install/libfranka:/home/raiaan/franka_ros2_ws/install/franka_msgs:/opt/ros/humble LD_LIBRARY_PATH=/home/raiaan/franka_ros2_ws/install/franka_semantic_components/lib:/home/raiaan/franka_ros2_ws/install/franka_hardware/lib:/home/raiaan/franka_ros2_ws/install/libfranka/lib:/home/raiaan/franka_ros2_ws/install/franka_msgs/lib:${LD_LIBRARY_PATH} PATH=/home/raiaan/franka_ros2_ws/install/libfranka/bin:${PATH} PKG_CONFIG_PATH=/home/raiaan/franka_ros2_ws/install/libfranka/lib/x86_64-linux-gnu/pkgconfig:/home/raiaan/franka_ros2_ws/install/libfranka/lib/pkgconfig PYTHONPATH=/home/raiaan/franka_ros2_ws/install/franka_msgs/local/lib/python3.10/dist-packages:${PYTHONPATH} /usr/bin/cmake /home/raiaan/franka_ros2_ws/src/franka_ros2/franka_mobile_example_controllers -DAMENT_CMAKE_SYMLINK_INSTALL=1 -DCMAKE_INSTALL_PREFIX=/home/raiaan/franka_ros2_ws/install/franka_mobile_example_controllers
[20.268s] Invoking command in '/home/raiaan/franka_ros2_ws/build/franka_mobile_example_controllers': AMENT_PREFIX_PATH=/home/raiaan/franka_ros2_ws/install/franka_semantic_components:/home/raiaan/franka_ros2_ws/install/franka_hardware:/home/raiaan/franka_ros2_ws/install/franka_msgs:${AMENT_PREFIX_PATH} CMAKE_PREFIX_PATH=/home/raiaan/franka_ros2_ws/install/franka_semantic_components:/home/raiaan/franka_ros2_ws/install/franka_hardware:/home/raiaan/franka_ros2_ws/install/libfranka:/home/raiaan/franka_ros2_ws/install/franka_msgs:/opt/ros/humble LD_LIBRARY_PATH=/home/raiaan/franka_ros2_ws/install/franka_semantic_components/lib:/home/raiaan/franka_ros2_ws/install/franka_hardware/lib:/home/raiaan/franka_ros2_ws/install/libfranka/lib:/home/raiaan/franka_ros2_ws/install/franka_msgs/lib:${LD_LIBRARY_PATH} PATH=/home/raiaan/franka_ros2_ws/install/libfranka/bin:${PATH} PKG_CONFIG_PATH=/home/raiaan/franka_ros2_ws/install/libfranka/lib/x86_64-linux-gnu/pkgconfig:/home/raiaan/franka_ros2_ws/install/libfranka/lib/pkgconfig PYTHONPATH=/home/raiaan/franka_ros2_ws/install/franka_msgs/local/lib/python3.10/dist-packages:${PYTHONPATH} /usr/bin/cmake --build /home/raiaan/franka_ros2_ws/build/franka_mobile_example_controllers -- -j6 -l6
[20.315s] [ 50%] [32mBuilding CXX object CMakeFiles/franka_mobile_example_controllers.dir/src/mobile_cartesian_velocity_example_controller.cpp.o[0m
[28.864s] [100%] [32m[1mLinking CXX shared library libfranka_mobile_example_controllers.so[0m
[30.068s] [100%] Built target franka_mobile_example_controllers
[30.079s] Invoked command in '/home/raiaan/franka_ros2_ws/build/franka_mobile_example_controllers' returned '0': AMENT_PREFIX_PATH=/home/raiaan/franka_ros2_ws/install/franka_semantic_components:/home/raiaan/franka_ros2_ws/install/franka_hardware:/home/raiaan/franka_ros2_ws/install/franka_msgs:${AMENT_PREFIX_PATH} CMAKE_PREFIX_PATH=/home/raiaan/franka_ros2_ws/install/franka_semantic_components:/home/raiaan/franka_ros2_ws/install/franka_hardware:/home/raiaan/franka_ros2_ws/install/libfranka:/home/raiaan/franka_ros2_ws/install/franka_msgs:/opt/ros/humble LD_LIBRARY_PATH=/home/raiaan/franka_ros2_ws/install/franka_semantic_components/lib:/home/raiaan/franka_ros2_ws/install/franka_hardware/lib:/home/raiaan/franka_ros2_ws/install/libfranka/lib:/home/raiaan/franka_ros2_ws/install/franka_msgs/lib:${LD_LIBRARY_PATH} PATH=/home/raiaan/franka_ros2_ws/install/libfranka/bin:${PATH} PKG_CONFIG_PATH=/home/raiaan/franka_ros2_ws/install/libfranka/lib/x86_64-linux-gnu/pkgconfig:/home/raiaan/franka_ros2_ws/install/libfranka/lib/pkgconfig PYTHONPATH=/home/raiaan/franka_ros2_ws/install/franka_msgs/local/lib/python3.10/dist-packages:${PYTHONPATH} /usr/bin/cmake --build /home/raiaan/franka_ros2_ws/build/franka_mobile_example_controllers -- -j6 -l6
[30.081s] Invoking command in '/home/raiaan/franka_ros2_ws/build/franka_mobile_example_controllers': AMENT_PREFIX_PATH=/home/raiaan/franka_ros2_ws/install/franka_semantic_components:/home/raiaan/franka_ros2_ws/install/franka_hardware:/home/raiaan/franka_ros2_ws/install/franka_msgs:${AMENT_PREFIX_PATH} CMAKE_PREFIX_PATH=/home/raiaan/franka_ros2_ws/install/franka_semantic_components:/home/raiaan/franka_ros2_ws/install/franka_hardware:/home/raiaan/franka_ros2_ws/install/libfranka:/home/raiaan/franka_ros2_ws/install/franka_msgs:/opt/ros/humble LD_LIBRARY_PATH=/home/raiaan/franka_ros2_ws/install/franka_semantic_components/lib:/home/raiaan/franka_ros2_ws/install/franka_hardware/lib:/home/raiaan/franka_ros2_ws/install/libfranka/lib:/home/raiaan/franka_ros2_ws/install/franka_msgs/lib:${LD_LIBRARY_PATH} PATH=/home/raiaan/franka_ros2_ws/install/libfranka/bin:${PATH} PKG_CONFIG_PATH=/home/raiaan/franka_ros2_ws/install/libfranka/lib/x86_64-linux-gnu/pkgconfig:/home/raiaan/franka_ros2_ws/install/libfranka/lib/pkgconfig PYTHONPATH=/home/raiaan/franka_ros2_ws/install/franka_msgs/local/lib/python3.10/dist-packages:${PYTHONPATH} /usr/bin/cmake --install /home/raiaan/franka_ros2_ws/build/franka_mobile_example_controllers
[30.087s] -- Install configuration: ""
[30.087s] -- Execute custom install script
[30.088s] -- Symlinking: /home/raiaan/franka_ros2_ws/install/franka_mobile_example_controllers/share/franka_mobile_example_controllers//franka_mobile_example_controllers.xml
[30.096s] -- Symlinking: /home/raiaan/franka_ros2_ws/install/franka_mobile_example_controllers/lib/libfranka_mobile_example_controllers.so
[30.105s] -- Symlinking: /home/raiaan/franka_ros2_ws/install/franka_mobile_example_controllers/include/franka_mobile_example_controllers/mobile_cartesian_velocity_example_controller.hpp
[30.114s] -- Symlinking: /home/raiaan/franka_ros2_ws/install/franka_mobile_example_controllers/share/franka_mobile_example_controllers/environment/library_path.sh
[30.121s] -- Symlinking: /home/raiaan/franka_ros2_ws/install/franka_mobile_example_controllers/share/franka_mobile_example_controllers/environment/library_path.dsv
[30.130s] -- Symlinking: /home/raiaan/franka_ros2_ws/install/franka_mobile_example_controllers/share/ament_index/resource_index/package_run_dependencies/franka_mobile_example_controllers
[30.138s] -- Symlinking: /home/raiaan/franka_ros2_ws/install/franka_mobile_example_controllers/share/ament_index/resource_index/parent_prefix_path/franka_mobile_example_controllers
[30.146s] -- Symlinking: /home/raiaan/franka_ros2_ws/install/franka_mobile_example_controllers/share/franka_mobile_example_controllers/environment/ament_prefix_path.sh
[30.154s] -- Symlinking: /home/raiaan/franka_ros2_ws/install/franka_mobile_example_controllers/share/franka_mobile_example_controllers/environment/ament_prefix_path.dsv
[30.162s] -- Symlinking: /home/raiaan/franka_ros2_ws/install/franka_mobile_example_controllers/share/franka_mobile_example_controllers/environment/path.sh
[30.169s] -- Symlinking: /home/raiaan/franka_ros2_ws/install/franka_mobile_example_controllers/share/franka_mobile_example_controllers/environment/path.dsv
[30.177s] -- Symlinking: /home/raiaan/franka_ros2_ws/install/franka_mobile_example_controllers/share/franka_mobile_example_controllers/local_setup.bash
[30.185s] -- Symlinking: /home/raiaan/franka_ros2_ws/install/franka_mobile_example_controllers/share/franka_mobile_example_controllers/local_setup.sh
[30.193s] -- Symlinking: /home/raiaan/franka_ros2_ws/install/franka_mobile_example_controllers/share/franka_mobile_example_controllers/local_setup.zsh
[30.201s] -- Symlinking: /home/raiaan/franka_ros2_ws/install/franka_mobile_example_controllers/share/franka_mobile_example_controllers/local_setup.dsv
[30.209s] -- Symlinking: /home/raiaan/franka_ros2_ws/install/franka_mobile_example_controllers/share/franka_mobile_example_controllers/package.dsv
[30.217s] -- Symlinking: /home/raiaan/franka_ros2_ws/install/franka_mobile_example_controllers/share/ament_index/resource_index/packages/franka_mobile_example_controllers
[30.227s] -- Symlinking: /home/raiaan/franka_ros2_ws/install/franka_mobile_example_controllers/share/ament_index/resource_index/controller_interface__pluginlib__plugin/franka_mobile_example_controllers
[30.235s] -- Symlinking: /home/raiaan/franka_ros2_ws/install/franka_mobile_example_controllers/share/franka_mobile_example_controllers/cmake/ament_cmake_export_include_directories-extras.cmake
[30.243s] -- Symlinking: /home/raiaan/franka_ros2_ws/install/franka_mobile_example_controllers/share/franka_mobile_example_controllers/cmake/ament_cmake_export_libraries-extras.cmake
[30.251s] -- Symlinking: /home/raiaan/franka_ros2_ws/install/franka_mobile_example_controllers/share/franka_mobile_example_controllers/cmake/ament_cmake_export_dependencies-extras.cmake
[30.259s] -- Symlinking: /home/raiaan/franka_ros2_ws/install/franka_mobile_example_controllers/share/franka_mobile_example_controllers/cmake/franka_mobile_example_controllersConfig.cmake
[30.266s] -- Symlinking: /home/raiaan/franka_ros2_ws/install/franka_mobile_example_controllers/share/franka_mobile_example_controllers/cmake/franka_mobile_example_controllersConfig-version.cmake
[30.274s] -- Symlinking: /home/raiaan/franka_ros2_ws/install/franka_mobile_example_controllers/share/franka_mobile_example_controllers/package.xml
[30.288s] Invoked command in '/home/raiaan/franka_ros2_ws/build/franka_mobile_example_controllers' returned '0': AMENT_PREFIX_PATH=/home/raiaan/franka_ros2_ws/install/franka_semantic_components:/home/raiaan/franka_ros2_ws/install/franka_hardware:/home/raiaan/franka_ros2_ws/install/franka_msgs:${AMENT_PREFIX_PATH} CMAKE_PREFIX_PATH=/home/raiaan/franka_ros2_ws/install/franka_semantic_components:/home/raiaan/franka_ros2_ws/install/franka_hardware:/home/raiaan/franka_ros2_ws/install/libfranka:/home/raiaan/franka_ros2_ws/install/franka_msgs:/opt/ros/humble LD_LIBRARY_PATH=/home/raiaan/franka_ros2_ws/install/franka_semantic_components/lib:/home/raiaan/franka_ros2_ws/install/franka_hardware/lib:/home/raiaan/franka_ros2_ws/install/libfranka/lib:/home/raiaan/franka_ros2_ws/install/franka_msgs/lib:${LD_LIBRARY_PATH} PATH=/home/raiaan/franka_ros2_ws/install/libfranka/bin:${PATH} PKG_CONFIG_PATH=/home/raiaan/franka_ros2_ws/install/libfranka/lib/x86_64-linux-gnu/pkgconfig:/home/raiaan/franka_ros2_ws/install/libfranka/lib/pkgconfig PYTHONPATH=/home/raiaan/franka_ros2_ws/install/franka_msgs/local/lib/python3.10/dist-packages:${PYTHONPATH} /usr/bin/cmake --install /home/raiaan/franka_ros2_ws/build/franka_mobile_example_controllers
