[2.738s] Invoking command in '/home/raiaan/franka_ros2_ws/build/franka_mobile_example_controllers': CMAKE_PREFIX_PATH=/home/raiaan/franka_ros2_ws/install/franka_semantic_components:/home/raiaan/franka_ros2_ws/install/franka_hardware:/home/raiaan/franka_ros2_ws/install/libfranka:/home/raiaan/franka_ros2_ws/install/franka_msgs:/home/raiaan/franka_ros2_ws/install/franka_ros2:/home/raiaan/franka_ros2_ws/install/franka_bringup:/home/raiaan/franka_ros2_ws/install/franka_robot_state_broadcaster:/home/raiaan/franka_ros2_ws/install/franka_mobile_example_controllers:/home/raiaan/franka_ros2_ws/install/franka_example_controllers:/home/raiaan/franka_ros2_ws/install/franka_gazebo_bringup:/home/raiaan/franka_ros2_ws/install/franka_ign_ros2_control:/home/raiaan/franka_ros2_ws/install/franka_fr3_moveit_config:/home/raiaan/franka_ros2_ws/install/franka_gripper:/home/raiaan/franka_ros2_ws/install/integration_launch_testing:/home/raiaan/franka_ros2_ws/install/franka_description:/opt/ros/humble LD_LIBRARY_PATH=/home/raiaan/franka_ros2_ws/install/franka_semantic_components/lib:/home/raiaan/franka_ros2_ws/install/franka_hardware/lib:/home/raiaan/franka_ros2_ws/install/libfranka/lib:/home/raiaan/franka_ros2_ws/install/franka_msgs/lib:/home/raiaan/franka_ros2_ws/install/franka_robot_state_broadcaster/lib:/home/raiaan/franka_ros2_ws/install/franka_mobile_example_controllers/lib:/home/raiaan/franka_ros2_ws/install/franka_example_controllers/lib:/home/raiaan/franka_ros2_ws/install/franka_ign_ros2_control/lib:/home/raiaan/franka_ros2_ws/install/franka_gripper/lib:/home/raiaan/franka_ros2_ws/install/integration_launch_testing/lib:/opt/ros/humble/opt/rviz_ogre_vendor/lib:/opt/ros/humble/lib/x86_64-linux-gnu:/opt/ros/humble/lib /usr/bin/cmake --build /home/raiaan/franka_ros2_ws/build/franka_mobile_example_controllers -- -j6 -l6
[2.765s] -- Found ament_cmake: 1.3.12 (/opt/ros/humble/share/ament_cmake/cmake)
[2.866s] -- Override CMake install command with custom implementation using symlinks instead of copying resources
[2.876s] -- Found ament_index_cpp: 1.4.0 (/opt/ros/humble/share/ament_index_cpp/cmake)
[2.876s] -- Found controller_interface: 2.53.0 (/opt/ros/humble/share/controller_interface/cmake)
[3.531s] -- Found rosidl_generator_c: 3.1.8 (/opt/ros/humble/share/rosidl_generator_c/cmake)
[3.533s] -- Found rosidl_adapter: 3.1.8 (/opt/ros/humble/share/rosidl_adapter/cmake)
[3.539s] -- Found rosidl_generator_cpp: 3.1.8 (/opt/ros/humble/share/rosidl_generator_cpp/cmake)
[3.549s] -- Using all available rosidl_typesupport_c: rosidl_typesupport_fastrtps_c;rosidl_typesupport_introspection_c
[3.559s] -- Using all available rosidl_typesupport_cpp: rosidl_typesupport_fastrtps_cpp;rosidl_typesupport_introspection_cpp
[9.499s] -- Found rmw_implementation_cmake: 6.1.2 (/opt/ros/humble/share/rmw_implementation_cmake/cmake)
[9.501s] -- Found rmw_fastrtps_cpp: 6.2.9 (/opt/ros/humble/share/rmw_fastrtps_cpp/cmake)
[9.519s] -- Found TinyXML2 via Config file: TinyXML2_DIR-NOTFOUND
[9.529s] -- Found TinyXML2 via Config file: TinyXML2_DIR-NOTFOUND
[10.052s] -- Found TinyXML2 via Config file: TinyXML2_DIR-NOTFOUND
[10.065s] -- Found TinyXML2 via Config file: TinyXML2_DIR-NOTFOUND
[10.532s] -- Using RMW implementation 'rmw_fastrtps_cpp' as default
[10.569s] -- Found franka_msgs: 2.2.0 (/home/raiaan/franka_ros2_ws/install/franka_msgs/share/franka_msgs/cmake)
[10.587s] -- Found franka_semantic_components: 2.2.0 (/home/raiaan/franka_ros2_ws/install/franka_semantic_components/share/franka_semantic_components/cmake)
[10.602s] -- Found std_srvs: 4.9.0 (/opt/ros/humble/share/std_srvs/cmake)
[10.692s] -- Configuring done
[10.718s] -- Generating done
[10.723s] -- Build files have been written to: /home/raiaan/franka_ros2_ws/build/franka_mobile_example_controllers
[10.751s] [35m[1mConsolidate compiler generated dependencies of target franka_mobile_example_controllers[0m
[10.767s] [ 50%] [32m[1mLinking CXX shared library libfranka_mobile_example_controllers.so[0m
[11.996s] [100%] Built target franka_mobile_example_controllers
[12.007s] Invoked command in '/home/raiaan/franka_ros2_ws/build/franka_mobile_example_controllers' returned '0': CMAKE_PREFIX_PATH=/home/raiaan/franka_ros2_ws/install/franka_semantic_components:/home/raiaan/franka_ros2_ws/install/franka_hardware:/home/raiaan/franka_ros2_ws/install/libfranka:/home/raiaan/franka_ros2_ws/install/franka_msgs:/home/raiaan/franka_ros2_ws/install/franka_ros2:/home/raiaan/franka_ros2_ws/install/franka_bringup:/home/raiaan/franka_ros2_ws/install/franka_robot_state_broadcaster:/home/raiaan/franka_ros2_ws/install/franka_mobile_example_controllers:/home/raiaan/franka_ros2_ws/install/franka_example_controllers:/home/raiaan/franka_ros2_ws/install/franka_gazebo_bringup:/home/raiaan/franka_ros2_ws/install/franka_ign_ros2_control:/home/raiaan/franka_ros2_ws/install/franka_fr3_moveit_config:/home/raiaan/franka_ros2_ws/install/franka_gripper:/home/raiaan/franka_ros2_ws/install/integration_launch_testing:/home/raiaan/franka_ros2_ws/install/franka_description:/opt/ros/humble LD_LIBRARY_PATH=/home/raiaan/franka_ros2_ws/install/franka_semantic_components/lib:/home/raiaan/franka_ros2_ws/install/franka_hardware/lib:/home/raiaan/franka_ros2_ws/install/libfranka/lib:/home/raiaan/franka_ros2_ws/install/franka_msgs/lib:/home/raiaan/franka_ros2_ws/install/franka_robot_state_broadcaster/lib:/home/raiaan/franka_ros2_ws/install/franka_mobile_example_controllers/lib:/home/raiaan/franka_ros2_ws/install/franka_example_controllers/lib:/home/raiaan/franka_ros2_ws/install/franka_ign_ros2_control/lib:/home/raiaan/franka_ros2_ws/install/franka_gripper/lib:/home/raiaan/franka_ros2_ws/install/integration_launch_testing/lib:/opt/ros/humble/opt/rviz_ogre_vendor/lib:/opt/ros/humble/lib/x86_64-linux-gnu:/opt/ros/humble/lib /usr/bin/cmake --build /home/raiaan/franka_ros2_ws/build/franka_mobile_example_controllers -- -j6 -l6
[12.011s] Invoking command in '/home/raiaan/franka_ros2_ws/build/franka_mobile_example_controllers': CMAKE_PREFIX_PATH=/home/raiaan/franka_ros2_ws/install/franka_semantic_components:/home/raiaan/franka_ros2_ws/install/franka_hardware:/home/raiaan/franka_ros2_ws/install/libfranka:/home/raiaan/franka_ros2_ws/install/franka_msgs:/home/raiaan/franka_ros2_ws/install/franka_ros2:/home/raiaan/franka_ros2_ws/install/franka_bringup:/home/raiaan/franka_ros2_ws/install/franka_robot_state_broadcaster:/home/raiaan/franka_ros2_ws/install/franka_mobile_example_controllers:/home/raiaan/franka_ros2_ws/install/franka_example_controllers:/home/raiaan/franka_ros2_ws/install/franka_gazebo_bringup:/home/raiaan/franka_ros2_ws/install/franka_ign_ros2_control:/home/raiaan/franka_ros2_ws/install/franka_fr3_moveit_config:/home/raiaan/franka_ros2_ws/install/franka_gripper:/home/raiaan/franka_ros2_ws/install/integration_launch_testing:/home/raiaan/franka_ros2_ws/install/franka_description:/opt/ros/humble LD_LIBRARY_PATH=/home/raiaan/franka_ros2_ws/install/franka_semantic_components/lib:/home/raiaan/franka_ros2_ws/install/franka_hardware/lib:/home/raiaan/franka_ros2_ws/install/libfranka/lib:/home/raiaan/franka_ros2_ws/install/franka_msgs/lib:/home/raiaan/franka_ros2_ws/install/franka_robot_state_broadcaster/lib:/home/raiaan/franka_ros2_ws/install/franka_mobile_example_controllers/lib:/home/raiaan/franka_ros2_ws/install/franka_example_controllers/lib:/home/raiaan/franka_ros2_ws/install/franka_ign_ros2_control/lib:/home/raiaan/franka_ros2_ws/install/franka_gripper/lib:/home/raiaan/franka_ros2_ws/install/integration_launch_testing/lib:/opt/ros/humble/opt/rviz_ogre_vendor/lib:/opt/ros/humble/lib/x86_64-linux-gnu:/opt/ros/humble/lib /usr/bin/cmake --install /home/raiaan/franka_ros2_ws/build/franka_mobile_example_controllers
[12.017s] -- Install configuration: ""
[12.017s] -- Execute custom install script
[12.018s] -- Up-to-date symlink: /home/raiaan/franka_ros2_ws/install/franka_mobile_example_controllers/share/franka_mobile_example_controllers//franka_mobile_example_controllers.xml
[12.019s] -- Up-to-date symlink: /home/raiaan/franka_ros2_ws/install/franka_mobile_example_controllers/lib/libfranka_mobile_example_controllers.so
[12.021s] -- Up-to-date symlink: /home/raiaan/franka_ros2_ws/install/franka_mobile_example_controllers/include/franka_mobile_example_controllers/mobile_cartesian_velocity_example_controller.hpp
[12.021s] -- Up-to-date symlink: /home/raiaan/franka_ros2_ws/install/franka_mobile_example_controllers/share/franka_mobile_example_controllers/environment/library_path.sh
[12.022s] -- Up-to-date symlink: /home/raiaan/franka_ros2_ws/install/franka_mobile_example_controllers/share/franka_mobile_example_controllers/environment/library_path.dsv
[12.022s] -- Up-to-date symlink: /home/raiaan/franka_ros2_ws/install/franka_mobile_example_controllers/share/ament_index/resource_index/package_run_dependencies/franka_mobile_example_controllers
[12.023s] -- Up-to-date symlink: /home/raiaan/franka_ros2_ws/install/franka_mobile_example_controllers/share/ament_index/resource_index/parent_prefix_path/franka_mobile_example_controllers
[12.024s] -- Up-to-date symlink: /home/raiaan/franka_ros2_ws/install/franka_mobile_example_controllers/share/franka_mobile_example_controllers/environment/ament_prefix_path.sh
[12.024s] -- Up-to-date symlink: /home/raiaan/franka_ros2_ws/install/franka_mobile_example_controllers/share/franka_mobile_example_controllers/environment/ament_prefix_path.dsv
[12.025s] -- Up-to-date symlink: /home/raiaan/franka_ros2_ws/install/franka_mobile_example_controllers/share/franka_mobile_example_controllers/environment/path.sh
[12.026s] -- Up-to-date symlink: /home/raiaan/franka_ros2_ws/install/franka_mobile_example_controllers/share/franka_mobile_example_controllers/environment/path.dsv
[12.026s] -- Up-to-date symlink: /home/raiaan/franka_ros2_ws/install/franka_mobile_example_controllers/share/franka_mobile_example_controllers/local_setup.bash
[12.027s] -- Up-to-date symlink: /home/raiaan/franka_ros2_ws/install/franka_mobile_example_controllers/share/franka_mobile_example_controllers/local_setup.sh
[12.027s] -- Up-to-date symlink: /home/raiaan/franka_ros2_ws/install/franka_mobile_example_controllers/share/franka_mobile_example_controllers/local_setup.zsh
[12.028s] -- Up-to-date symlink: /home/raiaan/franka_ros2_ws/install/franka_mobile_example_controllers/share/franka_mobile_example_controllers/local_setup.dsv
[12.028s] -- Symlinking: /home/raiaan/franka_ros2_ws/install/franka_mobile_example_controllers/share/franka_mobile_example_controllers/package.dsv
[12.038s] -- Up-to-date symlink: /home/raiaan/franka_ros2_ws/install/franka_mobile_example_controllers/share/ament_index/resource_index/packages/franka_mobile_example_controllers
[12.039s] -- Up-to-date symlink: /home/raiaan/franka_ros2_ws/install/franka_mobile_example_controllers/share/ament_index/resource_index/controller_interface__pluginlib__plugin/franka_mobile_example_controllers
[12.040s] -- Up-to-date symlink: /home/raiaan/franka_ros2_ws/install/franka_mobile_example_controllers/share/franka_mobile_example_controllers/cmake/ament_cmake_export_include_directories-extras.cmake
[12.041s] -- Up-to-date symlink: /home/raiaan/franka_ros2_ws/install/franka_mobile_example_controllers/share/franka_mobile_example_controllers/cmake/ament_cmake_export_libraries-extras.cmake
[12.042s] -- Up-to-date symlink: /home/raiaan/franka_ros2_ws/install/franka_mobile_example_controllers/share/franka_mobile_example_controllers/cmake/ament_cmake_export_dependencies-extras.cmake
[12.042s] -- Up-to-date symlink: /home/raiaan/franka_ros2_ws/install/franka_mobile_example_controllers/share/franka_mobile_example_controllers/cmake/franka_mobile_example_controllersConfig.cmake
[12.043s] -- Up-to-date symlink: /home/raiaan/franka_ros2_ws/install/franka_mobile_example_controllers/share/franka_mobile_example_controllers/cmake/franka_mobile_example_controllersConfig-version.cmake
[12.044s] -- Up-to-date symlink: /home/raiaan/franka_ros2_ws/install/franka_mobile_example_controllers/share/franka_mobile_example_controllers/package.xml
[12.047s] Invoked command in '/home/raiaan/franka_ros2_ws/build/franka_mobile_example_controllers' returned '0': CMAKE_PREFIX_PATH=/home/raiaan/franka_ros2_ws/install/franka_semantic_components:/home/raiaan/franka_ros2_ws/install/franka_hardware:/home/raiaan/franka_ros2_ws/install/libfranka:/home/raiaan/franka_ros2_ws/install/franka_msgs:/home/raiaan/franka_ros2_ws/install/franka_ros2:/home/raiaan/franka_ros2_ws/install/franka_bringup:/home/raiaan/franka_ros2_ws/install/franka_robot_state_broadcaster:/home/raiaan/franka_ros2_ws/install/franka_mobile_example_controllers:/home/raiaan/franka_ros2_ws/install/franka_example_controllers:/home/raiaan/franka_ros2_ws/install/franka_gazebo_bringup:/home/raiaan/franka_ros2_ws/install/franka_ign_ros2_control:/home/raiaan/franka_ros2_ws/install/franka_fr3_moveit_config:/home/raiaan/franka_ros2_ws/install/franka_gripper:/home/raiaan/franka_ros2_ws/install/integration_launch_testing:/home/raiaan/franka_ros2_ws/install/franka_description:/opt/ros/humble LD_LIBRARY_PATH=/home/raiaan/franka_ros2_ws/install/franka_semantic_components/lib:/home/raiaan/franka_ros2_ws/install/franka_hardware/lib:/home/raiaan/franka_ros2_ws/install/libfranka/lib:/home/raiaan/franka_ros2_ws/install/franka_msgs/lib:/home/raiaan/franka_ros2_ws/install/franka_robot_state_broadcaster/lib:/home/raiaan/franka_ros2_ws/install/franka_mobile_example_controllers/lib:/home/raiaan/franka_ros2_ws/install/franka_example_controllers/lib:/home/raiaan/franka_ros2_ws/install/franka_ign_ros2_control/lib:/home/raiaan/franka_ros2_ws/install/franka_gripper/lib:/home/raiaan/franka_ros2_ws/install/integration_launch_testing/lib:/opt/ros/humble/opt/rviz_ogre_vendor/lib:/opt/ros/humble/lib/x86_64-linux-gnu:/opt/ros/humble/lib /usr/bin/cmake --install /home/raiaan/franka_ros2_ws/build/franka_mobile_example_controllers
