[3.649s] Invoking command in '/home/raiaan/franka_ros2_ws/build/franka_fr3_moveit_config': AMENT_PREFIX_PATH=/home/raiaan/franka_ros2_ws/install/franka_hardware:/home/raiaan/franka_ros2_ws/install/franka_gripper:/home/raiaan/franka_ros2_ws/install/franka_msgs:/home/raiaan/franka_ros2_ws/install/franka_description:${AMENT_PREFIX_PATH} CMAKE_PREFIX_PATH=/home/raiaan/franka_ros2_ws/install/franka_hardware:/home/raiaan/franka_ros2_ws/install/franka_gripper:/home/raiaan/franka_ros2_ws/install/libfranka:/home/raiaan/franka_ros2_ws/install/franka_msgs:/home/raiaan/franka_ros2_ws/install/franka_description:/opt/ros/humble LD_LIBRARY_PATH=/home/raiaan/franka_ros2_ws/install/franka_hardware/lib:/home/raiaan/franka_ros2_ws/install/franka_gripper/lib:/home/raiaan/franka_ros2_ws/install/libfranka/lib:/home/raiaan/franka_ros2_ws/install/franka_msgs/lib:${LD_LIBRARY_PATH} PATH=/home/raiaan/franka_ros2_ws/install/libfranka/bin:${PATH} PKG_CONFIG_PATH=/home/raiaan/franka_ros2_ws/install/libfranka/lib/x86_64-linux-gnu/pkgconfig:/home/raiaan/franka_ros2_ws/install/libfranka/lib/pkgconfig PYTHONPATH=/home/raiaan/franka_ros2_ws/install/franka_gripper/local/lib/python3.10/dist-packages:/home/raiaan/franka_ros2_ws/install/franka_msgs/local/lib/python3.10/dist-packages:${PYTHONPATH} /usr/bin/cmake /home/raiaan/franka_ros2_ws/src/franka_ros2/franka_fr3_moveit_config -DAMENT_CMAKE_SYMLINK_INSTALL=1 -DCMAKE_INSTALL_PREFIX=/home/raiaan/franka_ros2_ws/install/franka_fr3_moveit_config
[4.315s] -- The C compiler identification is GNU 11.4.0
[7.153s] -- The CXX compiler identification is GNU 11.4.0
[9.003s] -- Detecting C compiler ABI info
[9.705s] -- Detecting C compiler ABI info - done
[9.711s] -- Check for working C compiler: /usr/bin/cc - skipped
[9.712s] -- Detecting C compile features
[9.712s] -- Detecting C compile features - done
[9.714s] -- Detecting CXX compiler ABI info
[10.408s] -- Detecting CXX compiler ABI info - done
[10.415s] -- Check for working CXX compiler: /usr/bin/c++ - skipped
[10.415s] -- Detecting CXX compile features
[10.416s] -- Detecting CXX compile features - done
[10.418s] -- Found ament_cmake: 1.3.12 (/opt/ros/humble/share/ament_cmake/cmake)
[10.550s] -- Found Python3: /usr/bin/python3 (found version "3.10.12") found components: Interpreter 
[10.606s] -- Override CMake install command with custom implementation using symlinks instead of copying resources
[10.631s] -- Found ament_lint_auto: 0.12.14 (/opt/ros/humble/share/ament_lint_auto/cmake)
[10.703s] -- Added test 'copyright' to check source files copyright and LICENSE
[10.708s] -- Added test 'flake8' to check Python code syntax and style conventions
[10.709s] -- Added test 'lint_cmake' to check CMake code style
[10.709s] -- Added test 'pep257' to check Python code against some of the docstring style conventions in PEP 257
[10.710s] -- Added test 'xmllint' to check XML markup files
[10.712s] -- Configuring done
[10.716s] -- Generating done
[10.717s] -- Build files have been written to: /home/raiaan/franka_ros2_ws/build/franka_fr3_moveit_config
[10.721s] Invoked command in '/home/raiaan/franka_ros2_ws/build/franka_fr3_moveit_config' returned '0': AMENT_PREFIX_PATH=/home/raiaan/franka_ros2_ws/install/franka_hardware:/home/raiaan/franka_ros2_ws/install/franka_gripper:/home/raiaan/franka_ros2_ws/install/franka_msgs:/home/raiaan/franka_ros2_ws/install/franka_description:${AMENT_PREFIX_PATH} CMAKE_PREFIX_PATH=/home/raiaan/franka_ros2_ws/install/franka_hardware:/home/raiaan/franka_ros2_ws/install/franka_gripper:/home/raiaan/franka_ros2_ws/install/libfranka:/home/raiaan/franka_ros2_ws/install/franka_msgs:/home/raiaan/franka_ros2_ws/install/franka_description:/opt/ros/humble LD_LIBRARY_PATH=/home/raiaan/franka_ros2_ws/install/franka_hardware/lib:/home/raiaan/franka_ros2_ws/install/franka_gripper/lib:/home/raiaan/franka_ros2_ws/install/libfranka/lib:/home/raiaan/franka_ros2_ws/install/franka_msgs/lib:${LD_LIBRARY_PATH} PATH=/home/raiaan/franka_ros2_ws/install/libfranka/bin:${PATH} PKG_CONFIG_PATH=/home/raiaan/franka_ros2_ws/install/libfranka/lib/x86_64-linux-gnu/pkgconfig:/home/raiaan/franka_ros2_ws/install/libfranka/lib/pkgconfig PYTHONPATH=/home/raiaan/franka_ros2_ws/install/franka_gripper/local/lib/python3.10/dist-packages:/home/raiaan/franka_ros2_ws/install/franka_msgs/local/lib/python3.10/dist-packages:${PYTHONPATH} /usr/bin/cmake /home/raiaan/franka_ros2_ws/src/franka_ros2/franka_fr3_moveit_config -DAMENT_CMAKE_SYMLINK_INSTALL=1 -DCMAKE_INSTALL_PREFIX=/home/raiaan/franka_ros2_ws/install/franka_fr3_moveit_config
[10.722s] Invoking command in '/home/raiaan/franka_ros2_ws/build/franka_fr3_moveit_config': AMENT_PREFIX_PATH=/home/raiaan/franka_ros2_ws/install/franka_hardware:/home/raiaan/franka_ros2_ws/install/franka_gripper:/home/raiaan/franka_ros2_ws/install/franka_msgs:/home/raiaan/franka_ros2_ws/install/franka_description:${AMENT_PREFIX_PATH} CMAKE_PREFIX_PATH=/home/raiaan/franka_ros2_ws/install/franka_hardware:/home/raiaan/franka_ros2_ws/install/franka_gripper:/home/raiaan/franka_ros2_ws/install/libfranka:/home/raiaan/franka_ros2_ws/install/franka_msgs:/home/raiaan/franka_ros2_ws/install/franka_description:/opt/ros/humble LD_LIBRARY_PATH=/home/raiaan/franka_ros2_ws/install/franka_hardware/lib:/home/raiaan/franka_ros2_ws/install/franka_gripper/lib:/home/raiaan/franka_ros2_ws/install/libfranka/lib:/home/raiaan/franka_ros2_ws/install/franka_msgs/lib:${LD_LIBRARY_PATH} PATH=/home/raiaan/franka_ros2_ws/install/libfranka/bin:${PATH} PKG_CONFIG_PATH=/home/raiaan/franka_ros2_ws/install/libfranka/lib/x86_64-linux-gnu/pkgconfig:/home/raiaan/franka_ros2_ws/install/libfranka/lib/pkgconfig PYTHONPATH=/home/raiaan/franka_ros2_ws/install/franka_gripper/local/lib/python3.10/dist-packages:/home/raiaan/franka_ros2_ws/install/franka_msgs/local/lib/python3.10/dist-packages:${PYTHONPATH} /usr/bin/cmake --build /home/raiaan/franka_ros2_ws/build/franka_fr3_moveit_config -- -j6 -l6
[10.754s] Invoked command in '/home/raiaan/franka_ros2_ws/build/franka_fr3_moveit_config' returned '0': AMENT_PREFIX_PATH=/home/raiaan/franka_ros2_ws/install/franka_hardware:/home/raiaan/franka_ros2_ws/install/franka_gripper:/home/raiaan/franka_ros2_ws/install/franka_msgs:/home/raiaan/franka_ros2_ws/install/franka_description:${AMENT_PREFIX_PATH} CMAKE_PREFIX_PATH=/home/raiaan/franka_ros2_ws/install/franka_hardware:/home/raiaan/franka_ros2_ws/install/franka_gripper:/home/raiaan/franka_ros2_ws/install/libfranka:/home/raiaan/franka_ros2_ws/install/franka_msgs:/home/raiaan/franka_ros2_ws/install/franka_description:/opt/ros/humble LD_LIBRARY_PATH=/home/raiaan/franka_ros2_ws/install/franka_hardware/lib:/home/raiaan/franka_ros2_ws/install/franka_gripper/lib:/home/raiaan/franka_ros2_ws/install/libfranka/lib:/home/raiaan/franka_ros2_ws/install/franka_msgs/lib:${LD_LIBRARY_PATH} PATH=/home/raiaan/franka_ros2_ws/install/libfranka/bin:${PATH} PKG_CONFIG_PATH=/home/raiaan/franka_ros2_ws/install/libfranka/lib/x86_64-linux-gnu/pkgconfig:/home/raiaan/franka_ros2_ws/install/libfranka/lib/pkgconfig PYTHONPATH=/home/raiaan/franka_ros2_ws/install/franka_gripper/local/lib/python3.10/dist-packages:/home/raiaan/franka_ros2_ws/install/franka_msgs/local/lib/python3.10/dist-packages:${PYTHONPATH} /usr/bin/cmake --build /home/raiaan/franka_ros2_ws/build/franka_fr3_moveit_config -- -j6 -l6
[10.756s] Invoking command in '/home/raiaan/franka_ros2_ws/build/franka_fr3_moveit_config': AMENT_PREFIX_PATH=/home/raiaan/franka_ros2_ws/install/franka_hardware:/home/raiaan/franka_ros2_ws/install/franka_gripper:/home/raiaan/franka_ros2_ws/install/franka_msgs:/home/raiaan/franka_ros2_ws/install/franka_description:${AMENT_PREFIX_PATH} CMAKE_PREFIX_PATH=/home/raiaan/franka_ros2_ws/install/franka_hardware:/home/raiaan/franka_ros2_ws/install/franka_gripper:/home/raiaan/franka_ros2_ws/install/libfranka:/home/raiaan/franka_ros2_ws/install/franka_msgs:/home/raiaan/franka_ros2_ws/install/franka_description:/opt/ros/humble LD_LIBRARY_PATH=/home/raiaan/franka_ros2_ws/install/franka_hardware/lib:/home/raiaan/franka_ros2_ws/install/franka_gripper/lib:/home/raiaan/franka_ros2_ws/install/libfranka/lib:/home/raiaan/franka_ros2_ws/install/franka_msgs/lib:${LD_LIBRARY_PATH} PATH=/home/raiaan/franka_ros2_ws/install/libfranka/bin:${PATH} PKG_CONFIG_PATH=/home/raiaan/franka_ros2_ws/install/libfranka/lib/x86_64-linux-gnu/pkgconfig:/home/raiaan/franka_ros2_ws/install/libfranka/lib/pkgconfig PYTHONPATH=/home/raiaan/franka_ros2_ws/install/franka_gripper/local/lib/python3.10/dist-packages:/home/raiaan/franka_ros2_ws/install/franka_msgs/local/lib/python3.10/dist-packages:${PYTHONPATH} /usr/bin/cmake --install /home/raiaan/franka_ros2_ws/build/franka_fr3_moveit_config
[10.761s] -- Install configuration: ""
[10.762s] -- Execute custom install script
[10.763s] -- Symlinking: /home/raiaan/franka_ros2_ws/install/franka_fr3_moveit_config/share/franka_fr3_moveit_config/config/fr3_controllers.yaml
[10.771s] -- Symlinking: /home/raiaan/franka_ros2_ws/install/franka_fr3_moveit_config/share/franka_fr3_moveit_config/config/fr3_ros_controllers.yaml
[10.779s] -- Symlinking: /home/raiaan/franka_ros2_ws/install/franka_fr3_moveit_config/share/franka_fr3_moveit_config/config/kinematics.yaml
[10.787s] -- Symlinking: /home/raiaan/franka_ros2_ws/install/franka_fr3_moveit_config/share/franka_fr3_moveit_config/config/ompl_planning.yaml
[10.797s] -- Symlinking: /home/raiaan/franka_ros2_ws/install/franka_fr3_moveit_config/share/franka_fr3_moveit_config/launch/move_group.launch.py
[10.804s] -- Symlinking: /home/raiaan/franka_ros2_ws/install/franka_fr3_moveit_config/share/franka_fr3_moveit_config/launch/moveit.launch.py
[10.813s] -- Symlinking: /home/raiaan/franka_ros2_ws/install/franka_fr3_moveit_config/share/franka_fr3_moveit_config/rviz/moveit.rviz
[10.820s] -- Symlinking: /home/raiaan/franka_ros2_ws/install/franka_fr3_moveit_config/share/ament_index/resource_index/package_run_dependencies/franka_fr3_moveit_config
[10.829s] -- Symlinking: /home/raiaan/franka_ros2_ws/install/franka_fr3_moveit_config/share/ament_index/resource_index/parent_prefix_path/franka_fr3_moveit_config
[10.836s] -- Symlinking: /home/raiaan/franka_ros2_ws/install/franka_fr3_moveit_config/share/franka_fr3_moveit_config/environment/ament_prefix_path.sh
[10.845s] -- Symlinking: /home/raiaan/franka_ros2_ws/install/franka_fr3_moveit_config/share/franka_fr3_moveit_config/environment/ament_prefix_path.dsv
[10.853s] -- Symlinking: /home/raiaan/franka_ros2_ws/install/franka_fr3_moveit_config/share/franka_fr3_moveit_config/environment/path.sh
[10.861s] -- Symlinking: /home/raiaan/franka_ros2_ws/install/franka_fr3_moveit_config/share/franka_fr3_moveit_config/environment/path.dsv
[10.868s] -- Symlinking: /home/raiaan/franka_ros2_ws/install/franka_fr3_moveit_config/share/franka_fr3_moveit_config/local_setup.bash
[10.876s] -- Symlinking: /home/raiaan/franka_ros2_ws/install/franka_fr3_moveit_config/share/franka_fr3_moveit_config/local_setup.sh
[10.883s] -- Symlinking: /home/raiaan/franka_ros2_ws/install/franka_fr3_moveit_config/share/franka_fr3_moveit_config/local_setup.zsh
[10.892s] -- Symlinking: /home/raiaan/franka_ros2_ws/install/franka_fr3_moveit_config/share/franka_fr3_moveit_config/local_setup.dsv
[10.899s] -- Symlinking: /home/raiaan/franka_ros2_ws/install/franka_fr3_moveit_config/share/franka_fr3_moveit_config/package.dsv
[10.907s] -- Symlinking: /home/raiaan/franka_ros2_ws/install/franka_fr3_moveit_config/share/ament_index/resource_index/packages/franka_fr3_moveit_config
[10.914s] -- Symlinking: /home/raiaan/franka_ros2_ws/install/franka_fr3_moveit_config/share/franka_fr3_moveit_config/cmake/franka_fr3_moveit_configConfig.cmake
[10.922s] -- Symlinking: /home/raiaan/franka_ros2_ws/install/franka_fr3_moveit_config/share/franka_fr3_moveit_config/cmake/franka_fr3_moveit_configConfig-version.cmake
[10.932s] -- Symlinking: /home/raiaan/franka_ros2_ws/install/franka_fr3_moveit_config/share/franka_fr3_moveit_config/package.xml
[10.943s] Invoked command in '/home/raiaan/franka_ros2_ws/build/franka_fr3_moveit_config' returned '0': AMENT_PREFIX_PATH=/home/raiaan/franka_ros2_ws/install/franka_hardware:/home/raiaan/franka_ros2_ws/install/franka_gripper:/home/raiaan/franka_ros2_ws/install/franka_msgs:/home/raiaan/franka_ros2_ws/install/franka_description:${AMENT_PREFIX_PATH} CMAKE_PREFIX_PATH=/home/raiaan/franka_ros2_ws/install/franka_hardware:/home/raiaan/franka_ros2_ws/install/franka_gripper:/home/raiaan/franka_ros2_ws/install/libfranka:/home/raiaan/franka_ros2_ws/install/franka_msgs:/home/raiaan/franka_ros2_ws/install/franka_description:/opt/ros/humble LD_LIBRARY_PATH=/home/raiaan/franka_ros2_ws/install/franka_hardware/lib:/home/raiaan/franka_ros2_ws/install/franka_gripper/lib:/home/raiaan/franka_ros2_ws/install/libfranka/lib:/home/raiaan/franka_ros2_ws/install/franka_msgs/lib:${LD_LIBRARY_PATH} PATH=/home/raiaan/franka_ros2_ws/install/libfranka/bin:${PATH} PKG_CONFIG_PATH=/home/raiaan/franka_ros2_ws/install/libfranka/lib/x86_64-linux-gnu/pkgconfig:/home/raiaan/franka_ros2_ws/install/libfranka/lib/pkgconfig PYTHONPATH=/home/raiaan/franka_ros2_ws/install/franka_gripper/local/lib/python3.10/dist-packages:/home/raiaan/franka_ros2_ws/install/franka_msgs/local/lib/python3.10/dist-packages:${PYTHONPATH} /usr/bin/cmake --install /home/raiaan/franka_ros2_ws/build/franka_fr3_moveit_config
