[0.013s] Invoking command in '/home/raiaan/franka_ros2_ws/build/franka_msgs': CMAKE_PREFIX_PATH=/opt/ros/humble /usr/bin/cmake /home/raiaan/franka_ros2_ws/src/franka_ros2/franka_msgs -DAMENT_CMAKE_SYMLINK_INSTALL=1 -DCMAKE_INSTALL_PREFIX=/home/raiaan/franka_ros2_ws/install/franka_msgs
[0.685s] -- The C compiler identification is GNU 11.4.0
[3.921s] -- The CXX compiler identification is GNU 11.4.0
[6.613s] -- Detecting C compiler ABI info
[7.281s] -- Detecting C compiler ABI info - done
[7.286s] -- Check for working C compiler: /usr/bin/cc - skipped
[7.286s] -- Detecting C compile features
[7.287s] -- Detecting C compile features - done
[7.290s] -- Detecting CXX compiler ABI info
[7.934s] -- Detecting CXX compiler ABI info - done
[7.940s] -- Check for working CXX compiler: /usr/bin/c++ - skipped
[7.940s] -- Detecting CXX compile features
[7.940s] -- Detecting CXX compile features - done
[7.951s] -- Found ament_cmake: 1.3.12 (/opt/ros/humble/share/ament_cmake/cmake)
[8.074s] -- Found Python3: /usr/bin/python3 (found version "3.10.12") found components: Interpreter 
[8.139s] -- Override CMake install command with custom implementation using symlinks instead of copying resources
[8.175s] -- Found rosidl_default_generators: 1.2.0 (/opt/ros/humble/share/rosidl_default_generators/cmake)
[8.180s] -- Using all available rosidl_typesupport_c: rosidl_typesupport_fastrtps_c;rosidl_typesupport_introspection_c
[8.188s] -- Found rosidl_adapter: 3.1.8 (/opt/ros/humble/share/rosidl_adapter/cmake)
[9.120s] -- Using all available rosidl_typesupport_cpp: rosidl_typesupport_fastrtps_cpp;rosidl_typesupport_introspection_cpp
[9.164s] -- Found std_msgs: 4.9.0 (/opt/ros/humble/share/std_msgs/cmake)
[9.202s] -- Found geometry_msgs: 4.9.0 (/opt/ros/humble/share/geometry_msgs/cmake)
[9.221s] -- Found sensor_msgs: 4.9.0 (/opt/ros/humble/share/sensor_msgs/cmake)
[9.652s] -- Found ament_cmake_ros: 0.10.0 (/opt/ros/humble/share/ament_cmake_ros/cmake)
[9.882s] -- Using all available rosidl_typesupport_c: rosidl_typesupport_fastrtps_c;rosidl_typesupport_introspection_c
[10.175s] -- Using all available rosidl_typesupport_cpp: rosidl_typesupport_fastrtps_cpp;rosidl_typesupport_introspection_cpp
[10.958s] -- Found PythonInterp: /usr/bin/python3 (found suitable version "3.10.12", minimum required is "3.6") 
[10.962s] -- Found python_cmake_module: 0.10.0 (/opt/ros/humble/share/python_cmake_module/cmake)
[13.440s] -- Found PythonLibs: /usr/lib/x86_64-linux-gnu/libpython3.10.so (found suitable version "3.10.12", minimum required is "3.5") 
[13.440s] -- Using PYTHON_EXECUTABLE: /usr/bin/python3
[13.440s] -- Using PYTHON_INCLUDE_DIRS: /usr/include/python3.10
[13.440s] -- Using PYTHON_LIBRARIES: /usr/lib/x86_64-linux-gnu/libpython3.10.so
[13.471s] -- Found PythonExtra: .so  
[13.766s] -- Found ament_lint_auto: 0.12.14 (/opt/ros/humble/share/ament_lint_auto/cmake)
[13.804s] -- Added test 'copyright' to check source files copyright and LICENSE
[13.808s] -- Added test 'lint_cmake' to check CMake code style
[13.812s] -- Added test 'xmllint' to check XML markup files
[13.816s] -- Configuring done
[13.889s] -- Generating done
[13.902s] -- Build files have been written to: /home/raiaan/franka_ros2_ws/build/franka_msgs
[13.910s] Invoked command in '/home/raiaan/franka_ros2_ws/build/franka_msgs' returned '0': CMAKE_PREFIX_PATH=/opt/ros/humble /usr/bin/cmake /home/raiaan/franka_ros2_ws/src/franka_ros2/franka_msgs -DAMENT_CMAKE_SYMLINK_INSTALL=1 -DCMAKE_INSTALL_PREFIX=/home/raiaan/franka_ros2_ws/install/franka_msgs
[13.912s] Invoking command in '/home/raiaan/franka_ros2_ws/build/franka_msgs': CMAKE_PREFIX_PATH=/opt/ros/humble /usr/bin/cmake --build /home/raiaan/franka_ros2_ws/build/franka_msgs -- -j6 -l6
[13.951s] [  0%] [34m[1mGenerating C code for ROS interfaces[0m
[13.960s] [  0%] [34m[1mGenerating C++ code for ROS interfaces[0m
[13.963s] [  0%] Built target ament_cmake_python_symlink_franka_msgs
[14.137s] running egg_info
[14.137s] creating franka_msgs.egg-info
[14.138s] writing franka_msgs.egg-info/PKG-INFO
[14.138s] writing dependency_links to franka_msgs.egg-info/dependency_links.txt
[14.138s] writing top-level names to franka_msgs.egg-info/top_level.txt
[14.138s] writing manifest file 'franka_msgs.egg-info/SOURCES.txt'
[14.142s] reading manifest file 'franka_msgs.egg-info/SOURCES.txt'
[14.142s] writing manifest file 'franka_msgs.egg-info/SOURCES.txt'
[14.164s] [  0%] Built target ament_cmake_python_build_franka_msgs_egg
[15.927s] [  1%] [32mBuilding C object CMakeFiles/franka_msgs__rosidl_generator_c.dir/rosidl_generator_c/franka_msgs/action/detail/error_recovery__functions.c.o[0m
[15.931s] [  1%] [32mBuilding C object CMakeFiles/franka_msgs__rosidl_generator_c.dir/rosidl_generator_c/franka_msgs/action/detail/grasp__functions.c.o[0m
[15.932s] [  2%] [32mBuilding C object CMakeFiles/franka_msgs__rosidl_generator_c.dir/rosidl_generator_c/franka_msgs/action/detail/homing__functions.c.o[0m
[15.934s] [  3%] [32mBuilding C object CMakeFiles/franka_msgs__rosidl_generator_c.dir/rosidl_generator_c/franka_msgs/action/detail/move__functions.c.o[0m
[15.938s] [  3%] [32mBuilding C object CMakeFiles/franka_msgs__rosidl_generator_c.dir/rosidl_generator_c/franka_msgs/action/detail/ptp_motion__functions.c.o[0m
[16.033s] [  4%] [32mBuilding C object CMakeFiles/franka_msgs__rosidl_generator_c.dir/rosidl_generator_c/franka_msgs/msg/detail/collision_indicators__functions.c.o[0m
[16.034s] [  4%] [32mBuilding C object CMakeFiles/franka_msgs__rosidl_generator_c.dir/rosidl_generator_c/franka_msgs/msg/detail/elbow__functions.c.o[0m
[16.035s] [  5%] [32mBuilding C object CMakeFiles/franka_msgs__rosidl_generator_c.dir/rosidl_generator_c/franka_msgs/msg/detail/errors__functions.c.o[0m
[16.037s] [  6%] [32mBuilding C object CMakeFiles/franka_msgs__rosidl_generator_c.dir/rosidl_generator_c/franka_msgs/msg/detail/franka_robot_state__functions.c.o[0m
[16.039s] [  6%] [32mBuilding C object CMakeFiles/franka_msgs__rosidl_generator_c.dir/rosidl_generator_c/franka_msgs/msg/detail/grasp_epsilon__functions.c.o[0m
[16.070s] [  7%] [32mBuilding C object CMakeFiles/franka_msgs__rosidl_generator_c.dir/rosidl_generator_c/franka_msgs/msg/detail/target_status__functions.c.o[0m
[16.080s] [  7%] [32mBuilding C object CMakeFiles/franka_msgs__rosidl_generator_c.dir/rosidl_generator_c/franka_msgs/srv/detail/set_cartesian_stiffness__functions.c.o[0m
[16.093s] [  8%] [32mBuilding C object CMakeFiles/franka_msgs__rosidl_generator_c.dir/rosidl_generator_c/franka_msgs/srv/detail/set_tcp_frame__functions.c.o[0m
[16.093s] [  8%] [32mBuilding C object CMakeFiles/franka_msgs__rosidl_generator_c.dir/rosidl_generator_c/franka_msgs/srv/detail/set_full_collision_behavior__functions.c.o[0m
[16.096s] [  9%] [32mBuilding C object CMakeFiles/franka_msgs__rosidl_generator_c.dir/rosidl_generator_c/franka_msgs/srv/detail/set_force_torque_collision_behavior__functions.c.o[0m
[16.098s] [  9%] Built target franka_msgs__cpp
[16.106s] [ 10%] [34m[1mGenerating C++ type support dispatch for ROS interfaces[0m
[16.111s] [ 11%] [32mBuilding C object CMakeFiles/franka_msgs__rosidl_generator_c.dir/rosidl_generator_c/franka_msgs/srv/detail/set_joint_stiffness__functions.c.o[0m
[16.124s] [ 11%] [32mBuilding C object CMakeFiles/franka_msgs__rosidl_generator_c.dir/rosidl_generator_c/franka_msgs/srv/detail/set_stiffness_frame__functions.c.o[0m
[16.138s] [ 12%] [32mBuilding C object CMakeFiles/franka_msgs__rosidl_generator_c.dir/rosidl_generator_c/franka_msgs/srv/detail/set_load__functions.c.o[0m
[16.140s] [ 13%] [34m[1mGenerating C++ type support for eProsima Fast-RTPS[0m
[16.141s] [ 13%] [34m[1mGenerating C++ introspection for ROS interfaces[0m
[16.184s] [ 14%] [32m[1mLinking C shared library libfranka_msgs__rosidl_generator_c.so[0m
[16.578s] [ 14%] Built target franka_msgs__rosidl_generator_c
[16.590s] [ 15%] [34m[1mGenerating C introspection for ROS interfaces[0m
[16.590s] [ 16%] [34m[1mGenerating C type support for eProsima Fast-RTPS[0m
[16.590s] [ 17%] [34m[1mGenerating C type support dispatch for ROS interfaces[0m
[17.391s] [ 17%] [32mBuilding CXX object CMakeFiles/franka_msgs__rosidl_typesupport_cpp.dir/rosidl_typesupport_cpp/franka_msgs/action/error_recovery__type_support.cpp.o[0m
[17.719s] [ 18%] [32mBuilding CXX object CMakeFiles/franka_msgs__rosidl_typesupport_cpp.dir/rosidl_typesupport_cpp/franka_msgs/action/grasp__type_support.cpp.o[0m
[17.796s] [ 19%] [32mBuilding CXX object CMakeFiles/franka_msgs__rosidl_typesupport_introspection_cpp.dir/rosidl_typesupport_introspection_cpp/franka_msgs/action/detail/error_recovery__type_support.cpp.o[0m
[17.990s] [ 19%] [32mBuilding CXX object CMakeFiles/franka_msgs__rosidl_typesupport_c.dir/rosidl_typesupport_c/franka_msgs/action/error_recovery__type_support.cpp.o[0m
[18.030s] [ 20%] [32mBuilding CXX object CMakeFiles/franka_msgs__rosidl_typesupport_c.dir/rosidl_typesupport_c/franka_msgs/action/grasp__type_support.cpp.o[0m
[18.064s] [ 20%] [32mBuilding CXX object CMakeFiles/franka_msgs__rosidl_typesupport_c.dir/rosidl_typesupport_c/franka_msgs/action/homing__type_support.cpp.o[0m
[18.098s] [ 21%] [32mBuilding CXX object CMakeFiles/franka_msgs__rosidl_typesupport_c.dir/rosidl_typesupport_c/franka_msgs/action/move__type_support.cpp.o[0m
[18.118s] [ 22%] [32mBuilding CXX object CMakeFiles/franka_msgs__rosidl_typesupport_cpp.dir/rosidl_typesupport_cpp/franka_msgs/action/homing__type_support.cpp.o[0m
[18.135s] [ 23%] [32mBuilding CXX object CMakeFiles/franka_msgs__rosidl_typesupport_c.dir/rosidl_typesupport_c/franka_msgs/action/ptp_motion__type_support.cpp.o[0m
[18.171s] [ 23%] [32mBuilding CXX object CMakeFiles/franka_msgs__rosidl_typesupport_c.dir/rosidl_typesupport_c/franka_msgs/msg/collision_indicators__type_support.cpp.o[0m
[18.194s] [ 24%] [32mBuilding CXX object CMakeFiles/franka_msgs__rosidl_typesupport_c.dir/rosidl_typesupport_c/franka_msgs/msg/elbow__type_support.cpp.o[0m
[18.202s] [ 25%] [32mBuilding CXX object CMakeFiles/franka_msgs__rosidl_typesupport_fastrtps_cpp.dir/rosidl_typesupport_fastrtps_cpp/franka_msgs/action/detail/dds_fastrtps/error_recovery__type_support.cpp.o[0m
[18.204s] [ 25%] [32mBuilding CXX object CMakeFiles/franka_msgs__rosidl_typesupport_introspection_cpp.dir/rosidl_typesupport_introspection_cpp/franka_msgs/action/detail/grasp__type_support.cpp.o[0m
[18.232s] [ 25%] [32mBuilding CXX object CMakeFiles/franka_msgs__rosidl_typesupport_c.dir/rosidl_typesupport_c/franka_msgs/msg/errors__type_support.cpp.o[0m
[18.253s] [ 26%] [32mBuilding CXX object CMakeFiles/franka_msgs__rosidl_typesupport_c.dir/rosidl_typesupport_c/franka_msgs/msg/franka_robot_state__type_support.cpp.o[0m
[18.278s] [ 27%] [32mBuilding CXX object CMakeFiles/franka_msgs__rosidl_typesupport_c.dir/rosidl_typesupport_c/franka_msgs/msg/grasp_epsilon__type_support.cpp.o[0m
[18.299s] [ 27%] [32mBuilding CXX object CMakeFiles/franka_msgs__rosidl_typesupport_c.dir/rosidl_typesupport_c/franka_msgs/msg/target_status__type_support.cpp.o[0m
[18.319s] [ 28%] [32mBuilding C object CMakeFiles/franka_msgs__rosidl_typesupport_introspection_c.dir/rosidl_typesupport_introspection_c/franka_msgs/action/detail/error_recovery__type_support.c.o[0m
[18.322s] [ 29%] [32mBuilding CXX object CMakeFiles/franka_msgs__rosidl_typesupport_c.dir/rosidl_typesupport_c/franka_msgs/srv/set_cartesian_stiffness__type_support.cpp.o[0m
[18.347s] [ 29%] [32mBuilding CXX object CMakeFiles/franka_msgs__rosidl_typesupport_c.dir/rosidl_typesupport_c/franka_msgs/srv/set_tcp_frame__type_support.cpp.o[0m
[18.358s] [ 29%] [32mBuilding C object CMakeFiles/franka_msgs__rosidl_typesupport_introspection_c.dir/rosidl_typesupport_introspection_c/franka_msgs/action/detail/grasp__type_support.c.o[0m
[18.370s] [ 30%] [32mBuilding CXX object CMakeFiles/franka_msgs__rosidl_typesupport_c.dir/rosidl_typesupport_c/franka_msgs/srv/set_force_torque_collision_behavior__type_support.cpp.o[0m
[18.394s] [ 31%] [32mBuilding CXX object CMakeFiles/franka_msgs__rosidl_typesupport_c.dir/rosidl_typesupport_c/franka_msgs/srv/set_full_collision_behavior__type_support.cpp.o[0m
[18.396s] [ 32%] [32mBuilding C object CMakeFiles/franka_msgs__rosidl_typesupport_introspection_c.dir/rosidl_typesupport_introspection_c/franka_msgs/action/detail/homing__type_support.c.o[0m
[18.420s] [ 32%] [32mBuilding CXX object CMakeFiles/franka_msgs__rosidl_typesupport_c.dir/rosidl_typesupport_c/franka_msgs/srv/set_joint_stiffness__type_support.cpp.o[0m
[18.431s] [ 32%] [32mBuilding C object CMakeFiles/franka_msgs__rosidl_typesupport_introspection_c.dir/rosidl_typesupport_introspection_c/franka_msgs/action/detail/move__type_support.c.o[0m
[18.444s] [ 33%] [32mBuilding CXX object CMakeFiles/franka_msgs__rosidl_typesupport_c.dir/rosidl_typesupport_c/franka_msgs/srv/set_stiffness_frame__type_support.cpp.o[0m
[18.477s] [ 33%] [32mBuilding CXX object CMakeFiles/franka_msgs__rosidl_typesupport_c.dir/rosidl_typesupport_c/franka_msgs/srv/set_load__type_support.cpp.o[0m
[18.477s] [ 34%] [32mBuilding C object CMakeFiles/franka_msgs__rosidl_typesupport_introspection_c.dir/rosidl_typesupport_introspection_c/franka_msgs/action/detail/ptp_motion__type_support.c.o[0m
[18.500s] [ 35%] [32m[1mLinking CXX shared library libfranka_msgs__rosidl_typesupport_c.so[0m
[18.521s] [ 36%] [32mBuilding C object CMakeFiles/franka_msgs__rosidl_typesupport_introspection_c.dir/rosidl_typesupport_introspection_c/franka_msgs/msg/detail/collision_indicators__type_support.c.o[0m
[18.542s] [ 36%] [32mBuilding CXX object CMakeFiles/franka_msgs__rosidl_typesupport_cpp.dir/rosidl_typesupport_cpp/franka_msgs/action/move__type_support.cpp.o[0m
[18.556s] [ 36%] [32mBuilding C object CMakeFiles/franka_msgs__rosidl_typesupport_introspection_c.dir/rosidl_typesupport_introspection_c/franka_msgs/msg/detail/elbow__type_support.c.o[0m
[18.588s] [ 37%] [32mBuilding C object CMakeFiles/franka_msgs__rosidl_typesupport_introspection_c.dir/rosidl_typesupport_introspection_c/franka_msgs/msg/detail/errors__type_support.c.o[0m
[18.615s] [ 37%] [32mBuilding C object CMakeFiles/franka_msgs__rosidl_typesupport_introspection_c.dir/rosidl_typesupport_introspection_c/franka_msgs/msg/detail/franka_robot_state__type_support.c.o[0m
[18.630s] [ 37%] [32mBuilding CXX object CMakeFiles/franka_msgs__rosidl_typesupport_fastrtps_cpp.dir/rosidl_typesupport_fastrtps_cpp/franka_msgs/action/detail/dds_fastrtps/grasp__type_support.cpp.o[0m
[18.650s] [ 38%] [32mBuilding CXX object CMakeFiles/franka_msgs__rosidl_typesupport_introspection_cpp.dir/rosidl_typesupport_introspection_cpp/franka_msgs/action/detail/homing__type_support.cpp.o[0m
[18.657s] [ 39%] [32mBuilding C object CMakeFiles/franka_msgs__rosidl_typesupport_introspection_c.dir/rosidl_typesupport_introspection_c/franka_msgs/msg/detail/grasp_epsilon__type_support.c.o[0m
[18.681s] [ 40%] [32mBuilding C object CMakeFiles/franka_msgs__rosidl_typesupport_introspection_c.dir/rosidl_typesupport_introspection_c/franka_msgs/msg/detail/target_status__type_support.c.o[0m
[18.706s] [ 40%] [32mBuilding C object CMakeFiles/franka_msgs__rosidl_typesupport_introspection_c.dir/rosidl_typesupport_introspection_c/franka_msgs/srv/detail/set_cartesian_stiffness__type_support.c.o[0m
[18.735s] [ 41%] [32mBuilding C object CMakeFiles/franka_msgs__rosidl_typesupport_introspection_c.dir/rosidl_typesupport_introspection_c/franka_msgs/srv/detail/set_tcp_frame__type_support.c.o[0m
[18.768s] [ 41%] [32mBuilding C object CMakeFiles/franka_msgs__rosidl_typesupport_introspection_c.dir/rosidl_typesupport_introspection_c/franka_msgs/srv/detail/set_force_torque_collision_behavior__type_support.c.o[0m
[18.810s] [ 42%] [32mBuilding C object CMakeFiles/franka_msgs__rosidl_typesupport_introspection_c.dir/rosidl_typesupport_introspection_c/franka_msgs/srv/detail/set_full_collision_behavior__type_support.c.o[0m
[18.865s] [ 43%] [32mBuilding C object CMakeFiles/franka_msgs__rosidl_typesupport_introspection_c.dir/rosidl_typesupport_introspection_c/franka_msgs/srv/detail/set_joint_stiffness__type_support.c.o[0m
[18.903s] [ 44%] [32mBuilding CXX object CMakeFiles/franka_msgs__rosidl_typesupport_cpp.dir/rosidl_typesupport_cpp/franka_msgs/action/ptp_motion__type_support.cpp.o[0m
[18.903s] [ 44%] [32mBuilding C object CMakeFiles/franka_msgs__rosidl_typesupport_introspection_c.dir/rosidl_typesupport_introspection_c/franka_msgs/srv/detail/set_stiffness_frame__type_support.c.o[0m
[18.908s] [ 44%] [32mBuilding CXX object CMakeFiles/franka_msgs__rosidl_typesupport_fastrtps_c.dir/rosidl_typesupport_fastrtps_c/franka_msgs/action/detail/error_recovery__type_support_c.cpp.o[0m
[18.927s] [ 44%] Built target franka_msgs__rosidl_typesupport_c
[18.933s] [ 45%] [32mBuilding C object CMakeFiles/franka_msgs__rosidl_typesupport_introspection_c.dir/rosidl_typesupport_introspection_c/franka_msgs/srv/detail/set_load__type_support.c.o[0m
[18.934s] [ 46%] [32mBuilding CXX object CMakeFiles/franka_msgs__rosidl_typesupport_fastrtps_c.dir/rosidl_typesupport_fastrtps_c/franka_msgs/action/detail/grasp__type_support_c.cpp.o[0m
[18.968s] [ 46%] [32m[1mLinking C shared library libfranka_msgs__rosidl_typesupport_introspection_c.so[0m
[19.081s] [ 47%] [32mBuilding CXX object CMakeFiles/franka_msgs__rosidl_typesupport_fastrtps_cpp.dir/rosidl_typesupport_fastrtps_cpp/franka_msgs/action/detail/dds_fastrtps/homing__type_support.cpp.o[0m
[19.183s] [ 48%] [32mBuilding CXX object CMakeFiles/franka_msgs__rosidl_typesupport_introspection_cpp.dir/rosidl_typesupport_introspection_cpp/franka_msgs/action/detail/move__type_support.cpp.o[0m
[19.190s] [ 48%] [32mBuilding CXX object CMakeFiles/franka_msgs__rosidl_typesupport_cpp.dir/rosidl_typesupport_cpp/franka_msgs/msg/collision_indicators__type_support.cpp.o[0m
[19.273s] [ 48%] [32mBuilding CXX object CMakeFiles/franka_msgs__rosidl_typesupport_introspection_cpp.dir/rosidl_typesupport_introspection_cpp/franka_msgs/action/detail/ptp_motion__type_support.cpp.o[0m
[19.326s] [ 49%] [32mBuilding CXX object CMakeFiles/franka_msgs__rosidl_typesupport_fastrtps_c.dir/rosidl_typesupport_fastrtps_c/franka_msgs/action/detail/homing__type_support_c.cpp.o[0m
[19.326s] [ 49%] Built target franka_msgs__rosidl_typesupport_introspection_c
[19.335s] [ 49%] [32mBuilding CXX object CMakeFiles/franka_msgs__rosidl_typesupport_fastrtps_cpp.dir/rosidl_typesupport_fastrtps_cpp/franka_msgs/action/detail/dds_fastrtps/move__type_support.cpp.o[0m
[19.369s] [ 50%] [32mBuilding CXX object CMakeFiles/franka_msgs__rosidl_typesupport_cpp.dir/rosidl_typesupport_cpp/franka_msgs/msg/elbow__type_support.cpp.o[0m
[19.567s] [ 51%] [32mBuilding CXX object CMakeFiles/franka_msgs__rosidl_typesupport_introspection_cpp.dir/rosidl_typesupport_introspection_cpp/franka_msgs/msg/detail/collision_indicators__type_support.cpp.o[0m
[19.568s] [ 52%] [32mBuilding CXX object CMakeFiles/franka_msgs__rosidl_typesupport_cpp.dir/rosidl_typesupport_cpp/franka_msgs/msg/errors__type_support.cpp.o[0m
[19.611s] [ 52%] [32mBuilding CXX object CMakeFiles/franka_msgs__rosidl_typesupport_fastrtps_c.dir/rosidl_typesupport_fastrtps_c/franka_msgs/action/detail/move__type_support_c.cpp.o[0m
[19.658s] [ 53%] [32mBuilding CXX object CMakeFiles/franka_msgs__rosidl_typesupport_fastrtps_cpp.dir/rosidl_typesupport_fastrtps_cpp/franka_msgs/action/detail/dds_fastrtps/ptp_motion__type_support.cpp.o[0m
[19.744s] [ 54%] [32mBuilding CXX object CMakeFiles/franka_msgs__rosidl_typesupport_fastrtps_c.dir/rosidl_typesupport_fastrtps_c/franka_msgs/action/detail/ptp_motion__type_support_c.cpp.o[0m
[19.759s] [ 54%] [32mBuilding CXX object CMakeFiles/franka_msgs__rosidl_typesupport_cpp.dir/rosidl_typesupport_cpp/franka_msgs/msg/franka_robot_state__type_support.cpp.o[0m
[19.763s] [ 54%] [32mBuilding CXX object CMakeFiles/franka_msgs__rosidl_typesupport_introspection_cpp.dir/rosidl_typesupport_introspection_cpp/franka_msgs/msg/detail/elbow__type_support.cpp.o[0m
[19.831s] [ 55%] [32mBuilding CXX object CMakeFiles/franka_msgs__rosidl_typesupport_cpp.dir/rosidl_typesupport_cpp/franka_msgs/msg/grasp_epsilon__type_support.cpp.o[0m
[19.874s] [ 56%] [32mBuilding CXX object CMakeFiles/franka_msgs__rosidl_typesupport_introspection_cpp.dir/rosidl_typesupport_introspection_cpp/franka_msgs/msg/detail/errors__type_support.cpp.o[0m
[19.946s] [ 56%] [32mBuilding CXX object CMakeFiles/franka_msgs__rosidl_typesupport_fastrtps_c.dir/rosidl_typesupport_fastrtps_c/franka_msgs/msg/detail/collision_indicators__type_support_c.cpp.o[0m
[20.003s] [ 56%] [32mBuilding CXX object CMakeFiles/franka_msgs__rosidl_typesupport_cpp.dir/rosidl_typesupport_cpp/franka_msgs/msg/target_status__type_support.cpp.o[0m
[20.097s] [ 57%] [32mBuilding CXX object CMakeFiles/franka_msgs__rosidl_typesupport_fastrtps_cpp.dir/rosidl_typesupport_fastrtps_cpp/franka_msgs/msg/detail/dds_fastrtps/collision_indicators__type_support.cpp.o[0m
[20.126s] [ 58%] [32mBuilding CXX object CMakeFiles/franka_msgs__rosidl_typesupport_introspection_cpp.dir/rosidl_typesupport_introspection_cpp/franka_msgs/msg/detail/franka_robot_state__type_support.cpp.o[0m
[20.127s] [ 58%] [32mBuilding CXX object CMakeFiles/franka_msgs__rosidl_typesupport_introspection_cpp.dir/rosidl_typesupport_introspection_cpp/franka_msgs/msg/detail/grasp_epsilon__type_support.cpp.o[0m
[20.168s] [ 59%] [32mBuilding CXX object CMakeFiles/franka_msgs__rosidl_typesupport_fastrtps_c.dir/rosidl_typesupport_fastrtps_c/franka_msgs/msg/detail/elbow__type_support_c.cpp.o[0m
[20.181s] [ 60%] [32mBuilding CXX object CMakeFiles/franka_msgs__rosidl_typesupport_introspection_cpp.dir/rosidl_typesupport_introspection_cpp/franka_msgs/msg/detail/target_status__type_support.cpp.o[0m
[20.182s] [ 61%] [32mBuilding CXX object CMakeFiles/franka_msgs__rosidl_typesupport_cpp.dir/rosidl_typesupport_cpp/franka_msgs/srv/set_cartesian_stiffness__type_support.cpp.o[0m
[20.361s] [ 62%] [32mBuilding CXX object CMakeFiles/franka_msgs__rosidl_typesupport_cpp.dir/rosidl_typesupport_cpp/franka_msgs/srv/set_tcp_frame__type_support.cpp.o[0m
[20.387s] [ 63%] [32mBuilding CXX object CMakeFiles/franka_msgs__rosidl_typesupport_fastrtps_c.dir/rosidl_typesupport_fastrtps_c/franka_msgs/msg/detail/errors__type_support_c.cpp.o[0m
[20.410s] [ 63%] [32mBuilding CXX object CMakeFiles/franka_msgs__rosidl_typesupport_introspection_cpp.dir/rosidl_typesupport_introspection_cpp/franka_msgs/srv/detail/set_cartesian_stiffness__type_support.cpp.o[0m
[20.412s] [ 63%] [32mBuilding CXX object CMakeFiles/franka_msgs__rosidl_typesupport_fastrtps_cpp.dir/rosidl_typesupport_fastrtps_cpp/franka_msgs/msg/detail/dds_fastrtps/elbow__type_support.cpp.o[0m
[20.452s] [ 64%] [32mBuilding CXX object CMakeFiles/franka_msgs__rosidl_typesupport_fastrtps_cpp.dir/rosidl_typesupport_fastrtps_cpp/franka_msgs/msg/detail/dds_fastrtps/errors__type_support.cpp.o[0m
[20.468s] [ 64%] [32mBuilding CXX object CMakeFiles/franka_msgs__rosidl_typesupport_cpp.dir/rosidl_typesupport_cpp/franka_msgs/srv/set_force_torque_collision_behavior__type_support.cpp.o[0m
[20.587s] [ 64%] [32mBuilding CXX object CMakeFiles/franka_msgs__rosidl_typesupport_fastrtps_c.dir/rosidl_typesupport_fastrtps_c/franka_msgs/msg/detail/franka_robot_state__type_support_c.cpp.o[0m
[20.619s] [ 64%] [32mBuilding CXX object CMakeFiles/franka_msgs__rosidl_typesupport_fastrtps_cpp.dir/rosidl_typesupport_fastrtps_cpp/franka_msgs/msg/detail/dds_fastrtps/franka_robot_state__type_support.cpp.o[0m
[20.647s] [ 65%] [32mBuilding CXX object CMakeFiles/franka_msgs__rosidl_typesupport_cpp.dir/rosidl_typesupport_cpp/franka_msgs/srv/set_full_collision_behavior__type_support.cpp.o[0m
[20.688s] [ 66%] [32mBuilding CXX object CMakeFiles/franka_msgs__rosidl_typesupport_introspection_cpp.dir/rosidl_typesupport_introspection_cpp/franka_msgs/srv/detail/set_tcp_frame__type_support.cpp.o[0m
[20.724s] [ 67%] [32mBuilding CXX object CMakeFiles/franka_msgs__rosidl_typesupport_fastrtps_c.dir/rosidl_typesupport_fastrtps_c/franka_msgs/msg/detail/grasp_epsilon__type_support_c.cpp.o[0m
[20.737s] [ 68%] [32mBuilding CXX object CMakeFiles/franka_msgs__rosidl_typesupport_fastrtps_cpp.dir/rosidl_typesupport_fastrtps_cpp/franka_msgs/msg/detail/dds_fastrtps/grasp_epsilon__type_support.cpp.o[0m
[20.823s] [ 68%] [32mBuilding CXX object CMakeFiles/franka_msgs__rosidl_typesupport_cpp.dir/rosidl_typesupport_cpp/franka_msgs/srv/set_joint_stiffness__type_support.cpp.o[0m
[20.854s] [ 69%] [32mBuilding CXX object CMakeFiles/franka_msgs__rosidl_typesupport_introspection_cpp.dir/rosidl_typesupport_introspection_cpp/franka_msgs/srv/detail/set_force_torque_collision_behavior__type_support.cpp.o[0m
[20.928s] [ 69%] [32mBuilding CXX object CMakeFiles/franka_msgs__rosidl_typesupport_fastrtps_c.dir/rosidl_typesupport_fastrtps_c/franka_msgs/msg/detail/target_status__type_support_c.cpp.o[0m
[20.949s] [ 70%] [32mBuilding CXX object CMakeFiles/franka_msgs__rosidl_typesupport_fastrtps_cpp.dir/rosidl_typesupport_fastrtps_cpp/franka_msgs/msg/detail/dds_fastrtps/target_status__type_support.cpp.o[0m
[20.988s] [ 71%] [32mBuilding CXX object CMakeFiles/franka_msgs__rosidl_typesupport_cpp.dir/rosidl_typesupport_cpp/franka_msgs/srv/set_stiffness_frame__type_support.cpp.o[0m
[20.998s] [ 71%] [32mBuilding CXX object CMakeFiles/franka_msgs__rosidl_typesupport_introspection_cpp.dir/rosidl_typesupport_introspection_cpp/franka_msgs/srv/detail/set_full_collision_behavior__type_support.cpp.o[0m
[21.060s] [ 72%] [32mBuilding CXX object CMakeFiles/franka_msgs__rosidl_typesupport_introspection_cpp.dir/rosidl_typesupport_introspection_cpp/franka_msgs/srv/detail/set_joint_stiffness__type_support.cpp.o[0m
[21.120s] [ 73%] [32mBuilding CXX object CMakeFiles/franka_msgs__rosidl_typesupport_cpp.dir/rosidl_typesupport_cpp/franka_msgs/srv/set_load__type_support.cpp.o[0m
[21.156s] [ 73%] [32mBuilding CXX object CMakeFiles/franka_msgs__rosidl_typesupport_fastrtps_cpp.dir/rosidl_typesupport_fastrtps_cpp/franka_msgs/srv/detail/dds_fastrtps/set_cartesian_stiffness__type_support.cpp.o[0m
[21.156s] [ 74%] [32mBuilding CXX object CMakeFiles/franka_msgs__rosidl_typesupport_fastrtps_c.dir/rosidl_typesupport_fastrtps_c/franka_msgs/srv/detail/set_cartesian_stiffness__type_support_c.cpp.o[0m
[21.239s] [ 75%] [32mBuilding CXX object CMakeFiles/franka_msgs__rosidl_typesupport_fastrtps_c.dir/rosidl_typesupport_fastrtps_c/franka_msgs/srv/detail/set_tcp_frame__type_support_c.cpp.o[0m
[21.271s] [ 76%] [32mBuilding CXX object CMakeFiles/franka_msgs__rosidl_typesupport_fastrtps_cpp.dir/rosidl_typesupport_fastrtps_cpp/franka_msgs/srv/detail/dds_fastrtps/set_tcp_frame__type_support.cpp.o[0m
[21.314s] [ 76%] [32m[1mLinking CXX shared library libfranka_msgs__rosidl_typesupport_cpp.so[0m
[21.316s] [ 76%] [32mBuilding CXX object CMakeFiles/franka_msgs__rosidl_typesupport_introspection_cpp.dir/rosidl_typesupport_introspection_cpp/franka_msgs/srv/detail/set_stiffness_frame__type_support.cpp.o[0m
[21.386s] [ 76%] [32mBuilding CXX object CMakeFiles/franka_msgs__rosidl_typesupport_fastrtps_c.dir/rosidl_typesupport_fastrtps_c/franka_msgs/srv/detail/set_force_torque_collision_behavior__type_support_c.cpp.o[0m
[21.435s] [ 76%] [32mBuilding CXX object CMakeFiles/franka_msgs__rosidl_typesupport_fastrtps_cpp.dir/rosidl_typesupport_fastrtps_cpp/franka_msgs/srv/detail/dds_fastrtps/set_force_torque_collision_behavior__type_support.cpp.o[0m
[21.493s] [ 77%] [32mBuilding CXX object CMakeFiles/franka_msgs__rosidl_typesupport_fastrtps_c.dir/rosidl_typesupport_fastrtps_c/franka_msgs/srv/detail/set_full_collision_behavior__type_support_c.cpp.o[0m
[21.553s] [ 78%] [32mBuilding CXX object CMakeFiles/franka_msgs__rosidl_typesupport_fastrtps_cpp.dir/rosidl_typesupport_fastrtps_cpp/franka_msgs/srv/detail/dds_fastrtps/set_full_collision_behavior__type_support.cpp.o[0m
[21.583s] [ 79%] [32mBuilding CXX object CMakeFiles/franka_msgs__rosidl_typesupport_introspection_cpp.dir/rosidl_typesupport_introspection_cpp/franka_msgs/srv/detail/set_load__type_support.cpp.o[0m
[21.627s] [ 79%] [32mBuilding CXX object CMakeFiles/franka_msgs__rosidl_typesupport_fastrtps_c.dir/rosidl_typesupport_fastrtps_c/franka_msgs/srv/detail/set_joint_stiffness__type_support_c.cpp.o[0m
[21.683s] [ 79%] Built target franka_msgs__rosidl_typesupport_cpp
[21.686s] [ 80%] [32mBuilding CXX object CMakeFiles/franka_msgs__rosidl_typesupport_fastrtps_c.dir/rosidl_typesupport_fastrtps_c/franka_msgs/srv/detail/set_stiffness_frame__type_support_c.cpp.o[0m
[21.743s] [ 81%] [32mBuilding CXX object CMakeFiles/franka_msgs__rosidl_typesupport_fastrtps_cpp.dir/rosidl_typesupport_fastrtps_cpp/franka_msgs/srv/detail/dds_fastrtps/set_joint_stiffness__type_support.cpp.o[0m
[21.761s] [ 81%] [32mBuilding CXX object CMakeFiles/franka_msgs__rosidl_typesupport_fastrtps_cpp.dir/rosidl_typesupport_fastrtps_cpp/franka_msgs/srv/detail/dds_fastrtps/set_stiffness_frame__type_support.cpp.o[0m
[21.871s] [ 82%] [32m[1mLinking CXX shared library libfranka_msgs__rosidl_typesupport_introspection_cpp.so[0m
[21.876s] [ 83%] [32mBuilding CXX object CMakeFiles/franka_msgs__rosidl_typesupport_fastrtps_cpp.dir/rosidl_typesupport_fastrtps_cpp/franka_msgs/srv/detail/dds_fastrtps/set_load__type_support.cpp.o[0m
[21.878s] [ 84%] [32mBuilding CXX object CMakeFiles/franka_msgs__rosidl_typesupport_fastrtps_c.dir/rosidl_typesupport_fastrtps_c/franka_msgs/srv/detail/set_load__type_support_c.cpp.o[0m
[22.183s] [ 84%] [32m[1mLinking CXX shared library libfranka_msgs__rosidl_typesupport_fastrtps_c.so[0m
[22.239s] [ 84%] [32m[1mLinking CXX shared library libfranka_msgs__rosidl_typesupport_fastrtps_cpp.so[0m
[22.425s] [ 84%] Built target franka_msgs__rosidl_typesupport_introspection_cpp
[22.741s] [ 84%] Built target franka_msgs__rosidl_typesupport_fastrtps_c
[22.763s] [ 84%] Built target franka_msgs__rosidl_typesupport_fastrtps_cpp
[22.784s] [ 84%] Built target franka_msgs
[22.808s] [ 85%] [34m[1mGenerating Python code for ROS interfaces[0m
[26.870s] [ 85%] Built target franka_msgs__py
[26.886s] [ 85%] [32mBuilding C object CMakeFiles/franka_msgs__rosidl_generator_py.dir/rosidl_generator_py/franka_msgs/action/_error_recovery_s.c.o[0m
[26.886s] [ 86%] [32mBuilding C object CMakeFiles/franka_msgs__rosidl_generator_py.dir/rosidl_generator_py/franka_msgs/action/_homing_s.c.o[0m
[26.886s] [ 86%] [32mBuilding C object CMakeFiles/franka_msgs__rosidl_generator_py.dir/rosidl_generator_py/franka_msgs/action/_move_s.c.o[0m
[26.886s] [ 86%] [32mBuilding C object CMakeFiles/franka_msgs__rosidl_generator_py.dir/rosidl_generator_py/franka_msgs/msg/_collision_indicators_s.c.o[0m
[26.888s] [ 87%] [32mBuilding C object CMakeFiles/franka_msgs__rosidl_generator_py.dir/rosidl_generator_py/franka_msgs/action/_ptp_motion_s.c.o[0m
[26.889s] [ 88%] [32mBuilding C object CMakeFiles/franka_msgs__rosidl_generator_py.dir/rosidl_generator_py/franka_msgs/action/_grasp_s.c.o[0m
[27.013s] [ 89%] [32mBuilding C object CMakeFiles/franka_msgs__rosidl_generator_py.dir/rosidl_generator_py/franka_msgs/msg/_elbow_s.c.o[0m
[27.027s] [ 89%] [32mBuilding C object CMakeFiles/franka_msgs__rosidl_generator_py.dir/rosidl_generator_py/franka_msgs/msg/_errors_s.c.o[0m
[27.028s] [ 90%] [32mBuilding C object CMakeFiles/franka_msgs__rosidl_generator_py.dir/rosidl_generator_py/franka_msgs/msg/_franka_robot_state_s.c.o[0m
[27.029s] [ 91%] [32mBuilding C object CMakeFiles/franka_msgs__rosidl_generator_py.dir/rosidl_generator_py/franka_msgs/msg/_grasp_epsilon_s.c.o[0m
[27.034s] [ 91%] [32mBuilding C object CMakeFiles/franka_msgs__rosidl_generator_py.dir/rosidl_generator_py/franka_msgs/msg/_target_status_s.c.o[0m
[27.040s] [ 92%] [32mBuilding C object CMakeFiles/franka_msgs__rosidl_generator_py.dir/rosidl_generator_py/franka_msgs/srv/_set_cartesian_stiffness_s.c.o[0m
[27.103s] [ 92%] [32mBuilding C object CMakeFiles/franka_msgs__rosidl_generator_py.dir/rosidl_generator_py/franka_msgs/srv/_set_tcp_frame_s.c.o[0m
[27.103s] [ 93%] [32mBuilding C object CMakeFiles/franka_msgs__rosidl_generator_py.dir/rosidl_generator_py/franka_msgs/srv/_set_force_torque_collision_behavior_s.c.o[0m
[27.103s] [ 94%] [32mBuilding C object CMakeFiles/franka_msgs__rosidl_generator_py.dir/rosidl_generator_py/franka_msgs/srv/_set_full_collision_behavior_s.c.o[0m
[27.110s] [ 94%] [32mBuilding C object CMakeFiles/franka_msgs__rosidl_generator_py.dir/rosidl_generator_py/franka_msgs/srv/_set_joint_stiffness_s.c.o[0m
[27.116s] [ 95%] [32mBuilding C object CMakeFiles/franka_msgs__rosidl_generator_py.dir/rosidl_generator_py/franka_msgs/srv/_set_stiffness_frame_s.c.o[0m
[27.117s] [ 95%] [32mBuilding C object CMakeFiles/franka_msgs__rosidl_generator_py.dir/rosidl_generator_py/franka_msgs/srv/_set_load_s.c.o[0m
[27.207s] [ 96%] [32m[1mLinking C shared library rosidl_generator_py/franka_msgs/libfranka_msgs__rosidl_generator_py.so[0m
[27.761s] [ 96%] Built target franka_msgs__rosidl_generator_py
[27.776s] [ 97%] [32mBuilding C object CMakeFiles/franka_msgs__rosidl_typesupport_fastrtps_c__pyext.dir/rosidl_generator_py/franka_msgs/_franka_msgs_s.ep.rosidl_typesupport_fastrtps_c.c.o[0m
[27.776s] [ 99%] [32mBuilding C object CMakeFiles/franka_msgs__rosidl_typesupport_c__pyext.dir/rosidl_generator_py/franka_msgs/_franka_msgs_s.ep.rosidl_typesupport_c.c.o[0m
[27.776s] [ 99%] [32mBuilding C object CMakeFiles/franka_msgs__rosidl_typesupport_introspection_c__pyext.dir/rosidl_generator_py/franka_msgs/_franka_msgs_s.ep.rosidl_typesupport_introspection_c.c.o[0m
[27.975s] [ 99%] [32m[1mLinking C shared library rosidl_generator_py/franka_msgs/franka_msgs_s__rosidl_typesupport_c.cpython-310-x86_64-linux-gnu.so[0m
[27.975s] [100%] [32m[1mLinking C shared library rosidl_generator_py/franka_msgs/franka_msgs_s__rosidl_typesupport_introspection_c.cpython-310-x86_64-linux-gnu.so[0m
[27.975s] [100%] [32m[1mLinking C shared library rosidl_generator_py/franka_msgs/franka_msgs_s__rosidl_typesupport_fastrtps_c.cpython-310-x86_64-linux-gnu.so[0m
[28.327s] [100%] Built target franka_msgs__rosidl_typesupport_fastrtps_c__pyext
[28.327s] [100%] Built target franka_msgs__rosidl_typesupport_introspection_c__pyext
[28.332s] [100%] Built target franka_msgs__rosidl_typesupport_c__pyext
[28.344s] Invoked command in '/home/raiaan/franka_ros2_ws/build/franka_msgs' returned '0': CMAKE_PREFIX_PATH=/opt/ros/humble /usr/bin/cmake --build /home/raiaan/franka_ros2_ws/build/franka_msgs -- -j6 -l6
[28.353s] Invoking command in '/home/raiaan/franka_ros2_ws/build/franka_msgs': CMAKE_PREFIX_PATH=/opt/ros/humble /usr/bin/cmake --install /home/raiaan/franka_ros2_ws/build/franka_msgs
[28.359s] -- Install configuration: ""
[28.360s] -- Execute custom install script
[28.361s] -- Symlinking: /home/raiaan/franka_ros2_ws/install/franka_msgs/share/ament_index/resource_index/rosidl_interfaces/franka_msgs
[28.370s] -- Symlinking: /home/raiaan/franka_ros2_ws/install/franka_msgs/include/franka_msgs/franka_msgs/action/detail/error_recovery__functions.h
[28.377s] -- Symlinking: /home/raiaan/franka_ros2_ws/install/franka_msgs/include/franka_msgs/franka_msgs/action/detail/error_recovery__struct.h
[28.384s] -- Symlinking: /home/raiaan/franka_ros2_ws/install/franka_msgs/include/franka_msgs/franka_msgs/action/detail/error_recovery__type_support.h
[28.390s] -- Symlinking: /home/raiaan/franka_ros2_ws/install/franka_msgs/include/franka_msgs/franka_msgs/action/detail/grasp__functions.h
[28.397s] -- Symlinking: /home/raiaan/franka_ros2_ws/install/franka_msgs/include/franka_msgs/franka_msgs/action/detail/grasp__struct.h
[28.404s] -- Symlinking: /home/raiaan/franka_ros2_ws/install/franka_msgs/include/franka_msgs/franka_msgs/action/detail/grasp__type_support.h
[28.410s] -- Symlinking: /home/raiaan/franka_ros2_ws/install/franka_msgs/include/franka_msgs/franka_msgs/action/detail/homing__functions.h
[28.416s] -- Symlinking: /home/raiaan/franka_ros2_ws/install/franka_msgs/include/franka_msgs/franka_msgs/action/detail/homing__struct.h
[28.422s] -- Symlinking: /home/raiaan/franka_ros2_ws/install/franka_msgs/include/franka_msgs/franka_msgs/action/detail/homing__type_support.h
[28.430s] -- Symlinking: /home/raiaan/franka_ros2_ws/install/franka_msgs/include/franka_msgs/franka_msgs/action/detail/move__functions.h
[28.437s] -- Symlinking: /home/raiaan/franka_ros2_ws/install/franka_msgs/include/franka_msgs/franka_msgs/action/detail/move__struct.h
[28.444s] -- Symlinking: /home/raiaan/franka_ros2_ws/install/franka_msgs/include/franka_msgs/franka_msgs/action/detail/move__type_support.h
[28.451s] -- Symlinking: /home/raiaan/franka_ros2_ws/install/franka_msgs/include/franka_msgs/franka_msgs/action/detail/ptp_motion__functions.h
[28.457s] -- Symlinking: /home/raiaan/franka_ros2_ws/install/franka_msgs/include/franka_msgs/franka_msgs/action/detail/ptp_motion__struct.h
[28.464s] -- Symlinking: /home/raiaan/franka_ros2_ws/install/franka_msgs/include/franka_msgs/franka_msgs/action/detail/ptp_motion__type_support.h
[28.471s] -- Symlinking: /home/raiaan/franka_ros2_ws/install/franka_msgs/include/franka_msgs/franka_msgs/action/error_recovery.h
[28.477s] -- Symlinking: /home/raiaan/franka_ros2_ws/install/franka_msgs/include/franka_msgs/franka_msgs/action/grasp.h
[28.484s] -- Symlinking: /home/raiaan/franka_ros2_ws/install/franka_msgs/include/franka_msgs/franka_msgs/action/homing.h
[28.490s] -- Symlinking: /home/raiaan/franka_ros2_ws/install/franka_msgs/include/franka_msgs/franka_msgs/action/move.h
[28.497s] -- Symlinking: /home/raiaan/franka_ros2_ws/install/franka_msgs/include/franka_msgs/franka_msgs/action/ptp_motion.h
[28.504s] -- Symlinking: /home/raiaan/franka_ros2_ws/install/franka_msgs/include/franka_msgs/franka_msgs/msg/collision_indicators.h
[28.511s] -- Symlinking: /home/raiaan/franka_ros2_ws/install/franka_msgs/include/franka_msgs/franka_msgs/msg/detail/collision_indicators__functions.h
[28.518s] -- Symlinking: /home/raiaan/franka_ros2_ws/install/franka_msgs/include/franka_msgs/franka_msgs/msg/detail/collision_indicators__struct.h
[28.526s] -- Symlinking: /home/raiaan/franka_ros2_ws/install/franka_msgs/include/franka_msgs/franka_msgs/msg/detail/collision_indicators__type_support.h
[28.533s] -- Symlinking: /home/raiaan/franka_ros2_ws/install/franka_msgs/include/franka_msgs/franka_msgs/msg/detail/elbow__functions.h
[28.539s] -- Symlinking: /home/raiaan/franka_ros2_ws/install/franka_msgs/include/franka_msgs/franka_msgs/msg/detail/elbow__struct.h
[28.545s] -- Symlinking: /home/raiaan/franka_ros2_ws/install/franka_msgs/include/franka_msgs/franka_msgs/msg/detail/elbow__type_support.h
[28.551s] -- Symlinking: /home/raiaan/franka_ros2_ws/install/franka_msgs/include/franka_msgs/franka_msgs/msg/detail/errors__functions.h
[28.558s] -- Symlinking: /home/raiaan/franka_ros2_ws/install/franka_msgs/include/franka_msgs/franka_msgs/msg/detail/errors__struct.h
[28.565s] -- Symlinking: /home/raiaan/franka_ros2_ws/install/franka_msgs/include/franka_msgs/franka_msgs/msg/detail/errors__type_support.h
[28.572s] -- Symlinking: /home/raiaan/franka_ros2_ws/install/franka_msgs/include/franka_msgs/franka_msgs/msg/detail/franka_robot_state__functions.h
[28.578s] -- Symlinking: /home/raiaan/franka_ros2_ws/install/franka_msgs/include/franka_msgs/franka_msgs/msg/detail/franka_robot_state__struct.h
[28.584s] -- Symlinking: /home/raiaan/franka_ros2_ws/install/franka_msgs/include/franka_msgs/franka_msgs/msg/detail/franka_robot_state__type_support.h
[28.592s] -- Symlinking: /home/raiaan/franka_ros2_ws/install/franka_msgs/include/franka_msgs/franka_msgs/msg/detail/grasp_epsilon__functions.h
[28.598s] -- Symlinking: /home/raiaan/franka_ros2_ws/install/franka_msgs/include/franka_msgs/franka_msgs/msg/detail/grasp_epsilon__struct.h
[28.604s] -- Symlinking: /home/raiaan/franka_ros2_ws/install/franka_msgs/include/franka_msgs/franka_msgs/msg/detail/grasp_epsilon__type_support.h
[28.611s] -- Symlinking: /home/raiaan/franka_ros2_ws/install/franka_msgs/include/franka_msgs/franka_msgs/msg/detail/target_status__functions.h
[28.617s] -- Symlinking: /home/raiaan/franka_ros2_ws/install/franka_msgs/include/franka_msgs/franka_msgs/msg/detail/target_status__struct.h
[28.623s] -- Symlinking: /home/raiaan/franka_ros2_ws/install/franka_msgs/include/franka_msgs/franka_msgs/msg/detail/target_status__type_support.h
[28.630s] -- Symlinking: /home/raiaan/franka_ros2_ws/install/franka_msgs/include/franka_msgs/franka_msgs/msg/elbow.h
[28.636s] -- Symlinking: /home/raiaan/franka_ros2_ws/install/franka_msgs/include/franka_msgs/franka_msgs/msg/errors.h
[28.643s] -- Symlinking: /home/raiaan/franka_ros2_ws/install/franka_msgs/include/franka_msgs/franka_msgs/msg/franka_robot_state.h
[28.649s] -- Symlinking: /home/raiaan/franka_ros2_ws/install/franka_msgs/include/franka_msgs/franka_msgs/msg/grasp_epsilon.h
[28.656s] -- Symlinking: /home/raiaan/franka_ros2_ws/install/franka_msgs/include/franka_msgs/franka_msgs/msg/rosidl_generator_c__visibility_control.h
[28.663s] -- Symlinking: /home/raiaan/franka_ros2_ws/install/franka_msgs/include/franka_msgs/franka_msgs/msg/target_status.h
[28.669s] -- Symlinking: /home/raiaan/franka_ros2_ws/install/franka_msgs/include/franka_msgs/franka_msgs/srv/detail/set_cartesian_stiffness__functions.h
[28.675s] -- Symlinking: /home/raiaan/franka_ros2_ws/install/franka_msgs/include/franka_msgs/franka_msgs/srv/detail/set_cartesian_stiffness__struct.h
[28.682s] -- Symlinking: /home/raiaan/franka_ros2_ws/install/franka_msgs/include/franka_msgs/franka_msgs/srv/detail/set_cartesian_stiffness__type_support.h
[28.691s] -- Symlinking: /home/raiaan/franka_ros2_ws/install/franka_msgs/include/franka_msgs/franka_msgs/srv/detail/set_force_torque_collision_behavior__functions.h
[28.697s] -- Symlinking: /home/raiaan/franka_ros2_ws/install/franka_msgs/include/franka_msgs/franka_msgs/srv/detail/set_force_torque_collision_behavior__struct.h
[28.703s] -- Symlinking: /home/raiaan/franka_ros2_ws/install/franka_msgs/include/franka_msgs/franka_msgs/srv/detail/set_force_torque_collision_behavior__type_support.h
[28.710s] -- Symlinking: /home/raiaan/franka_ros2_ws/install/franka_msgs/include/franka_msgs/franka_msgs/srv/detail/set_full_collision_behavior__functions.h
[28.716s] -- Symlinking: /home/raiaan/franka_ros2_ws/install/franka_msgs/include/franka_msgs/franka_msgs/srv/detail/set_full_collision_behavior__struct.h
[28.723s] -- Symlinking: /home/raiaan/franka_ros2_ws/install/franka_msgs/include/franka_msgs/franka_msgs/srv/detail/set_full_collision_behavior__type_support.h
[28.731s] -- Symlinking: /home/raiaan/franka_ros2_ws/install/franka_msgs/include/franka_msgs/franka_msgs/srv/detail/set_joint_stiffness__functions.h
[28.738s] -- Symlinking: /home/raiaan/franka_ros2_ws/install/franka_msgs/include/franka_msgs/franka_msgs/srv/detail/set_joint_stiffness__struct.h
[28.746s] -- Symlinking: /home/raiaan/franka_ros2_ws/install/franka_msgs/include/franka_msgs/franka_msgs/srv/detail/set_joint_stiffness__type_support.h
[28.754s] -- Symlinking: /home/raiaan/franka_ros2_ws/install/franka_msgs/include/franka_msgs/franka_msgs/srv/detail/set_load__functions.h
[28.763s] -- Symlinking: /home/raiaan/franka_ros2_ws/install/franka_msgs/include/franka_msgs/franka_msgs/srv/detail/set_load__struct.h
[28.769s] -- Symlinking: /home/raiaan/franka_ros2_ws/install/franka_msgs/include/franka_msgs/franka_msgs/srv/detail/set_load__type_support.h
[28.776s] -- Symlinking: /home/raiaan/franka_ros2_ws/install/franka_msgs/include/franka_msgs/franka_msgs/srv/detail/set_stiffness_frame__functions.h
[28.783s] -- Symlinking: /home/raiaan/franka_ros2_ws/install/franka_msgs/include/franka_msgs/franka_msgs/srv/detail/set_stiffness_frame__struct.h
[28.791s] -- Symlinking: /home/raiaan/franka_ros2_ws/install/franka_msgs/include/franka_msgs/franka_msgs/srv/detail/set_stiffness_frame__type_support.h
[28.798s] -- Symlinking: /home/raiaan/franka_ros2_ws/install/franka_msgs/include/franka_msgs/franka_msgs/srv/detail/set_tcp_frame__functions.h
[28.805s] -- Symlinking: /home/raiaan/franka_ros2_ws/install/franka_msgs/include/franka_msgs/franka_msgs/srv/detail/set_tcp_frame__struct.h
[28.812s] -- Symlinking: /home/raiaan/franka_ros2_ws/install/franka_msgs/include/franka_msgs/franka_msgs/srv/detail/set_tcp_frame__type_support.h
[28.821s] -- Symlinking: /home/raiaan/franka_ros2_ws/install/franka_msgs/include/franka_msgs/franka_msgs/srv/set_cartesian_stiffness.h
[28.831s] -- Symlinking: /home/raiaan/franka_ros2_ws/install/franka_msgs/include/franka_msgs/franka_msgs/srv/set_force_torque_collision_behavior.h
[28.838s] -- Symlinking: /home/raiaan/franka_ros2_ws/install/franka_msgs/include/franka_msgs/franka_msgs/srv/set_full_collision_behavior.h
[28.846s] -- Symlinking: /home/raiaan/franka_ros2_ws/install/franka_msgs/include/franka_msgs/franka_msgs/srv/set_joint_stiffness.h
[28.854s] -- Symlinking: /home/raiaan/franka_ros2_ws/install/franka_msgs/include/franka_msgs/franka_msgs/srv/set_load.h
[28.863s] -- Symlinking: /home/raiaan/franka_ros2_ws/install/franka_msgs/include/franka_msgs/franka_msgs/srv/set_stiffness_frame.h
[28.871s] -- Symlinking: /home/raiaan/franka_ros2_ws/install/franka_msgs/include/franka_msgs/franka_msgs/srv/set_tcp_frame.h
[28.879s] -- Symlinking: /home/raiaan/franka_ros2_ws/install/franka_msgs/share/franka_msgs/environment/library_path.sh
[28.886s] -- Symlinking: /home/raiaan/franka_ros2_ws/install/franka_msgs/share/franka_msgs/environment/library_path.dsv
[28.895s] -- Symlinking: /home/raiaan/franka_ros2_ws/install/franka_msgs/include/franka_msgs/franka_msgs/action/detail/error_recovery__rosidl_typesupport_fastrtps_c.h
[28.902s] -- Symlinking: /home/raiaan/franka_ros2_ws/install/franka_msgs/include/franka_msgs/franka_msgs/action/detail/grasp__rosidl_typesupport_fastrtps_c.h
[28.910s] -- Symlinking: /home/raiaan/franka_ros2_ws/install/franka_msgs/include/franka_msgs/franka_msgs/action/detail/homing__rosidl_typesupport_fastrtps_c.h
[28.918s] -- Symlinking: /home/raiaan/franka_ros2_ws/install/franka_msgs/include/franka_msgs/franka_msgs/action/detail/move__rosidl_typesupport_fastrtps_c.h
[28.925s] -- Symlinking: /home/raiaan/franka_ros2_ws/install/franka_msgs/include/franka_msgs/franka_msgs/action/detail/ptp_motion__rosidl_typesupport_fastrtps_c.h
[28.933s] -- Symlinking: /home/raiaan/franka_ros2_ws/install/franka_msgs/include/franka_msgs/franka_msgs/msg/detail/collision_indicators__rosidl_typesupport_fastrtps_c.h
[28.942s] -- Symlinking: /home/raiaan/franka_ros2_ws/install/franka_msgs/include/franka_msgs/franka_msgs/msg/detail/elbow__rosidl_typesupport_fastrtps_c.h
[28.951s] -- Symlinking: /home/raiaan/franka_ros2_ws/install/franka_msgs/include/franka_msgs/franka_msgs/msg/detail/errors__rosidl_typesupport_fastrtps_c.h
[28.959s] -- Symlinking: /home/raiaan/franka_ros2_ws/install/franka_msgs/include/franka_msgs/franka_msgs/msg/detail/franka_robot_state__rosidl_typesupport_fastrtps_c.h
[28.967s] -- Symlinking: /home/raiaan/franka_ros2_ws/install/franka_msgs/include/franka_msgs/franka_msgs/msg/detail/grasp_epsilon__rosidl_typesupport_fastrtps_c.h
[28.976s] -- Symlinking: /home/raiaan/franka_ros2_ws/install/franka_msgs/include/franka_msgs/franka_msgs/msg/detail/target_status__rosidl_typesupport_fastrtps_c.h
[28.984s] -- Symlinking: /home/raiaan/franka_ros2_ws/install/franka_msgs/include/franka_msgs/franka_msgs/msg/rosidl_typesupport_fastrtps_c__visibility_control.h
[28.991s] -- Symlinking: /home/raiaan/franka_ros2_ws/install/franka_msgs/include/franka_msgs/franka_msgs/srv/detail/set_cartesian_stiffness__rosidl_typesupport_fastrtps_c.h
[28.999s] -- Symlinking: /home/raiaan/franka_ros2_ws/install/franka_msgs/include/franka_msgs/franka_msgs/srv/detail/set_force_torque_collision_behavior__rosidl_typesupport_fastrtps_c.h
[29.007s] -- Symlinking: /home/raiaan/franka_ros2_ws/install/franka_msgs/include/franka_msgs/franka_msgs/srv/detail/set_full_collision_behavior__rosidl_typesupport_fastrtps_c.h
[29.015s] -- Symlinking: /home/raiaan/franka_ros2_ws/install/franka_msgs/include/franka_msgs/franka_msgs/srv/detail/set_joint_stiffness__rosidl_typesupport_fastrtps_c.h
[29.024s] -- Symlinking: /home/raiaan/franka_ros2_ws/install/franka_msgs/include/franka_msgs/franka_msgs/srv/detail/set_load__rosidl_typesupport_fastrtps_c.h
[29.032s] -- Symlinking: /home/raiaan/franka_ros2_ws/install/franka_msgs/include/franka_msgs/franka_msgs/srv/detail/set_stiffness_frame__rosidl_typesupport_fastrtps_c.h
[29.042s] -- Symlinking: /home/raiaan/franka_ros2_ws/install/franka_msgs/include/franka_msgs/franka_msgs/srv/detail/set_tcp_frame__rosidl_typesupport_fastrtps_c.h
[29.051s] -- Symlinking: /home/raiaan/franka_ros2_ws/install/franka_msgs/include/franka_msgs/franka_msgs/action/detail/error_recovery__rosidl_typesupport_introspection_c.h
[29.058s] -- Symlinking: /home/raiaan/franka_ros2_ws/install/franka_msgs/include/franka_msgs/franka_msgs/action/detail/grasp__rosidl_typesupport_introspection_c.h
[29.066s] -- Symlinking: /home/raiaan/franka_ros2_ws/install/franka_msgs/include/franka_msgs/franka_msgs/action/detail/homing__rosidl_typesupport_introspection_c.h
[29.073s] -- Symlinking: /home/raiaan/franka_ros2_ws/install/franka_msgs/include/franka_msgs/franka_msgs/action/detail/move__rosidl_typesupport_introspection_c.h
[29.080s] -- Symlinking: /home/raiaan/franka_ros2_ws/install/franka_msgs/include/franka_msgs/franka_msgs/action/detail/ptp_motion__rosidl_typesupport_introspection_c.h
[29.087s] -- Symlinking: /home/raiaan/franka_ros2_ws/install/franka_msgs/include/franka_msgs/franka_msgs/msg/detail/collision_indicators__rosidl_typesupport_introspection_c.h
[29.093s] -- Symlinking: /home/raiaan/franka_ros2_ws/install/franka_msgs/include/franka_msgs/franka_msgs/msg/detail/elbow__rosidl_typesupport_introspection_c.h
[29.100s] -- Symlinking: /home/raiaan/franka_ros2_ws/install/franka_msgs/include/franka_msgs/franka_msgs/msg/detail/errors__rosidl_typesupport_introspection_c.h
[29.107s] -- Symlinking: /home/raiaan/franka_ros2_ws/install/franka_msgs/include/franka_msgs/franka_msgs/msg/detail/franka_robot_state__rosidl_typesupport_introspection_c.h
[29.114s] -- Symlinking: /home/raiaan/franka_ros2_ws/install/franka_msgs/include/franka_msgs/franka_msgs/msg/detail/grasp_epsilon__rosidl_typesupport_introspection_c.h
[29.122s] -- Symlinking: /home/raiaan/franka_ros2_ws/install/franka_msgs/include/franka_msgs/franka_msgs/msg/detail/target_status__rosidl_typesupport_introspection_c.h
[29.129s] -- Symlinking: /home/raiaan/franka_ros2_ws/install/franka_msgs/include/franka_msgs/franka_msgs/msg/rosidl_typesupport_introspection_c__visibility_control.h
[29.136s] -- Symlinking: /home/raiaan/franka_ros2_ws/install/franka_msgs/include/franka_msgs/franka_msgs/srv/detail/set_cartesian_stiffness__rosidl_typesupport_introspection_c.h
[29.144s] -- Symlinking: /home/raiaan/franka_ros2_ws/install/franka_msgs/include/franka_msgs/franka_msgs/srv/detail/set_force_torque_collision_behavior__rosidl_typesupport_introspection_c.h
[29.151s] -- Symlinking: /home/raiaan/franka_ros2_ws/install/franka_msgs/include/franka_msgs/franka_msgs/srv/detail/set_full_collision_behavior__rosidl_typesupport_introspection_c.h
[29.159s] -- Symlinking: /home/raiaan/franka_ros2_ws/install/franka_msgs/include/franka_msgs/franka_msgs/srv/detail/set_joint_stiffness__rosidl_typesupport_introspection_c.h
[29.169s] -- Symlinking: /home/raiaan/franka_ros2_ws/install/franka_msgs/include/franka_msgs/franka_msgs/srv/detail/set_load__rosidl_typesupport_introspection_c.h
[29.177s] -- Symlinking: /home/raiaan/franka_ros2_ws/install/franka_msgs/include/franka_msgs/franka_msgs/srv/detail/set_stiffness_frame__rosidl_typesupport_introspection_c.h
[29.184s] -- Symlinking: /home/raiaan/franka_ros2_ws/install/franka_msgs/include/franka_msgs/franka_msgs/srv/detail/set_tcp_frame__rosidl_typesupport_introspection_c.h
[29.195s] -- Symlinking: /home/raiaan/franka_ros2_ws/install/franka_msgs/include/franka_msgs/franka_msgs/action/detail/error_recovery__builder.hpp
[29.206s] -- Symlinking: /home/raiaan/franka_ros2_ws/install/franka_msgs/include/franka_msgs/franka_msgs/action/detail/error_recovery__struct.hpp
[29.213s] -- Symlinking: /home/raiaan/franka_ros2_ws/install/franka_msgs/include/franka_msgs/franka_msgs/action/detail/error_recovery__traits.hpp
[29.222s] -- Symlinking: /home/raiaan/franka_ros2_ws/install/franka_msgs/include/franka_msgs/franka_msgs/action/detail/error_recovery__type_support.hpp
[29.232s] -- Symlinking: /home/raiaan/franka_ros2_ws/install/franka_msgs/include/franka_msgs/franka_msgs/action/detail/grasp__builder.hpp
[29.244s] -- Symlinking: /home/raiaan/franka_ros2_ws/install/franka_msgs/include/franka_msgs/franka_msgs/action/detail/grasp__struct.hpp
[29.253s] -- Symlinking: /home/raiaan/franka_ros2_ws/install/franka_msgs/include/franka_msgs/franka_msgs/action/detail/grasp__traits.hpp
[29.263s] -- Symlinking: /home/raiaan/franka_ros2_ws/install/franka_msgs/include/franka_msgs/franka_msgs/action/detail/grasp__type_support.hpp
[29.270s] -- Symlinking: /home/raiaan/franka_ros2_ws/install/franka_msgs/include/franka_msgs/franka_msgs/action/detail/homing__builder.hpp
[29.278s] -- Symlinking: /home/raiaan/franka_ros2_ws/install/franka_msgs/include/franka_msgs/franka_msgs/action/detail/homing__struct.hpp
[29.285s] -- Symlinking: /home/raiaan/franka_ros2_ws/install/franka_msgs/include/franka_msgs/franka_msgs/action/detail/homing__traits.hpp
[29.293s] -- Symlinking: /home/raiaan/franka_ros2_ws/install/franka_msgs/include/franka_msgs/franka_msgs/action/detail/homing__type_support.hpp
[29.301s] -- Symlinking: /home/raiaan/franka_ros2_ws/install/franka_msgs/include/franka_msgs/franka_msgs/action/detail/move__builder.hpp
[29.308s] -- Symlinking: /home/raiaan/franka_ros2_ws/install/franka_msgs/include/franka_msgs/franka_msgs/action/detail/move__struct.hpp
[29.314s] -- Symlinking: /home/raiaan/franka_ros2_ws/install/franka_msgs/include/franka_msgs/franka_msgs/action/detail/move__traits.hpp
[29.320s] -- Symlinking: /home/raiaan/franka_ros2_ws/install/franka_msgs/include/franka_msgs/franka_msgs/action/detail/move__type_support.hpp
[29.328s] -- Symlinking: /home/raiaan/franka_ros2_ws/install/franka_msgs/include/franka_msgs/franka_msgs/action/detail/ptp_motion__builder.hpp
[29.335s] -- Symlinking: /home/raiaan/franka_ros2_ws/install/franka_msgs/include/franka_msgs/franka_msgs/action/detail/ptp_motion__struct.hpp
[29.341s] -- Symlinking: /home/raiaan/franka_ros2_ws/install/franka_msgs/include/franka_msgs/franka_msgs/action/detail/ptp_motion__traits.hpp
[29.348s] -- Symlinking: /home/raiaan/franka_ros2_ws/install/franka_msgs/include/franka_msgs/franka_msgs/action/detail/ptp_motion__type_support.hpp
[29.355s] -- Symlinking: /home/raiaan/franka_ros2_ws/install/franka_msgs/include/franka_msgs/franka_msgs/action/error_recovery.hpp
[29.362s] -- Symlinking: /home/raiaan/franka_ros2_ws/install/franka_msgs/include/franka_msgs/franka_msgs/action/grasp.hpp
[29.370s] -- Symlinking: /home/raiaan/franka_ros2_ws/install/franka_msgs/include/franka_msgs/franka_msgs/action/homing.hpp
[29.377s] -- Symlinking: /home/raiaan/franka_ros2_ws/install/franka_msgs/include/franka_msgs/franka_msgs/action/move.hpp
[29.384s] -- Symlinking: /home/raiaan/franka_ros2_ws/install/franka_msgs/include/franka_msgs/franka_msgs/action/ptp_motion.hpp
[29.391s] -- Symlinking: /home/raiaan/franka_ros2_ws/install/franka_msgs/include/franka_msgs/franka_msgs/msg/collision_indicators.hpp
[29.398s] -- Symlinking: /home/raiaan/franka_ros2_ws/install/franka_msgs/include/franka_msgs/franka_msgs/msg/detail/collision_indicators__builder.hpp
[29.404s] -- Symlinking: /home/raiaan/franka_ros2_ws/install/franka_msgs/include/franka_msgs/franka_msgs/msg/detail/collision_indicators__struct.hpp
[29.411s] -- Symlinking: /home/raiaan/franka_ros2_ws/install/franka_msgs/include/franka_msgs/franka_msgs/msg/detail/collision_indicators__traits.hpp
[29.417s] -- Symlinking: /home/raiaan/franka_ros2_ws/install/franka_msgs/include/franka_msgs/franka_msgs/msg/detail/collision_indicators__type_support.hpp
[29.424s] -- Symlinking: /home/raiaan/franka_ros2_ws/install/franka_msgs/include/franka_msgs/franka_msgs/msg/detail/elbow__builder.hpp
[29.431s] -- Symlinking: /home/raiaan/franka_ros2_ws/install/franka_msgs/include/franka_msgs/franka_msgs/msg/detail/elbow__struct.hpp
[29.438s] -- Symlinking: /home/raiaan/franka_ros2_ws/install/franka_msgs/include/franka_msgs/franka_msgs/msg/detail/elbow__traits.hpp
[29.444s] -- Symlinking: /home/raiaan/franka_ros2_ws/install/franka_msgs/include/franka_msgs/franka_msgs/msg/detail/elbow__type_support.hpp
[29.450s] -- Symlinking: /home/raiaan/franka_ros2_ws/install/franka_msgs/include/franka_msgs/franka_msgs/msg/detail/errors__builder.hpp
[29.457s] -- Symlinking: /home/raiaan/franka_ros2_ws/install/franka_msgs/include/franka_msgs/franka_msgs/msg/detail/errors__struct.hpp
[29.465s] -- Symlinking: /home/raiaan/franka_ros2_ws/install/franka_msgs/include/franka_msgs/franka_msgs/msg/detail/errors__traits.hpp
[29.471s] -- Symlinking: /home/raiaan/franka_ros2_ws/install/franka_msgs/include/franka_msgs/franka_msgs/msg/detail/errors__type_support.hpp
[29.477s] -- Symlinking: /home/raiaan/franka_ros2_ws/install/franka_msgs/include/franka_msgs/franka_msgs/msg/detail/franka_robot_state__builder.hpp
[29.484s] -- Symlinking: /home/raiaan/franka_ros2_ws/install/franka_msgs/include/franka_msgs/franka_msgs/msg/detail/franka_robot_state__struct.hpp
[29.491s] -- Symlinking: /home/raiaan/franka_ros2_ws/install/franka_msgs/include/franka_msgs/franka_msgs/msg/detail/franka_robot_state__traits.hpp
[29.497s] -- Symlinking: /home/raiaan/franka_ros2_ws/install/franka_msgs/include/franka_msgs/franka_msgs/msg/detail/franka_robot_state__type_support.hpp
[29.504s] -- Symlinking: /home/raiaan/franka_ros2_ws/install/franka_msgs/include/franka_msgs/franka_msgs/msg/detail/grasp_epsilon__builder.hpp
[29.510s] -- Symlinking: /home/raiaan/franka_ros2_ws/install/franka_msgs/include/franka_msgs/franka_msgs/msg/detail/grasp_epsilon__struct.hpp
[29.516s] -- Symlinking: /home/raiaan/franka_ros2_ws/install/franka_msgs/include/franka_msgs/franka_msgs/msg/detail/grasp_epsilon__traits.hpp
[29.524s] -- Symlinking: /home/raiaan/franka_ros2_ws/install/franka_msgs/include/franka_msgs/franka_msgs/msg/detail/grasp_epsilon__type_support.hpp
[29.530s] -- Symlinking: /home/raiaan/franka_ros2_ws/install/franka_msgs/include/franka_msgs/franka_msgs/msg/detail/target_status__builder.hpp
[29.537s] -- Symlinking: /home/raiaan/franka_ros2_ws/install/franka_msgs/include/franka_msgs/franka_msgs/msg/detail/target_status__struct.hpp
[29.544s] -- Symlinking: /home/raiaan/franka_ros2_ws/install/franka_msgs/include/franka_msgs/franka_msgs/msg/detail/target_status__traits.hpp
[29.551s] -- Symlinking: /home/raiaan/franka_ros2_ws/install/franka_msgs/include/franka_msgs/franka_msgs/msg/detail/target_status__type_support.hpp
[29.558s] -- Symlinking: /home/raiaan/franka_ros2_ws/install/franka_msgs/include/franka_msgs/franka_msgs/msg/elbow.hpp
[29.565s] -- Symlinking: /home/raiaan/franka_ros2_ws/install/franka_msgs/include/franka_msgs/franka_msgs/msg/errors.hpp
[29.573s] -- Symlinking: /home/raiaan/franka_ros2_ws/install/franka_msgs/include/franka_msgs/franka_msgs/msg/franka_robot_state.hpp
[29.581s] -- Symlinking: /home/raiaan/franka_ros2_ws/install/franka_msgs/include/franka_msgs/franka_msgs/msg/grasp_epsilon.hpp
[29.589s] -- Symlinking: /home/raiaan/franka_ros2_ws/install/franka_msgs/include/franka_msgs/franka_msgs/msg/rosidl_generator_cpp__visibility_control.hpp
[29.596s] -- Symlinking: /home/raiaan/franka_ros2_ws/install/franka_msgs/include/franka_msgs/franka_msgs/msg/target_status.hpp
[29.602s] -- Symlinking: /home/raiaan/franka_ros2_ws/install/franka_msgs/include/franka_msgs/franka_msgs/srv/detail/set_cartesian_stiffness__builder.hpp
[29.609s] -- Symlinking: /home/raiaan/franka_ros2_ws/install/franka_msgs/include/franka_msgs/franka_msgs/srv/detail/set_cartesian_stiffness__struct.hpp
[29.616s] -- Symlinking: /home/raiaan/franka_ros2_ws/install/franka_msgs/include/franka_msgs/franka_msgs/srv/detail/set_cartesian_stiffness__traits.hpp
[29.623s] -- Symlinking: /home/raiaan/franka_ros2_ws/install/franka_msgs/include/franka_msgs/franka_msgs/srv/detail/set_cartesian_stiffness__type_support.hpp
[29.631s] -- Symlinking: /home/raiaan/franka_ros2_ws/install/franka_msgs/include/franka_msgs/franka_msgs/srv/detail/set_force_torque_collision_behavior__builder.hpp
[29.638s] -- Symlinking: /home/raiaan/franka_ros2_ws/install/franka_msgs/include/franka_msgs/franka_msgs/srv/detail/set_force_torque_collision_behavior__struct.hpp
[29.645s] -- Symlinking: /home/raiaan/franka_ros2_ws/install/franka_msgs/include/franka_msgs/franka_msgs/srv/detail/set_force_torque_collision_behavior__traits.hpp
[29.653s] -- Symlinking: /home/raiaan/franka_ros2_ws/install/franka_msgs/include/franka_msgs/franka_msgs/srv/detail/set_force_torque_collision_behavior__type_support.hpp
[29.660s] -- Symlinking: /home/raiaan/franka_ros2_ws/install/franka_msgs/include/franka_msgs/franka_msgs/srv/detail/set_full_collision_behavior__builder.hpp
[29.666s] -- Symlinking: /home/raiaan/franka_ros2_ws/install/franka_msgs/include/franka_msgs/franka_msgs/srv/detail/set_full_collision_behavior__struct.hpp
[29.673s] -- Symlinking: /home/raiaan/franka_ros2_ws/install/franka_msgs/include/franka_msgs/franka_msgs/srv/detail/set_full_collision_behavior__traits.hpp
[29.680s] -- Symlinking: /home/raiaan/franka_ros2_ws/install/franka_msgs/include/franka_msgs/franka_msgs/srv/detail/set_full_collision_behavior__type_support.hpp
[29.687s] -- Symlinking: /home/raiaan/franka_ros2_ws/install/franka_msgs/include/franka_msgs/franka_msgs/srv/detail/set_joint_stiffness__builder.hpp
[29.694s] -- Symlinking: /home/raiaan/franka_ros2_ws/install/franka_msgs/include/franka_msgs/franka_msgs/srv/detail/set_joint_stiffness__struct.hpp
[29.701s] -- Symlinking: /home/raiaan/franka_ros2_ws/install/franka_msgs/include/franka_msgs/franka_msgs/srv/detail/set_joint_stiffness__traits.hpp
[29.708s] -- Symlinking: /home/raiaan/franka_ros2_ws/install/franka_msgs/include/franka_msgs/franka_msgs/srv/detail/set_joint_stiffness__type_support.hpp
[29.716s] -- Symlinking: /home/raiaan/franka_ros2_ws/install/franka_msgs/include/franka_msgs/franka_msgs/srv/detail/set_load__builder.hpp
[29.723s] -- Symlinking: /home/raiaan/franka_ros2_ws/install/franka_msgs/include/franka_msgs/franka_msgs/srv/detail/set_load__struct.hpp
[29.729s] -- Symlinking: /home/raiaan/franka_ros2_ws/install/franka_msgs/include/franka_msgs/franka_msgs/srv/detail/set_load__traits.hpp
[29.735s] -- Symlinking: /home/raiaan/franka_ros2_ws/install/franka_msgs/include/franka_msgs/franka_msgs/srv/detail/set_load__type_support.hpp
[29.741s] -- Symlinking: /home/raiaan/franka_ros2_ws/install/franka_msgs/include/franka_msgs/franka_msgs/srv/detail/set_stiffness_frame__builder.hpp
[29.749s] -- Symlinking: /home/raiaan/franka_ros2_ws/install/franka_msgs/include/franka_msgs/franka_msgs/srv/detail/set_stiffness_frame__struct.hpp
[29.755s] -- Symlinking: /home/raiaan/franka_ros2_ws/install/franka_msgs/include/franka_msgs/franka_msgs/srv/detail/set_stiffness_frame__traits.hpp
[29.763s] -- Symlinking: /home/raiaan/franka_ros2_ws/install/franka_msgs/include/franka_msgs/franka_msgs/srv/detail/set_stiffness_frame__type_support.hpp
[29.770s] -- Symlinking: /home/raiaan/franka_ros2_ws/install/franka_msgs/include/franka_msgs/franka_msgs/srv/detail/set_tcp_frame__builder.hpp
[29.777s] -- Symlinking: /home/raiaan/franka_ros2_ws/install/franka_msgs/include/franka_msgs/franka_msgs/srv/detail/set_tcp_frame__struct.hpp
[29.784s] -- Symlinking: /home/raiaan/franka_ros2_ws/install/franka_msgs/include/franka_msgs/franka_msgs/srv/detail/set_tcp_frame__traits.hpp
[29.792s] -- Symlinking: /home/raiaan/franka_ros2_ws/install/franka_msgs/include/franka_msgs/franka_msgs/srv/detail/set_tcp_frame__type_support.hpp
[29.798s] -- Symlinking: /home/raiaan/franka_ros2_ws/install/franka_msgs/include/franka_msgs/franka_msgs/srv/set_cartesian_stiffness.hpp
[29.807s] -- Symlinking: /home/raiaan/franka_ros2_ws/install/franka_msgs/include/franka_msgs/franka_msgs/srv/set_force_torque_collision_behavior.hpp
[29.814s] -- Symlinking: /home/raiaan/franka_ros2_ws/install/franka_msgs/include/franka_msgs/franka_msgs/srv/set_full_collision_behavior.hpp
[29.822s] -- Symlinking: /home/raiaan/franka_ros2_ws/install/franka_msgs/include/franka_msgs/franka_msgs/srv/set_joint_stiffness.hpp
[29.829s] -- Symlinking: /home/raiaan/franka_ros2_ws/install/franka_msgs/include/franka_msgs/franka_msgs/srv/set_load.hpp
[29.837s] -- Symlinking: /home/raiaan/franka_ros2_ws/install/franka_msgs/include/franka_msgs/franka_msgs/srv/set_stiffness_frame.hpp
[29.844s] -- Symlinking: /home/raiaan/franka_ros2_ws/install/franka_msgs/include/franka_msgs/franka_msgs/srv/set_tcp_frame.hpp
[29.852s] -- Symlinking: /home/raiaan/franka_ros2_ws/install/franka_msgs/include/franka_msgs/franka_msgs/action/detail/error_recovery__rosidl_typesupport_fastrtps_cpp.hpp
[29.860s] -- Symlinking: /home/raiaan/franka_ros2_ws/install/franka_msgs/include/franka_msgs/franka_msgs/action/detail/grasp__rosidl_typesupport_fastrtps_cpp.hpp
[29.868s] -- Symlinking: /home/raiaan/franka_ros2_ws/install/franka_msgs/include/franka_msgs/franka_msgs/action/detail/homing__rosidl_typesupport_fastrtps_cpp.hpp
[29.875s] -- Symlinking: /home/raiaan/franka_ros2_ws/install/franka_msgs/include/franka_msgs/franka_msgs/action/detail/move__rosidl_typesupport_fastrtps_cpp.hpp
[29.883s] -- Symlinking: /home/raiaan/franka_ros2_ws/install/franka_msgs/include/franka_msgs/franka_msgs/action/detail/ptp_motion__rosidl_typesupport_fastrtps_cpp.hpp
[29.890s] -- Symlinking: /home/raiaan/franka_ros2_ws/install/franka_msgs/include/franka_msgs/franka_msgs/msg/detail/collision_indicators__rosidl_typesupport_fastrtps_cpp.hpp
[29.901s] -- Symlinking: /home/raiaan/franka_ros2_ws/install/franka_msgs/include/franka_msgs/franka_msgs/msg/detail/elbow__rosidl_typesupport_fastrtps_cpp.hpp
[29.909s] -- Symlinking: /home/raiaan/franka_ros2_ws/install/franka_msgs/include/franka_msgs/franka_msgs/msg/detail/errors__rosidl_typesupport_fastrtps_cpp.hpp
[29.916s] -- Symlinking: /home/raiaan/franka_ros2_ws/install/franka_msgs/include/franka_msgs/franka_msgs/msg/detail/franka_robot_state__rosidl_typesupport_fastrtps_cpp.hpp
[29.924s] -- Symlinking: /home/raiaan/franka_ros2_ws/install/franka_msgs/include/franka_msgs/franka_msgs/msg/detail/grasp_epsilon__rosidl_typesupport_fastrtps_cpp.hpp
[29.931s] -- Symlinking: /home/raiaan/franka_ros2_ws/install/franka_msgs/include/franka_msgs/franka_msgs/msg/detail/target_status__rosidl_typesupport_fastrtps_cpp.hpp
[29.939s] -- Symlinking: /home/raiaan/franka_ros2_ws/install/franka_msgs/include/franka_msgs/franka_msgs/msg/rosidl_typesupport_fastrtps_cpp__visibility_control.h
[29.947s] -- Symlinking: /home/raiaan/franka_ros2_ws/install/franka_msgs/include/franka_msgs/franka_msgs/srv/detail/set_cartesian_stiffness__rosidl_typesupport_fastrtps_cpp.hpp
[29.954s] -- Symlinking: /home/raiaan/franka_ros2_ws/install/franka_msgs/include/franka_msgs/franka_msgs/srv/detail/set_force_torque_collision_behavior__rosidl_typesupport_fastrtps_cpp.hpp
[29.962s] -- Symlinking: /home/raiaan/franka_ros2_ws/install/franka_msgs/include/franka_msgs/franka_msgs/srv/detail/set_full_collision_behavior__rosidl_typesupport_fastrtps_cpp.hpp
[29.969s] -- Symlinking: /home/raiaan/franka_ros2_ws/install/franka_msgs/include/franka_msgs/franka_msgs/srv/detail/set_joint_stiffness__rosidl_typesupport_fastrtps_cpp.hpp
[29.977s] -- Symlinking: /home/raiaan/franka_ros2_ws/install/franka_msgs/include/franka_msgs/franka_msgs/srv/detail/set_load__rosidl_typesupport_fastrtps_cpp.hpp
[29.985s] -- Symlinking: /home/raiaan/franka_ros2_ws/install/franka_msgs/include/franka_msgs/franka_msgs/srv/detail/set_stiffness_frame__rosidl_typesupport_fastrtps_cpp.hpp
[29.992s] -- Symlinking: /home/raiaan/franka_ros2_ws/install/franka_msgs/include/franka_msgs/franka_msgs/srv/detail/set_tcp_frame__rosidl_typesupport_fastrtps_cpp.hpp
[30.000s] -- Symlinking: /home/raiaan/franka_ros2_ws/install/franka_msgs/include/franka_msgs/franka_msgs/action/detail/error_recovery__rosidl_typesupport_introspection_cpp.hpp
[30.007s] -- Symlinking: /home/raiaan/franka_ros2_ws/install/franka_msgs/include/franka_msgs/franka_msgs/action/detail/grasp__rosidl_typesupport_introspection_cpp.hpp
[30.014s] -- Symlinking: /home/raiaan/franka_ros2_ws/install/franka_msgs/include/franka_msgs/franka_msgs/action/detail/homing__rosidl_typesupport_introspection_cpp.hpp
[30.021s] -- Symlinking: /home/raiaan/franka_ros2_ws/install/franka_msgs/include/franka_msgs/franka_msgs/action/detail/move__rosidl_typesupport_introspection_cpp.hpp
[30.028s] -- Symlinking: /home/raiaan/franka_ros2_ws/install/franka_msgs/include/franka_msgs/franka_msgs/action/detail/ptp_motion__rosidl_typesupport_introspection_cpp.hpp
[30.035s] -- Symlinking: /home/raiaan/franka_ros2_ws/install/franka_msgs/include/franka_msgs/franka_msgs/msg/detail/collision_indicators__rosidl_typesupport_introspection_cpp.hpp
[30.042s] -- Symlinking: /home/raiaan/franka_ros2_ws/install/franka_msgs/include/franka_msgs/franka_msgs/msg/detail/elbow__rosidl_typesupport_introspection_cpp.hpp
[30.049s] -- Symlinking: /home/raiaan/franka_ros2_ws/install/franka_msgs/include/franka_msgs/franka_msgs/msg/detail/errors__rosidl_typesupport_introspection_cpp.hpp
[30.055s] -- Symlinking: /home/raiaan/franka_ros2_ws/install/franka_msgs/include/franka_msgs/franka_msgs/msg/detail/franka_robot_state__rosidl_typesupport_introspection_cpp.hpp
[30.062s] -- Symlinking: /home/raiaan/franka_ros2_ws/install/franka_msgs/include/franka_msgs/franka_msgs/msg/detail/grasp_epsilon__rosidl_typesupport_introspection_cpp.hpp
[30.069s] -- Symlinking: /home/raiaan/franka_ros2_ws/install/franka_msgs/include/franka_msgs/franka_msgs/msg/detail/target_status__rosidl_typesupport_introspection_cpp.hpp
[30.076s] -- Symlinking: /home/raiaan/franka_ros2_ws/install/franka_msgs/include/franka_msgs/franka_msgs/srv/detail/set_cartesian_stiffness__rosidl_typesupport_introspection_cpp.hpp
[30.082s] -- Symlinking: /home/raiaan/franka_ros2_ws/install/franka_msgs/include/franka_msgs/franka_msgs/srv/detail/set_force_torque_collision_behavior__rosidl_typesupport_introspection_cpp.hpp
[30.089s] -- Symlinking: /home/raiaan/franka_ros2_ws/install/franka_msgs/include/franka_msgs/franka_msgs/srv/detail/set_full_collision_behavior__rosidl_typesupport_introspection_cpp.hpp
[30.097s] -- Symlinking: /home/raiaan/franka_ros2_ws/install/franka_msgs/include/franka_msgs/franka_msgs/srv/detail/set_joint_stiffness__rosidl_typesupport_introspection_cpp.hpp
[30.104s] -- Symlinking: /home/raiaan/franka_ros2_ws/install/franka_msgs/include/franka_msgs/franka_msgs/srv/detail/set_load__rosidl_typesupport_introspection_cpp.hpp
[30.111s] -- Symlinking: /home/raiaan/franka_ros2_ws/install/franka_msgs/include/franka_msgs/franka_msgs/srv/detail/set_stiffness_frame__rosidl_typesupport_introspection_cpp.hpp
[30.118s] -- Symlinking: /home/raiaan/franka_ros2_ws/install/franka_msgs/include/franka_msgs/franka_msgs/srv/detail/set_tcp_frame__rosidl_typesupport_introspection_cpp.hpp
[30.124s] -- Symlinking: /home/raiaan/franka_ros2_ws/install/franka_msgs/share/franka_msgs/environment/pythonpath.sh
[30.131s] -- Symlinking: /home/raiaan/franka_ros2_ws/install/franka_msgs/share/franka_msgs/environment/pythonpath.dsv
[30.139s] -- Symlinking: /home/raiaan/franka_ros2_ws/install/franka_msgs/local/lib/python3.10/dist-packages/franka_msgs-2.2.0-py3.10.egg-info/PKG-INFO
[30.146s] -- Symlinking: /home/raiaan/franka_ros2_ws/install/franka_msgs/local/lib/python3.10/dist-packages/franka_msgs-2.2.0-py3.10.egg-info/SOURCES.txt
[30.152s] -- Symlinking: /home/raiaan/franka_ros2_ws/install/franka_msgs/local/lib/python3.10/dist-packages/franka_msgs-2.2.0-py3.10.egg-info/dependency_links.txt
[30.159s] -- Symlinking: /home/raiaan/franka_ros2_ws/install/franka_msgs/local/lib/python3.10/dist-packages/franka_msgs-2.2.0-py3.10.egg-info/top_level.txt
[30.167s] -- Symlinking: /home/raiaan/franka_ros2_ws/install/franka_msgs/local/lib/python3.10/dist-packages/franka_msgs/__init__.py
[30.174s] -- Symlinking: /home/raiaan/franka_ros2_ws/install/franka_msgs/local/lib/python3.10/dist-packages/franka_msgs/_franka_msgs_s.ep.rosidl_typesupport_c.c
[30.181s] -- Symlinking: /home/raiaan/franka_ros2_ws/install/franka_msgs/local/lib/python3.10/dist-packages/franka_msgs/_franka_msgs_s.ep.rosidl_typesupport_fastrtps_c.c
[30.188s] -- Symlinking: /home/raiaan/franka_ros2_ws/install/franka_msgs/local/lib/python3.10/dist-packages/franka_msgs/_franka_msgs_s.ep.rosidl_typesupport_introspection_c.c
[30.196s] -- Symlinking: /home/raiaan/franka_ros2_ws/install/franka_msgs/local/lib/python3.10/dist-packages/franka_msgs/action/__init__.py
[30.202s] -- Symlinking: /home/raiaan/franka_ros2_ws/install/franka_msgs/local/lib/python3.10/dist-packages/franka_msgs/action/_error_recovery.py
[30.208s] -- Symlinking: /home/raiaan/franka_ros2_ws/install/franka_msgs/local/lib/python3.10/dist-packages/franka_msgs/action/_error_recovery_s.c
[30.215s] -- Symlinking: /home/raiaan/franka_ros2_ws/install/franka_msgs/local/lib/python3.10/dist-packages/franka_msgs/action/_grasp.py
[30.224s] -- Symlinking: /home/raiaan/franka_ros2_ws/install/franka_msgs/local/lib/python3.10/dist-packages/franka_msgs/action/_grasp_s.c
[30.231s] -- Symlinking: /home/raiaan/franka_ros2_ws/install/franka_msgs/local/lib/python3.10/dist-packages/franka_msgs/action/_homing.py
[30.238s] -- Symlinking: /home/raiaan/franka_ros2_ws/install/franka_msgs/local/lib/python3.10/dist-packages/franka_msgs/action/_homing_s.c
[30.245s] -- Symlinking: /home/raiaan/franka_ros2_ws/install/franka_msgs/local/lib/python3.10/dist-packages/franka_msgs/action/_move.py
[30.252s] -- Symlinking: /home/raiaan/franka_ros2_ws/install/franka_msgs/local/lib/python3.10/dist-packages/franka_msgs/action/_move_s.c
[30.263s] -- Symlinking: /home/raiaan/franka_ros2_ws/install/franka_msgs/local/lib/python3.10/dist-packages/franka_msgs/action/_ptp_motion.py
[30.270s] -- Symlinking: /home/raiaan/franka_ros2_ws/install/franka_msgs/local/lib/python3.10/dist-packages/franka_msgs/action/_ptp_motion_s.c
[30.278s] -- Symlinking: /home/raiaan/franka_ros2_ws/install/franka_msgs/local/lib/python3.10/dist-packages/franka_msgs/franka_msgs_s__rosidl_typesupport_c.cpython-310-x86_64-linux-gnu.so
[30.284s] -- Symlinking: /home/raiaan/franka_ros2_ws/install/franka_msgs/local/lib/python3.10/dist-packages/franka_msgs/franka_msgs_s__rosidl_typesupport_fastrtps_c.cpython-310-x86_64-linux-gnu.so
[30.293s] -- Symlinking: /home/raiaan/franka_ros2_ws/install/franka_msgs/local/lib/python3.10/dist-packages/franka_msgs/franka_msgs_s__rosidl_typesupport_introspection_c.cpython-310-x86_64-linux-gnu.so
[30.299s] -- Symlinking: /home/raiaan/franka_ros2_ws/install/franka_msgs/local/lib/python3.10/dist-packages/franka_msgs/libfranka_msgs__rosidl_generator_py.so
[30.306s] -- Symlinking: /home/raiaan/franka_ros2_ws/install/franka_msgs/local/lib/python3.10/dist-packages/franka_msgs/msg/__init__.py
[30.313s] -- Symlinking: /home/raiaan/franka_ros2_ws/install/franka_msgs/local/lib/python3.10/dist-packages/franka_msgs/msg/_collision_indicators.py
[30.320s] -- Symlinking: /home/raiaan/franka_ros2_ws/install/franka_msgs/local/lib/python3.10/dist-packages/franka_msgs/msg/_collision_indicators_s.c
[30.327s] -- Symlinking: /home/raiaan/franka_ros2_ws/install/franka_msgs/local/lib/python3.10/dist-packages/franka_msgs/msg/_elbow.py
[30.333s] -- Symlinking: /home/raiaan/franka_ros2_ws/install/franka_msgs/local/lib/python3.10/dist-packages/franka_msgs/msg/_elbow_s.c
[30.340s] -- Symlinking: /home/raiaan/franka_ros2_ws/install/franka_msgs/local/lib/python3.10/dist-packages/franka_msgs/msg/_errors.py
[30.347s] -- Symlinking: /home/raiaan/franka_ros2_ws/install/franka_msgs/local/lib/python3.10/dist-packages/franka_msgs/msg/_errors_s.c
[30.354s] -- Symlinking: /home/raiaan/franka_ros2_ws/install/franka_msgs/local/lib/python3.10/dist-packages/franka_msgs/msg/_franka_robot_state.py
[30.361s] -- Symlinking: /home/raiaan/franka_ros2_ws/install/franka_msgs/local/lib/python3.10/dist-packages/franka_msgs/msg/_franka_robot_state_s.c
[30.368s] -- Symlinking: /home/raiaan/franka_ros2_ws/install/franka_msgs/local/lib/python3.10/dist-packages/franka_msgs/msg/_grasp_epsilon.py
[30.374s] -- Symlinking: /home/raiaan/franka_ros2_ws/install/franka_msgs/local/lib/python3.10/dist-packages/franka_msgs/msg/_grasp_epsilon_s.c
[30.381s] -- Symlinking: /home/raiaan/franka_ros2_ws/install/franka_msgs/local/lib/python3.10/dist-packages/franka_msgs/msg/_target_status.py
[30.388s] -- Symlinking: /home/raiaan/franka_ros2_ws/install/franka_msgs/local/lib/python3.10/dist-packages/franka_msgs/msg/_target_status_s.c
[30.395s] -- Symlinking: /home/raiaan/franka_ros2_ws/install/franka_msgs/local/lib/python3.10/dist-packages/franka_msgs/srv/__init__.py
[30.402s] -- Symlinking: /home/raiaan/franka_ros2_ws/install/franka_msgs/local/lib/python3.10/dist-packages/franka_msgs/srv/_set_cartesian_stiffness.py
[30.409s] -- Symlinking: /home/raiaan/franka_ros2_ws/install/franka_msgs/local/lib/python3.10/dist-packages/franka_msgs/srv/_set_cartesian_stiffness_s.c
[30.416s] -- Symlinking: /home/raiaan/franka_ros2_ws/install/franka_msgs/local/lib/python3.10/dist-packages/franka_msgs/srv/_set_force_torque_collision_behavior.py
[30.424s] -- Symlinking: /home/raiaan/franka_ros2_ws/install/franka_msgs/local/lib/python3.10/dist-packages/franka_msgs/srv/_set_force_torque_collision_behavior_s.c
[30.431s] -- Symlinking: /home/raiaan/franka_ros2_ws/install/franka_msgs/local/lib/python3.10/dist-packages/franka_msgs/srv/_set_full_collision_behavior.py
[30.438s] -- Symlinking: /home/raiaan/franka_ros2_ws/install/franka_msgs/local/lib/python3.10/dist-packages/franka_msgs/srv/_set_full_collision_behavior_s.c
[30.445s] -- Symlinking: /home/raiaan/franka_ros2_ws/install/franka_msgs/local/lib/python3.10/dist-packages/franka_msgs/srv/_set_joint_stiffness.py
[30.452s] -- Symlinking: /home/raiaan/franka_ros2_ws/install/franka_msgs/local/lib/python3.10/dist-packages/franka_msgs/srv/_set_joint_stiffness_s.c
[30.459s] -- Symlinking: /home/raiaan/franka_ros2_ws/install/franka_msgs/local/lib/python3.10/dist-packages/franka_msgs/srv/_set_load.py
[30.465s] -- Symlinking: /home/raiaan/franka_ros2_ws/install/franka_msgs/local/lib/python3.10/dist-packages/franka_msgs/srv/_set_load_s.c
[30.471s] -- Symlinking: /home/raiaan/franka_ros2_ws/install/franka_msgs/local/lib/python3.10/dist-packages/franka_msgs/srv/_set_stiffness_frame.py
[30.477s] -- Symlinking: /home/raiaan/franka_ros2_ws/install/franka_msgs/local/lib/python3.10/dist-packages/franka_msgs/srv/_set_stiffness_frame_s.c
[30.486s] -- Symlinking: /home/raiaan/franka_ros2_ws/install/franka_msgs/local/lib/python3.10/dist-packages/franka_msgs/srv/_set_tcp_frame.py
[30.492s] -- Symlinking: /home/raiaan/franka_ros2_ws/install/franka_msgs/local/lib/python3.10/dist-packages/franka_msgs/srv/_set_tcp_frame_s.c
[30.499s] -- Up-to-date symlink: /home/raiaan/franka_ros2_ws/install/franka_msgs/local/lib/python3.10/dist-packages/franka_msgs/franka_msgs_s__rosidl_typesupport_fastrtps_c.cpython-310-x86_64-linux-gnu.so
[30.499s] -- Up-to-date symlink: /home/raiaan/franka_ros2_ws/install/franka_msgs/local/lib/python3.10/dist-packages/franka_msgs/franka_msgs_s__rosidl_typesupport_introspection_c.cpython-310-x86_64-linux-gnu.so
[30.499s] -- Up-to-date symlink: /home/raiaan/franka_ros2_ws/install/franka_msgs/local/lib/python3.10/dist-packages/franka_msgs/franka_msgs_s__rosidl_typesupport_c.cpython-310-x86_64-linux-gnu.so
[30.499s] -- Symlinking: /home/raiaan/franka_ros2_ws/install/franka_msgs/share/franka_msgs/action/ErrorRecovery.idl
[30.506s] -- Symlinking: /home/raiaan/franka_ros2_ws/install/franka_msgs/share/franka_msgs/action/Grasp.idl
[30.513s] -- Symlinking: /home/raiaan/franka_ros2_ws/install/franka_msgs/share/franka_msgs/action/Homing.idl
[30.521s] -- Symlinking: /home/raiaan/franka_ros2_ws/install/franka_msgs/share/franka_msgs/action/Move.idl
[30.527s] -- Symlinking: /home/raiaan/franka_ros2_ws/install/franka_msgs/share/franka_msgs/action/PTPMotion.idl
[30.534s] -- Symlinking: /home/raiaan/franka_ros2_ws/install/franka_msgs/share/franka_msgs/msg/CollisionIndicators.idl
[30.540s] -- Symlinking: /home/raiaan/franka_ros2_ws/install/franka_msgs/share/franka_msgs/msg/Elbow.idl
[30.547s] -- Symlinking: /home/raiaan/franka_ros2_ws/install/franka_msgs/share/franka_msgs/msg/Errors.idl
[30.555s] -- Symlinking: /home/raiaan/franka_ros2_ws/install/franka_msgs/share/franka_msgs/msg/FrankaRobotState.idl
[30.561s] -- Symlinking: /home/raiaan/franka_ros2_ws/install/franka_msgs/share/franka_msgs/msg/GraspEpsilon.idl
[30.568s] -- Symlinking: /home/raiaan/franka_ros2_ws/install/franka_msgs/share/franka_msgs/msg/TargetStatus.idl
[30.575s] -- Symlinking: /home/raiaan/franka_ros2_ws/install/franka_msgs/share/franka_msgs/srv/SetCartesianStiffness.idl
[30.583s] -- Symlinking: /home/raiaan/franka_ros2_ws/install/franka_msgs/share/franka_msgs/srv/SetTCPFrame.idl
[30.589s] -- Symlinking: /home/raiaan/franka_ros2_ws/install/franka_msgs/share/franka_msgs/srv/SetForceTorqueCollisionBehavior.idl
[30.596s] -- Symlinking: /home/raiaan/franka_ros2_ws/install/franka_msgs/share/franka_msgs/srv/SetFullCollisionBehavior.idl
[30.602s] -- Symlinking: /home/raiaan/franka_ros2_ws/install/franka_msgs/share/franka_msgs/srv/SetJointStiffness.idl
[30.608s] -- Symlinking: /home/raiaan/franka_ros2_ws/install/franka_msgs/share/franka_msgs/srv/SetStiffnessFrame.idl
[30.617s] -- Symlinking: /home/raiaan/franka_ros2_ws/install/franka_msgs/share/franka_msgs/srv/SetLoad.idl
[30.624s] -- Symlinking: /home/raiaan/franka_ros2_ws/install/franka_msgs/share/franka_msgs/action/ErrorRecovery.action
[30.630s] -- Symlinking: /home/raiaan/franka_ros2_ws/install/franka_msgs/share/franka_msgs/action/Grasp.action
[30.636s] -- Symlinking: /home/raiaan/franka_ros2_ws/install/franka_msgs/share/franka_msgs/action/Homing.action
[30.644s] -- Symlinking: /home/raiaan/franka_ros2_ws/install/franka_msgs/share/franka_msgs/action/Move.action
[30.650s] -- Symlinking: /home/raiaan/franka_ros2_ws/install/franka_msgs/share/franka_msgs/action/PTPMotion.action
[30.657s] -- Symlinking: /home/raiaan/franka_ros2_ws/install/franka_msgs/share/franka_msgs/msg/CollisionIndicators.msg
[30.663s] -- Symlinking: /home/raiaan/franka_ros2_ws/install/franka_msgs/share/franka_msgs/msg/Elbow.msg
[30.669s] -- Symlinking: /home/raiaan/franka_ros2_ws/install/franka_msgs/share/franka_msgs/msg/Errors.msg
[30.676s] -- Symlinking: /home/raiaan/franka_ros2_ws/install/franka_msgs/share/franka_msgs/msg/FrankaRobotState.msg
[30.683s] -- Symlinking: /home/raiaan/franka_ros2_ws/install/franka_msgs/share/franka_msgs/msg/GraspEpsilon.msg
[30.690s] -- Symlinking: /home/raiaan/franka_ros2_ws/install/franka_msgs/share/franka_msgs/msg/TargetStatus.msg
[30.697s] -- Symlinking: /home/raiaan/franka_ros2_ws/install/franka_msgs/share/franka_msgs/srv/SetCartesianStiffness.srv
[30.703s] -- Symlinking: /home/raiaan/franka_ros2_ws/install/franka_msgs/share/franka_msgs/srv/SetCartesianStiffness_Request.msg
[30.710s] -- Symlinking: /home/raiaan/franka_ros2_ws/install/franka_msgs/share/franka_msgs/srv/SetCartesianStiffness_Response.msg
[30.717s] -- Symlinking: /home/raiaan/franka_ros2_ws/install/franka_msgs/share/franka_msgs/srv/SetTCPFrame.srv
[30.724s] -- Symlinking: /home/raiaan/franka_ros2_ws/install/franka_msgs/share/franka_msgs/srv/SetTCPFrame_Request.msg
[30.731s] -- Symlinking: /home/raiaan/franka_ros2_ws/install/franka_msgs/share/franka_msgs/srv/SetTCPFrame_Response.msg
[30.738s] -- Symlinking: /home/raiaan/franka_ros2_ws/install/franka_msgs/share/franka_msgs/srv/SetForceTorqueCollisionBehavior.srv
[30.745s] -- Symlinking: /home/raiaan/franka_ros2_ws/install/franka_msgs/share/franka_msgs/srv/SetForceTorqueCollisionBehavior_Request.msg
[30.752s] -- Symlinking: /home/raiaan/franka_ros2_ws/install/franka_msgs/share/franka_msgs/srv/SetForceTorqueCollisionBehavior_Response.msg
[30.759s] -- Symlinking: /home/raiaan/franka_ros2_ws/install/franka_msgs/share/franka_msgs/srv/SetFullCollisionBehavior.srv
[30.765s] -- Symlinking: /home/raiaan/franka_ros2_ws/install/franka_msgs/share/franka_msgs/srv/SetFullCollisionBehavior_Request.msg
[30.772s] -- Symlinking: /home/raiaan/franka_ros2_ws/install/franka_msgs/share/franka_msgs/srv/SetFullCollisionBehavior_Response.msg
[30.779s] -- Symlinking: /home/raiaan/franka_ros2_ws/install/franka_msgs/share/franka_msgs/srv/SetJointStiffness.srv
[30.787s] -- Symlinking: /home/raiaan/franka_ros2_ws/install/franka_msgs/share/franka_msgs/srv/SetJointStiffness_Request.msg
[30.793s] -- Symlinking: /home/raiaan/franka_ros2_ws/install/franka_msgs/share/franka_msgs/srv/SetJointStiffness_Response.msg
[30.800s] -- Symlinking: /home/raiaan/franka_ros2_ws/install/franka_msgs/share/franka_msgs/srv/SetStiffnessFrame.srv
[30.807s] -- Symlinking: /home/raiaan/franka_ros2_ws/install/franka_msgs/share/franka_msgs/srv/SetStiffnessFrame_Request.msg
[30.813s] -- Symlinking: /home/raiaan/franka_ros2_ws/install/franka_msgs/share/franka_msgs/srv/SetStiffnessFrame_Response.msg
[30.820s] -- Symlinking: /home/raiaan/franka_ros2_ws/install/franka_msgs/share/franka_msgs/srv/SetLoad.srv
[30.826s] -- Symlinking: /home/raiaan/franka_ros2_ws/install/franka_msgs/share/franka_msgs/srv/SetLoad_Request.msg
[30.833s] -- Symlinking: /home/raiaan/franka_ros2_ws/install/franka_msgs/share/franka_msgs/srv/SetLoad_Response.msg
[30.840s] -- Symlinking: /home/raiaan/franka_ros2_ws/install/franka_msgs/share/ament_index/resource_index/package_run_dependencies/franka_msgs
[30.847s] -- Symlinking: /home/raiaan/franka_ros2_ws/install/franka_msgs/share/ament_index/resource_index/parent_prefix_path/franka_msgs
[30.854s] -- Symlinking: /home/raiaan/franka_ros2_ws/install/franka_msgs/share/franka_msgs/environment/ament_prefix_path.sh
[30.860s] -- Symlinking: /home/raiaan/franka_ros2_ws/install/franka_msgs/share/franka_msgs/environment/ament_prefix_path.dsv
[30.867s] -- Symlinking: /home/raiaan/franka_ros2_ws/install/franka_msgs/share/franka_msgs/environment/path.sh
[30.874s] -- Symlinking: /home/raiaan/franka_ros2_ws/install/franka_msgs/share/franka_msgs/environment/path.dsv
[30.880s] -- Symlinking: /home/raiaan/franka_ros2_ws/install/franka_msgs/share/franka_msgs/local_setup.bash
[30.886s] -- Symlinking: /home/raiaan/franka_ros2_ws/install/franka_msgs/share/franka_msgs/local_setup.sh
[30.892s] -- Symlinking: /home/raiaan/franka_ros2_ws/install/franka_msgs/share/franka_msgs/local_setup.zsh
[30.899s] -- Symlinking: /home/raiaan/franka_ros2_ws/install/franka_msgs/share/franka_msgs/local_setup.dsv
[30.906s] -- Symlinking: /home/raiaan/franka_ros2_ws/install/franka_msgs/share/franka_msgs/package.dsv
[30.912s] -- Symlinking: /home/raiaan/franka_ros2_ws/install/franka_msgs/share/ament_index/resource_index/packages/franka_msgs
[30.919s] -- Symlinking: /home/raiaan/franka_ros2_ws/install/franka_msgs/share/franka_msgs/cmake/rosidl_cmake-extras.cmake
[30.925s] -- Symlinking: /home/raiaan/franka_ros2_ws/install/franka_msgs/share/franka_msgs/cmake/ament_cmake_export_dependencies-extras.cmake
[30.932s] -- Symlinking: /home/raiaan/franka_ros2_ws/install/franka_msgs/share/franka_msgs/cmake/ament_cmake_export_include_directories-extras.cmake
[30.939s] -- Symlinking: /home/raiaan/franka_ros2_ws/install/franka_msgs/share/franka_msgs/cmake/ament_cmake_export_libraries-extras.cmake
[30.945s] -- Symlinking: /home/raiaan/franka_ros2_ws/install/franka_msgs/share/franka_msgs/cmake/ament_cmake_export_targets-extras.cmake
[30.952s] -- Symlinking: /home/raiaan/franka_ros2_ws/install/franka_msgs/share/franka_msgs/cmake/rosidl_cmake_export_typesupport_targets-extras.cmake
[30.958s] -- Symlinking: /home/raiaan/franka_ros2_ws/install/franka_msgs/share/franka_msgs/cmake/rosidl_cmake_export_typesupport_libraries-extras.cmake
[30.966s] -- Symlinking: /home/raiaan/franka_ros2_ws/install/franka_msgs/share/franka_msgs/cmake/franka_msgsConfig.cmake
[30.973s] -- Symlinking: /home/raiaan/franka_ros2_ws/install/franka_msgs/share/franka_msgs/cmake/franka_msgsConfig-version.cmake
[30.979s] -- Symlinking: /home/raiaan/franka_ros2_ws/install/franka_msgs/share/franka_msgs/package.xml
[30.986s] -- Installing: /home/raiaan/franka_ros2_ws/install/franka_msgs/lib/libfranka_msgs__rosidl_generator_c.so
[30.986s] -- Set runtime path of "/home/raiaan/franka_ros2_ws/install/franka_msgs/lib/libfranka_msgs__rosidl_generator_c.so" to ""
[30.988s] -- Installing: /home/raiaan/franka_ros2_ws/install/franka_msgs/lib/libfranka_msgs__rosidl_typesupport_fastrtps_c.so
[30.989s] -- Set runtime path of "/home/raiaan/franka_ros2_ws/install/franka_msgs/lib/libfranka_msgs__rosidl_typesupport_fastrtps_c.so" to ""
[30.990s] -- Installing: /home/raiaan/franka_ros2_ws/install/franka_msgs/lib/libfranka_msgs__rosidl_typesupport_introspection_c.so
[30.990s] -- Set runtime path of "/home/raiaan/franka_ros2_ws/install/franka_msgs/lib/libfranka_msgs__rosidl_typesupport_introspection_c.so" to ""
[30.990s] -- Installing: /home/raiaan/franka_ros2_ws/install/franka_msgs/lib/libfranka_msgs__rosidl_typesupport_c.so
[30.990s] -- Set runtime path of "/home/raiaan/franka_ros2_ws/install/franka_msgs/lib/libfranka_msgs__rosidl_typesupport_c.so" to ""
[30.990s] -- Installing: /home/raiaan/franka_ros2_ws/install/franka_msgs/lib/libfranka_msgs__rosidl_typesupport_fastrtps_cpp.so
[30.991s] -- Set runtime path of "/home/raiaan/franka_ros2_ws/install/franka_msgs/lib/libfranka_msgs__rosidl_typesupport_fastrtps_cpp.so" to ""
[30.991s] -- Installing: /home/raiaan/franka_ros2_ws/install/franka_msgs/lib/libfranka_msgs__rosidl_typesupport_introspection_cpp.so
[30.992s] -- Set runtime path of "/home/raiaan/franka_ros2_ws/install/franka_msgs/lib/libfranka_msgs__rosidl_typesupport_introspection_cpp.so" to ""
[30.992s] -- Installing: /home/raiaan/franka_ros2_ws/install/franka_msgs/lib/libfranka_msgs__rosidl_typesupport_cpp.so
[30.992s] -- Set runtime path of "/home/raiaan/franka_ros2_ws/install/franka_msgs/lib/libfranka_msgs__rosidl_typesupport_cpp.so" to ""
[31.061s] Listing '/home/raiaan/franka_ros2_ws/install/franka_msgs/local/lib/python3.10/dist-packages/franka_msgs'...
[31.061s] Compiling '/home/raiaan/franka_ros2_ws/install/franka_msgs/local/lib/python3.10/dist-packages/franka_msgs/__init__.py'...
[31.061s] Listing '/home/raiaan/franka_ros2_ws/install/franka_msgs/local/lib/python3.10/dist-packages/franka_msgs/action'...
[31.061s] Compiling '/home/raiaan/franka_ros2_ws/install/franka_msgs/local/lib/python3.10/dist-packages/franka_msgs/action/__init__.py'...
[31.061s] Compiling '/home/raiaan/franka_ros2_ws/install/franka_msgs/local/lib/python3.10/dist-packages/franka_msgs/action/_error_recovery.py'...
[31.062s] Compiling '/home/raiaan/franka_ros2_ws/install/franka_msgs/local/lib/python3.10/dist-packages/franka_msgs/action/_grasp.py'...
[31.062s] Compiling '/home/raiaan/franka_ros2_ws/install/franka_msgs/local/lib/python3.10/dist-packages/franka_msgs/action/_homing.py'...
[31.062s] Compiling '/home/raiaan/franka_ros2_ws/install/franka_msgs/local/lib/python3.10/dist-packages/franka_msgs/action/_move.py'...
[31.062s] Compiling '/home/raiaan/franka_ros2_ws/install/franka_msgs/local/lib/python3.10/dist-packages/franka_msgs/action/_ptp_motion.py'...
[31.062s] Listing '/home/raiaan/franka_ros2_ws/install/franka_msgs/local/lib/python3.10/dist-packages/franka_msgs/msg'...
[31.062s] Compiling '/home/raiaan/franka_ros2_ws/install/franka_msgs/local/lib/python3.10/dist-packages/franka_msgs/msg/__init__.py'...
[31.062s] Compiling '/home/raiaan/franka_ros2_ws/install/franka_msgs/local/lib/python3.10/dist-packages/franka_msgs/msg/_collision_indicators.py'...
[31.062s] Compiling '/home/raiaan/franka_ros2_ws/install/franka_msgs/local/lib/python3.10/dist-packages/franka_msgs/msg/_elbow.py'...
[31.062s] Compiling '/home/raiaan/franka_ros2_ws/install/franka_msgs/local/lib/python3.10/dist-packages/franka_msgs/msg/_errors.py'...
[31.062s] Compiling '/home/raiaan/franka_ros2_ws/install/franka_msgs/local/lib/python3.10/dist-packages/franka_msgs/msg/_franka_robot_state.py'...
[31.062s] Compiling '/home/raiaan/franka_ros2_ws/install/franka_msgs/local/lib/python3.10/dist-packages/franka_msgs/msg/_grasp_epsilon.py'...
[31.062s] Compiling '/home/raiaan/franka_ros2_ws/install/franka_msgs/local/lib/python3.10/dist-packages/franka_msgs/msg/_target_status.py'...
[31.062s] Listing '/home/raiaan/franka_ros2_ws/install/franka_msgs/local/lib/python3.10/dist-packages/franka_msgs/srv'...
[31.062s] Compiling '/home/raiaan/franka_ros2_ws/install/franka_msgs/local/lib/python3.10/dist-packages/franka_msgs/srv/__init__.py'...
[31.062s] Compiling '/home/raiaan/franka_ros2_ws/install/franka_msgs/local/lib/python3.10/dist-packages/franka_msgs/srv/_set_cartesian_stiffness.py'...
[31.062s] Compiling '/home/raiaan/franka_ros2_ws/install/franka_msgs/local/lib/python3.10/dist-packages/franka_msgs/srv/_set_force_torque_collision_behavior.py'...
[31.062s] Compiling '/home/raiaan/franka_ros2_ws/install/franka_msgs/local/lib/python3.10/dist-packages/franka_msgs/srv/_set_full_collision_behavior.py'...
[31.062s] Compiling '/home/raiaan/franka_ros2_ws/install/franka_msgs/local/lib/python3.10/dist-packages/franka_msgs/srv/_set_joint_stiffness.py'...
[31.062s] Compiling '/home/raiaan/franka_ros2_ws/install/franka_msgs/local/lib/python3.10/dist-packages/franka_msgs/srv/_set_load.py'...
[31.062s] Compiling '/home/raiaan/franka_ros2_ws/install/franka_msgs/local/lib/python3.10/dist-packages/franka_msgs/srv/_set_stiffness_frame.py'...
[31.062s] Compiling '/home/raiaan/franka_ros2_ws/install/franka_msgs/local/lib/python3.10/dist-packages/franka_msgs/srv/_set_tcp_frame.py'...
[31.065s] -- Installing: /home/raiaan/franka_ros2_ws/install/franka_msgs/lib/libfranka_msgs__rosidl_generator_py.so
[31.066s] -- Set runtime path of "/home/raiaan/franka_ros2_ws/install/franka_msgs/lib/libfranka_msgs__rosidl_generator_py.so" to ""
[31.066s] -- Installing: /home/raiaan/franka_ros2_ws/install/franka_msgs/share/franka_msgs/cmake/export_franka_msgs__rosidl_generator_cExport.cmake
[31.066s] -- Installing: /home/raiaan/franka_ros2_ws/install/franka_msgs/share/franka_msgs/cmake/export_franka_msgs__rosidl_generator_cExport-noconfig.cmake
[31.066s] -- Installing: /home/raiaan/franka_ros2_ws/install/franka_msgs/share/franka_msgs/cmake/export_franka_msgs__rosidl_typesupport_fastrtps_cExport.cmake
[31.066s] -- Installing: /home/raiaan/franka_ros2_ws/install/franka_msgs/share/franka_msgs/cmake/export_franka_msgs__rosidl_typesupport_fastrtps_cExport-noconfig.cmake
[31.066s] -- Installing: /home/raiaan/franka_ros2_ws/install/franka_msgs/share/franka_msgs/cmake/franka_msgs__rosidl_typesupport_introspection_cExport.cmake
[31.066s] -- Installing: /home/raiaan/franka_ros2_ws/install/franka_msgs/share/franka_msgs/cmake/franka_msgs__rosidl_typesupport_introspection_cExport-noconfig.cmake
[31.067s] -- Installing: /home/raiaan/franka_ros2_ws/install/franka_msgs/share/franka_msgs/cmake/franka_msgs__rosidl_typesupport_cExport.cmake
[31.067s] -- Installing: /home/raiaan/franka_ros2_ws/install/franka_msgs/share/franka_msgs/cmake/franka_msgs__rosidl_typesupport_cExport-noconfig.cmake
[31.067s] -- Installing: /home/raiaan/franka_ros2_ws/install/franka_msgs/share/franka_msgs/cmake/export_franka_msgs__rosidl_generator_cppExport.cmake
[31.067s] -- Installing: /home/raiaan/franka_ros2_ws/install/franka_msgs/share/franka_msgs/cmake/export_franka_msgs__rosidl_typesupport_fastrtps_cppExport.cmake
[31.067s] -- Installing: /home/raiaan/franka_ros2_ws/install/franka_msgs/share/franka_msgs/cmake/export_franka_msgs__rosidl_typesupport_fastrtps_cppExport-noconfig.cmake
[31.067s] -- Installing: /home/raiaan/franka_ros2_ws/install/franka_msgs/share/franka_msgs/cmake/franka_msgs__rosidl_typesupport_introspection_cppExport.cmake
[31.068s] -- Installing: /home/raiaan/franka_ros2_ws/install/franka_msgs/share/franka_msgs/cmake/franka_msgs__rosidl_typesupport_introspection_cppExport-noconfig.cmake
[31.068s] -- Installing: /home/raiaan/franka_ros2_ws/install/franka_msgs/share/franka_msgs/cmake/franka_msgs__rosidl_typesupport_cppExport.cmake
[31.068s] -- Installing: /home/raiaan/franka_ros2_ws/install/franka_msgs/share/franka_msgs/cmake/franka_msgs__rosidl_typesupport_cppExport-noconfig.cmake
[31.068s] -- Installing: /home/raiaan/franka_ros2_ws/install/franka_msgs/share/franka_msgs/cmake/export_franka_msgs__rosidl_generator_pyExport.cmake
[31.068s] -- Installing: /home/raiaan/franka_ros2_ws/install/franka_msgs/share/franka_msgs/cmake/export_franka_msgs__rosidl_generator_pyExport-noconfig.cmake
[31.070s] Invoked command in '/home/raiaan/franka_ros2_ws/build/franka_msgs' returned '0': CMAKE_PREFIX_PATH=/opt/ros/humble /usr/bin/cmake --install /home/raiaan/franka_ros2_ws/build/franka_msgs
