[0.007s] Invoking command in '/home/raiaan/franka_ros2_ws/build/franka_pick_place': CMAKE_PREFIX_PATH=${CMAKE_PREFIX_PATH}:/opt/ros/humble /usr/bin/cmake /home/raiaan/franka_ros2_ws/src/franka_pick_place -DAMENT_CMAKE_SYMLINK_INSTALL=1 -DCMAKE_INSTALL_PREFIX=/home/raiaan/franka_ros2_ws/install/franka_pick_place
[0.584s] -- The C compiler identification is GNU 11.4.0
[3.163s] -- The CXX compiler identification is GNU 11.4.0
[5.055s] -- Detecting C compiler ABI info
[5.544s] -- Detecting C compiler ABI info - done
[5.549s] -- Check for working C compiler: /usr/bin/cc - skipped
[5.550s] -- Detecting C compile features
[5.551s] -- Detecting C compile features - done
[5.554s] -- Detecting CXX compiler ABI info
[6.084s] -- Detecting CXX compiler ABI info - done
[6.089s] -- Check for working CXX compiler: /usr/bin/c++ - skipped
[6.089s] -- Detecting CXX compile features
[6.090s] -- Detecting CXX compile features - done
[6.106s] -- Found ament_cmake: 1.3.12 (/opt/ros/humble/share/ament_cmake/cmake)
[6.238s] -- Found Python3: /usr/bin/python3 (found version "3.10.12") found components: Interpreter 
[6.293s] -- Override CMake install command with custom implementation using symlinks instead of copying resources
[6.333s] -- Found rclcpp: 16.0.17 (/opt/ros/humble/share/rclcpp/cmake)
[7.045s] -- Found rosidl_generator_c: 3.1.8 (/opt/ros/humble/share/rosidl_generator_c/cmake)
[7.057s] -- Found rosidl_adapter: 3.1.8 (/opt/ros/humble/share/rosidl_adapter/cmake)
[7.071s] -- Found rosidl_generator_cpp: 3.1.8 (/opt/ros/humble/share/rosidl_generator_cpp/cmake)
[7.089s] -- Using all available rosidl_typesupport_c: rosidl_typesupport_fastrtps_c;rosidl_typesupport_introspection_c
[7.117s] -- Using all available rosidl_typesupport_cpp: rosidl_typesupport_fastrtps_cpp;rosidl_typesupport_introspection_cpp
[7.186s] -- Found rmw_implementation_cmake: 6.1.2 (/opt/ros/humble/share/rmw_implementation_cmake/cmake)
[7.191s] -- Found rmw_fastrtps_cpp: 6.2.9 (/opt/ros/humble/share/rmw_fastrtps_cpp/cmake)
[12.825s] -- Found OpenSSL: /usr/lib/x86_64-linux-gnu/libcrypto.so (found version "3.0.2")  
[19.500s] -- Found FastRTPS: /opt/ros/humble/include  
[33.055s] -- Using RMW implementation 'rmw_fastrtps_cpp' as default
[33.068s] -- Looking for pthread.h
[33.559s] -- Looking for pthread.h - found
[33.559s] -- Performing Test CMAKE_HAVE_LIBC_PTHREAD
[34.064s] -- Performing Test CMAKE_HAVE_LIBC_PTHREAD - Success
[34.065s] -- Found Threads: TRUE  
[34.121s] -- Found moveit_task_constructor_core: 0.1.3 (/opt/ros/humble/share/moveit_task_constructor_core/cmake)
[34.188s] -- Found Boost: /usr/lib/x86_64-linux-gnu/cmake/Boost-1.74.0/BoostConfig.cmake (found version "1.74.0") found components: chrono date_time filesystem iostreams program_options regex serialization system thread 
[42.178s] -- Found parameter_traits: 0.6.0 (/opt/ros/humble/share/parameter_traits/cmake)
[42.201s] -- Found rclcpp_lifecycle: 16.0.17 (/opt/ros/humble/share/rclcpp_lifecycle/cmake)
[42.239s] -- Found Boost: /usr/lib/x86_64-linux-gnu/cmake/Boost-1.74.0/BoostConfig.cmake (found version "1.74.0") found components: filesystem 
[49.561s] -- library: /usr/lib/x86_64-linux-gnu/libcurl.so
[49.926s] -- Found Eigen3: TRUE (found version "3.4.0") 
[49.926s] -- Ensuring Eigen3 include directory is part of orocos-kdl CMake target
[57.579s] -- Found Boost: /usr/lib/x86_64-linux-gnu/cmake/Boost-1.74.0/BoostConfig.cmake (found version "1.74.0") found components: system filesystem date_time program_options thread chrono 
[57.625s] -- Found Boost: /usr/lib/x86_64-linux-gnu/cmake/Boost-1.74.0/BoostConfig.cmake (found version "1.74.0") found components: date_time filesystem program_options system thread 
[57.648s] -- Found Boost: /usr/lib/x86_64-linux-gnu/cmake/Boost-1.74.0/BoostConfig.cmake (found version "1.74.0") found components: thread system filesystem regex date_time program_options 
[57.683s] -- Found Boost: /usr/lib/x86_64-linux-gnu/cmake/Boost-1.74.0/BoostConfig.cmake (found version "1.74.0") found components: system filesystem date_time program_options thread 
[57.785s] -- Found ament_lint_auto: 0.12.14 (/opt/ros/humble/share/ament_lint_auto/cmake)
[57.892s] -- Added test 'lint_cmake' to check CMake code style
[57.894s] -- Added test 'xmllint' to check XML markup files
[57.897s] -- Configuring done
[57.906s] -- Generating done
[57.910s] -- Build files have been written to: /home/raiaan/franka_ros2_ws/build/franka_pick_place
[57.925s] Invoked command in '/home/raiaan/franka_ros2_ws/build/franka_pick_place' returned '0': CMAKE_PREFIX_PATH=${CMAKE_PREFIX_PATH}:/opt/ros/humble /usr/bin/cmake /home/raiaan/franka_ros2_ws/src/franka_pick_place -DAMENT_CMAKE_SYMLINK_INSTALL=1 -DCMAKE_INSTALL_PREFIX=/home/raiaan/franka_ros2_ws/install/franka_pick_place
[57.927s] Invoking command in '/home/raiaan/franka_ros2_ws/build/franka_pick_place': CMAKE_PREFIX_PATH=${CMAKE_PREFIX_PATH}:/opt/ros/humble /usr/bin/cmake --build /home/raiaan/franka_ros2_ws/build/franka_pick_place -- -j6 -l6
[57.980s] Invoked command in '/home/raiaan/franka_ros2_ws/build/franka_pick_place' returned '0': CMAKE_PREFIX_PATH=${CMAKE_PREFIX_PATH}:/opt/ros/humble /usr/bin/cmake --build /home/raiaan/franka_ros2_ws/build/franka_pick_place -- -j6 -l6
[57.982s] Invoking command in '/home/raiaan/franka_ros2_ws/build/franka_pick_place': CMAKE_PREFIX_PATH=${CMAKE_PREFIX_PATH}:/opt/ros/humble /usr/bin/cmake --install /home/raiaan/franka_ros2_ws/build/franka_pick_place
[57.990s] -- Install configuration: ""
[57.990s] -- Execute custom install script
[57.992s] -- Symlinking: /home/raiaan/franka_ros2_ws/install/franka_pick_place/share/ament_index/resource_index/package_run_dependencies/franka_pick_place
[58.003s] -- Symlinking: /home/raiaan/franka_ros2_ws/install/franka_pick_place/share/ament_index/resource_index/parent_prefix_path/franka_pick_place
[58.014s] -- Symlinking: /home/raiaan/franka_ros2_ws/install/franka_pick_place/share/franka_pick_place/environment/ament_prefix_path.sh
[58.024s] -- Symlinking: /home/raiaan/franka_ros2_ws/install/franka_pick_place/share/franka_pick_place/environment/ament_prefix_path.dsv
[58.033s] -- Symlinking: /home/raiaan/franka_ros2_ws/install/franka_pick_place/share/franka_pick_place/environment/path.sh
[58.044s] -- Symlinking: /home/raiaan/franka_ros2_ws/install/franka_pick_place/share/franka_pick_place/environment/path.dsv
[58.053s] -- Symlinking: /home/raiaan/franka_ros2_ws/install/franka_pick_place/share/franka_pick_place/local_setup.bash
[58.063s] -- Symlinking: /home/raiaan/franka_ros2_ws/install/franka_pick_place/share/franka_pick_place/local_setup.sh
[58.073s] -- Symlinking: /home/raiaan/franka_ros2_ws/install/franka_pick_place/share/franka_pick_place/local_setup.zsh
[58.082s] -- Symlinking: /home/raiaan/franka_ros2_ws/install/franka_pick_place/share/franka_pick_place/local_setup.dsv
[58.091s] -- Symlinking: /home/raiaan/franka_ros2_ws/install/franka_pick_place/share/franka_pick_place/package.dsv
[58.102s] -- Symlinking: /home/raiaan/franka_ros2_ws/install/franka_pick_place/share/ament_index/resource_index/packages/franka_pick_place
[58.112s] -- Symlinking: /home/raiaan/franka_ros2_ws/install/franka_pick_place/share/franka_pick_place/cmake/franka_pick_placeConfig.cmake
[58.122s] -- Symlinking: /home/raiaan/franka_ros2_ws/install/franka_pick_place/share/franka_pick_place/cmake/franka_pick_placeConfig-version.cmake
[58.131s] -- Symlinking: /home/raiaan/franka_ros2_ws/install/franka_pick_place/share/franka_pick_place/package.xml
[58.144s] Invoked command in '/home/raiaan/franka_ros2_ws/build/franka_pick_place' returned '0': CMAKE_PREFIX_PATH=${CMAKE_PREFIX_PATH}:/opt/ros/humble /usr/bin/cmake --install /home/raiaan/franka_ros2_ws/build/franka_pick_place
