[0.011s] Invoking command in '/home/raiaan/franka_ros2_ws/build/franka_pick_place': CMAKE_PREFIX_PATH=${CMAKE_PREFIX_PATH}:/opt/ros/humble /usr/bin/cmake --build /home/raiaan/franka_ros2_ws/build/franka_pick_place -- -j6 -l6
[0.058s] Invoked command in '/home/raiaan/franka_ros2_ws/build/franka_pick_place' returned '0': CMAKE_PREFIX_PATH=${CMAKE_PREFIX_PATH}:/opt/ros/humble /usr/bin/cmake --build /home/raiaan/franka_ros2_ws/build/franka_pick_place -- -j6 -l6
[0.061s] Invoking command in '/home/raiaan/franka_ros2_ws/build/franka_pick_place': CMAKE_PREFIX_PATH=${CMAKE_PREFIX_PATH}:/opt/ros/humble /usr/bin/cmake --install /home/raiaan/franka_ros2_ws/build/franka_pick_place
[0.068s] -- Install configuration: ""
[0.069s] -- Execute custom install script
[0.069s] -- Up-to-date symlink: /home/raiaan/franka_ros2_ws/install/franka_pick_place/share/ament_index/resource_index/package_run_dependencies/franka_pick_place
[0.069s] -- Up-to-date symlink: /home/raiaan/franka_ros2_ws/install/franka_pick_place/share/ament_index/resource_index/parent_prefix_path/franka_pick_place
[0.069s] -- Up-to-date symlink: /home/raiaan/franka_ros2_ws/install/franka_pick_place/share/franka_pick_place/environment/ament_prefix_path.sh
[0.070s] -- Up-to-date symlink: /home/raiaan/franka_ros2_ws/install/franka_pick_place/share/franka_pick_place/environment/ament_prefix_path.dsv
[0.070s] -- Up-to-date symlink: /home/raiaan/franka_ros2_ws/install/franka_pick_place/share/franka_pick_place/environment/path.sh
[0.070s] -- Up-to-date symlink: /home/raiaan/franka_ros2_ws/install/franka_pick_place/share/franka_pick_place/environment/path.dsv
[0.071s] -- Up-to-date symlink: /home/raiaan/franka_ros2_ws/install/franka_pick_place/share/franka_pick_place/local_setup.bash
[0.071s] -- Up-to-date symlink: /home/raiaan/franka_ros2_ws/install/franka_pick_place/share/franka_pick_place/local_setup.sh
[0.071s] -- Up-to-date symlink: /home/raiaan/franka_ros2_ws/install/franka_pick_place/share/franka_pick_place/local_setup.zsh
[0.071s] -- Up-to-date symlink: /home/raiaan/franka_ros2_ws/install/franka_pick_place/share/franka_pick_place/local_setup.dsv
[0.071s] -- Symlinking: /home/raiaan/franka_ros2_ws/install/franka_pick_place/share/franka_pick_place/package.dsv
[0.081s] -- Up-to-date symlink: /home/raiaan/franka_ros2_ws/install/franka_pick_place/share/ament_index/resource_index/packages/franka_pick_place
[0.081s] -- Up-to-date symlink: /home/raiaan/franka_ros2_ws/install/franka_pick_place/share/franka_pick_place/cmake/franka_pick_placeConfig.cmake
[0.082s] -- Up-to-date symlink: /home/raiaan/franka_ros2_ws/install/franka_pick_place/share/franka_pick_place/cmake/franka_pick_placeConfig-version.cmake
[0.082s] -- Up-to-date symlink: /home/raiaan/franka_ros2_ws/install/franka_pick_place/share/franka_pick_place/package.xml
[0.084s] Invoked command in '/home/raiaan/franka_ros2_ws/build/franka_pick_place' returned '0': CMAKE_PREFIX_PATH=${CMAKE_PREFIX_PATH}:/opt/ros/humble /usr/bin/cmake --install /home/raiaan/franka_ros2_ws/build/franka_pick_place
