-- Install configuration: ""
-- Execute custom install script
-- Up-to-date symlink: /home/raiaan/franka_ros2_ws/install/franka_gazebo_bringup/share/franka_gazebo_bringup/launch/gazebo_joint_impedance_controller_example.launch.py
-- Up-to-date symlink: /home/raiaan/franka_ros2_ws/install/franka_gazebo_bringup/share/franka_gazebo_bringup/launch/gazebo_joint_position_controller_example.launch.py
-- Up-to-date symlink: /home/raiaan/franka_ros2_ws/install/franka_gazebo_bringup/share/franka_gazebo_bringup/launch/gazebo_joint_velocity_controller_example.launch.py
-- Up-to-date symlink: /home/raiaan/franka_ros2_ws/install/franka_gazebo_bringup/share/franka_gazebo_bringup/launch/visualize_franka_robot.launch.py
-- Up-to-date symlink: /home/raiaan/franka_ros2_ws/install/franka_gazebo_bringup/share/franka_gazebo_bringup/config/franka_gazebo_controllers.yaml
-- Up-to-date symlink: /home/raiaan/franka_ros2_ws/install/franka_gazebo_bringup/share/ament_index/resource_index/package_run_dependencies/franka_gazebo_bringup
-- Up-to-date symlink: /home/raiaan/franka_ros2_ws/install/franka_gazebo_bringup/share/ament_index/resource_index/parent_prefix_path/franka_gazebo_bringup
-- Up-to-date symlink: /home/raiaan/franka_ros2_ws/install/franka_gazebo_bringup/share/franka_gazebo_bringup/environment/ament_prefix_path.sh
-- Up-to-date symlink: /home/raiaan/franka_ros2_ws/install/franka_gazebo_bringup/share/franka_gazebo_bringup/environment/ament_prefix_path.dsv
-- Up-to-date symlink: /home/raiaan/franka_ros2_ws/install/franka_gazebo_bringup/share/franka_gazebo_bringup/environment/path.sh
-- Up-to-date symlink: /home/raiaan/franka_ros2_ws/install/franka_gazebo_bringup/share/franka_gazebo_bringup/environment/path.dsv
-- Up-to-date symlink: /home/raiaan/franka_ros2_ws/install/franka_gazebo_bringup/share/franka_gazebo_bringup/local_setup.bash
-- Up-to-date symlink: /home/raiaan/franka_ros2_ws/install/franka_gazebo_bringup/share/franka_gazebo_bringup/local_setup.sh
-- Up-to-date symlink: /home/raiaan/franka_ros2_ws/install/franka_gazebo_bringup/share/franka_gazebo_bringup/local_setup.zsh
-- Up-to-date symlink: /home/raiaan/franka_ros2_ws/install/franka_gazebo_bringup/share/franka_gazebo_bringup/local_setup.dsv
-- Symlinking: /home/raiaan/franka_ros2_ws/install/franka_gazebo_bringup/share/franka_gazebo_bringup/package.dsv
-- Up-to-date symlink: /home/raiaan/franka_ros2_ws/install/franka_gazebo_bringup/share/ament_index/resource_index/packages/franka_gazebo_bringup
-- Up-to-date symlink: /home/raiaan/franka_ros2_ws/install/franka_gazebo_bringup/share/franka_gazebo_bringup/cmake/franka_gazebo_bringupConfig.cmake
-- Up-to-date symlink: /home/raiaan/franka_ros2_ws/install/franka_gazebo_bringup/share/franka_gazebo_bringup/cmake/franka_gazebo_bringupConfig-version.cmake
-- Up-to-date symlink: /home/raiaan/franka_ros2_ws/install/franka_gazebo_bringup/share/franka_gazebo_bringup/package.xml
