[1.484s] Invoking command in '/home/raiaan/franka_ros2_ws/build/franka_gripper': CMAKE_PREFIX_PATH=/home/raiaan/franka_ros2_ws/install/libfranka:/home/raiaan/franka_ros2_ws/install/franka_msgs:/home/raiaan/franka_ros2_ws/install/franka_ros2:/home/raiaan/franka_ros2_ws/install/franka_bringup:/home/raiaan/franka_ros2_ws/install/franka_robot_state_broadcaster:/home/raiaan/franka_ros2_ws/install/franka_mobile_example_controllers:/home/raiaan/franka_ros2_ws/install/franka_example_controllers:/home/raiaan/franka_ros2_ws/install/franka_semantic_components:/home/raiaan/franka_ros2_ws/install/franka_gazebo_bringup:/home/raiaan/franka_ros2_ws/install/franka_ign_ros2_control:/home/raiaan/franka_ros2_ws/install/franka_fr3_moveit_config:/home/raiaan/franka_ros2_ws/install/franka_hardware:/home/raiaan/franka_ros2_ws/install/franka_gripper:/home/raiaan/franka_ros2_ws/install/integration_launch_testing:/home/raiaan/franka_ros2_ws/install/franka_description:/opt/ros/humble LD_LIBRARY_PATH=/home/raiaan/franka_ros2_ws/install/libfranka/lib:/home/raiaan/franka_ros2_ws/install/franka_msgs/lib:/home/raiaan/franka_ros2_ws/install/franka_robot_state_broadcaster/lib:/home/raiaan/franka_ros2_ws/install/franka_mobile_example_controllers/lib:/home/raiaan/franka_ros2_ws/install/franka_example_controllers/lib:/home/raiaan/franka_ros2_ws/install/franka_semantic_components/lib:/home/raiaan/franka_ros2_ws/install/franka_ign_ros2_control/lib:/home/raiaan/franka_ros2_ws/install/franka_hardware/lib:/home/raiaan/franka_ros2_ws/install/franka_gripper/lib:/home/raiaan/franka_ros2_ws/install/integration_launch_testing/lib:/opt/ros/humble/opt/rviz_ogre_vendor/lib:/opt/ros/humble/lib/x86_64-linux-gnu:/opt/ros/humble/lib /usr/bin/cmake --build /home/raiaan/franka_ros2_ws/build/franka_gripper -- -j6 -l6
[1.515s] -- Found ament_cmake: 1.3.12 (/opt/ros/humble/share/ament_cmake/cmake)
[1.632s] -- Override CMake install command with custom implementation using symlinks instead of copying resources
[1.642s] -- Found franka_msgs: 2.2.0 (/home/raiaan/franka_ros2_ws/install/franka_msgs/share/franka_msgs/cmake)
[2.243s] -- Found rosidl_generator_c: 3.1.8 (/opt/ros/humble/share/rosidl_generator_c/cmake)
[2.246s] -- Found rosidl_adapter: 3.1.8 (/opt/ros/humble/share/rosidl_adapter/cmake)
[2.254s] -- Found rosidl_generator_cpp: 3.1.8 (/opt/ros/humble/share/rosidl_generator_cpp/cmake)
[2.270s] -- Using all available rosidl_typesupport_c: rosidl_typesupport_fastrtps_c;rosidl_typesupport_introspection_c
[2.288s] -- Using all available rosidl_typesupport_cpp: rosidl_typesupport_fastrtps_cpp;rosidl_typesupport_introspection_cpp
[2.370s] -- Found rclcpp: 16.0.17 (/opt/ros/humble/share/rclcpp/cmake)
[2.392s] -- Found rmw_implementation_cmake: 6.1.2 (/opt/ros/humble/share/rmw_implementation_cmake/cmake)
[2.394s] -- Found rmw_fastrtps_cpp: 6.2.9 (/opt/ros/humble/share/rmw_fastrtps_cpp/cmake)
[33.300s] -- Using RMW implementation 'rmw_fastrtps_cpp' as default
[33.341s] -- Found rclcpp_action: 16.0.17 (/opt/ros/humble/share/rclcpp_action/cmake)
[33.350s] -- Found rclcpp_components: 16.0.17 (/opt/ros/humble/share/rclcpp_components/cmake)
[33.371s] -- Found std_srvs: 4.9.0 (/opt/ros/humble/share/std_srvs/cmake)
[33.391s] -- Found control_msgs: 4.8.0 (/opt/ros/humble/share/control_msgs/cmake)
[33.520s] -- Found ament_cmake_clang_format: 0.12.14 (/opt/ros/humble/share/ament_cmake_clang_format/cmake)
[33.520s] -- Found ament_cmake_copyright: 0.12.14 (/opt/ros/humble/share/ament_cmake_copyright/cmake)
[33.521s] -- Found ament_cmake_cppcheck: 0.12.14 (/opt/ros/humble/share/ament_cmake_cppcheck/cmake)
[33.522s] -- Found ament_cmake_flake8: 0.12.14 (/opt/ros/humble/share/ament_cmake_flake8/cmake)
[33.522s] -- Found ament_cmake_lint_cmake: 0.12.14 (/opt/ros/humble/share/ament_cmake_lint_cmake/cmake)
[33.523s] -- Found ament_cmake_pep257: 0.12.14 (/opt/ros/humble/share/ament_cmake_pep257/cmake)
[33.523s] -- Found ament_cmake_xmllint: 0.12.14 (/opt/ros/humble/share/ament_cmake_xmllint/cmake)
[33.605s] -- Configuring done
[33.640s] -- Generating done
[33.651s] -- Build files have been written to: /home/raiaan/franka_ros2_ws/build/franka_gripper
[33.690s] [35m[1mConsolidate compiler generated dependencies of target gripper_server[0m
[33.690s] [35m[1mConsolidate compiler generated dependencies of target franka_gripper_node[0m
[33.709s] [ 50%] Built target franka_gripper_node
[33.711s] [ 50%] Built target ament_cmake_python_symlink_franka_gripper
[33.711s] [ 75%] [32m[1mLinking CXX shared library libgripper_server.so[0m
[34.031s] running egg_info
[34.036s] writing franka_gripper.egg-info/PKG-INFO
[34.037s] writing dependency_links to franka_gripper.egg-info/dependency_links.txt
[34.038s] writing top-level names to franka_gripper.egg-info/top_level.txt
[34.045s] reading manifest file 'franka_gripper.egg-info/SOURCES.txt'
[34.048s] writing manifest file 'franka_gripper.egg-info/SOURCES.txt'
[34.104s] [ 75%] Built target ament_cmake_python_build_franka_gripper_egg
[34.842s] [100%] Built target gripper_server
[34.857s] Invoked command in '/home/raiaan/franka_ros2_ws/build/franka_gripper' returned '0': CMAKE_PREFIX_PATH=/home/raiaan/franka_ros2_ws/install/libfranka:/home/raiaan/franka_ros2_ws/install/franka_msgs:/home/raiaan/franka_ros2_ws/install/franka_ros2:/home/raiaan/franka_ros2_ws/install/franka_bringup:/home/raiaan/franka_ros2_ws/install/franka_robot_state_broadcaster:/home/raiaan/franka_ros2_ws/install/franka_mobile_example_controllers:/home/raiaan/franka_ros2_ws/install/franka_example_controllers:/home/raiaan/franka_ros2_ws/install/franka_semantic_components:/home/raiaan/franka_ros2_ws/install/franka_gazebo_bringup:/home/raiaan/franka_ros2_ws/install/franka_ign_ros2_control:/home/raiaan/franka_ros2_ws/install/franka_fr3_moveit_config:/home/raiaan/franka_ros2_ws/install/franka_hardware:/home/raiaan/franka_ros2_ws/install/franka_gripper:/home/raiaan/franka_ros2_ws/install/integration_launch_testing:/home/raiaan/franka_ros2_ws/install/franka_description:/opt/ros/humble LD_LIBRARY_PATH=/home/raiaan/franka_ros2_ws/install/libfranka/lib:/home/raiaan/franka_ros2_ws/install/franka_msgs/lib:/home/raiaan/franka_ros2_ws/install/franka_robot_state_broadcaster/lib:/home/raiaan/franka_ros2_ws/install/franka_mobile_example_controllers/lib:/home/raiaan/franka_ros2_ws/install/franka_example_controllers/lib:/home/raiaan/franka_ros2_ws/install/franka_semantic_components/lib:/home/raiaan/franka_ros2_ws/install/franka_ign_ros2_control/lib:/home/raiaan/franka_ros2_ws/install/franka_hardware/lib:/home/raiaan/franka_ros2_ws/install/franka_gripper/lib:/home/raiaan/franka_ros2_ws/install/integration_launch_testing/lib:/opt/ros/humble/opt/rviz_ogre_vendor/lib:/opt/ros/humble/lib/x86_64-linux-gnu:/opt/ros/humble/lib /usr/bin/cmake --build /home/raiaan/franka_ros2_ws/build/franka_gripper -- -j6 -l6
[34.865s] Invoking command in '/home/raiaan/franka_ros2_ws/build/franka_gripper': CMAKE_PREFIX_PATH=/home/raiaan/franka_ros2_ws/install/libfranka:/home/raiaan/franka_ros2_ws/install/franka_msgs:/home/raiaan/franka_ros2_ws/install/franka_ros2:/home/raiaan/franka_ros2_ws/install/franka_bringup:/home/raiaan/franka_ros2_ws/install/franka_robot_state_broadcaster:/home/raiaan/franka_ros2_ws/install/franka_mobile_example_controllers:/home/raiaan/franka_ros2_ws/install/franka_example_controllers:/home/raiaan/franka_ros2_ws/install/franka_semantic_components:/home/raiaan/franka_ros2_ws/install/franka_gazebo_bringup:/home/raiaan/franka_ros2_ws/install/franka_ign_ros2_control:/home/raiaan/franka_ros2_ws/install/franka_fr3_moveit_config:/home/raiaan/franka_ros2_ws/install/franka_hardware:/home/raiaan/franka_ros2_ws/install/franka_gripper:/home/raiaan/franka_ros2_ws/install/integration_launch_testing:/home/raiaan/franka_ros2_ws/install/franka_description:/opt/ros/humble LD_LIBRARY_PATH=/home/raiaan/franka_ros2_ws/install/libfranka/lib:/home/raiaan/franka_ros2_ws/install/franka_msgs/lib:/home/raiaan/franka_ros2_ws/install/franka_robot_state_broadcaster/lib:/home/raiaan/franka_ros2_ws/install/franka_mobile_example_controllers/lib:/home/raiaan/franka_ros2_ws/install/franka_example_controllers/lib:/home/raiaan/franka_ros2_ws/install/franka_semantic_components/lib:/home/raiaan/franka_ros2_ws/install/franka_ign_ros2_control/lib:/home/raiaan/franka_ros2_ws/install/franka_hardware/lib:/home/raiaan/franka_ros2_ws/install/franka_gripper/lib:/home/raiaan/franka_ros2_ws/install/integration_launch_testing/lib:/opt/ros/humble/opt/rviz_ogre_vendor/lib:/opt/ros/humble/lib/x86_64-linux-gnu:/opt/ros/humble/lib /usr/bin/cmake --install /home/raiaan/franka_ros2_ws/build/franka_gripper
[34.872s] -- Install configuration: ""
[34.874s] -- Execute custom install script
[34.875s] -- Up-to-date symlink: /home/raiaan/franka_ros2_ws/install/franka_gripper/lib/franka_gripper/franka_gripper_node
[34.876s] -- Up-to-date symlink: /home/raiaan/franka_ros2_ws/install/franka_gripper/lib/libgripper_server.so
[34.879s] -- Up-to-date symlink: /home/raiaan/franka_ros2_ws/install/franka_gripper/share/franka_gripper//launch/gripper.launch.py
[34.881s] -- Up-to-date symlink: /home/raiaan/franka_ros2_ws/install/franka_gripper/share/franka_gripper//config/franka_gripper_node.yaml
[34.882s] -- Up-to-date symlink: /home/raiaan/franka_ros2_ws/install/franka_gripper/share/franka_gripper/environment/pythonpath.sh
[34.883s] -- Up-to-date symlink: /home/raiaan/franka_ros2_ws/install/franka_gripper/share/franka_gripper/environment/pythonpath.dsv
[34.884s] -- Up-to-date symlink: /home/raiaan/franka_ros2_ws/install/franka_gripper/local/lib/python3.10/dist-packages/franka_gripper-2.2.0-py3.10.egg-info/PKG-INFO
[34.885s] -- Up-to-date symlink: /home/raiaan/franka_ros2_ws/install/franka_gripper/local/lib/python3.10/dist-packages/franka_gripper-2.2.0-py3.10.egg-info/SOURCES.txt
[34.886s] -- Up-to-date symlink: /home/raiaan/franka_ros2_ws/install/franka_gripper/local/lib/python3.10/dist-packages/franka_gripper-2.2.0-py3.10.egg-info/dependency_links.txt
[34.888s] -- Up-to-date symlink: /home/raiaan/franka_ros2_ws/install/franka_gripper/local/lib/python3.10/dist-packages/franka_gripper-2.2.0-py3.10.egg-info/top_level.txt
[34.889s] -- Up-to-date symlink: /home/raiaan/franka_ros2_ws/install/franka_gripper/local/lib/python3.10/dist-packages/franka_gripper/__init__.py
[34.890s] -- Up-to-date symlink: /home/raiaan/franka_ros2_ws/install/franka_gripper/lib/franka_gripper/fake_gripper_state_publisher.py
[34.890s] -- Up-to-date symlink: /home/raiaan/franka_ros2_ws/install/franka_gripper/share/ament_index/resource_index/package_run_dependencies/franka_gripper
[34.891s] -- Up-to-date symlink: /home/raiaan/franka_ros2_ws/install/franka_gripper/share/ament_index/resource_index/parent_prefix_path/franka_gripper
[34.892s] -- Up-to-date symlink: /home/raiaan/franka_ros2_ws/install/franka_gripper/share/franka_gripper/environment/ament_prefix_path.sh
[34.893s] -- Up-to-date symlink: /home/raiaan/franka_ros2_ws/install/franka_gripper/share/franka_gripper/environment/ament_prefix_path.dsv
[34.894s] -- Up-to-date symlink: /home/raiaan/franka_ros2_ws/install/franka_gripper/share/franka_gripper/environment/path.sh
[34.896s] -- Up-to-date symlink: /home/raiaan/franka_ros2_ws/install/franka_gripper/share/franka_gripper/environment/path.dsv
[34.897s] -- Up-to-date symlink: /home/raiaan/franka_ros2_ws/install/franka_gripper/share/franka_gripper/local_setup.bash
[34.899s] -- Up-to-date symlink: /home/raiaan/franka_ros2_ws/install/franka_gripper/share/franka_gripper/local_setup.sh
[34.899s] -- Up-to-date symlink: /home/raiaan/franka_ros2_ws/install/franka_gripper/share/franka_gripper/local_setup.zsh
[34.900s] -- Up-to-date symlink: /home/raiaan/franka_ros2_ws/install/franka_gripper/share/franka_gripper/local_setup.dsv
[34.900s] -- Symlinking: /home/raiaan/franka_ros2_ws/install/franka_gripper/share/franka_gripper/package.dsv
[34.912s] -- Up-to-date symlink: /home/raiaan/franka_ros2_ws/install/franka_gripper/share/ament_index/resource_index/packages/franka_gripper
[34.913s] -- Up-to-date symlink: /home/raiaan/franka_ros2_ws/install/franka_gripper/share/ament_index/resource_index/rclcpp_components/franka_gripper
[34.914s] -- Up-to-date symlink: /home/raiaan/franka_ros2_ws/install/franka_gripper/share/franka_gripper/cmake/franka_gripperConfig.cmake
[34.914s] -- Up-to-date symlink: /home/raiaan/franka_ros2_ws/install/franka_gripper/share/franka_gripper/cmake/franka_gripperConfig-version.cmake
[34.914s] -- Up-to-date symlink: /home/raiaan/franka_ros2_ws/install/franka_gripper/share/franka_gripper/package.xml
[34.952s] Listing '/home/raiaan/franka_ros2_ws/install/franka_gripper/local/lib/python3.10/dist-packages/franka_gripper'...
[34.963s] Invoked command in '/home/raiaan/franka_ros2_ws/build/franka_gripper' returned '0': CMAKE_PREFIX_PATH=/home/raiaan/franka_ros2_ws/install/libfranka:/home/raiaan/franka_ros2_ws/install/franka_msgs:/home/raiaan/franka_ros2_ws/install/franka_ros2:/home/raiaan/franka_ros2_ws/install/franka_bringup:/home/raiaan/franka_ros2_ws/install/franka_robot_state_broadcaster:/home/raiaan/franka_ros2_ws/install/franka_mobile_example_controllers:/home/raiaan/franka_ros2_ws/install/franka_example_controllers:/home/raiaan/franka_ros2_ws/install/franka_semantic_components:/home/raiaan/franka_ros2_ws/install/franka_gazebo_bringup:/home/raiaan/franka_ros2_ws/install/franka_ign_ros2_control:/home/raiaan/franka_ros2_ws/install/franka_fr3_moveit_config:/home/raiaan/franka_ros2_ws/install/franka_hardware:/home/raiaan/franka_ros2_ws/install/franka_gripper:/home/raiaan/franka_ros2_ws/install/integration_launch_testing:/home/raiaan/franka_ros2_ws/install/franka_description:/opt/ros/humble LD_LIBRARY_PATH=/home/raiaan/franka_ros2_ws/install/libfranka/lib:/home/raiaan/franka_ros2_ws/install/franka_msgs/lib:/home/raiaan/franka_ros2_ws/install/franka_robot_state_broadcaster/lib:/home/raiaan/franka_ros2_ws/install/franka_mobile_example_controllers/lib:/home/raiaan/franka_ros2_ws/install/franka_example_controllers/lib:/home/raiaan/franka_ros2_ws/install/franka_semantic_components/lib:/home/raiaan/franka_ros2_ws/install/franka_ign_ros2_control/lib:/home/raiaan/franka_ros2_ws/install/franka_hardware/lib:/home/raiaan/franka_ros2_ws/install/franka_gripper/lib:/home/raiaan/franka_ros2_ws/install/integration_launch_testing/lib:/opt/ros/humble/opt/rviz_ogre_vendor/lib:/opt/ros/humble/lib/x86_64-linux-gnu:/opt/ros/humble/lib /usr/bin/cmake --install /home/raiaan/franka_ros2_ws/build/franka_gripper
