-- Install configuration: ""
-- Execute custom install script
-- Up-to-date symlink: /home/raiaan/franka_ros2_ws/install/franka_description/share/franka_description//launch/visualize_franka.launch.py
-- Up-to-date symlink: /home/raiaan/franka_ros2_ws/install/franka_description/share/franka_description//launch/visualize_franka_duo.launch.py
-- Up-to-date symlink: /home/raiaan/franka_ros2_ws/install/franka_description/share/franka_description//robots/common/franka_arm.ros2_control.xacro
-- Up-to-date symlink: /home/raiaan/franka_ros2_ws/install/franka_description/share/franka_description//robots/common/franka_arm.srdf.xacro
-- Up-to-date symlink: /home/raiaan/franka_ros2_ws/install/franka_description/share/franka_description//robots/common/franka_arm.xacro
-- Up-to-date symlink: /home/raiaan/franka_ros2_ws/install/franka_description/share/franka_description//robots/common/franka_robot.xacro
-- Up-to-date symlink: /home/raiaan/franka_ros2_ws/install/franka_description/share/franka_description//robots/common/group_definition.xacro
-- Up-to-date symlink: /home/raiaan/franka_ros2_ws/install/franka_description/share/franka_description//robots/common/utils.xacro
-- Up-to-date symlink: /home/raiaan/franka_ros2_ws/install/franka_description/share/franka_description//robots/fer/dynamics.yaml
-- Up-to-date symlink: /home/raiaan/franka_ros2_ws/install/franka_description/share/franka_description//robots/fer/fer.srdf.xacro
-- Up-to-date symlink: /home/raiaan/franka_ros2_ws/install/franka_description/share/franka_description//robots/fer/fer.urdf.xacro
-- Up-to-date symlink: /home/raiaan/franka_ros2_ws/install/franka_description/share/franka_description//robots/fer/inertials.yaml
-- Up-to-date symlink: /home/raiaan/franka_ros2_ws/install/franka_description/share/franka_description//robots/fer/joint_limits.yaml
-- Up-to-date symlink: /home/raiaan/franka_ros2_ws/install/franka_description/share/franka_description//robots/fer/kinematics.yaml
-- Up-to-date symlink: /home/raiaan/franka_ros2_ws/install/franka_description/share/franka_description//robots/fp3/accelerometers.yaml
-- Up-to-date symlink: /home/raiaan/franka_ros2_ws/install/franka_description/share/franka_description//robots/fp3/dynamics.yaml
-- Up-to-date symlink: /home/raiaan/franka_ros2_ws/install/franka_description/share/franka_description//robots/fp3/fp3.srdf.xacro
-- Up-to-date symlink: /home/raiaan/franka_ros2_ws/install/franka_description/share/franka_description//robots/fp3/fp3.urdf.xacro
-- Up-to-date symlink: /home/raiaan/franka_ros2_ws/install/franka_description/share/franka_description//robots/fp3/inertials.yaml
-- Up-to-date symlink: /home/raiaan/franka_ros2_ws/install/franka_description/share/franka_description//robots/fp3/joint_limits.yaml
-- Up-to-date symlink: /home/raiaan/franka_ros2_ws/install/franka_description/share/franka_description//robots/fp3/kinematics.yaml
-- Up-to-date symlink: /home/raiaan/franka_ros2_ws/install/franka_description/share/franka_description//robots/fr3/accelerometers.yaml
-- Up-to-date symlink: /home/raiaan/franka_ros2_ws/install/franka_description/share/franka_description//robots/fr3/dynamics.yaml
-- Up-to-date symlink: /home/raiaan/franka_ros2_ws/install/franka_description/share/franka_description//robots/fr3/fr3.srdf.xacro
-- Up-to-date symlink: /home/raiaan/franka_ros2_ws/install/franka_description/share/franka_description//robots/fr3/fr3.urdf.xacro
-- Up-to-date symlink: /home/raiaan/franka_ros2_ws/install/franka_description/share/franka_description//robots/fr3/inertials.yaml
-- Up-to-date symlink: /home/raiaan/franka_ros2_ws/install/franka_description/share/franka_description//robots/fr3/joint_limits.yaml
-- Up-to-date symlink: /home/raiaan/franka_ros2_ws/install/franka_description/share/franka_description//robots/fr3/kinematics.yaml
-- Up-to-date symlink: /home/raiaan/franka_ros2_ws/install/franka_description/share/franka_description//robots/fr3_duo/fr3_duo.urdf.xacro
-- Up-to-date symlink: /home/raiaan/franka_ros2_ws/install/franka_description/share/franka_description//robots/fr3_duo/fr3_duo_arm.urdf.xacro
-- Up-to-date symlink: /home/raiaan/franka_ros2_ws/install/franka_description/share/franka_description//robots/fr3_duo/fr3_duo_cover/fr3_duo_cover.xacro
-- Up-to-date symlink: /home/raiaan/franka_ros2_ws/install/franka_description/share/franka_description//robots/fr3_duo/fr3_duo_cover/inertials.yaml
-- Up-to-date symlink: /home/raiaan/franka_ros2_ws/install/franka_description/share/franka_description//robots/fr3_duo/fr3_duo_cover/kinematics.yaml
-- Up-to-date symlink: /home/raiaan/franka_ros2_ws/install/franka_description/share/franka_description//robots/fr3_duo/fr3_duo_fixed_structure.urdf.xacro
-- Up-to-date symlink: /home/raiaan/franka_ros2_ws/install/franka_description/share/franka_description//robots/fr3_duo/fr3_duo_mount/fr3_duo_mount.xacro
-- Up-to-date symlink: /home/raiaan/franka_ros2_ws/install/franka_description/share/franka_description//robots/fr3_duo/fr3_duo_mount/inertials.yaml
-- Up-to-date symlink: /home/raiaan/franka_ros2_ws/install/franka_description/share/franka_description//robots/fr3_duo/fr3_duo_mount/kinematics.yaml
-- Up-to-date symlink: /home/raiaan/franka_ros2_ws/install/franka_description/share/franka_description//robots/fr3v2.1/accelerometers.yaml
-- Up-to-date symlink: /home/raiaan/franka_ros2_ws/install/franka_description/share/franka_description//robots/fr3v2.1/dynamics.yaml
-- Up-to-date symlink: /home/raiaan/franka_ros2_ws/install/franka_description/share/franka_description//robots/fr3v2.1/fr3v2.1.srdf.xacro
-- Up-to-date symlink: /home/raiaan/franka_ros2_ws/install/franka_description/share/franka_description//robots/fr3v2.1/fr3v2.1.urdf.xacro
-- Up-to-date symlink: /home/raiaan/franka_ros2_ws/install/franka_description/share/franka_description//robots/fr3v2.1/inertials.yaml
-- Up-to-date symlink: /home/raiaan/franka_ros2_ws/install/franka_description/share/franka_description//robots/fr3v2.1/joint_limits.yaml
-- Up-to-date symlink: /home/raiaan/franka_ros2_ws/install/franka_description/share/franka_description//robots/fr3v2.1/kinematics.yaml
-- Up-to-date symlink: /home/raiaan/franka_ros2_ws/install/franka_description/share/franka_description//robots/fr3v2/accelerometers.yaml
-- Up-to-date symlink: /home/raiaan/franka_ros2_ws/install/franka_description/share/franka_description//robots/fr3v2/dynamics.yaml
-- Up-to-date symlink: /home/raiaan/franka_ros2_ws/install/franka_description/share/franka_description//robots/fr3v2/fr3v2.srdf.xacro
-- Up-to-date symlink: /home/raiaan/franka_ros2_ws/install/franka_description/share/franka_description//robots/fr3v2/fr3v2.urdf.xacro
-- Up-to-date symlink: /home/raiaan/franka_ros2_ws/install/franka_description/share/franka_description//robots/fr3v2/inertials.yaml
-- Up-to-date symlink: /home/raiaan/franka_ros2_ws/install/franka_description/share/franka_description//robots/fr3v2/joint_limits.yaml
-- Up-to-date symlink: /home/raiaan/franka_ros2_ws/install/franka_description/share/franka_description//robots/fr3v2/kinematics.yaml
-- Up-to-date symlink: /home/raiaan/franka_ros2_ws/install/franka_description/share/franka_description//end_effectors/cobot_pump/cobot_pump.urdf.xacro
-- Up-to-date symlink: /home/raiaan/franka_ros2_ws/install/franka_description/share/franka_description//end_effectors/cobot_pump/cobot_pump_arguments.xacro
-- Up-to-date symlink: /home/raiaan/franka_ros2_ws/install/franka_description/share/franka_description//end_effectors/cobot_pump/inertials.yaml
-- Up-to-date symlink: /home/raiaan/franka_ros2_ws/install/franka_description/share/franka_description//end_effectors/common/ee_with_one_link.xacro
-- Up-to-date symlink: /home/raiaan/franka_ros2_ws/install/franka_description/share/franka_description//end_effectors/common/franka_hand.xacro
-- Up-to-date symlink: /home/raiaan/franka_ros2_ws/install/franka_description/share/franka_description//end_effectors/common/utils.xacro
-- Up-to-date symlink: /home/raiaan/franka_ros2_ws/install/franka_description/share/franka_description//end_effectors/franka_hand/franka_hand.srdf.xacro
-- Up-to-date symlink: /home/raiaan/franka_ros2_ws/install/franka_description/share/franka_description//end_effectors/franka_hand/franka_hand.urdf.xacro
-- Up-to-date symlink: /home/raiaan/franka_ros2_ws/install/franka_description/share/franka_description//end_effectors/franka_hand/franka_hand_arguments.xacro
-- Up-to-date symlink: /home/raiaan/franka_ros2_ws/install/franka_description/share/franka_description//end_effectors/franka_hand/inertials.yaml
-- Up-to-date symlink: /home/raiaan/franka_ros2_ws/install/franka_description/share/franka_description//meshes/robot_arms/fer/collision/hand.stl
-- Up-to-date symlink: /home/raiaan/franka_ros2_ws/install/franka_description/share/franka_description//meshes/robot_arms/fer/collision/link0.stl
-- Up-to-date symlink: /home/raiaan/franka_ros2_ws/install/franka_description/share/franka_description//meshes/robot_arms/fer/collision/link1.stl
-- Up-to-date symlink: /home/raiaan/franka_ros2_ws/install/franka_description/share/franka_description//meshes/robot_arms/fer/collision/link2.stl
-- Up-to-date symlink: /home/raiaan/franka_ros2_ws/install/franka_description/share/franka_description//meshes/robot_arms/fer/collision/link3.stl
-- Up-to-date symlink: /home/raiaan/franka_ros2_ws/install/franka_description/share/franka_description//meshes/robot_arms/fer/collision/link4.stl
-- Up-to-date symlink: /home/raiaan/franka_ros2_ws/install/franka_description/share/franka_description//meshes/robot_arms/fer/collision/link5.stl
-- Up-to-date symlink: /home/raiaan/franka_ros2_ws/install/franka_description/share/franka_description//meshes/robot_arms/fer/collision/link6.stl
-- Up-to-date symlink: /home/raiaan/franka_ros2_ws/install/franka_description/share/franka_description//meshes/robot_arms/fer/collision/link7.stl
-- Up-to-date symlink: /home/raiaan/franka_ros2_ws/install/franka_description/share/franka_description//meshes/robot_arms/fer/visual/finger.dae
-- Up-to-date symlink: /home/raiaan/franka_ros2_ws/install/franka_description/share/franka_description//meshes/robot_arms/fer/visual/hand.dae
-- Up-to-date symlink: /home/raiaan/franka_ros2_ws/install/franka_description/share/franka_description//meshes/robot_arms/fer/visual/link0.dae
-- Up-to-date symlink: /home/raiaan/franka_ros2_ws/install/franka_description/share/franka_description//meshes/robot_arms/fer/visual/link1.dae
-- Up-to-date symlink: /home/raiaan/franka_ros2_ws/install/franka_description/share/franka_description//meshes/robot_arms/fer/visual/link2.dae
-- Up-to-date symlink: /home/raiaan/franka_ros2_ws/install/franka_description/share/franka_description//meshes/robot_arms/fer/visual/link3.dae
-- Up-to-date symlink: /home/raiaan/franka_ros2_ws/install/franka_description/share/franka_description//meshes/robot_arms/fer/visual/link4.dae
-- Up-to-date symlink: /home/raiaan/franka_ros2_ws/install/franka_description/share/franka_description//meshes/robot_arms/fer/visual/link5.dae
-- Up-to-date symlink: /home/raiaan/franka_ros2_ws/install/franka_description/share/franka_description//meshes/robot_arms/fer/visual/link6.dae
-- Up-to-date symlink: /home/raiaan/franka_ros2_ws/install/franka_description/share/franka_description//meshes/robot_arms/fer/visual/link7.dae
-- Up-to-date symlink: /home/raiaan/franka_ros2_ws/install/franka_description/share/franka_description//meshes/robot_arms/fp3/collision/link0.stl
-- Up-to-date symlink: /home/raiaan/franka_ros2_ws/install/franka_description/share/franka_description//meshes/robot_arms/fp3/collision/link1.stl
-- Up-to-date symlink: /home/raiaan/franka_ros2_ws/install/franka_description/share/franka_description//meshes/robot_arms/fp3/collision/link2.stl
-- Up-to-date symlink: /home/raiaan/franka_ros2_ws/install/franka_description/share/franka_description//meshes/robot_arms/fp3/collision/link3.stl
-- Up-to-date symlink: /home/raiaan/franka_ros2_ws/install/franka_description/share/franka_description//meshes/robot_arms/fp3/collision/link4.stl
-- Up-to-date symlink: /home/raiaan/franka_ros2_ws/install/franka_description/share/franka_description//meshes/robot_arms/fp3/collision/link5.stl
-- Up-to-date symlink: /home/raiaan/franka_ros2_ws/install/franka_description/share/franka_description//meshes/robot_arms/fp3/collision/link6.stl
-- Up-to-date symlink: /home/raiaan/franka_ros2_ws/install/franka_description/share/franka_description//meshes/robot_arms/fp3/collision/link7.stl
-- Up-to-date symlink: /home/raiaan/franka_ros2_ws/install/franka_description/share/franka_description//meshes/robot_arms/fp3/visual/link0.dae
-- Up-to-date symlink: /home/raiaan/franka_ros2_ws/install/franka_description/share/franka_description//meshes/robot_arms/fp3/visual/link1.dae
-- Up-to-date symlink: /home/raiaan/franka_ros2_ws/install/franka_description/share/franka_description//meshes/robot_arms/fp3/visual/link2.dae
-- Up-to-date symlink: /home/raiaan/franka_ros2_ws/install/franka_description/share/franka_description//meshes/robot_arms/fp3/visual/link3.dae
-- Up-to-date symlink: /home/raiaan/franka_ros2_ws/install/franka_description/share/franka_description//meshes/robot_arms/fp3/visual/link4.dae
-- Up-to-date symlink: /home/raiaan/franka_ros2_ws/install/franka_description/share/franka_description//meshes/robot_arms/fp3/visual/link5.dae
-- Up-to-date symlink: /home/raiaan/franka_ros2_ws/install/franka_description/share/franka_description//meshes/robot_arms/fp3/visual/link6.dae
-- Up-to-date symlink: /home/raiaan/franka_ros2_ws/install/franka_description/share/franka_description//meshes/robot_arms/fp3/visual/link7.dae
-- Up-to-date symlink: /home/raiaan/franka_ros2_ws/install/franka_description/share/franka_description//meshes/robot_arms/fr3/collision/link0.stl
-- Up-to-date symlink: /home/raiaan/franka_ros2_ws/install/franka_description/share/franka_description//meshes/robot_arms/fr3/collision/link1.stl
-- Up-to-date symlink: /home/raiaan/franka_ros2_ws/install/franka_description/share/franka_description//meshes/robot_arms/fr3/collision/link2.stl
-- Up-to-date symlink: /home/raiaan/franka_ros2_ws/install/franka_description/share/franka_description//meshes/robot_arms/fr3/collision/link3.stl
-- Up-to-date symlink: /home/raiaan/franka_ros2_ws/install/franka_description/share/franka_description//meshes/robot_arms/fr3/collision/link4.stl
-- Up-to-date symlink: /home/raiaan/franka_ros2_ws/install/franka_description/share/franka_description//meshes/robot_arms/fr3/collision/link5.stl
-- Up-to-date symlink: /home/raiaan/franka_ros2_ws/install/franka_description/share/franka_description//meshes/robot_arms/fr3/collision/link6.stl
-- Up-to-date symlink: /home/raiaan/franka_ros2_ws/install/franka_description/share/franka_description//meshes/robot_arms/fr3/collision/link7.stl
-- Up-to-date symlink: /home/raiaan/franka_ros2_ws/install/franka_description/share/franka_description//meshes/robot_arms/fr3/visual/link0.dae
-- Up-to-date symlink: /home/raiaan/franka_ros2_ws/install/franka_description/share/franka_description//meshes/robot_arms/fr3/visual/link1.dae
-- Up-to-date symlink: /home/raiaan/franka_ros2_ws/install/franka_description/share/franka_description//meshes/robot_arms/fr3/visual/link2.dae
-- Up-to-date symlink: /home/raiaan/franka_ros2_ws/install/franka_description/share/franka_description//meshes/robot_arms/fr3/visual/link3.dae
-- Up-to-date symlink: /home/raiaan/franka_ros2_ws/install/franka_description/share/franka_description//meshes/robot_arms/fr3/visual/link4.dae
-- Up-to-date symlink: /home/raiaan/franka_ros2_ws/install/franka_description/share/franka_description//meshes/robot_arms/fr3/visual/link5.dae
-- Up-to-date symlink: /home/raiaan/franka_ros2_ws/install/franka_description/share/franka_description//meshes/robot_arms/fr3/visual/link6.dae
-- Up-to-date symlink: /home/raiaan/franka_ros2_ws/install/franka_description/share/franka_description//meshes/robot_arms/fr3/visual/link7.dae
-- Up-to-date symlink: /home/raiaan/franka_ros2_ws/install/franka_description/share/franka_description//meshes/robot_arms/fr3_duo/cover/collision/fr3_duo_cover.stl
-- Up-to-date symlink: /home/raiaan/franka_ros2_ws/install/franka_description/share/franka_description//meshes/robot_arms/fr3_duo/cover/visual/fr3_duo_cover.dae
-- Up-to-date symlink: /home/raiaan/franka_ros2_ws/install/franka_description/share/franka_description//meshes/robot_arms/fr3_duo/mount/collision/fr3_duo_mount.stl
-- Up-to-date symlink: /home/raiaan/franka_ros2_ws/install/franka_description/share/franka_description//meshes/robot_arms/fr3_duo/mount/visual/fr3_duo_mount.dae
-- Up-to-date symlink: /home/raiaan/franka_ros2_ws/install/franka_description/share/franka_description//meshes/robot_arms/fr3v2.1/collision/link0.stl
-- Up-to-date symlink: /home/raiaan/franka_ros2_ws/install/franka_description/share/franka_description//meshes/robot_arms/fr3v2.1/collision/link1.stl
-- Up-to-date symlink: /home/raiaan/franka_ros2_ws/install/franka_description/share/franka_description//meshes/robot_arms/fr3v2.1/collision/link2.stl
-- Up-to-date symlink: /home/raiaan/franka_ros2_ws/install/franka_description/share/franka_description//meshes/robot_arms/fr3v2.1/collision/link3.stl
-- Up-to-date symlink: /home/raiaan/franka_ros2_ws/install/franka_description/share/franka_description//meshes/robot_arms/fr3v2.1/collision/link4.stl
-- Up-to-date symlink: /home/raiaan/franka_ros2_ws/install/franka_description/share/franka_description//meshes/robot_arms/fr3v2.1/collision/link5.stl
-- Up-to-date symlink: /home/raiaan/franka_ros2_ws/install/franka_description/share/franka_description//meshes/robot_arms/fr3v2.1/collision/link6.stl
-- Up-to-date symlink: /home/raiaan/franka_ros2_ws/install/franka_description/share/franka_description//meshes/robot_arms/fr3v2.1/collision/link7.stl
-- Up-to-date symlink: /home/raiaan/franka_ros2_ws/install/franka_description/share/franka_description//meshes/robot_arms/fr3v2.1/visual/link0.dae
-- Up-to-date symlink: /home/raiaan/franka_ros2_ws/install/franka_description/share/franka_description//meshes/robot_arms/fr3v2.1/visual/link1.dae
-- Up-to-date symlink: /home/raiaan/franka_ros2_ws/install/franka_description/share/franka_description//meshes/robot_arms/fr3v2.1/visual/link2.dae
-- Up-to-date symlink: /home/raiaan/franka_ros2_ws/install/franka_description/share/franka_description//meshes/robot_arms/fr3v2.1/visual/link3.dae
-- Up-to-date symlink: /home/raiaan/franka_ros2_ws/install/franka_description/share/franka_description//meshes/robot_arms/fr3v2.1/visual/link4.dae
-- Up-to-date symlink: /home/raiaan/franka_ros2_ws/install/franka_description/share/franka_description//meshes/robot_arms/fr3v2.1/visual/link5.dae
-- Up-to-date symlink: /home/raiaan/franka_ros2_ws/install/franka_description/share/franka_description//meshes/robot_arms/fr3v2.1/visual/link6.dae
-- Up-to-date symlink: /home/raiaan/franka_ros2_ws/install/franka_description/share/franka_description//meshes/robot_arms/fr3v2.1/visual/link7.dae
-- Up-to-date symlink: /home/raiaan/franka_ros2_ws/install/franka_description/share/franka_description//meshes/robot_arms/fr3v2/collision/link0.stl
-- Up-to-date symlink: /home/raiaan/franka_ros2_ws/install/franka_description/share/franka_description//meshes/robot_arms/fr3v2/collision/link1.stl
-- Up-to-date symlink: /home/raiaan/franka_ros2_ws/install/franka_description/share/franka_description//meshes/robot_arms/fr3v2/collision/link2.stl
-- Up-to-date symlink: /home/raiaan/franka_ros2_ws/install/franka_description/share/franka_description//meshes/robot_arms/fr3v2/collision/link3.stl
-- Up-to-date symlink: /home/raiaan/franka_ros2_ws/install/franka_description/share/franka_description//meshes/robot_arms/fr3v2/collision/link4.stl
-- Up-to-date symlink: /home/raiaan/franka_ros2_ws/install/franka_description/share/franka_description//meshes/robot_arms/fr3v2/collision/link5.stl
-- Up-to-date symlink: /home/raiaan/franka_ros2_ws/install/franka_description/share/franka_description//meshes/robot_arms/fr3v2/collision/link6.stl
-- Up-to-date symlink: /home/raiaan/franka_ros2_ws/install/franka_description/share/franka_description//meshes/robot_arms/fr3v2/collision/link7.stl
-- Up-to-date symlink: /home/raiaan/franka_ros2_ws/install/franka_description/share/franka_description//meshes/robot_arms/fr3v2/visual/link0.dae
-- Up-to-date symlink: /home/raiaan/franka_ros2_ws/install/franka_description/share/franka_description//meshes/robot_arms/fr3v2/visual/link1.dae
-- Up-to-date symlink: /home/raiaan/franka_ros2_ws/install/franka_description/share/franka_description//meshes/robot_arms/fr3v2/visual/link2.dae
-- Up-to-date symlink: /home/raiaan/franka_ros2_ws/install/franka_description/share/franka_description//meshes/robot_arms/fr3v2/visual/link3.dae
-- Up-to-date symlink: /home/raiaan/franka_ros2_ws/install/franka_description/share/franka_description//meshes/robot_arms/fr3v2/visual/link4.dae
-- Up-to-date symlink: /home/raiaan/franka_ros2_ws/install/franka_description/share/franka_description//meshes/robot_arms/fr3v2/visual/link5.dae
-- Up-to-date symlink: /home/raiaan/franka_ros2_ws/install/franka_description/share/franka_description//meshes/robot_arms/fr3v2/visual/link6.dae
-- Up-to-date symlink: /home/raiaan/franka_ros2_ws/install/franka_description/share/franka_description//meshes/robot_arms/fr3v2/visual/link7.dae
-- Up-to-date symlink: /home/raiaan/franka_ros2_ws/install/franka_description/share/franka_description//meshes/robot_ee/cobot_pump/collision/cobot_pump.stl
-- Up-to-date symlink: /home/raiaan/franka_ros2_ws/install/franka_description/share/franka_description//meshes/robot_ee/cobot_pump/visual/cobot_pump.dae
-- Up-to-date symlink: /home/raiaan/franka_ros2_ws/install/franka_description/share/franka_description//meshes/robot_ee/franka_hand_black/collision/hand.stl
-- Up-to-date symlink: /home/raiaan/franka_ros2_ws/install/franka_description/share/franka_description//meshes/robot_ee/franka_hand_black/visual/finger.dae
-- Up-to-date symlink: /home/raiaan/franka_ros2_ws/install/franka_description/share/franka_description//meshes/robot_ee/franka_hand_black/visual/hand.dae
-- Up-to-date symlink: /home/raiaan/franka_ros2_ws/install/franka_description/share/franka_description//meshes/robot_ee/franka_hand_white/collision/hand.stl
-- Up-to-date symlink: /home/raiaan/franka_ros2_ws/install/franka_description/share/franka_description//meshes/robot_ee/franka_hand_white/visual/finger.dae
-- Up-to-date symlink: /home/raiaan/franka_ros2_ws/install/franka_description/share/franka_description//meshes/robot_ee/franka_hand_white/visual/hand.dae
-- Up-to-date symlink: /home/raiaan/franka_ros2_ws/install/franka_description/share/franka_description//rviz/visualize_franka.rviz
-- Up-to-date symlink: /home/raiaan/franka_ros2_ws/install/franka_description/share/franka_description//rviz/visualize_franka_duo.rviz
-- Up-to-date symlink: /home/raiaan/franka_ros2_ws/install/franka_description/share/ament_index/resource_index/package_run_dependencies/franka_description
-- Up-to-date symlink: /home/raiaan/franka_ros2_ws/install/franka_description/share/ament_index/resource_index/parent_prefix_path/franka_description
-- Up-to-date symlink: /home/raiaan/franka_ros2_ws/install/franka_description/share/franka_description/environment/ament_prefix_path.sh
-- Up-to-date symlink: /home/raiaan/franka_ros2_ws/install/franka_description/share/franka_description/environment/ament_prefix_path.dsv
-- Up-to-date symlink: /home/raiaan/franka_ros2_ws/install/franka_description/share/franka_description/environment/path.sh
-- Up-to-date symlink: /home/raiaan/franka_ros2_ws/install/franka_description/share/franka_description/environment/path.dsv
-- Up-to-date symlink: /home/raiaan/franka_ros2_ws/install/franka_description/share/franka_description/local_setup.bash
-- Up-to-date symlink: /home/raiaan/franka_ros2_ws/install/franka_description/share/franka_description/local_setup.sh
-- Up-to-date symlink: /home/raiaan/franka_ros2_ws/install/franka_description/share/franka_description/local_setup.zsh
-- Up-to-date symlink: /home/raiaan/franka_ros2_ws/install/franka_description/share/franka_description/local_setup.dsv
-- Symlinking: /home/raiaan/franka_ros2_ws/install/franka_description/share/franka_description/package.dsv
-- Up-to-date symlink: /home/raiaan/franka_ros2_ws/install/franka_description/share/ament_index/resource_index/packages/franka_description
-- Up-to-date symlink: /home/raiaan/franka_ros2_ws/install/franka_description/share/franka_description/cmake/franka_descriptionConfig.cmake
-- Up-to-date symlink: /home/raiaan/franka_ros2_ws/install/franka_description/share/franka_description/cmake/franka_descriptionConfig-version.cmake
-- Up-to-date symlink: /home/raiaan/franka_ros2_ws/install/franka_description/share/franka_description/package.xml
