-- Found ament_cmake: 1.3.12 (/opt/ros/humble/share/ament_cmake/cmake)
-- Found Python3: /usr/bin/python3 (found version "3.10.12") found components: Interpreter 
-- Override CMake install command with custom implementation using symlinks instead of copying resources
-- Found ament_index_cpp: 1.4.0 (/opt/ros/humble/share/ament_index_cpp/cmake)
-- Found controller_interface: 2.53.0 (/opt/ros/humble/share/controller_interface/cmake)
-- Found rosidl_generator_c: 3.1.8 (/opt/ros/humble/share/rosidl_generator_c/cmake)
-- Found rosidl_adapter: 3.1.8 (/opt/ros/humble/share/rosidl_adapter/cmake)
-- Found rosidl_generator_cpp: 3.1.8 (/opt/ros/humble/share/rosidl_generator_cpp/cmake)
-- Using all available rosidl_typesupport_c: rosidl_typesupport_fastrtps_c;rosidl_typesupport_introspection_c
-- Using all available rosidl_typesupport_cpp: rosidl_typesupport_fastrtps_cpp;rosidl_typesupport_introspection_cpp
-- Found rmw_implementation_cmake: 6.1.2 (/opt/ros/humble/share/rmw_implementation_cmake/cmake)
-- Found rmw_fastrtps_cpp: 6.2.9 (/opt/ros/humble/share/rmw_fastrtps_cpp/cmake)
-- Found TinyXML2 via Config file: TinyXML2_DIR-NOTFOUND
-- Found TinyXML2 via Config file: TinyXML2_DIR-NOTFOUND
-- Found TinyXML2 via Config file: TinyXML2_DIR-NOTFOUND
-- Found TinyXML2 via Config file: TinyXML2_DIR-NOTFOUND
-- Using RMW implementation 'rmw_fastrtps_cpp' as default
-- Found franka_msgs: 2.2.0 (/home/raiaan/franka_ros2_ws/install/franka_msgs/share/franka_msgs/cmake)
-- Found franka_semantic_components: 2.2.0 (/home/raiaan/franka_ros2_ws/install/franka_semantic_components/share/franka_semantic_components/cmake)
-- Found moveit_core: 2.5.9 (/opt/ros/humble/share/moveit_core/cmake)
-- Found Boost: /usr/lib/x86_64-linux-gnu/cmake/Boost-1.74.0/BoostConfig.cmake (found version "1.74.0") found components: chrono date_time filesystem iostreams program_options regex serialization system thread 
-- Found parameter_traits: 0.6.0 (/opt/ros/humble/share/parameter_traits/cmake)
-- Found Boost: /usr/lib/x86_64-linux-gnu/cmake/Boost-1.74.0/BoostConfig.cmake (found version "1.74.0") found components: filesystem 
-- library: /usr/lib/x86_64-linux-gnu/libcurl.so
-- Ensuring Eigen3 include directory is part of orocos-kdl CMake target
-- pinocchio_default FOUND. pinocchio_default at /opt/ros/humble/lib/x86_64-linux-gnu/libpinocchio_default.so
-- pinocchio_parsers FOUND. pinocchio_parsers at /opt/ros/humble/lib/x86_64-linux-gnu/libpinocchio_parsers.so
-- boost_filesystem FOUND. boost_filesystem at /lib/x86_64-linux-gnu/libboost_filesystem.so
-- Found Boost: /usr/include (found version "1.74.0") found components: filesystem serialization system 
-- eigenpy FOUND. eigenpy at /opt/ros/humble/lib/x86_64-linux-gnu/libeigenpy.so
-- Checking for NumPy
--   NUMPY_INCLUDE_DIRS=/usr/lib/python3/dist-packages/numpy/core/include
--   NUMPY_VERSION=1.21.5
-- Found Python3: /usr/bin/python3 (found version "3.10.12") found components: Interpreter Development.Module NumPy 
-- PythonLibraryDirs: 
-- PythonLibVersionString: 3.10.12
-- Python site lib: lib/python3.10/site-packages
-- Python include dirs: /usr/include/python3.10
-- Checking for NumPy
--   NUMPY_INCLUDE_DIRS=/usr/lib/python3/dist-packages/numpy/core/include
--   NUMPY_VERSION=1.21.5
-- NumPy include dir: /usr/lib/python3/dist-packages/numpy/core/include
-- Found Boost: /usr/include (found version "1.74.0") found components: python310 
-- Default C++ standard: 201703
-- C++ standard sufficient: Minimal required 11, currently defined: 17
-- hpp-fcl FOUND. hpp-fcl at /opt/ros/humble/lib/x86_64-linux-gnu/libhpp-fcl.so
-- Found Boost: /usr/include (found version "1.74.0") found components: chrono serialization filesystem 
-- C++ standard sufficient: Minimal required 11, currently defined: 17
-- C++ standard sufficient: Minimal required 11, currently defined: 17
-- Found std_srvs: 4.9.0 (/opt/ros/humble/share/std_srvs/cmake)
-- Found ament_cmake_clang_format: 0.12.14 (/opt/ros/humble/share/ament_cmake_clang_format/cmake)
-- Found ament_cmake_copyright: 0.12.14 (/opt/ros/humble/share/ament_cmake_copyright/cmake)
-- Found ament_cmake_cppcheck: 0.12.14 (/opt/ros/humble/share/ament_cmake_cppcheck/cmake)
-- Found ament_cmake_flake8: 0.12.14 (/opt/ros/humble/share/ament_cmake_flake8/cmake)
-- Found ament_cmake_lint_cmake: 0.12.14 (/opt/ros/humble/share/ament_cmake_lint_cmake/cmake)
-- Found ament_cmake_pep257: 0.12.14 (/opt/ros/humble/share/ament_cmake_pep257/cmake)
-- Found ament_cmake_xmllint: 0.12.14 (/opt/ros/humble/share/ament_cmake_xmllint/cmake)
-- Found ament_cmake_gmock: 1.3.12 (/opt/ros/humble/share/ament_cmake_gmock/cmake)
-- Found controller_manager: 2.53.0 (/opt/ros/humble/share/controller_manager/cmake)
-- Found ros2_control_test_assets: 2.53.0 (/opt/ros/humble/share/ros2_control_test_assets/cmake)
-- Found gmock sources under '/opt/ros/humble/src/gmock_vendor': C++ tests using 'Google Mock' will be built
-- Found ament_cmake_gtest: 1.3.12 (/opt/ros/humble/share/ament_cmake_gtest/cmake)
-- Found gtest sources under '/opt/ros/humble/src/gtest_vendor': C++ tests using 'Google Test' will be built
-- Configuring done
-- Generating done
-- Build files have been written to: /home/raiaan/franka_ros2_ws/build/franka_example_controllers
[35m[1mConsolidate compiler generated dependencies of target gmock_main[0m
[35m[1mConsolidate compiler generated dependencies of target ptp_motion_example_node[0m
[35m[1mConsolidate compiler generated dependencies of target gmock[0m
[  6%] Built target gmock_main
[ 16%] Built target gmock
[ 23%] Built target ptp_motion_example_node
[35m[1mConsolidate compiler generated dependencies of target franka_example_controllers[0m
[35m[1mConsolidate compiler generated dependencies of target franka_example_controllers_test[0m
[35m[1mConsolidate compiler generated dependencies of target franka_example_controllers_test_load_move_to_start[0m
[ 30%] Built target franka_example_controllers_test_load_move_to_start
[ 36%] Built target franka_example_controllers_test
[ 40%] [32m[1mLinking CXX shared library libfranka_example_controllers.so[0m
[ 86%] Built target franka_example_controllers
[35m[1mConsolidate compiler generated dependencies of target franka_example_controllers_gravity_test[0m
[35m[1mConsolidate compiler generated dependencies of target franka_example_controllers_move_to_start_test[0m
[ 90%] [32m[1mLinking CXX executable franka_example_controllers_gravity_test[0m
[ 93%] [32m[1mLinking CXX executable franka_example_controllers_move_to_start_test[0m
[100%] Built target franka_example_controllers_gravity_test
[100%] Built target franka_example_controllers_move_to_start_test
-- Install configuration: ""
-- Execute custom install script
-- Up-to-date symlink: /home/raiaan/franka_ros2_ws/install/franka_example_controllers/share/franka_example_controllers//franka_example_controllers.xml
-- Up-to-date symlink: /home/raiaan/franka_ros2_ws/install/franka_example_controllers/lib/libfranka_example_controllers.so
-- Up-to-date symlink: /home/raiaan/franka_ros2_ws/install/franka_example_controllers/include/franka_example_controllers/async_motions/ptp_motion_example_node.hpp
-- Up-to-date symlink: /home/raiaan/franka_ros2_ws/install/franka_example_controllers/include/franka_example_controllers/cartesian_elbow_example_controller.hpp
-- Up-to-date symlink: /home/raiaan/franka_ros2_ws/install/franka_example_controllers/include/franka_example_controllers/cartesian_orientation_example_controller.hpp
-- Up-to-date symlink: /home/raiaan/franka_ros2_ws/install/franka_example_controllers/include/franka_example_controllers/cartesian_pose_example_controller.hpp
-- Up-to-date symlink: /home/raiaan/franka_ros2_ws/install/franka_example_controllers/include/franka_example_controllers/cartesian_velocity_example_controller.hpp
-- Up-to-date symlink: /home/raiaan/franka_ros2_ws/install/franka_example_controllers/include/franka_example_controllers/default_robot_behavior_utils.hpp
-- Up-to-date symlink: /home/raiaan/franka_ros2_ws/install/franka_example_controllers/include/franka_example_controllers/elbow_example_controller.hpp
-- Up-to-date symlink: /home/raiaan/franka_ros2_ws/install/franka_example_controllers/include/franka_example_controllers/gravity_compensation_example_controller.hpp
-- Up-to-date symlink: /home/raiaan/franka_ros2_ws/install/franka_example_controllers/include/franka_example_controllers/gripper_example_controller.hpp
-- Up-to-date symlink: /home/raiaan/franka_ros2_ws/install/franka_example_controllers/include/franka_example_controllers/joint_impedance_example_controller.hpp
-- Up-to-date symlink: /home/raiaan/franka_ros2_ws/install/franka_example_controllers/include/franka_example_controllers/joint_impedance_with_ik_example_controller.hpp
-- Up-to-date symlink: /home/raiaan/franka_ros2_ws/install/franka_example_controllers/include/franka_example_controllers/joint_position_example_controller.hpp
-- Up-to-date symlink: /home/raiaan/franka_ros2_ws/install/franka_example_controllers/include/franka_example_controllers/joint_velocity_example_controller.hpp
-- Up-to-date symlink: /home/raiaan/franka_ros2_ws/install/franka_example_controllers/include/franka_example_controllers/model_example_controller.hpp
-- Up-to-date symlink: /home/raiaan/franka_ros2_ws/install/franka_example_controllers/include/franka_example_controllers/motion_generator.hpp
-- Up-to-date symlink: /home/raiaan/franka_ros2_ws/install/franka_example_controllers/include/franka_example_controllers/move_to_start_example_controller.hpp
-- Up-to-date symlink: /home/raiaan/franka_ros2_ws/install/franka_example_controllers/include/franka_example_controllers/robot_utils.hpp
-- Up-to-date symlink: /home/raiaan/franka_ros2_ws/install/franka_example_controllers/include/franka_example_controllers/visibility_control.h
-- Up-to-date symlink: /home/raiaan/franka_ros2_ws/install/franka_example_controllers/lib/franka_example_controllers/ptp_motion_example_node
-- Up-to-date symlink: /home/raiaan/franka_ros2_ws/install/franka_example_controllers/share/franka_example_controllers/environment/library_path.sh
-- Up-to-date symlink: /home/raiaan/franka_ros2_ws/install/franka_example_controllers/share/franka_example_controllers/environment/library_path.dsv
-- Up-to-date symlink: /home/raiaan/franka_ros2_ws/install/franka_example_controllers/share/ament_index/resource_index/package_run_dependencies/franka_example_controllers
-- Up-to-date symlink: /home/raiaan/franka_ros2_ws/install/franka_example_controllers/share/ament_index/resource_index/parent_prefix_path/franka_example_controllers
-- Up-to-date symlink: /home/raiaan/franka_ros2_ws/install/franka_example_controllers/share/franka_example_controllers/environment/ament_prefix_path.sh
-- Up-to-date symlink: /home/raiaan/franka_ros2_ws/install/franka_example_controllers/share/franka_example_controllers/environment/ament_prefix_path.dsv
-- Up-to-date symlink: /home/raiaan/franka_ros2_ws/install/franka_example_controllers/share/franka_example_controllers/environment/path.sh
-- Up-to-date symlink: /home/raiaan/franka_ros2_ws/install/franka_example_controllers/share/franka_example_controllers/environment/path.dsv
-- Up-to-date symlink: /home/raiaan/franka_ros2_ws/install/franka_example_controllers/share/franka_example_controllers/local_setup.bash
-- Up-to-date symlink: /home/raiaan/franka_ros2_ws/install/franka_example_controllers/share/franka_example_controllers/local_setup.sh
-- Up-to-date symlink: /home/raiaan/franka_ros2_ws/install/franka_example_controllers/share/franka_example_controllers/local_setup.zsh
-- Up-to-date symlink: /home/raiaan/franka_ros2_ws/install/franka_example_controllers/share/franka_example_controllers/local_setup.dsv
-- Symlinking: /home/raiaan/franka_ros2_ws/install/franka_example_controllers/share/franka_example_controllers/package.dsv
-- Up-to-date symlink: /home/raiaan/franka_ros2_ws/install/franka_example_controllers/share/ament_index/resource_index/packages/franka_example_controllers
-- Up-to-date symlink: /home/raiaan/franka_ros2_ws/install/franka_example_controllers/share/ament_index/resource_index/controller_interface__pluginlib__plugin/franka_example_controllers
-- Up-to-date symlink: /home/raiaan/franka_ros2_ws/install/franka_example_controllers/share/franka_example_controllers/cmake/ament_cmake_export_include_directories-extras.cmake
-- Up-to-date symlink: /home/raiaan/franka_ros2_ws/install/franka_example_controllers/share/franka_example_controllers/cmake/ament_cmake_export_libraries-extras.cmake
-- Up-to-date symlink: /home/raiaan/franka_ros2_ws/install/franka_example_controllers/share/franka_example_controllers/cmake/ament_cmake_export_dependencies-extras.cmake
-- Up-to-date symlink: /home/raiaan/franka_ros2_ws/install/franka_example_controllers/share/franka_example_controllers/cmake/franka_example_controllersConfig.cmake
-- Up-to-date symlink: /home/raiaan/franka_ros2_ws/install/franka_example_controllers/share/franka_example_controllers/cmake/franka_example_controllersConfig-version.cmake
-- Up-to-date symlink: /home/raiaan/franka_ros2_ws/install/franka_example_controllers/share/franka_example_controllers/package.xml
