[3.088s] Invoking command in '/home/raiaan/franka_ros2_ws/build/franka_example_controllers': CMAKE_PREFIX_PATH=/home/raiaan/franka_ros2_ws/install/franka_semantic_components:/home/raiaan/franka_ros2_ws/install/franka_hardware:/home/raiaan/franka_ros2_ws/install/libfranka:/home/raiaan/franka_ros2_ws/install/franka_msgs:/home/raiaan/franka_ros2_ws/install/franka_pick_place:/home/raiaan/franka_ros2_ws/install/franka_ros2:/home/raiaan/franka_ros2_ws/install/franka_bringup:/home/raiaan/franka_ros2_ws/install/franka_robot_state_broadcaster:/home/raiaan/franka_ros2_ws/install/franka_mobile_example_controllers:/home/raiaan/franka_ros2_ws/install/franka_example_controllers:/home/raiaan/franka_ros2_ws/install/franka_gazebo_bringup:/home/raiaan/franka_ros2_ws/install/franka_ign_ros2_control:/home/raiaan/franka_ros2_ws/install/franka_fr3_moveit_config:/home/raiaan/franka_ros2_ws/install/franka_gripper:/home/raiaan/franka_ros2_ws/install/integration_launch_testing:/home/raiaan/franka_ros2_ws/install/franka_description:/opt/ros/humble LD_LIBRARY_PATH=/home/raiaan/franka_ros2_ws/install/franka_semantic_components/lib:/home/raiaan/franka_ros2_ws/install/franka_hardware/lib:/home/raiaan/franka_ros2_ws/install/libfranka/lib:/home/raiaan/franka_ros2_ws/install/franka_msgs/lib:/usr/lib/x86_64-linux-gnu/gazebo-11/plugins:/home/raiaan/franka_ros2_ws/install/franka_robot_state_broadcaster/lib:/home/raiaan/franka_ros2_ws/install/franka_mobile_example_controllers/lib:/home/raiaan/franka_ros2_ws/install/franka_example_controllers/lib:/home/raiaan/franka_ros2_ws/install/franka_ign_ros2_control/lib:/home/raiaan/franka_ros2_ws/install/franka_gripper/lib:/home/raiaan/franka_ros2_ws/install/integration_launch_testing/lib:/opt/ros/humble/opt/rviz_ogre_vendor/lib:/opt/ros/humble/lib/x86_64-linux-gnu:/opt/ros/humble/lib /usr/bin/cmake --build /home/raiaan/franka_ros2_ws/build/franka_example_controllers -- -j6 -l6
[3.139s] [  6%] Built target gmock_main
[3.141s] [ 16%] Built target gmock
[3.141s] [ 23%] Built target ptp_motion_example_node
[3.161s] [ 73%] Built target franka_example_controllers
[3.166s] [ 83%] Built target franka_example_controllers_test_load_move_to_start
[3.166s] [ 86%] Built target franka_example_controllers_test
[3.186s] [ 93%] Built target franka_example_controllers_gravity_test
[3.187s] [100%] Built target franka_example_controllers_move_to_start_test
[3.197s] Invoked command in '/home/raiaan/franka_ros2_ws/build/franka_example_controllers' returned '0': CMAKE_PREFIX_PATH=/home/raiaan/franka_ros2_ws/install/franka_semantic_components:/home/raiaan/franka_ros2_ws/install/franka_hardware:/home/raiaan/franka_ros2_ws/install/libfranka:/home/raiaan/franka_ros2_ws/install/franka_msgs:/home/raiaan/franka_ros2_ws/install/franka_pick_place:/home/raiaan/franka_ros2_ws/install/franka_ros2:/home/raiaan/franka_ros2_ws/install/franka_bringup:/home/raiaan/franka_ros2_ws/install/franka_robot_state_broadcaster:/home/raiaan/franka_ros2_ws/install/franka_mobile_example_controllers:/home/raiaan/franka_ros2_ws/install/franka_example_controllers:/home/raiaan/franka_ros2_ws/install/franka_gazebo_bringup:/home/raiaan/franka_ros2_ws/install/franka_ign_ros2_control:/home/raiaan/franka_ros2_ws/install/franka_fr3_moveit_config:/home/raiaan/franka_ros2_ws/install/franka_gripper:/home/raiaan/franka_ros2_ws/install/integration_launch_testing:/home/raiaan/franka_ros2_ws/install/franka_description:/opt/ros/humble LD_LIBRARY_PATH=/home/raiaan/franka_ros2_ws/install/franka_semantic_components/lib:/home/raiaan/franka_ros2_ws/install/franka_hardware/lib:/home/raiaan/franka_ros2_ws/install/libfranka/lib:/home/raiaan/franka_ros2_ws/install/franka_msgs/lib:/usr/lib/x86_64-linux-gnu/gazebo-11/plugins:/home/raiaan/franka_ros2_ws/install/franka_robot_state_broadcaster/lib:/home/raiaan/franka_ros2_ws/install/franka_mobile_example_controllers/lib:/home/raiaan/franka_ros2_ws/install/franka_example_controllers/lib:/home/raiaan/franka_ros2_ws/install/franka_ign_ros2_control/lib:/home/raiaan/franka_ros2_ws/install/franka_gripper/lib:/home/raiaan/franka_ros2_ws/install/integration_launch_testing/lib:/opt/ros/humble/opt/rviz_ogre_vendor/lib:/opt/ros/humble/lib/x86_64-linux-gnu:/opt/ros/humble/lib /usr/bin/cmake --build /home/raiaan/franka_ros2_ws/build/franka_example_controllers -- -j6 -l6
[3.199s] Invoking command in '/home/raiaan/franka_ros2_ws/build/franka_example_controllers': CMAKE_PREFIX_PATH=/home/raiaan/franka_ros2_ws/install/franka_semantic_components:/home/raiaan/franka_ros2_ws/install/franka_hardware:/home/raiaan/franka_ros2_ws/install/libfranka:/home/raiaan/franka_ros2_ws/install/franka_msgs:/home/raiaan/franka_ros2_ws/install/franka_pick_place:/home/raiaan/franka_ros2_ws/install/franka_ros2:/home/raiaan/franka_ros2_ws/install/franka_bringup:/home/raiaan/franka_ros2_ws/install/franka_robot_state_broadcaster:/home/raiaan/franka_ros2_ws/install/franka_mobile_example_controllers:/home/raiaan/franka_ros2_ws/install/franka_example_controllers:/home/raiaan/franka_ros2_ws/install/franka_gazebo_bringup:/home/raiaan/franka_ros2_ws/install/franka_ign_ros2_control:/home/raiaan/franka_ros2_ws/install/franka_fr3_moveit_config:/home/raiaan/franka_ros2_ws/install/franka_gripper:/home/raiaan/franka_ros2_ws/install/integration_launch_testing:/home/raiaan/franka_ros2_ws/install/franka_description:/opt/ros/humble LD_LIBRARY_PATH=/home/raiaan/franka_ros2_ws/install/franka_semantic_components/lib:/home/raiaan/franka_ros2_ws/install/franka_hardware/lib:/home/raiaan/franka_ros2_ws/install/libfranka/lib:/home/raiaan/franka_ros2_ws/install/franka_msgs/lib:/usr/lib/x86_64-linux-gnu/gazebo-11/plugins:/home/raiaan/franka_ros2_ws/install/franka_robot_state_broadcaster/lib:/home/raiaan/franka_ros2_ws/install/franka_mobile_example_controllers/lib:/home/raiaan/franka_ros2_ws/install/franka_example_controllers/lib:/home/raiaan/franka_ros2_ws/install/franka_ign_ros2_control/lib:/home/raiaan/franka_ros2_ws/install/franka_gripper/lib:/home/raiaan/franka_ros2_ws/install/integration_launch_testing/lib:/opt/ros/humble/opt/rviz_ogre_vendor/lib:/opt/ros/humble/lib/x86_64-linux-gnu:/opt/ros/humble/lib /usr/bin/cmake --install /home/raiaan/franka_ros2_ws/build/franka_example_controllers
[3.205s] -- Install configuration: ""
[3.205s] -- Execute custom install script
[3.206s] -- Up-to-date symlink: /home/raiaan/franka_ros2_ws/install/franka_example_controllers/share/franka_example_controllers//franka_example_controllers.xml
[3.206s] -- Up-to-date symlink: /home/raiaan/franka_ros2_ws/install/franka_example_controllers/lib/libfranka_example_controllers.so
[3.206s] -- Up-to-date symlink: /home/raiaan/franka_ros2_ws/install/franka_example_controllers/include/franka_example_controllers/async_motions/ptp_motion_example_node.hpp
[3.206s] -- Up-to-date symlink: /home/raiaan/franka_ros2_ws/install/franka_example_controllers/include/franka_example_controllers/cartesian_elbow_example_controller.hpp
[3.206s] -- Up-to-date symlink: /home/raiaan/franka_ros2_ws/install/franka_example_controllers/include/franka_example_controllers/cartesian_orientation_example_controller.hpp
[3.207s] -- Up-to-date symlink: /home/raiaan/franka_ros2_ws/install/franka_example_controllers/include/franka_example_controllers/cartesian_pose_example_controller.hpp
[3.207s] -- Up-to-date symlink: /home/raiaan/franka_ros2_ws/install/franka_example_controllers/include/franka_example_controllers/cartesian_velocity_example_controller.hpp
[3.207s] -- Up-to-date symlink: /home/raiaan/franka_ros2_ws/install/franka_example_controllers/include/franka_example_controllers/default_robot_behavior_utils.hpp
[3.207s] -- Up-to-date symlink: /home/raiaan/franka_ros2_ws/install/franka_example_controllers/include/franka_example_controllers/elbow_example_controller.hpp
[3.207s] -- Up-to-date symlink: /home/raiaan/franka_ros2_ws/install/franka_example_controllers/include/franka_example_controllers/gravity_compensation_example_controller.hpp
[3.207s] -- Up-to-date symlink: /home/raiaan/franka_ros2_ws/install/franka_example_controllers/include/franka_example_controllers/gripper_example_controller.hpp
[3.207s] -- Up-to-date symlink: /home/raiaan/franka_ros2_ws/install/franka_example_controllers/include/franka_example_controllers/joint_impedance_example_controller.hpp
[3.207s] -- Up-to-date symlink: /home/raiaan/franka_ros2_ws/install/franka_example_controllers/include/franka_example_controllers/joint_impedance_with_ik_example_controller.hpp
[3.208s] -- Up-to-date symlink: /home/raiaan/franka_ros2_ws/install/franka_example_controllers/include/franka_example_controllers/joint_position_example_controller.hpp
[3.208s] -- Up-to-date symlink: /home/raiaan/franka_ros2_ws/install/franka_example_controllers/include/franka_example_controllers/joint_velocity_example_controller.hpp
[3.208s] -- Up-to-date symlink: /home/raiaan/franka_ros2_ws/install/franka_example_controllers/include/franka_example_controllers/model_example_controller.hpp
[3.208s] -- Up-to-date symlink: /home/raiaan/franka_ros2_ws/install/franka_example_controllers/include/franka_example_controllers/motion_generator.hpp
[3.208s] -- Up-to-date symlink: /home/raiaan/franka_ros2_ws/install/franka_example_controllers/include/franka_example_controllers/move_to_start_example_controller.hpp
[3.208s] -- Up-to-date symlink: /home/raiaan/franka_ros2_ws/install/franka_example_controllers/include/franka_example_controllers/robot_utils.hpp
[3.208s] -- Up-to-date symlink: /home/raiaan/franka_ros2_ws/install/franka_example_controllers/include/franka_example_controllers/visibility_control.h
[3.208s] -- Up-to-date symlink: /home/raiaan/franka_ros2_ws/install/franka_example_controllers/lib/franka_example_controllers/ptp_motion_example_node
[3.208s] -- Up-to-date symlink: /home/raiaan/franka_ros2_ws/install/franka_example_controllers/share/franka_example_controllers/environment/library_path.sh
[3.208s] -- Up-to-date symlink: /home/raiaan/franka_ros2_ws/install/franka_example_controllers/share/franka_example_controllers/environment/library_path.dsv
[3.209s] -- Up-to-date symlink: /home/raiaan/franka_ros2_ws/install/franka_example_controllers/share/ament_index/resource_index/package_run_dependencies/franka_example_controllers
[3.209s] -- Up-to-date symlink: /home/raiaan/franka_ros2_ws/install/franka_example_controllers/share/ament_index/resource_index/parent_prefix_path/franka_example_controllers
[3.209s] -- Up-to-date symlink: /home/raiaan/franka_ros2_ws/install/franka_example_controllers/share/franka_example_controllers/environment/ament_prefix_path.sh
[3.209s] -- Up-to-date symlink: /home/raiaan/franka_ros2_ws/install/franka_example_controllers/share/franka_example_controllers/environment/ament_prefix_path.dsv
[3.209s] -- Up-to-date symlink: /home/raiaan/franka_ros2_ws/install/franka_example_controllers/share/franka_example_controllers/environment/path.sh
[3.209s] -- Up-to-date symlink: /home/raiaan/franka_ros2_ws/install/franka_example_controllers/share/franka_example_controllers/environment/path.dsv
[3.210s] -- Up-to-date symlink: /home/raiaan/franka_ros2_ws/install/franka_example_controllers/share/franka_example_controllers/local_setup.bash
[3.210s] -- Up-to-date symlink: /home/raiaan/franka_ros2_ws/install/franka_example_controllers/share/franka_example_controllers/local_setup.sh
[3.210s] -- Up-to-date symlink: /home/raiaan/franka_ros2_ws/install/franka_example_controllers/share/franka_example_controllers/local_setup.zsh
[3.210s] -- Up-to-date symlink: /home/raiaan/franka_ros2_ws/install/franka_example_controllers/share/franka_example_controllers/local_setup.dsv
[3.210s] -- Symlinking: /home/raiaan/franka_ros2_ws/install/franka_example_controllers/share/franka_example_controllers/package.dsv
[3.218s] -- Up-to-date symlink: /home/raiaan/franka_ros2_ws/install/franka_example_controllers/share/ament_index/resource_index/packages/franka_example_controllers
[3.218s] -- Up-to-date symlink: /home/raiaan/franka_ros2_ws/install/franka_example_controllers/share/ament_index/resource_index/controller_interface__pluginlib__plugin/franka_example_controllers
[3.218s] -- Up-to-date symlink: /home/raiaan/franka_ros2_ws/install/franka_example_controllers/share/franka_example_controllers/cmake/ament_cmake_export_include_directories-extras.cmake
[3.218s] -- Up-to-date symlink: /home/raiaan/franka_ros2_ws/install/franka_example_controllers/share/franka_example_controllers/cmake/ament_cmake_export_libraries-extras.cmake
[3.218s] -- Up-to-date symlink: /home/raiaan/franka_ros2_ws/install/franka_example_controllers/share/franka_example_controllers/cmake/ament_cmake_export_dependencies-extras.cmake
[3.218s] -- Up-to-date symlink: /home/raiaan/franka_ros2_ws/install/franka_example_controllers/share/franka_example_controllers/cmake/franka_example_controllersConfig.cmake
[3.218s] -- Up-to-date symlink: /home/raiaan/franka_ros2_ws/install/franka_example_controllers/share/franka_example_controllers/cmake/franka_example_controllersConfig-version.cmake
[3.218s] -- Up-to-date symlink: /home/raiaan/franka_ros2_ws/install/franka_example_controllers/share/franka_example_controllers/package.xml
[3.220s] Invoked command in '/home/raiaan/franka_ros2_ws/build/franka_example_controllers' returned '0': CMAKE_PREFIX_PATH=/home/raiaan/franka_ros2_ws/install/franka_semantic_components:/home/raiaan/franka_ros2_ws/install/franka_hardware:/home/raiaan/franka_ros2_ws/install/libfranka:/home/raiaan/franka_ros2_ws/install/franka_msgs:/home/raiaan/franka_ros2_ws/install/franka_pick_place:/home/raiaan/franka_ros2_ws/install/franka_ros2:/home/raiaan/franka_ros2_ws/install/franka_bringup:/home/raiaan/franka_ros2_ws/install/franka_robot_state_broadcaster:/home/raiaan/franka_ros2_ws/install/franka_mobile_example_controllers:/home/raiaan/franka_ros2_ws/install/franka_example_controllers:/home/raiaan/franka_ros2_ws/install/franka_gazebo_bringup:/home/raiaan/franka_ros2_ws/install/franka_ign_ros2_control:/home/raiaan/franka_ros2_ws/install/franka_fr3_moveit_config:/home/raiaan/franka_ros2_ws/install/franka_gripper:/home/raiaan/franka_ros2_ws/install/integration_launch_testing:/home/raiaan/franka_ros2_ws/install/franka_description:/opt/ros/humble LD_LIBRARY_PATH=/home/raiaan/franka_ros2_ws/install/franka_semantic_components/lib:/home/raiaan/franka_ros2_ws/install/franka_hardware/lib:/home/raiaan/franka_ros2_ws/install/libfranka/lib:/home/raiaan/franka_ros2_ws/install/franka_msgs/lib:/usr/lib/x86_64-linux-gnu/gazebo-11/plugins:/home/raiaan/franka_ros2_ws/install/franka_robot_state_broadcaster/lib:/home/raiaan/franka_ros2_ws/install/franka_mobile_example_controllers/lib:/home/raiaan/franka_ros2_ws/install/franka_example_controllers/lib:/home/raiaan/franka_ros2_ws/install/franka_ign_ros2_control/lib:/home/raiaan/franka_ros2_ws/install/franka_gripper/lib:/home/raiaan/franka_ros2_ws/install/integration_launch_testing/lib:/opt/ros/humble/opt/rviz_ogre_vendor/lib:/opt/ros/humble/lib/x86_64-linux-gnu:/opt/ros/humble/lib /usr/bin/cmake --install /home/raiaan/franka_ros2_ws/build/franka_example_controllers
