[ 50%] Built target ign_hardware_plugins
[100%] Built target franka_ign_ros2_control-system
-- Install configuration: ""
-- Execute custom install script
-- Up-to-date symlink: /home/raiaan/franka_ros2_ws/install/franka_ign_ros2_control/lib/libign_hardware_plugins.so
-- Up-to-date symlink: /home/raiaan/franka_ros2_ws/install/franka_ign_ros2_control/include/ign_ros2_control/ign_ros2_control_plugin.hpp
-- Up-to-date symlink: /home/raiaan/franka_ros2_ws/install/franka_ign_ros2_control/include/ign_ros2_control/ign_system.hpp
-- Up-to-date symlink: /home/raiaan/franka_ros2_ws/install/franka_ign_ros2_control/include/ign_ros2_control/ign_system_interface.hpp
-- Up-to-date symlink: /home/raiaan/franka_ros2_ws/install/franka_ign_ros2_control/include/ign_ros2_control/model_kdl.h
-- Up-to-date symlink: /home/raiaan/franka_ros2_ws/install/franka_ign_ros2_control/share/franka_ign_ros2_control/environment/library_path.sh
-- Up-to-date symlink: /home/raiaan/franka_ros2_ws/install/franka_ign_ros2_control/share/franka_ign_ros2_control/environment/library_path.dsv
-- Up-to-date symlink: /home/raiaan/franka_ros2_ws/install/franka_ign_ros2_control/lib/libfranka_ign_ros2_control-system.so
-- Up-to-date symlink: /home/raiaan/franka_ros2_ws/install/franka_ign_ros2_control/share/franka_ign_ros2_control//ign_hardware_plugins.xml
-- Up-to-date symlink: /home/raiaan/franka_ros2_ws/install/franka_ign_ros2_control/share/ament_index/resource_index/package_run_dependencies/franka_ign_ros2_control
-- Up-to-date symlink: /home/raiaan/franka_ros2_ws/install/franka_ign_ros2_control/share/ament_index/resource_index/parent_prefix_path/franka_ign_ros2_control
-- Up-to-date symlink: /home/raiaan/franka_ros2_ws/install/franka_ign_ros2_control/share/franka_ign_ros2_control/environment/ament_prefix_path.sh
-- Up-to-date symlink: /home/raiaan/franka_ros2_ws/install/franka_ign_ros2_control/share/franka_ign_ros2_control/environment/ament_prefix_path.dsv
-- Up-to-date symlink: /home/raiaan/franka_ros2_ws/install/franka_ign_ros2_control/share/franka_ign_ros2_control/environment/path.sh
-- Up-to-date symlink: /home/raiaan/franka_ros2_ws/install/franka_ign_ros2_control/share/franka_ign_ros2_control/environment/path.dsv
-- Up-to-date symlink: /home/raiaan/franka_ros2_ws/install/franka_ign_ros2_control/share/franka_ign_ros2_control/local_setup.bash
-- Up-to-date symlink: /home/raiaan/franka_ros2_ws/install/franka_ign_ros2_control/share/franka_ign_ros2_control/local_setup.sh
-- Up-to-date symlink: /home/raiaan/franka_ros2_ws/install/franka_ign_ros2_control/share/franka_ign_ros2_control/local_setup.zsh
-- Up-to-date symlink: /home/raiaan/franka_ros2_ws/install/franka_ign_ros2_control/share/franka_ign_ros2_control/local_setup.dsv
-- Symlinking: /home/raiaan/franka_ros2_ws/install/franka_ign_ros2_control/share/franka_ign_ros2_control/package.dsv
-- Up-to-date symlink: /home/raiaan/franka_ros2_ws/install/franka_ign_ros2_control/share/ament_index/resource_index/packages/franka_ign_ros2_control
-- Up-to-date symlink: /home/raiaan/franka_ros2_ws/install/franka_ign_ros2_control/share/ament_index/resource_index/franka_ign_ros2_control__pluginlib__plugin/franka_ign_ros2_control
-- Up-to-date symlink: /home/raiaan/franka_ros2_ws/install/franka_ign_ros2_control/share/franka_ign_ros2_control/cmake/ament_cmake_export_include_directories-extras.cmake
-- Up-to-date symlink: /home/raiaan/franka_ros2_ws/install/franka_ign_ros2_control/share/franka_ign_ros2_control/cmake/ament_cmake_export_libraries-extras.cmake
-- Up-to-date symlink: /home/raiaan/franka_ros2_ws/install/franka_ign_ros2_control/share/franka_ign_ros2_control/cmake/franka_ign_ros2_controlConfig.cmake
-- Up-to-date symlink: /home/raiaan/franka_ros2_ws/install/franka_ign_ros2_control/share/franka_ign_ros2_control/cmake/franka_ign_ros2_controlConfig-version.cmake
-- Up-to-date symlink: /home/raiaan/franka_ros2_ws/install/franka_ign_ros2_control/share/franka_ign_ros2_control/package.xml
