[2.261s] Invoking command in '/home/raiaan/franka_ros2_ws/build/franka_hardware': CMAKE_PREFIX_PATH=/home/raiaan/franka_ros2_ws/install/libfranka:/home/raiaan/franka_ros2_ws/install/franka_msgs:/home/raiaan/franka_ros2_ws/install/franka_ros2:/home/raiaan/franka_ros2_ws/install/franka_bringup:/home/raiaan/franka_ros2_ws/install/franka_robot_state_broadcaster:/home/raiaan/franka_ros2_ws/install/franka_mobile_example_controllers:/home/raiaan/franka_ros2_ws/install/franka_example_controllers:/home/raiaan/franka_ros2_ws/install/franka_semantic_components:/home/raiaan/franka_ros2_ws/install/franka_gazebo_bringup:/home/raiaan/franka_ros2_ws/install/franka_ign_ros2_control:/home/raiaan/franka_ros2_ws/install/franka_fr3_moveit_config:/home/raiaan/franka_ros2_ws/install/franka_hardware:/home/raiaan/franka_ros2_ws/install/franka_gripper:/home/raiaan/franka_ros2_ws/install/integration_launch_testing:/home/raiaan/franka_ros2_ws/install/franka_description:/opt/ros/humble LD_LIBRARY_PATH=/home/raiaan/franka_ros2_ws/install/libfranka/lib:/home/raiaan/franka_ros2_ws/install/franka_msgs/lib:/home/raiaan/franka_ros2_ws/install/franka_robot_state_broadcaster/lib:/home/raiaan/franka_ros2_ws/install/franka_mobile_example_controllers/lib:/home/raiaan/franka_ros2_ws/install/franka_example_controllers/lib:/home/raiaan/franka_ros2_ws/install/franka_semantic_components/lib:/home/raiaan/franka_ros2_ws/install/franka_ign_ros2_control/lib:/home/raiaan/franka_ros2_ws/install/franka_hardware/lib:/home/raiaan/franka_ros2_ws/install/franka_gripper/lib:/home/raiaan/franka_ros2_ws/install/integration_launch_testing/lib:/opt/ros/humble/opt/rviz_ogre_vendor/lib:/opt/ros/humble/lib/x86_64-linux-gnu:/opt/ros/humble/lib /usr/bin/cmake --build /home/raiaan/franka_ros2_ws/build/franka_hardware -- -j6 -l6
[2.312s] -- Found ament_cmake: 1.3.12 (/opt/ros/humble/share/ament_cmake/cmake)
[2.441s] -- Override CMake install command with custom implementation using symlinks instead of copying resources
[2.468s] -- Found rclcpp: 16.0.17 (/opt/ros/humble/share/rclcpp/cmake)
[3.292s] -- Found rosidl_generator_c: 3.1.8 (/opt/ros/humble/share/rosidl_generator_c/cmake)
[3.297s] -- Found rosidl_adapter: 3.1.8 (/opt/ros/humble/share/rosidl_adapter/cmake)
[3.308s] -- Found rosidl_generator_cpp: 3.1.8 (/opt/ros/humble/share/rosidl_generator_cpp/cmake)
[3.327s] -- Using all available rosidl_typesupport_c: rosidl_typesupport_fastrtps_c;rosidl_typesupport_introspection_c
[3.346s] -- Using all available rosidl_typesupport_cpp: rosidl_typesupport_fastrtps_cpp;rosidl_typesupport_introspection_cpp
[3.405s] -- Found rmw_implementation_cmake: 6.1.2 (/opt/ros/humble/share/rmw_implementation_cmake/cmake)
[3.409s] -- Found rmw_fastrtps_cpp: 6.2.9 (/opt/ros/humble/share/rmw_fastrtps_cpp/cmake)
[34.985s] -- Using RMW implementation 'rmw_fastrtps_cpp' as default
[35.097s] -- Found rclcpp_action: 16.0.17 (/opt/ros/humble/share/rclcpp_action/cmake)
[35.156s] -- Found franka_msgs: 2.2.0 (/home/raiaan/franka_ros2_ws/install/franka_msgs/share/franka_msgs/cmake)
[35.229s] -- Found hardware_interface: 2.53.0 (/opt/ros/humble/share/hardware_interface/cmake)
[41.039s] -- Found rclcpp_components: 16.0.17 (/opt/ros/humble/share/rclcpp_components/cmake)
[41.071s] -- Found ament_cmake_clang_format: 0.12.14 (/opt/ros/humble/share/ament_cmake_clang_format/cmake)
[41.073s] -- Found ament_cmake_copyright: 0.12.14 (/opt/ros/humble/share/ament_cmake_copyright/cmake)
[41.075s] -- Found ament_cmake_cppcheck: 0.12.14 (/opt/ros/humble/share/ament_cmake_cppcheck/cmake)
[41.077s] -- Found ament_cmake_flake8: 0.12.14 (/opt/ros/humble/share/ament_cmake_flake8/cmake)
[41.079s] -- Found ament_cmake_lint_cmake: 0.12.14 (/opt/ros/humble/share/ament_cmake_lint_cmake/cmake)
[41.081s] -- Found ament_cmake_pep257: 0.12.14 (/opt/ros/humble/share/ament_cmake_pep257/cmake)
[41.084s] -- Found ament_cmake_xmllint: 0.12.14 (/opt/ros/humble/share/ament_cmake_xmllint/cmake)
[41.093s] -- Found ament_cmake_gmock: 1.3.12 (/opt/ros/humble/share/ament_cmake_gmock/cmake)
[41.095s] -- Found gmock sources under '/opt/ros/humble/src/gmock_vendor': C++ tests using 'Google Mock' will be built
[41.099s] -- Found ament_cmake_gtest: 1.3.12 (/opt/ros/humble/share/ament_cmake_gtest/cmake)
[41.104s] -- Found gtest sources under '/opt/ros/humble/src/gtest_vendor': C++ tests using 'Google Test' will be built
[41.213s] -- Configuring done
[41.290s] -- Generating done
[41.310s] -- Build files have been written to: /home/raiaan/franka_ros2_ws/build/franka_hardware
[41.344s] [35m[1mConsolidate compiler generated dependencies of target gmock_main[0m
[41.345s] [35m[1mConsolidate compiler generated dependencies of target gmock[0m
[41.353s] [35m[1mConsolidate compiler generated dependencies of target franka_hardware[0m
[41.359s] [  9%] Built target gmock_main
[41.360s] [ 23%] Built target gmock
[41.386s] [ 28%] [32m[1mLinking CXX shared library libfranka_hardware.so[0m
[42.528s] [ 61%] Built target franka_hardware
[42.541s] [35m[1mConsolidate compiler generated dependencies of target franka_hardware_robot_test[0m
[42.541s] [35m[1mConsolidate compiler generated dependencies of target franka_hardware_command_interface_test[0m
[42.545s] [35m[1mConsolidate compiler generated dependencies of target franka_hardware_test[0m
[42.561s] [ 71%] [32m[1mLinking CXX executable franka_hardware_robot_test[0m
[42.561s] [ 71%] [32m[1mLinking CXX executable franka_hardware_command_interface_test[0m
[42.568s] [ 76%] [32m[1mLinking CXX executable franka_hardware_test[0m
[43.460s] [ 80%] Built target franka_hardware_command_interface_test
[43.496s] [ 85%] Built target franka_hardware_robot_test
[44.243s] [100%] Built target franka_hardware_test
[44.254s] Invoked command in '/home/raiaan/franka_ros2_ws/build/franka_hardware' returned '0': CMAKE_PREFIX_PATH=/home/raiaan/franka_ros2_ws/install/libfranka:/home/raiaan/franka_ros2_ws/install/franka_msgs:/home/raiaan/franka_ros2_ws/install/franka_ros2:/home/raiaan/franka_ros2_ws/install/franka_bringup:/home/raiaan/franka_ros2_ws/install/franka_robot_state_broadcaster:/home/raiaan/franka_ros2_ws/install/franka_mobile_example_controllers:/home/raiaan/franka_ros2_ws/install/franka_example_controllers:/home/raiaan/franka_ros2_ws/install/franka_semantic_components:/home/raiaan/franka_ros2_ws/install/franka_gazebo_bringup:/home/raiaan/franka_ros2_ws/install/franka_ign_ros2_control:/home/raiaan/franka_ros2_ws/install/franka_fr3_moveit_config:/home/raiaan/franka_ros2_ws/install/franka_hardware:/home/raiaan/franka_ros2_ws/install/franka_gripper:/home/raiaan/franka_ros2_ws/install/integration_launch_testing:/home/raiaan/franka_ros2_ws/install/franka_description:/opt/ros/humble LD_LIBRARY_PATH=/home/raiaan/franka_ros2_ws/install/libfranka/lib:/home/raiaan/franka_ros2_ws/install/franka_msgs/lib:/home/raiaan/franka_ros2_ws/install/franka_robot_state_broadcaster/lib:/home/raiaan/franka_ros2_ws/install/franka_mobile_example_controllers/lib:/home/raiaan/franka_ros2_ws/install/franka_example_controllers/lib:/home/raiaan/franka_ros2_ws/install/franka_semantic_components/lib:/home/raiaan/franka_ros2_ws/install/franka_ign_ros2_control/lib:/home/raiaan/franka_ros2_ws/install/franka_hardware/lib:/home/raiaan/franka_ros2_ws/install/franka_gripper/lib:/home/raiaan/franka_ros2_ws/install/integration_launch_testing/lib:/opt/ros/humble/opt/rviz_ogre_vendor/lib:/opt/ros/humble/lib/x86_64-linux-gnu:/opt/ros/humble/lib /usr/bin/cmake --build /home/raiaan/franka_ros2_ws/build/franka_hardware -- -j6 -l6
[44.258s] Invoking command in '/home/raiaan/franka_ros2_ws/build/franka_hardware': CMAKE_PREFIX_PATH=/home/raiaan/franka_ros2_ws/install/libfranka:/home/raiaan/franka_ros2_ws/install/franka_msgs:/home/raiaan/franka_ros2_ws/install/franka_ros2:/home/raiaan/franka_ros2_ws/install/franka_bringup:/home/raiaan/franka_ros2_ws/install/franka_robot_state_broadcaster:/home/raiaan/franka_ros2_ws/install/franka_mobile_example_controllers:/home/raiaan/franka_ros2_ws/install/franka_example_controllers:/home/raiaan/franka_ros2_ws/install/franka_semantic_components:/home/raiaan/franka_ros2_ws/install/franka_gazebo_bringup:/home/raiaan/franka_ros2_ws/install/franka_ign_ros2_control:/home/raiaan/franka_ros2_ws/install/franka_fr3_moveit_config:/home/raiaan/franka_ros2_ws/install/franka_hardware:/home/raiaan/franka_ros2_ws/install/franka_gripper:/home/raiaan/franka_ros2_ws/install/integration_launch_testing:/home/raiaan/franka_ros2_ws/install/franka_description:/opt/ros/humble LD_LIBRARY_PATH=/home/raiaan/franka_ros2_ws/install/libfranka/lib:/home/raiaan/franka_ros2_ws/install/franka_msgs/lib:/home/raiaan/franka_ros2_ws/install/franka_robot_state_broadcaster/lib:/home/raiaan/franka_ros2_ws/install/franka_mobile_example_controllers/lib:/home/raiaan/franka_ros2_ws/install/franka_example_controllers/lib:/home/raiaan/franka_ros2_ws/install/franka_semantic_components/lib:/home/raiaan/franka_ros2_ws/install/franka_ign_ros2_control/lib:/home/raiaan/franka_ros2_ws/install/franka_hardware/lib:/home/raiaan/franka_ros2_ws/install/franka_gripper/lib:/home/raiaan/franka_ros2_ws/install/integration_launch_testing/lib:/opt/ros/humble/opt/rviz_ogre_vendor/lib:/opt/ros/humble/lib/x86_64-linux-gnu:/opt/ros/humble/lib /usr/bin/cmake --install /home/raiaan/franka_ros2_ws/build/franka_hardware
[44.264s] -- Install configuration: ""
[44.264s] -- Execute custom install script
[44.265s] -- Up-to-date symlink: /home/raiaan/franka_ros2_ws/install/franka_hardware/share/franka_hardware//franka_hardware.xml
[44.266s] -- Up-to-date symlink: /home/raiaan/franka_ros2_ws/install/franka_hardware/lib/libfranka_hardware.so
[44.268s] -- Up-to-date symlink: /home/raiaan/franka_ros2_ws/install/franka_hardware/include/franka_hardware/actions_helper/ptp_motion_handler.hpp
[44.268s] -- Up-to-date symlink: /home/raiaan/franka_ros2_ws/install/franka_hardware/include/franka_hardware/franka_action_server.hpp
[44.268s] -- Up-to-date symlink: /home/raiaan/franka_ros2_ws/install/franka_hardware/include/franka_hardware/franka_executor.hpp
[44.269s] -- Up-to-date symlink: /home/raiaan/franka_ros2_ws/install/franka_hardware/include/franka_hardware/franka_hardware_interface.hpp
[44.269s] -- Up-to-date symlink: /home/raiaan/franka_ros2_ws/install/franka_hardware/include/franka_hardware/franka_param_service_server.hpp
[44.269s] -- Up-to-date symlink: /home/raiaan/franka_ros2_ws/install/franka_hardware/include/franka_hardware/model.hpp
[44.270s] -- Up-to-date symlink: /home/raiaan/franka_ros2_ws/install/franka_hardware/include/franka_hardware/robot.hpp
[44.270s] -- Up-to-date symlink: /home/raiaan/franka_ros2_ws/install/franka_hardware/include/franka_hardware/ros_libfranka_logger.hpp
[44.271s] -- Up-to-date symlink: /home/raiaan/franka_ros2_ws/install/franka_hardware/share/franka_hardware/environment/library_path.sh
[44.271s] -- Up-to-date symlink: /home/raiaan/franka_ros2_ws/install/franka_hardware/share/franka_hardware/environment/library_path.dsv
[44.271s] -- Up-to-date symlink: /home/raiaan/franka_ros2_ws/install/franka_hardware/share/ament_index/resource_index/package_run_dependencies/franka_hardware
[44.272s] -- Up-to-date symlink: /home/raiaan/franka_ros2_ws/install/franka_hardware/share/ament_index/resource_index/parent_prefix_path/franka_hardware
[44.272s] -- Up-to-date symlink: /home/raiaan/franka_ros2_ws/install/franka_hardware/share/franka_hardware/environment/ament_prefix_path.sh
[44.273s] -- Up-to-date symlink: /home/raiaan/franka_ros2_ws/install/franka_hardware/share/franka_hardware/environment/ament_prefix_path.dsv
[44.273s] -- Up-to-date symlink: /home/raiaan/franka_ros2_ws/install/franka_hardware/share/franka_hardware/environment/path.sh
[44.273s] -- Up-to-date symlink: /home/raiaan/franka_ros2_ws/install/franka_hardware/share/franka_hardware/environment/path.dsv
[44.274s] -- Up-to-date symlink: /home/raiaan/franka_ros2_ws/install/franka_hardware/share/franka_hardware/local_setup.bash
[44.274s] -- Up-to-date symlink: /home/raiaan/franka_ros2_ws/install/franka_hardware/share/franka_hardware/local_setup.sh
[44.274s] -- Up-to-date symlink: /home/raiaan/franka_ros2_ws/install/franka_hardware/share/franka_hardware/local_setup.zsh
[44.275s] -- Up-to-date symlink: /home/raiaan/franka_ros2_ws/install/franka_hardware/share/franka_hardware/local_setup.dsv
[44.275s] -- Symlinking: /home/raiaan/franka_ros2_ws/install/franka_hardware/share/franka_hardware/package.dsv
[44.284s] -- Up-to-date symlink: /home/raiaan/franka_ros2_ws/install/franka_hardware/share/ament_index/resource_index/packages/franka_hardware
[44.284s] -- Up-to-date symlink: /home/raiaan/franka_ros2_ws/install/franka_hardware/share/ament_index/resource_index/hardware_interface__pluginlib__plugin/franka_hardware
[44.285s] -- Up-to-date symlink: /home/raiaan/franka_ros2_ws/install/franka_hardware/share/franka_hardware/cmake/ament_cmake_export_include_directories-extras.cmake
[44.286s] -- Up-to-date symlink: /home/raiaan/franka_ros2_ws/install/franka_hardware/share/franka_hardware/cmake/ament_cmake_export_libraries-extras.cmake
[44.286s] -- Up-to-date symlink: /home/raiaan/franka_ros2_ws/install/franka_hardware/share/franka_hardware/cmake/ament_cmake_export_dependencies-extras.cmake
[44.287s] -- Up-to-date symlink: /home/raiaan/franka_ros2_ws/install/franka_hardware/share/franka_hardware/cmake/franka_hardwareConfig.cmake
[44.287s] -- Up-to-date symlink: /home/raiaan/franka_ros2_ws/install/franka_hardware/share/franka_hardware/cmake/franka_hardwareConfig-version.cmake
[44.288s] -- Up-to-date symlink: /home/raiaan/franka_ros2_ws/install/franka_hardware/share/franka_hardware/package.xml
[44.290s] Invoked command in '/home/raiaan/franka_ros2_ws/build/franka_hardware' returned '0': CMAKE_PREFIX_PATH=/home/raiaan/franka_ros2_ws/install/libfranka:/home/raiaan/franka_ros2_ws/install/franka_msgs:/home/raiaan/franka_ros2_ws/install/franka_ros2:/home/raiaan/franka_ros2_ws/install/franka_bringup:/home/raiaan/franka_ros2_ws/install/franka_robot_state_broadcaster:/home/raiaan/franka_ros2_ws/install/franka_mobile_example_controllers:/home/raiaan/franka_ros2_ws/install/franka_example_controllers:/home/raiaan/franka_ros2_ws/install/franka_semantic_components:/home/raiaan/franka_ros2_ws/install/franka_gazebo_bringup:/home/raiaan/franka_ros2_ws/install/franka_ign_ros2_control:/home/raiaan/franka_ros2_ws/install/franka_fr3_moveit_config:/home/raiaan/franka_ros2_ws/install/franka_hardware:/home/raiaan/franka_ros2_ws/install/franka_gripper:/home/raiaan/franka_ros2_ws/install/integration_launch_testing:/home/raiaan/franka_ros2_ws/install/franka_description:/opt/ros/humble LD_LIBRARY_PATH=/home/raiaan/franka_ros2_ws/install/libfranka/lib:/home/raiaan/franka_ros2_ws/install/franka_msgs/lib:/home/raiaan/franka_ros2_ws/install/franka_robot_state_broadcaster/lib:/home/raiaan/franka_ros2_ws/install/franka_mobile_example_controllers/lib:/home/raiaan/franka_ros2_ws/install/franka_example_controllers/lib:/home/raiaan/franka_ros2_ws/install/franka_semantic_components/lib:/home/raiaan/franka_ros2_ws/install/franka_ign_ros2_control/lib:/home/raiaan/franka_ros2_ws/install/franka_hardware/lib:/home/raiaan/franka_ros2_ws/install/franka_gripper/lib:/home/raiaan/franka_ros2_ws/install/integration_launch_testing/lib:/opt/ros/humble/opt/rviz_ogre_vendor/lib:/opt/ros/humble/lib/x86_64-linux-gnu:/opt/ros/humble/lib /usr/bin/cmake --install /home/raiaan/franka_ros2_ws/build/franka_hardware
