[1.928s] Invoking command in '/home/raiaan/franka_ros2_ws/build/franka_semantic_components': CMAKE_PREFIX_PATH=/home/raiaan/franka_ros2_ws/install/franka_hardware:/home/raiaan/franka_ros2_ws/install/libfranka:/home/raiaan/franka_ros2_ws/install/franka_msgs:/home/raiaan/franka_ros2_ws/install/franka_ros2:/home/raiaan/franka_ros2_ws/install/franka_bringup:/home/raiaan/franka_ros2_ws/install/franka_robot_state_broadcaster:/home/raiaan/franka_ros2_ws/install/franka_mobile_example_controllers:/home/raiaan/franka_ros2_ws/install/franka_example_controllers:/home/raiaan/franka_ros2_ws/install/franka_semantic_components:/home/raiaan/franka_ros2_ws/install/franka_gazebo_bringup:/home/raiaan/franka_ros2_ws/install/franka_ign_ros2_control:/home/raiaan/franka_ros2_ws/install/franka_fr3_moveit_config:/home/raiaan/franka_ros2_ws/install/franka_gripper:/home/raiaan/franka_ros2_ws/install/integration_launch_testing:/home/raiaan/franka_ros2_ws/install/franka_description:/opt/ros/humble LD_LIBRARY_PATH=/home/raiaan/franka_ros2_ws/install/franka_hardware/lib:/home/raiaan/franka_ros2_ws/install/libfranka/lib:/home/raiaan/franka_ros2_ws/install/franka_msgs/lib:/home/raiaan/franka_ros2_ws/install/franka_robot_state_broadcaster/lib:/home/raiaan/franka_ros2_ws/install/franka_mobile_example_controllers/lib:/home/raiaan/franka_ros2_ws/install/franka_example_controllers/lib:/home/raiaan/franka_ros2_ws/install/franka_semantic_components/lib:/home/raiaan/franka_ros2_ws/install/franka_ign_ros2_control/lib:/home/raiaan/franka_ros2_ws/install/franka_gripper/lib:/home/raiaan/franka_ros2_ws/install/integration_launch_testing/lib:/opt/ros/humble/opt/rviz_ogre_vendor/lib:/opt/ros/humble/lib/x86_64-linux-gnu:/opt/ros/humble/lib /usr/bin/cmake --build /home/raiaan/franka_ros2_ws/build/franka_semantic_components -- -j6 -l6
[1.966s] -- Found ament_cmake: 1.3.12 (/opt/ros/humble/share/ament_cmake/cmake)
[2.077s] -- Override CMake install command with custom implementation using symlinks instead of copying resources
[2.086s] -- Found franka_hardware: 2.2.0 (/home/raiaan/franka_ros2_ws/install/franka_hardware/share/franka_hardware/cmake)
[2.671s] -- Found rosidl_generator_c: 3.1.8 (/opt/ros/humble/share/rosidl_generator_c/cmake)
[2.673s] -- Found rosidl_adapter: 3.1.8 (/opt/ros/humble/share/rosidl_adapter/cmake)
[2.677s] -- Found rosidl_generator_cpp: 3.1.8 (/opt/ros/humble/share/rosidl_generator_cpp/cmake)
[2.685s] -- Using all available rosidl_typesupport_c: rosidl_typesupport_fastrtps_c;rosidl_typesupport_introspection_c
[2.694s] -- Using all available rosidl_typesupport_cpp: rosidl_typesupport_fastrtps_cpp;rosidl_typesupport_introspection_cpp
[8.507s] -- Found rmw_implementation_cmake: 6.1.2 (/opt/ros/humble/share/rmw_implementation_cmake/cmake)
[8.509s] -- Found rmw_fastrtps_cpp: 6.2.9 (/opt/ros/humble/share/rmw_fastrtps_cpp/cmake)
[8.524s] -- Found TinyXML2 via Config file: TinyXML2_DIR-NOTFOUND
[8.532s] -- Found TinyXML2 via Config file: TinyXML2_DIR-NOTFOUND
[8.886s] -- Found TinyXML2 via Config file: TinyXML2_DIR-NOTFOUND
[8.895s] -- Found TinyXML2 via Config file: TinyXML2_DIR-NOTFOUND
[9.286s] -- Using RMW implementation 'rmw_fastrtps_cpp' as default
[9.322s] -- Found franka_msgs: 2.2.0 (/home/raiaan/franka_ros2_ws/install/franka_msgs/share/franka_msgs/cmake)
[9.340s] -- Found controller_interface: 2.53.0 (/opt/ros/humble/share/controller_interface/cmake)
[9.344s] -- Found urdf: 2.6.1 (/opt/ros/humble/share/urdf/cmake)
[9.362s] -- Found ament_cmake_clang_format: 0.12.14 (/opt/ros/humble/share/ament_cmake_clang_format/cmake)
[9.363s] -- Found ament_cmake_copyright: 0.12.14 (/opt/ros/humble/share/ament_cmake_copyright/cmake)
[9.363s] -- Found ament_cmake_cppcheck: 0.12.14 (/opt/ros/humble/share/ament_cmake_cppcheck/cmake)
[9.363s] -- Found ament_cmake_flake8: 0.12.14 (/opt/ros/humble/share/ament_cmake_flake8/cmake)
[9.364s] -- Found ament_cmake_lint_cmake: 0.12.14 (/opt/ros/humble/share/ament_cmake_lint_cmake/cmake)
[9.364s] -- Found ament_cmake_pep257: 0.12.14 (/opt/ros/humble/share/ament_cmake_pep257/cmake)
[9.364s] -- Found ament_cmake_xmllint: 0.12.14 (/opt/ros/humble/share/ament_cmake_xmllint/cmake)
[9.365s] -- Found ament_cmake_gmock: 1.3.12 (/opt/ros/humble/share/ament_cmake_gmock/cmake)
[9.367s] -- Found gmock sources under '/opt/ros/humble/src/gmock_vendor': C++ tests using 'Google Mock' will be built
[9.369s] -- Found ament_cmake_gtest: 1.3.12 (/opt/ros/humble/share/ament_cmake_gtest/cmake)
[9.369s] -- Found gtest sources under '/opt/ros/humble/src/gtest_vendor': C++ tests using 'Google Test' will be built
[9.446s] -- Configuring done
[9.548s] -- Generating done
[9.571s] -- Build files have been written to: /home/raiaan/franka_ros2_ws/build/franka_semantic_components
[9.602s] [35m[1mConsolidate compiler generated dependencies of target gmock_main[0m
[9.604s] [35m[1mConsolidate compiler generated dependencies of target gmock[0m
[9.607s] [35m[1mConsolidate compiler generated dependencies of target franka_semantic_components[0m
[9.615s] [  9%] Built target gmock_main
[9.616s] [ 22%] Built target gmock
[9.631s] [ 27%] [32m[1mLinking CXX shared library libfranka_semantic_components.so[0m
[10.424s] [ 54%] Built target franka_semantic_components
[10.435s] [35m[1mConsolidate compiler generated dependencies of target franka_semantic_component_interface_test[0m
[10.436s] [35m[1mConsolidate compiler generated dependencies of target test_franka_robot_state[0m
[10.436s] [35m[1mConsolidate compiler generated dependencies of target franka_cartesian_velocity_interface_test[0m
[10.437s] [35m[1mConsolidate compiler generated dependencies of target test_franka_robot_model[0m
[10.438s] [35m[1mConsolidate compiler generated dependencies of target franka_cartesian_pose_interface_test[0m
[10.450s] [ 59%] [32m[1mLinking CXX executable test_franka_robot_state[0m
[10.450s] [ 63%] [32m[1mLinking CXX executable franka_semantic_component_interface_test[0m
[10.450s] [ 68%] [32m[1mLinking CXX executable franka_cartesian_velocity_interface_test[0m
[10.454s] [ 72%] [32m[1mLinking CXX executable test_franka_robot_model[0m
[10.456s] [ 77%] [32m[1mLinking CXX executable franka_cartesian_pose_interface_test[0m
[11.504s] [ 81%] Built target franka_cartesian_pose_interface_test
[11.527s] [ 86%] Built target test_franka_robot_state
[11.563s] [ 90%] Built target franka_semantic_component_interface_test
[11.571s] [ 95%] Built target franka_cartesian_velocity_interface_test
[11.603s] [100%] Built target test_franka_robot_model
[11.615s] Invoked command in '/home/raiaan/franka_ros2_ws/build/franka_semantic_components' returned '0': CMAKE_PREFIX_PATH=/home/raiaan/franka_ros2_ws/install/franka_hardware:/home/raiaan/franka_ros2_ws/install/libfranka:/home/raiaan/franka_ros2_ws/install/franka_msgs:/home/raiaan/franka_ros2_ws/install/franka_ros2:/home/raiaan/franka_ros2_ws/install/franka_bringup:/home/raiaan/franka_ros2_ws/install/franka_robot_state_broadcaster:/home/raiaan/franka_ros2_ws/install/franka_mobile_example_controllers:/home/raiaan/franka_ros2_ws/install/franka_example_controllers:/home/raiaan/franka_ros2_ws/install/franka_semantic_components:/home/raiaan/franka_ros2_ws/install/franka_gazebo_bringup:/home/raiaan/franka_ros2_ws/install/franka_ign_ros2_control:/home/raiaan/franka_ros2_ws/install/franka_fr3_moveit_config:/home/raiaan/franka_ros2_ws/install/franka_gripper:/home/raiaan/franka_ros2_ws/install/integration_launch_testing:/home/raiaan/franka_ros2_ws/install/franka_description:/opt/ros/humble LD_LIBRARY_PATH=/home/raiaan/franka_ros2_ws/install/franka_hardware/lib:/home/raiaan/franka_ros2_ws/install/libfranka/lib:/home/raiaan/franka_ros2_ws/install/franka_msgs/lib:/home/raiaan/franka_ros2_ws/install/franka_robot_state_broadcaster/lib:/home/raiaan/franka_ros2_ws/install/franka_mobile_example_controllers/lib:/home/raiaan/franka_ros2_ws/install/franka_example_controllers/lib:/home/raiaan/franka_ros2_ws/install/franka_semantic_components/lib:/home/raiaan/franka_ros2_ws/install/franka_ign_ros2_control/lib:/home/raiaan/franka_ros2_ws/install/franka_gripper/lib:/home/raiaan/franka_ros2_ws/install/integration_launch_testing/lib:/opt/ros/humble/opt/rviz_ogre_vendor/lib:/opt/ros/humble/lib/x86_64-linux-gnu:/opt/ros/humble/lib /usr/bin/cmake --build /home/raiaan/franka_ros2_ws/build/franka_semantic_components -- -j6 -l6
[11.619s] Invoking command in '/home/raiaan/franka_ros2_ws/build/franka_semantic_components': CMAKE_PREFIX_PATH=/home/raiaan/franka_ros2_ws/install/franka_hardware:/home/raiaan/franka_ros2_ws/install/libfranka:/home/raiaan/franka_ros2_ws/install/franka_msgs:/home/raiaan/franka_ros2_ws/install/franka_ros2:/home/raiaan/franka_ros2_ws/install/franka_bringup:/home/raiaan/franka_ros2_ws/install/franka_robot_state_broadcaster:/home/raiaan/franka_ros2_ws/install/franka_mobile_example_controllers:/home/raiaan/franka_ros2_ws/install/franka_example_controllers:/home/raiaan/franka_ros2_ws/install/franka_semantic_components:/home/raiaan/franka_ros2_ws/install/franka_gazebo_bringup:/home/raiaan/franka_ros2_ws/install/franka_ign_ros2_control:/home/raiaan/franka_ros2_ws/install/franka_fr3_moveit_config:/home/raiaan/franka_ros2_ws/install/franka_gripper:/home/raiaan/franka_ros2_ws/install/integration_launch_testing:/home/raiaan/franka_ros2_ws/install/franka_description:/opt/ros/humble LD_LIBRARY_PATH=/home/raiaan/franka_ros2_ws/install/franka_hardware/lib:/home/raiaan/franka_ros2_ws/install/libfranka/lib:/home/raiaan/franka_ros2_ws/install/franka_msgs/lib:/home/raiaan/franka_ros2_ws/install/franka_robot_state_broadcaster/lib:/home/raiaan/franka_ros2_ws/install/franka_mobile_example_controllers/lib:/home/raiaan/franka_ros2_ws/install/franka_example_controllers/lib:/home/raiaan/franka_ros2_ws/install/franka_semantic_components/lib:/home/raiaan/franka_ros2_ws/install/franka_ign_ros2_control/lib:/home/raiaan/franka_ros2_ws/install/franka_gripper/lib:/home/raiaan/franka_ros2_ws/install/integration_launch_testing/lib:/opt/ros/humble/opt/rviz_ogre_vendor/lib:/opt/ros/humble/lib/x86_64-linux-gnu:/opt/ros/humble/lib /usr/bin/cmake --install /home/raiaan/franka_ros2_ws/build/franka_semantic_components
[11.626s] -- Install configuration: ""
[11.626s] -- Execute custom install script
[11.627s] -- Up-to-date symlink: /home/raiaan/franka_ros2_ws/install/franka_semantic_components/lib/libfranka_semantic_components.so
[11.629s] -- Up-to-date symlink: /home/raiaan/franka_ros2_ws/install/franka_semantic_components/include/franka_semantic_components/franka_cartesian_pose_interface.hpp
[11.629s] -- Up-to-date symlink: /home/raiaan/franka_ros2_ws/install/franka_semantic_components/include/franka_semantic_components/franka_cartesian_velocity_interface.hpp
[11.629s] -- Up-to-date symlink: /home/raiaan/franka_ros2_ws/install/franka_semantic_components/include/franka_semantic_components/franka_robot_model.hpp
[11.630s] -- Up-to-date symlink: /home/raiaan/franka_ros2_ws/install/franka_semantic_components/include/franka_semantic_components/franka_robot_state.hpp
[11.630s] -- Up-to-date symlink: /home/raiaan/franka_ros2_ws/install/franka_semantic_components/include/franka_semantic_components/franka_semantic_component_interface.hpp
[11.631s] -- Up-to-date symlink: /home/raiaan/franka_ros2_ws/install/franka_semantic_components/share/franka_semantic_components/robot_description_test.txt
[11.632s] -- Up-to-date symlink: /home/raiaan/franka_ros2_ws/install/franka_semantic_components/share/franka_semantic_components/environment/library_path.sh
[11.632s] -- Up-to-date symlink: /home/raiaan/franka_ros2_ws/install/franka_semantic_components/share/franka_semantic_components/environment/library_path.dsv
[11.632s] -- Up-to-date symlink: /home/raiaan/franka_ros2_ws/install/franka_semantic_components/share/ament_index/resource_index/package_run_dependencies/franka_semantic_components
[11.633s] -- Up-to-date symlink: /home/raiaan/franka_ros2_ws/install/franka_semantic_components/share/ament_index/resource_index/parent_prefix_path/franka_semantic_components
[11.633s] -- Up-to-date symlink: /home/raiaan/franka_ros2_ws/install/franka_semantic_components/share/franka_semantic_components/environment/ament_prefix_path.sh
[11.634s] -- Up-to-date symlink: /home/raiaan/franka_ros2_ws/install/franka_semantic_components/share/franka_semantic_components/environment/ament_prefix_path.dsv
[11.634s] -- Up-to-date symlink: /home/raiaan/franka_ros2_ws/install/franka_semantic_components/share/franka_semantic_components/environment/path.sh
[11.635s] -- Up-to-date symlink: /home/raiaan/franka_ros2_ws/install/franka_semantic_components/share/franka_semantic_components/environment/path.dsv
[11.635s] -- Up-to-date symlink: /home/raiaan/franka_ros2_ws/install/franka_semantic_components/share/franka_semantic_components/local_setup.bash
[11.636s] -- Up-to-date symlink: /home/raiaan/franka_ros2_ws/install/franka_semantic_components/share/franka_semantic_components/local_setup.sh
[11.636s] -- Up-to-date symlink: /home/raiaan/franka_ros2_ws/install/franka_semantic_components/share/franka_semantic_components/local_setup.zsh
[11.637s] -- Up-to-date symlink: /home/raiaan/franka_ros2_ws/install/franka_semantic_components/share/franka_semantic_components/local_setup.dsv
[11.637s] -- Symlinking: /home/raiaan/franka_ros2_ws/install/franka_semantic_components/share/franka_semantic_components/package.dsv
[11.647s] -- Up-to-date symlink: /home/raiaan/franka_ros2_ws/install/franka_semantic_components/share/ament_index/resource_index/packages/franka_semantic_components
[11.648s] -- Up-to-date symlink: /home/raiaan/franka_ros2_ws/install/franka_semantic_components/share/franka_semantic_components/cmake/ament_cmake_export_include_directories-extras.cmake
[11.649s] -- Up-to-date symlink: /home/raiaan/franka_ros2_ws/install/franka_semantic_components/share/franka_semantic_components/cmake/ament_cmake_export_libraries-extras.cmake
[11.649s] -- Up-to-date symlink: /home/raiaan/franka_ros2_ws/install/franka_semantic_components/share/franka_semantic_components/cmake/ament_cmake_export_dependencies-extras.cmake
[11.650s] -- Up-to-date symlink: /home/raiaan/franka_ros2_ws/install/franka_semantic_components/share/franka_semantic_components/cmake/franka_semantic_componentsConfig.cmake
[11.650s] -- Up-to-date symlink: /home/raiaan/franka_ros2_ws/install/franka_semantic_components/share/franka_semantic_components/cmake/franka_semantic_componentsConfig-version.cmake
[11.651s] -- Up-to-date symlink: /home/raiaan/franka_ros2_ws/install/franka_semantic_components/share/franka_semantic_components/package.xml
[11.653s] Invoked command in '/home/raiaan/franka_ros2_ws/build/franka_semantic_components' returned '0': CMAKE_PREFIX_PATH=/home/raiaan/franka_ros2_ws/install/franka_hardware:/home/raiaan/franka_ros2_ws/install/libfranka:/home/raiaan/franka_ros2_ws/install/franka_msgs:/home/raiaan/franka_ros2_ws/install/franka_ros2:/home/raiaan/franka_ros2_ws/install/franka_bringup:/home/raiaan/franka_ros2_ws/install/franka_robot_state_broadcaster:/home/raiaan/franka_ros2_ws/install/franka_mobile_example_controllers:/home/raiaan/franka_ros2_ws/install/franka_example_controllers:/home/raiaan/franka_ros2_ws/install/franka_semantic_components:/home/raiaan/franka_ros2_ws/install/franka_gazebo_bringup:/home/raiaan/franka_ros2_ws/install/franka_ign_ros2_control:/home/raiaan/franka_ros2_ws/install/franka_fr3_moveit_config:/home/raiaan/franka_ros2_ws/install/franka_gripper:/home/raiaan/franka_ros2_ws/install/integration_launch_testing:/home/raiaan/franka_ros2_ws/install/franka_description:/opt/ros/humble LD_LIBRARY_PATH=/home/raiaan/franka_ros2_ws/install/franka_hardware/lib:/home/raiaan/franka_ros2_ws/install/libfranka/lib:/home/raiaan/franka_ros2_ws/install/franka_msgs/lib:/home/raiaan/franka_ros2_ws/install/franka_robot_state_broadcaster/lib:/home/raiaan/franka_ros2_ws/install/franka_mobile_example_controllers/lib:/home/raiaan/franka_ros2_ws/install/franka_example_controllers/lib:/home/raiaan/franka_ros2_ws/install/franka_semantic_components/lib:/home/raiaan/franka_ros2_ws/install/franka_ign_ros2_control/lib:/home/raiaan/franka_ros2_ws/install/franka_gripper/lib:/home/raiaan/franka_ros2_ws/install/integration_launch_testing/lib:/opt/ros/humble/opt/rviz_ogre_vendor/lib:/opt/ros/humble/lib/x86_64-linux-gnu:/opt/ros/humble/lib /usr/bin/cmake --install /home/raiaan/franka_ros2_ws/build/franka_semantic_components
