[0.009s] Invoking command in '/home/raiaan/franka_ros2_ws/build/libfranka': CMAKE_PREFIX_PATH=/opt/ros/humble /usr/bin/cmake /home/raiaan/franka_ros2_ws/src/libfranka -DCMAKE_INSTALL_PREFIX=/home/raiaan/franka_ros2_ws/install/libfranka
[3.898s] -- pinocchio_default FOUND. pinocchio_default at /opt/ros/humble/lib/x86_64-linux-gnu/libpinocchio_default.so
[3.899s] -- pinocchio_parsers FOUND. pinocchio_parsers at /opt/ros/humble/lib/x86_64-linux-gnu/libpinocchio_parsers.so
[3.899s] -- boost_filesystem FOUND. boost_filesystem at /lib/x86_64-linux-gnu/libboost_filesystem.so
[3.911s] -- Found Boost: /usr/include (found version "1.74.0") found components: filesystem serialization system 
[3.913s] -- eigenpy FOUND. eigenpy at /opt/ros/humble/lib/x86_64-linux-gnu/libeigenpy.so
[102.121s] -- PythonLibraryDirs: 
[102.121s] -- PythonLibVersionString: 3.10.12
[102.137s] -- Python site lib: lib/python3.10/site-packages
[102.137s] -- Python include dirs: /usr/include/python3.10
[102.173s] -- Checking for NumPy
[102.264s] --   NUMPY_INCLUDE_DIRS=/usr/lib/python3/dist-packages/numpy/core/include
[102.352s] --   NUMPY_VERSION=1.21.5
[102.352s] -- NumPy include dir: /usr/lib/python3/dist-packages/numpy/core/include
[102.357s] [33mCMake Warning at /usr/share/cmake-3.22/Modules/FindBoost.cmake:2201 (message):
[102.357s]   No header defined for python310; skipping header check (note: header-only
[102.357s]   libraries have no designated component)
[102.357s] Call Stack (most recent call first):
[102.357s]   /opt/ros/humble/lib/x86_64-linux-gnu/cmake/eigenpy/boost.cmake:148 (find_package)
[102.357s]   /opt/ros/humble/lib/x86_64-linux-gnu/cmake/eigenpy/eigenpyConfig.cmake:149 (SEARCH_FOR_BOOST_PYTHON)
[102.357s]   /usr/share/cmake-3.22/Modules/CMakeFindDependencyMacro.cmake:47 (find_package)
[102.358s]   /opt/ros/humble/lib/x86_64-linux-gnu/cmake/pinocchio/pinocchioConfig.cmake:161 (find_dependency)
[102.358s]   CMakeLists.txt:54 (find_package)
[102.358s] 
[102.358s] [0m
[102.358s] -- Found Boost: /usr/include (found version "1.74.0") found components: python310 
[103.207s] -- Default C++ standard: 201703
[103.207s] -- C++ standard sufficient: Minimal required 11, currently defined: 17
[103.208s] -- hpp-fcl FOUND. hpp-fcl at /opt/ros/humble/lib/x86_64-linux-gnu/libhpp-fcl.so
[103.215s] -- Found Boost: /usr/include (found version "1.74.0") found components: chrono serialization filesystem 
[103.216s] -- C++ standard sufficient: Minimal required 11, currently defined: 17
[103.217s] -- C++ standard sufficient: Minimal required 11, currently defined: 17
[110.184s] -- Found fmt: 8.1.1
[110.190s] -- Found fmt: 8.1.1
[110.211s] -- .git directory found, setting version from latest git tag
[110.214s] -- libfranka version: 0.20.4, Package tag: 0.20.4
[110.253s] -- Configuring done
[110.290s] -- Generating done
[110.302s] -- Build files have been written to: /home/raiaan/franka_ros2_ws/build/libfranka
[110.308s] Invoked command in '/home/raiaan/franka_ros2_ws/build/libfranka' returned '0': CMAKE_PREFIX_PATH=/opt/ros/humble /usr/bin/cmake /home/raiaan/franka_ros2_ws/src/libfranka -DCMAKE_INSTALL_PREFIX=/home/raiaan/franka_ros2_ws/install/libfranka
[110.310s] Invoking command in '/home/raiaan/franka_ros2_ws/build/libfranka': CMAKE_PREFIX_PATH=/opt/ros/humble /usr/bin/cmake --build /home/raiaan/franka_ros2_ws/build/libfranka -- -j6 -l6
[110.352s] [35m[1mConsolidate compiler generated dependencies of target franka[0m
[110.393s] [ 37%] Built target franka
[110.402s] [35m[1mConsolidate compiler generated dependencies of target examples_common[0m
[110.413s] [ 40%] Built target examples_common
[110.427s] [35m[1mConsolidate compiler generated dependencies of target cartesian_impedance_control[0m
[110.427s] [35m[1mConsolidate compiler generated dependencies of target async_position_control[0m
[110.427s] [35m[1mConsolidate compiler generated dependencies of target communication_test[0m
[110.427s] [35m[1mConsolidate compiler generated dependencies of target force_control[0m
[110.427s] [35m[1mConsolidate compiler generated dependencies of target echo_robot_state[0m
[110.431s] [35m[1mConsolidate compiler generated dependencies of target generate_cartesian_pose_motion[0m
[110.439s] [ 45%] Built target cartesian_impedance_control
[110.439s] [ 45%] Built target async_position_control
[110.439s] [ 48%] Built target communication_test
[110.440s] [ 50%] Built target echo_robot_state
[110.440s] [ 53%] Built target force_control
[110.441s] [ 55%] Built target generate_cartesian_pose_motion
[110.449s] [35m[1mConsolidate compiler generated dependencies of target generate_cartesian_pose_motion_external_control_loop[0m
[110.449s] [35m[1mConsolidate compiler generated dependencies of target generate_cartesian_velocity_motion[0m
[110.449s] [35m[1mConsolidate compiler generated dependencies of target generate_cartesian_velocity_motion_external_control_loop[0m
[110.449s] [35m[1mConsolidate compiler generated dependencies of target generate_consecutive_motions[0m
[110.449s] [35m[1mConsolidate compiler generated dependencies of target generate_elbow_motion[0m
[110.449s] [35m[1mConsolidate compiler generated dependencies of target generate_joint_position_motion[0m
[110.459s] [ 58%] Built target generate_cartesian_velocity_motion
[110.459s] [ 63%] Built target generate_consecutive_motions
[110.459s] [ 64%] Built target generate_cartesian_velocity_motion_external_control_loop
[110.459s] [ 66%] Built target generate_cartesian_pose_motion_external_control_loop
[110.460s] [ 71%] Built target generate_elbow_motion
[110.460s] [ 71%] Built target generate_joint_position_motion
[110.468s] [35m[1mConsolidate compiler generated dependencies of target generate_joint_position_motion_external_control_loop[0m
[110.468s] [35m[1mConsolidate compiler generated dependencies of target generate_joint_velocity_motion[0m
[110.468s] [35m[1mConsolidate compiler generated dependencies of target grasp_object[0m
[110.468s] [35m[1mConsolidate compiler generated dependencies of target generate_joint_velocity_motion_external_control_loop[0m
[110.468s] [35m[1mConsolidate compiler generated dependencies of target joint_impedance_control[0m
[110.468s] [35m[1mConsolidate compiler generated dependencies of target joint_point_to_point_motion[0m
[110.477s] [ 74%] Built target grasp_object
[110.478s] [ 77%] Built target generate_joint_position_motion_external_control_loop
[110.478s] [ 80%] Built target generate_joint_velocity_motion_external_control_loop
[110.478s] [ 81%] Built target generate_joint_velocity_motion
[110.478s] [ 84%] Built target joint_impedance_control
[110.479s] [ 87%] Built target joint_point_to_point_motion
[110.486s] [35m[1mConsolidate compiler generated dependencies of target print_joint_poses[0m
[110.486s] [35m[1mConsolidate compiler generated dependencies of target motion_with_control_external_control_loop[0m
[110.486s] [35m[1mConsolidate compiler generated dependencies of target motion_with_control[0m
[110.487s] [35m[1mConsolidate compiler generated dependencies of target vacuum_object[0m
[110.488s] [35m[1mConsolidate compiler generated dependencies of target logging_example[0m
[110.496s] [ 89%] Built target print_joint_poses
[110.496s] [ 92%] Built target motion_with_control_external_control_loop
[110.497s] [ 98%] Built target logging_example
[110.497s] [100%] Built target vacuum_object
[110.497s] [100%] Built target motion_with_control
[110.508s] Invoked command in '/home/raiaan/franka_ros2_ws/build/libfranka' returned '0': CMAKE_PREFIX_PATH=/opt/ros/humble /usr/bin/cmake --build /home/raiaan/franka_ros2_ws/build/libfranka -- -j6 -l6
[110.509s] Invoking command in '/home/raiaan/franka_ros2_ws/build/libfranka': CMAKE_PREFIX_PATH=/opt/ros/humble /usr/bin/cmake --install /home/raiaan/franka_ros2_ws/build/libfranka
[110.515s] -- Install configuration: "Release"
[110.515s] -- Up-to-date: /home/raiaan/franka_ros2_ws/install/libfranka/lib/libfranka.so.0.20.4
[110.515s] -- Up-to-date: /home/raiaan/franka_ros2_ws/install/libfranka/lib/libfranka.so.0.20
[110.515s] -- Up-to-date: /home/raiaan/franka_ros2_ws/install/libfranka/lib/libfranka.so
[110.515s] -- Up-to-date: /home/raiaan/franka_ros2_ws/install/libfranka/include
[110.516s] -- Up-to-date: /home/raiaan/franka_ros2_ws/install/libfranka/include/franka
[110.516s] -- Up-to-date: /home/raiaan/franka_ros2_ws/install/libfranka/include/franka/active_control.h
[110.516s] -- Up-to-date: /home/raiaan/franka_ros2_ws/install/libfranka/include/franka/joint_velocity_limits.h
[110.516s] -- Up-to-date: /home/raiaan/franka_ros2_ws/install/libfranka/include/franka/vacuum_gripper.h
[110.516s] -- Up-to-date: /home/raiaan/franka_ros2_ws/install/libfranka/include/franka/control_types.h
[110.516s] -- Up-to-date: /home/raiaan/franka_ros2_ws/install/libfranka/include/franka/active_motion_generator.h
[110.516s] -- Up-to-date: /home/raiaan/franka_ros2_ws/install/libfranka/include/franka/active_torque_control.h
[110.516s] -- Up-to-date: /home/raiaan/franka_ros2_ws/install/libfranka/include/franka/exception.h
[110.517s] -- Up-to-date: /home/raiaan/franka_ros2_ws/install/libfranka/include/franka/gripper.h
[110.517s] -- Up-to-date: /home/raiaan/franka_ros2_ws/install/libfranka/include/franka/duration.h
[110.517s] -- Up-to-date: /home/raiaan/franka_ros2_ws/install/libfranka/include/franka/async_control
[110.517s] -- Up-to-date: /home/raiaan/franka_ros2_ws/install/libfranka/include/franka/async_control/target_status.hpp
[110.517s] -- Up-to-date: /home/raiaan/franka_ros2_ws/install/libfranka/include/franka/async_control/async_position_control_handler.hpp
[110.517s] -- Up-to-date: /home/raiaan/franka_ros2_ws/install/libfranka/include/franka/rate_limiting.h
[110.517s] -- Up-to-date: /home/raiaan/franka_ros2_ws/install/libfranka/include/franka/logging
[110.517s] -- Up-to-date: /home/raiaan/franka_ros2_ws/install/libfranka/include/franka/logging/cout_logging_sink.hpp
[110.517s] -- Up-to-date: /home/raiaan/franka_ros2_ws/install/libfranka/include/franka/logging/logger.hpp
[110.517s] -- Up-to-date: /home/raiaan/franka_ros2_ws/install/libfranka/include/franka/logging/robot_state_log.hpp
[110.517s] -- Up-to-date: /home/raiaan/franka_ros2_ws/install/libfranka/include/franka/logging/logging_sink_interface.hpp
[110.517s] -- Up-to-date: /home/raiaan/franka_ros2_ws/install/libfranka/include/franka/errors.h
[110.517s] -- Up-to-date: /home/raiaan/franka_ros2_ws/install/libfranka/include/franka/active_control_base.h
[110.517s] -- Up-to-date: /home/raiaan/franka_ros2_ws/install/libfranka/include/franka/commands
[110.518s] -- Up-to-date: /home/raiaan/franka_ros2_ws/install/libfranka/include/franka/commands/get_robot_model_command.hpp
[110.518s] -- Up-to-date: /home/raiaan/franka_ros2_ws/install/libfranka/include/franka/robot.h
[110.518s] -- Up-to-date: /home/raiaan/franka_ros2_ws/install/libfranka/include/franka/control_tools.h
[110.518s] -- Up-to-date: /home/raiaan/franka_ros2_ws/install/libfranka/include/franka/robot_state.h
[110.518s] -- Up-to-date: /home/raiaan/franka_ros2_ws/install/libfranka/include/franka/vacuum_gripper_state.h
[110.518s] -- Up-to-date: /home/raiaan/franka_ros2_ws/install/libfranka/include/franka/lowpass_filter.h
[110.518s] -- Up-to-date: /home/raiaan/franka_ros2_ws/install/libfranka/include/franka/robot_model_base.h
[110.518s] -- Up-to-date: /home/raiaan/franka_ros2_ws/install/libfranka/include/franka/robot_model.h
[110.518s] -- Up-to-date: /home/raiaan/franka_ros2_ws/install/libfranka/include/franka/gripper_state.h
[110.518s] -- Up-to-date: /home/raiaan/franka_ros2_ws/install/libfranka/include/franka/model.h
[110.519s] -- Up-to-date: /home/raiaan/franka_ros2_ws/install/libfranka/include
[110.519s] -- Up-to-date: /home/raiaan/franka_ros2_ws/install/libfranka/include/research_interface
[110.519s] -- Up-to-date: /home/raiaan/franka_ros2_ws/install/libfranka/include/research_interface/robot
[110.519s] -- Up-to-date: /home/raiaan/franka_ros2_ws/install/libfranka/include/research_interface/robot/rbk_types.h
[110.519s] -- Up-to-date: /home/raiaan/franka_ros2_ws/install/libfranka/include/research_interface/robot/service_types.h
[110.519s] -- Up-to-date: /home/raiaan/franka_ros2_ws/install/libfranka/include/research_interface/robot/error.h
[110.519s] -- Up-to-date: /home/raiaan/franka_ros2_ws/install/libfranka/include/research_interface/robot/service_traits.h
[110.519s] -- Up-to-date: /home/raiaan/franka_ros2_ws/install/libfranka/include/research_interface/gripper
[110.519s] -- Up-to-date: /home/raiaan/franka_ros2_ws/install/libfranka/include/research_interface/gripper/types.h
[110.520s] -- Up-to-date: /home/raiaan/franka_ros2_ws/install/libfranka/include/research_interface/vacuum_gripper
[110.520s] -- Up-to-date: /home/raiaan/franka_ros2_ws/install/libfranka/include/research_interface/vacuum_gripper/types.h
[110.520s] -- Up-to-date: /home/raiaan/franka_ros2_ws/install/libfranka/lib/cmake/Franka/FrankaConfig.cmake
[110.520s] -- Up-to-date: /home/raiaan/franka_ros2_ws/install/libfranka/lib/cmake/Franka/FrankaConfigVersion.cmake
[110.520s] -- Up-to-date: /home/raiaan/franka_ros2_ws/install/libfranka/lib/cmake/Franka/FrankaTargets.cmake
[110.520s] -- Up-to-date: /home/raiaan/franka_ros2_ws/install/libfranka/lib/cmake/Franka/FrankaTargets-release.cmake
[110.520s] -- Up-to-date: /home/raiaan/franka_ros2_ws/install/libfranka/bin/async_position_control
[110.520s] -- Up-to-date: /home/raiaan/franka_ros2_ws/install/libfranka/bin/cartesian_impedance_control
[110.520s] -- Up-to-date: /home/raiaan/franka_ros2_ws/install/libfranka/bin/communication_test
[110.520s] -- Up-to-date: /home/raiaan/franka_ros2_ws/install/libfranka/bin/echo_robot_state
[110.521s] -- Up-to-date: /home/raiaan/franka_ros2_ws/install/libfranka/bin/force_control
[110.521s] -- Up-to-date: /home/raiaan/franka_ros2_ws/install/libfranka/bin/generate_cartesian_pose_motion
[110.521s] -- Up-to-date: /home/raiaan/franka_ros2_ws/install/libfranka/bin/generate_cartesian_pose_motion_external_control_loop
[110.521s] -- Up-to-date: /home/raiaan/franka_ros2_ws/install/libfranka/bin/generate_cartesian_velocity_motion
[110.521s] -- Up-to-date: /home/raiaan/franka_ros2_ws/install/libfranka/bin/generate_cartesian_velocity_motion_external_control_loop
[110.521s] -- Up-to-date: /home/raiaan/franka_ros2_ws/install/libfranka/bin/generate_consecutive_motions
[110.521s] -- Up-to-date: /home/raiaan/franka_ros2_ws/install/libfranka/bin/generate_elbow_motion
[110.521s] -- Up-to-date: /home/raiaan/franka_ros2_ws/install/libfranka/bin/generate_joint_position_motion
[110.521s] -- Up-to-date: /home/raiaan/franka_ros2_ws/install/libfranka/bin/generate_joint_position_motion_external_control_loop
[110.521s] -- Up-to-date: /home/raiaan/franka_ros2_ws/install/libfranka/bin/generate_joint_velocity_motion
[110.521s] -- Up-to-date: /home/raiaan/franka_ros2_ws/install/libfranka/bin/generate_joint_velocity_motion_external_control_loop
[110.521s] -- Up-to-date: /home/raiaan/franka_ros2_ws/install/libfranka/bin/grasp_object
[110.522s] -- Up-to-date: /home/raiaan/franka_ros2_ws/install/libfranka/bin/joint_impedance_control
[110.522s] -- Up-to-date: /home/raiaan/franka_ros2_ws/install/libfranka/bin/joint_point_to_point_motion
[110.522s] -- Up-to-date: /home/raiaan/franka_ros2_ws/install/libfranka/bin/motion_with_control
[110.522s] -- Up-to-date: /home/raiaan/franka_ros2_ws/install/libfranka/bin/motion_with_control_external_control_loop
[110.522s] -- Up-to-date: /home/raiaan/franka_ros2_ws/install/libfranka/bin/print_joint_poses
[110.522s] -- Up-to-date: /home/raiaan/franka_ros2_ws/install/libfranka/bin/vacuum_object
[110.522s] -- Up-to-date: /home/raiaan/franka_ros2_ws/install/libfranka/bin/logging_example
[110.523s] Invoked command in '/home/raiaan/franka_ros2_ws/build/libfranka' returned '0': CMAKE_PREFIX_PATH=/opt/ros/humble /usr/bin/cmake --install /home/raiaan/franka_ros2_ws/build/libfranka
