[2.281s] Invoking command in '/home/raiaan/franka_ros2_ws/build/franka_robot_state_broadcaster': CMAKE_PREFIX_PATH=/home/raiaan/franka_ros2_ws/install/franka_semantic_components:/home/raiaan/franka_ros2_ws/install/franka_hardware:/home/raiaan/franka_ros2_ws/install/libfranka:/home/raiaan/franka_ros2_ws/install/franka_msgs:/home/raiaan/franka_ros2_ws/install/franka_ros2:/home/raiaan/franka_ros2_ws/install/franka_bringup:/home/raiaan/franka_ros2_ws/install/franka_robot_state_broadcaster:/home/raiaan/franka_ros2_ws/install/franka_mobile_example_controllers:/home/raiaan/franka_ros2_ws/install/franka_example_controllers:/home/raiaan/franka_ros2_ws/install/franka_gazebo_bringup:/home/raiaan/franka_ros2_ws/install/franka_ign_ros2_control:/home/raiaan/franka_ros2_ws/install/franka_fr3_moveit_config:/home/raiaan/franka_ros2_ws/install/franka_gripper:/home/raiaan/franka_ros2_ws/install/integration_launch_testing:/home/raiaan/franka_ros2_ws/install/franka_description:/opt/ros/humble LD_LIBRARY_PATH=/home/raiaan/franka_ros2_ws/install/franka_semantic_components/lib:/home/raiaan/franka_ros2_ws/install/franka_hardware/lib:/home/raiaan/franka_ros2_ws/install/libfranka/lib:/home/raiaan/franka_ros2_ws/install/franka_msgs/lib:/home/raiaan/franka_ros2_ws/install/franka_robot_state_broadcaster/lib:/home/raiaan/franka_ros2_ws/install/franka_mobile_example_controllers/lib:/home/raiaan/franka_ros2_ws/install/franka_example_controllers/lib:/home/raiaan/franka_ros2_ws/install/franka_ign_ros2_control/lib:/home/raiaan/franka_ros2_ws/install/franka_gripper/lib:/home/raiaan/franka_ros2_ws/install/integration_launch_testing/lib:/opt/ros/humble/opt/rviz_ogre_vendor/lib:/opt/ros/humble/lib/x86_64-linux-gnu:/opt/ros/humble/lib /usr/bin/cmake --build /home/raiaan/franka_ros2_ws/build/franka_robot_state_broadcaster -- -j6 -l6
[2.310s] -- Found ament_cmake: 1.3.12 (/opt/ros/humble/share/ament_cmake/cmake)
[2.409s] -- Override CMake install command with custom implementation using symlinks instead of copying resources
[2.417s] -- Found builtin_interfaces: 1.2.2 (/opt/ros/humble/share/builtin_interfaces/cmake)
[2.925s] -- Found rosidl_generator_c: 3.1.8 (/opt/ros/humble/share/rosidl_generator_c/cmake)
[2.927s] -- Found rosidl_adapter: 3.1.8 (/opt/ros/humble/share/rosidl_adapter/cmake)
[2.931s] -- Found rosidl_generator_cpp: 3.1.8 (/opt/ros/humble/share/rosidl_generator_cpp/cmake)
[2.939s] -- Using all available rosidl_typesupport_c: rosidl_typesupport_fastrtps_c;rosidl_typesupport_introspection_c
[2.949s] -- Using all available rosidl_typesupport_cpp: rosidl_typesupport_fastrtps_cpp;rosidl_typesupport_introspection_cpp
[2.958s] -- Found control_msgs: 4.8.0 (/opt/ros/humble/share/control_msgs/cmake)
[3.032s] -- Found controller_interface: 2.53.0 (/opt/ros/humble/share/controller_interface/cmake)
[8.631s] -- Found rmw_implementation_cmake: 6.1.2 (/opt/ros/humble/share/rmw_implementation_cmake/cmake)
[8.632s] -- Found rmw_fastrtps_cpp: 6.2.9 (/opt/ros/humble/share/rmw_fastrtps_cpp/cmake)
[8.646s] -- Found TinyXML2 via Config file: TinyXML2_DIR-NOTFOUND
[8.654s] -- Found TinyXML2 via Config file: TinyXML2_DIR-NOTFOUND
[9.044s] -- Found TinyXML2 via Config file: TinyXML2_DIR-NOTFOUND
[9.054s] -- Found TinyXML2 via Config file: TinyXML2_DIR-NOTFOUND
[9.515s] -- Using RMW implementation 'rmw_fastrtps_cpp' as default
[9.548s] -- Found controller_manager: 2.53.0 (/opt/ros/humble/share/controller_manager/cmake)
[9.569s] -- Found franka_msgs: 2.2.0 (/home/raiaan/franka_ros2_ws/install/franka_msgs/share/franka_msgs/cmake)
[9.585s] -- Found franka_semantic_components: 2.2.0 (/home/raiaan/franka_ros2_ws/install/franka_semantic_components/share/franka_semantic_components/cmake)
[9.600s] -- Found generate_parameter_library: 0.6.0 (/opt/ros/humble/share/generate_parameter_library/cmake)
[9.603s] -- Found parameter_traits: 0.6.0 (/opt/ros/humble/share/parameter_traits/cmake)
[9.620s] -- Found visualization_msgs: 4.9.0 (/opt/ros/humble/share/visualization_msgs/cmake)
[9.661s] -- Found ament_cmake_gmock: 1.3.12 (/opt/ros/humble/share/ament_cmake_gmock/cmake)
[9.661s] -- Found ament_cmake_clang_format: 0.12.14 (/opt/ros/humble/share/ament_cmake_clang_format/cmake)
[9.661s] -- Found ament_cmake_copyright: 0.12.14 (/opt/ros/humble/share/ament_cmake_copyright/cmake)
[9.662s] -- Found ament_cmake_cppcheck: 0.12.14 (/opt/ros/humble/share/ament_cmake_cppcheck/cmake)
[9.662s] -- Found ament_cmake_flake8: 0.12.14 (/opt/ros/humble/share/ament_cmake_flake8/cmake)
[9.662s] -- Found ament_cmake_lint_cmake: 0.12.14 (/opt/ros/humble/share/ament_cmake_lint_cmake/cmake)
[9.663s] -- Found ament_cmake_pep257: 0.12.14 (/opt/ros/humble/share/ament_cmake_pep257/cmake)
[9.663s] -- Found ament_cmake_xmllint: 0.12.14 (/opt/ros/humble/share/ament_cmake_xmllint/cmake)
[9.665s] -- Found ros2_control_test_assets: 2.53.0 (/opt/ros/humble/share/ros2_control_test_assets/cmake)
[9.668s] -- Found gmock sources under '/opt/ros/humble/src/gmock_vendor': C++ tests using 'Google Mock' will be built
[9.670s] -- Found ament_cmake_gtest: 1.3.12 (/opt/ros/humble/share/ament_cmake_gtest/cmake)
[9.670s] -- Found gtest sources under '/opt/ros/humble/src/gtest_vendor': C++ tests using 'Google Test' will be built
[9.674s] -- Found gmock sources under '/opt/ros/humble/src/gmock_vendor': C++ tests using 'Google Mock' will be built
[9.674s] -- Found ament_cmake_gtest: 1.3.12 (/opt/ros/humble/share/ament_cmake_gtest/cmake)
[9.674s] -- Found gtest sources under '/opt/ros/humble/src/gtest_vendor': C++ tests using 'Google Test' will be built
[9.741s] -- Configuring done
[9.803s] -- Generating done
[9.816s] -- Build files have been written to: /home/raiaan/franka_ros2_ws/build/franka_robot_state_broadcaster
[9.845s] [35m[1mConsolidate compiler generated dependencies of target gmock_main[0m
[9.846s] [35m[1mConsolidate compiler generated dependencies of target gmock[0m
[9.854s] [ 15%] Built target franka_robot_state_broadcaster_parameters
[9.856s] [ 30%] Built target gmock_main
[9.857s] [ 53%] Built target gmock
[9.866s] [35m[1mConsolidate compiler generated dependencies of target franka_robot_state_broadcaster[0m
[9.881s] [ 61%] [32m[1mLinking CXX shared library libfranka_robot_state_broadcaster.so[0m
[10.741s] [ 69%] Built target franka_robot_state_broadcaster
[10.752s] [35m[1mConsolidate compiler generated dependencies of target franka_robot_state_broadcaster_test[0m
[10.752s] [35m[1mConsolidate compiler generated dependencies of target test_load_franka_robot_state_broadcaster[0m
[10.767s] [ 84%] [32m[1mLinking CXX executable test_load_franka_robot_state_broadcaster[0m
[10.767s] [ 84%] [32m[1mLinking CXX executable franka_robot_state_broadcaster_test[0m
[11.620s] [ 92%] Built target test_load_franka_robot_state_broadcaster
[11.697s] [100%] Built target franka_robot_state_broadcaster_test
[11.708s] Invoked command in '/home/raiaan/franka_ros2_ws/build/franka_robot_state_broadcaster' returned '0': CMAKE_PREFIX_PATH=/home/raiaan/franka_ros2_ws/install/franka_semantic_components:/home/raiaan/franka_ros2_ws/install/franka_hardware:/home/raiaan/franka_ros2_ws/install/libfranka:/home/raiaan/franka_ros2_ws/install/franka_msgs:/home/raiaan/franka_ros2_ws/install/franka_ros2:/home/raiaan/franka_ros2_ws/install/franka_bringup:/home/raiaan/franka_ros2_ws/install/franka_robot_state_broadcaster:/home/raiaan/franka_ros2_ws/install/franka_mobile_example_controllers:/home/raiaan/franka_ros2_ws/install/franka_example_controllers:/home/raiaan/franka_ros2_ws/install/franka_gazebo_bringup:/home/raiaan/franka_ros2_ws/install/franka_ign_ros2_control:/home/raiaan/franka_ros2_ws/install/franka_fr3_moveit_config:/home/raiaan/franka_ros2_ws/install/franka_gripper:/home/raiaan/franka_ros2_ws/install/integration_launch_testing:/home/raiaan/franka_ros2_ws/install/franka_description:/opt/ros/humble LD_LIBRARY_PATH=/home/raiaan/franka_ros2_ws/install/franka_semantic_components/lib:/home/raiaan/franka_ros2_ws/install/franka_hardware/lib:/home/raiaan/franka_ros2_ws/install/libfranka/lib:/home/raiaan/franka_ros2_ws/install/franka_msgs/lib:/home/raiaan/franka_ros2_ws/install/franka_robot_state_broadcaster/lib:/home/raiaan/franka_ros2_ws/install/franka_mobile_example_controllers/lib:/home/raiaan/franka_ros2_ws/install/franka_example_controllers/lib:/home/raiaan/franka_ros2_ws/install/franka_ign_ros2_control/lib:/home/raiaan/franka_ros2_ws/install/franka_gripper/lib:/home/raiaan/franka_ros2_ws/install/integration_launch_testing/lib:/opt/ros/humble/opt/rviz_ogre_vendor/lib:/opt/ros/humble/lib/x86_64-linux-gnu:/opt/ros/humble/lib /usr/bin/cmake --build /home/raiaan/franka_ros2_ws/build/franka_robot_state_broadcaster -- -j6 -l6
[11.711s] Invoking command in '/home/raiaan/franka_ros2_ws/build/franka_robot_state_broadcaster': CMAKE_PREFIX_PATH=/home/raiaan/franka_ros2_ws/install/franka_semantic_components:/home/raiaan/franka_ros2_ws/install/franka_hardware:/home/raiaan/franka_ros2_ws/install/libfranka:/home/raiaan/franka_ros2_ws/install/franka_msgs:/home/raiaan/franka_ros2_ws/install/franka_ros2:/home/raiaan/franka_ros2_ws/install/franka_bringup:/home/raiaan/franka_ros2_ws/install/franka_robot_state_broadcaster:/home/raiaan/franka_ros2_ws/install/franka_mobile_example_controllers:/home/raiaan/franka_ros2_ws/install/franka_example_controllers:/home/raiaan/franka_ros2_ws/install/franka_gazebo_bringup:/home/raiaan/franka_ros2_ws/install/franka_ign_ros2_control:/home/raiaan/franka_ros2_ws/install/franka_fr3_moveit_config:/home/raiaan/franka_ros2_ws/install/franka_gripper:/home/raiaan/franka_ros2_ws/install/integration_launch_testing:/home/raiaan/franka_ros2_ws/install/franka_description:/opt/ros/humble LD_LIBRARY_PATH=/home/raiaan/franka_ros2_ws/install/franka_semantic_components/lib:/home/raiaan/franka_ros2_ws/install/franka_hardware/lib:/home/raiaan/franka_ros2_ws/install/libfranka/lib:/home/raiaan/franka_ros2_ws/install/franka_msgs/lib:/home/raiaan/franka_ros2_ws/install/franka_robot_state_broadcaster/lib:/home/raiaan/franka_ros2_ws/install/franka_mobile_example_controllers/lib:/home/raiaan/franka_ros2_ws/install/franka_example_controllers/lib:/home/raiaan/franka_ros2_ws/install/franka_ign_ros2_control/lib:/home/raiaan/franka_ros2_ws/install/franka_gripper/lib:/home/raiaan/franka_ros2_ws/install/integration_launch_testing/lib:/opt/ros/humble/opt/rviz_ogre_vendor/lib:/opt/ros/humble/lib/x86_64-linux-gnu:/opt/ros/humble/lib /usr/bin/cmake --install /home/raiaan/franka_ros2_ws/build/franka_robot_state_broadcaster
[11.716s] -- Install configuration: ""
[11.717s] -- Execute custom install script
[11.718s] -- Up-to-date symlink: /home/raiaan/franka_ros2_ws/install/franka_robot_state_broadcaster/include/franka_robot_state_broadcaster/franka_robot_state_broadcaster_parameters.hpp
[11.719s] -- Up-to-date symlink: /home/raiaan/franka_ros2_ws/install/franka_robot_state_broadcaster/share/franka_robot_state_broadcaster//franka_robot_state_broadcaster.xml
[11.720s] -- Up-to-date symlink: /home/raiaan/franka_ros2_ws/install/franka_robot_state_broadcaster/lib/libfranka_robot_state_broadcaster.so
[11.721s] -- Up-to-date symlink: /home/raiaan/franka_ros2_ws/install/franka_robot_state_broadcaster/include/franka_robot_state_broadcaster/franka_robot_state_broadcaster.hpp
[11.721s] -- Up-to-date symlink: /home/raiaan/franka_ros2_ws/install/franka_robot_state_broadcaster/share/franka_robot_state_broadcaster/environment/library_path.sh
[11.722s] -- Up-to-date symlink: /home/raiaan/franka_ros2_ws/install/franka_robot_state_broadcaster/share/franka_robot_state_broadcaster/environment/library_path.dsv
[11.722s] -- Up-to-date symlink: /home/raiaan/franka_ros2_ws/install/franka_robot_state_broadcaster/share/ament_index/resource_index/package_run_dependencies/franka_robot_state_broadcaster
[11.722s] -- Up-to-date symlink: /home/raiaan/franka_ros2_ws/install/franka_robot_state_broadcaster/share/ament_index/resource_index/parent_prefix_path/franka_robot_state_broadcaster
[11.723s] -- Up-to-date symlink: /home/raiaan/franka_ros2_ws/install/franka_robot_state_broadcaster/share/franka_robot_state_broadcaster/environment/ament_prefix_path.sh
[11.723s] -- Up-to-date symlink: /home/raiaan/franka_ros2_ws/install/franka_robot_state_broadcaster/share/franka_robot_state_broadcaster/environment/ament_prefix_path.dsv
[11.724s] -- Up-to-date symlink: /home/raiaan/franka_ros2_ws/install/franka_robot_state_broadcaster/share/franka_robot_state_broadcaster/environment/path.sh
[11.724s] -- Up-to-date symlink: /home/raiaan/franka_ros2_ws/install/franka_robot_state_broadcaster/share/franka_robot_state_broadcaster/environment/path.dsv
[11.724s] -- Up-to-date symlink: /home/raiaan/franka_ros2_ws/install/franka_robot_state_broadcaster/share/franka_robot_state_broadcaster/local_setup.bash
[11.725s] -- Up-to-date symlink: /home/raiaan/franka_ros2_ws/install/franka_robot_state_broadcaster/share/franka_robot_state_broadcaster/local_setup.sh
[11.725s] -- Up-to-date symlink: /home/raiaan/franka_ros2_ws/install/franka_robot_state_broadcaster/share/franka_robot_state_broadcaster/local_setup.zsh
[11.725s] -- Up-to-date symlink: /home/raiaan/franka_ros2_ws/install/franka_robot_state_broadcaster/share/franka_robot_state_broadcaster/local_setup.dsv
[11.725s] -- Symlinking: /home/raiaan/franka_ros2_ws/install/franka_robot_state_broadcaster/share/franka_robot_state_broadcaster/package.dsv
[11.734s] -- Up-to-date symlink: /home/raiaan/franka_ros2_ws/install/franka_robot_state_broadcaster/share/ament_index/resource_index/packages/franka_robot_state_broadcaster
[11.735s] -- Up-to-date symlink: /home/raiaan/franka_ros2_ws/install/franka_robot_state_broadcaster/share/ament_index/resource_index/controller_interface__pluginlib__plugin/franka_robot_state_broadcaster
[11.735s] -- Up-to-date symlink: /home/raiaan/franka_ros2_ws/install/franka_robot_state_broadcaster/share/franka_robot_state_broadcaster/cmake/ament_cmake_export_dependencies-extras.cmake
[11.736s] -- Up-to-date symlink: /home/raiaan/franka_ros2_ws/install/franka_robot_state_broadcaster/share/franka_robot_state_broadcaster/cmake/ament_cmake_export_include_directories-extras.cmake
[11.736s] -- Up-to-date symlink: /home/raiaan/franka_ros2_ws/install/franka_robot_state_broadcaster/share/franka_robot_state_broadcaster/cmake/ament_cmake_export_libraries-extras.cmake
[11.737s] -- Up-to-date symlink: /home/raiaan/franka_ros2_ws/install/franka_robot_state_broadcaster/share/franka_robot_state_broadcaster/cmake/franka_robot_state_broadcasterConfig.cmake
[11.737s] -- Up-to-date symlink: /home/raiaan/franka_ros2_ws/install/franka_robot_state_broadcaster/share/franka_robot_state_broadcaster/cmake/franka_robot_state_broadcasterConfig-version.cmake
[11.738s] -- Up-to-date symlink: /home/raiaan/franka_ros2_ws/install/franka_robot_state_broadcaster/share/franka_robot_state_broadcaster/package.xml
[11.740s] Invoked command in '/home/raiaan/franka_ros2_ws/build/franka_robot_state_broadcaster' returned '0': CMAKE_PREFIX_PATH=/home/raiaan/franka_ros2_ws/install/franka_semantic_components:/home/raiaan/franka_ros2_ws/install/franka_hardware:/home/raiaan/franka_ros2_ws/install/libfranka:/home/raiaan/franka_ros2_ws/install/franka_msgs:/home/raiaan/franka_ros2_ws/install/franka_ros2:/home/raiaan/franka_ros2_ws/install/franka_bringup:/home/raiaan/franka_ros2_ws/install/franka_robot_state_broadcaster:/home/raiaan/franka_ros2_ws/install/franka_mobile_example_controllers:/home/raiaan/franka_ros2_ws/install/franka_example_controllers:/home/raiaan/franka_ros2_ws/install/franka_gazebo_bringup:/home/raiaan/franka_ros2_ws/install/franka_ign_ros2_control:/home/raiaan/franka_ros2_ws/install/franka_fr3_moveit_config:/home/raiaan/franka_ros2_ws/install/franka_gripper:/home/raiaan/franka_ros2_ws/install/integration_launch_testing:/home/raiaan/franka_ros2_ws/install/franka_description:/opt/ros/humble LD_LIBRARY_PATH=/home/raiaan/franka_ros2_ws/install/franka_semantic_components/lib:/home/raiaan/franka_ros2_ws/install/franka_hardware/lib:/home/raiaan/franka_ros2_ws/install/libfranka/lib:/home/raiaan/franka_ros2_ws/install/franka_msgs/lib:/home/raiaan/franka_ros2_ws/install/franka_robot_state_broadcaster/lib:/home/raiaan/franka_ros2_ws/install/franka_mobile_example_controllers/lib:/home/raiaan/franka_ros2_ws/install/franka_example_controllers/lib:/home/raiaan/franka_ros2_ws/install/franka_ign_ros2_control/lib:/home/raiaan/franka_ros2_ws/install/franka_gripper/lib:/home/raiaan/franka_ros2_ws/install/integration_launch_testing/lib:/opt/ros/humble/opt/rviz_ogre_vendor/lib:/opt/ros/humble/lib/x86_64-linux-gnu:/opt/ros/humble/lib /usr/bin/cmake --install /home/raiaan/franka_ros2_ws/build/franka_robot_state_broadcaster
