[0.026s] Invoking command in '/home/raiaan/franka_ros2_ws/build/franka_msgs': CMAKE_PREFIX_PATH=${CMAKE_PREFIX_PATH}:/opt/ros/humble /usr/bin/cmake --build /home/raiaan/franka_ros2_ws/build/franka_msgs -- -j6 -l6
[0.252s] [  0%] Built target franka_msgs__cpp
[0.261s] [35m[1mConsolidate compiler generated dependencies of target franka_msgs__rosidl_generator_c[0m
[0.268s] [  0%] Built target ament_cmake_python_symlink_franka_msgs
[0.293s] [35m[1mConsolidate compiler generated dependencies of target franka_msgs__rosidl_typesupport_cpp[0m
[0.296s] [35m[1mConsolidate compiler generated dependencies of target franka_msgs__rosidl_typesupport_fastrtps_cpp[0m
[0.297s] [35m[1mConsolidate compiler generated dependencies of target franka_msgs__rosidl_typesupport_introspection_cpp[0m
[0.297s] [ 12%] Built target franka_msgs__rosidl_generator_c
[0.325s] [35m[1mConsolidate compiler generated dependencies of target franka_msgs__rosidl_typesupport_introspection_c[0m
[0.329s] [ 24%] Built target franka_msgs__rosidl_typesupport_cpp
[0.329s] [35m[1mConsolidate compiler generated dependencies of target franka_msgs__rosidl_typesupport_fastrtps_c[0m
[0.336s] [ 47%] Built target franka_msgs__rosidl_typesupport_introspection_cpp
[0.336s] [ 48%] Built target franka_msgs__rosidl_typesupport_fastrtps_cpp
[0.351s] [ 60%] Built target franka_msgs__rosidl_typesupport_introspection_c
[0.352s] [35m[1mConsolidate compiler generated dependencies of target franka_msgs__rosidl_typesupport_c[0m
[0.359s] [ 72%] Built target franka_msgs__rosidl_typesupport_fastrtps_c
[0.371s] [ 84%] Built target franka_msgs__rosidl_typesupport_c
[0.399s] [ 84%] Built target franka_msgs
[0.427s] [ 85%] Built target franka_msgs__py
[0.454s] [35m[1mConsolidate compiler generated dependencies of target franka_msgs__rosidl_generator_py[0m
[0.492s] [ 96%] Built target franka_msgs__rosidl_generator_py
[0.508s] [35m[1mConsolidate compiler generated dependencies of target franka_msgs__rosidl_typesupport_c__pyext[0m
[0.509s] [35m[1mConsolidate compiler generated dependencies of target franka_msgs__rosidl_typesupport_introspection_c__pyext[0m
[0.509s] [35m[1mConsolidate compiler generated dependencies of target franka_msgs__rosidl_typesupport_fastrtps_c__pyext[0m
[0.525s] [ 99%] Built target franka_msgs__rosidl_typesupport_c__pyext
[0.525s] [ 99%] Built target franka_msgs__rosidl_typesupport_fastrtps_c__pyext
[0.525s] [100%] Built target franka_msgs__rosidl_typesupport_introspection_c__pyext
[0.531s] running egg_info
[0.532s] writing franka_msgs.egg-info/PKG-INFO
[0.532s] writing dependency_links to franka_msgs.egg-info/dependency_links.txt
[0.532s] writing top-level names to franka_msgs.egg-info/top_level.txt
[0.537s] reading manifest file 'franka_msgs.egg-info/SOURCES.txt'
[0.538s] writing manifest file 'franka_msgs.egg-info/SOURCES.txt'
[0.572s] [100%] Built target ament_cmake_python_build_franka_msgs_egg
[0.587s] Invoked command in '/home/raiaan/franka_ros2_ws/build/franka_msgs' returned '0': CMAKE_PREFIX_PATH=${CMAKE_PREFIX_PATH}:/opt/ros/humble /usr/bin/cmake --build /home/raiaan/franka_ros2_ws/build/franka_msgs -- -j6 -l6
[0.603s] Invoking command in '/home/raiaan/franka_ros2_ws/build/franka_msgs': CMAKE_PREFIX_PATH=${CMAKE_PREFIX_PATH}:/opt/ros/humble /usr/bin/cmake --install /home/raiaan/franka_ros2_ws/build/franka_msgs
[0.617s] -- Install configuration: ""
[0.620s] -- Execute custom install script
[0.621s] -- Up-to-date symlink: /home/raiaan/franka_ros2_ws/install/franka_msgs/share/ament_index/resource_index/rosidl_interfaces/franka_msgs
[0.627s] -- Up-to-date symlink: /home/raiaan/franka_ros2_ws/install/franka_msgs/include/franka_msgs/franka_msgs/action/detail/error_recovery__functions.h
[0.628s] -- Up-to-date symlink: /home/raiaan/franka_ros2_ws/install/franka_msgs/include/franka_msgs/franka_msgs/action/detail/error_recovery__struct.h
[0.628s] -- Up-to-date symlink: /home/raiaan/franka_ros2_ws/install/franka_msgs/include/franka_msgs/franka_msgs/action/detail/error_recovery__type_support.h
[0.629s] -- Up-to-date symlink: /home/raiaan/franka_ros2_ws/install/franka_msgs/include/franka_msgs/franka_msgs/action/detail/grasp__functions.h
[0.629s] -- Up-to-date symlink: /home/raiaan/franka_ros2_ws/install/franka_msgs/include/franka_msgs/franka_msgs/action/detail/grasp__struct.h
[0.630s] -- Up-to-date symlink: /home/raiaan/franka_ros2_ws/install/franka_msgs/include/franka_msgs/franka_msgs/action/detail/grasp__type_support.h
[0.630s] -- Up-to-date symlink: /home/raiaan/franka_ros2_ws/install/franka_msgs/include/franka_msgs/franka_msgs/action/detail/homing__functions.h
[0.631s] -- Up-to-date symlink: /home/raiaan/franka_ros2_ws/install/franka_msgs/include/franka_msgs/franka_msgs/action/detail/homing__struct.h
[0.631s] -- Up-to-date symlink: /home/raiaan/franka_ros2_ws/install/franka_msgs/include/franka_msgs/franka_msgs/action/detail/homing__type_support.h
[0.632s] -- Up-to-date symlink: /home/raiaan/franka_ros2_ws/install/franka_msgs/include/franka_msgs/franka_msgs/action/detail/move__functions.h
[0.632s] -- Up-to-date symlink: /home/raiaan/franka_ros2_ws/install/franka_msgs/include/franka_msgs/franka_msgs/action/detail/move__struct.h
[0.633s] -- Up-to-date symlink: /home/raiaan/franka_ros2_ws/install/franka_msgs/include/franka_msgs/franka_msgs/action/detail/move__type_support.h
[0.633s] -- Up-to-date symlink: /home/raiaan/franka_ros2_ws/install/franka_msgs/include/franka_msgs/franka_msgs/action/detail/ptp_motion__functions.h
[0.634s] -- Up-to-date symlink: /home/raiaan/franka_ros2_ws/install/franka_msgs/include/franka_msgs/franka_msgs/action/detail/ptp_motion__struct.h
[0.635s] -- Up-to-date symlink: /home/raiaan/franka_ros2_ws/install/franka_msgs/include/franka_msgs/franka_msgs/action/detail/ptp_motion__type_support.h
[0.635s] -- Up-to-date symlink: /home/raiaan/franka_ros2_ws/install/franka_msgs/include/franka_msgs/franka_msgs/action/error_recovery.h
[0.636s] -- Up-to-date symlink: /home/raiaan/franka_ros2_ws/install/franka_msgs/include/franka_msgs/franka_msgs/action/grasp.h
[0.637s] -- Up-to-date symlink: /home/raiaan/franka_ros2_ws/install/franka_msgs/include/franka_msgs/franka_msgs/action/homing.h
[0.637s] -- Up-to-date symlink: /home/raiaan/franka_ros2_ws/install/franka_msgs/include/franka_msgs/franka_msgs/action/move.h
[0.638s] -- Up-to-date symlink: /home/raiaan/franka_ros2_ws/install/franka_msgs/include/franka_msgs/franka_msgs/action/ptp_motion.h
[0.638s] -- Up-to-date symlink: /home/raiaan/franka_ros2_ws/install/franka_msgs/include/franka_msgs/franka_msgs/msg/collision_indicators.h
[0.639s] -- Up-to-date symlink: /home/raiaan/franka_ros2_ws/install/franka_msgs/include/franka_msgs/franka_msgs/msg/detail/collision_indicators__functions.h
[0.640s] -- Up-to-date symlink: /home/raiaan/franka_ros2_ws/install/franka_msgs/include/franka_msgs/franka_msgs/msg/detail/collision_indicators__struct.h
[0.640s] -- Up-to-date symlink: /home/raiaan/franka_ros2_ws/install/franka_msgs/include/franka_msgs/franka_msgs/msg/detail/collision_indicators__type_support.h
[0.641s] -- Up-to-date symlink: /home/raiaan/franka_ros2_ws/install/franka_msgs/include/franka_msgs/franka_msgs/msg/detail/elbow__functions.h
[0.642s] -- Up-to-date symlink: /home/raiaan/franka_ros2_ws/install/franka_msgs/include/franka_msgs/franka_msgs/msg/detail/elbow__struct.h
[0.642s] -- Up-to-date symlink: /home/raiaan/franka_ros2_ws/install/franka_msgs/include/franka_msgs/franka_msgs/msg/detail/elbow__type_support.h
[0.642s] -- Up-to-date symlink: /home/raiaan/franka_ros2_ws/install/franka_msgs/include/franka_msgs/franka_msgs/msg/detail/errors__functions.h
[0.643s] -- Up-to-date symlink: /home/raiaan/franka_ros2_ws/install/franka_msgs/include/franka_msgs/franka_msgs/msg/detail/errors__struct.h
[0.643s] -- Up-to-date symlink: /home/raiaan/franka_ros2_ws/install/franka_msgs/include/franka_msgs/franka_msgs/msg/detail/errors__type_support.h
[0.643s] -- Up-to-date symlink: /home/raiaan/franka_ros2_ws/install/franka_msgs/include/franka_msgs/franka_msgs/msg/detail/franka_robot_state__functions.h
[0.644s] -- Up-to-date symlink: /home/raiaan/franka_ros2_ws/install/franka_msgs/include/franka_msgs/franka_msgs/msg/detail/franka_robot_state__struct.h
[0.644s] -- Up-to-date symlink: /home/raiaan/franka_ros2_ws/install/franka_msgs/include/franka_msgs/franka_msgs/msg/detail/franka_robot_state__type_support.h
[0.645s] -- Up-to-date symlink: /home/raiaan/franka_ros2_ws/install/franka_msgs/include/franka_msgs/franka_msgs/msg/detail/grasp_epsilon__functions.h
[0.645s] -- Up-to-date symlink: /home/raiaan/franka_ros2_ws/install/franka_msgs/include/franka_msgs/franka_msgs/msg/detail/grasp_epsilon__struct.h
[0.646s] -- Up-to-date symlink: /home/raiaan/franka_ros2_ws/install/franka_msgs/include/franka_msgs/franka_msgs/msg/detail/grasp_epsilon__type_support.h
[0.646s] -- Up-to-date symlink: /home/raiaan/franka_ros2_ws/install/franka_msgs/include/franka_msgs/franka_msgs/msg/detail/target_status__functions.h
[0.646s] -- Up-to-date symlink: /home/raiaan/franka_ros2_ws/install/franka_msgs/include/franka_msgs/franka_msgs/msg/detail/target_status__struct.h
[0.647s] -- Up-to-date symlink: /home/raiaan/franka_ros2_ws/install/franka_msgs/include/franka_msgs/franka_msgs/msg/detail/target_status__type_support.h
[0.647s] -- Up-to-date symlink: /home/raiaan/franka_ros2_ws/install/franka_msgs/include/franka_msgs/franka_msgs/msg/elbow.h
[0.648s] -- Up-to-date symlink: /home/raiaan/franka_ros2_ws/install/franka_msgs/include/franka_msgs/franka_msgs/msg/errors.h
[0.648s] -- Up-to-date symlink: /home/raiaan/franka_ros2_ws/install/franka_msgs/include/franka_msgs/franka_msgs/msg/franka_robot_state.h
[0.649s] -- Up-to-date symlink: /home/raiaan/franka_ros2_ws/install/franka_msgs/include/franka_msgs/franka_msgs/msg/grasp_epsilon.h
[0.649s] -- Up-to-date symlink: /home/raiaan/franka_ros2_ws/install/franka_msgs/include/franka_msgs/franka_msgs/msg/rosidl_generator_c__visibility_control.h
[0.650s] -- Up-to-date symlink: /home/raiaan/franka_ros2_ws/install/franka_msgs/include/franka_msgs/franka_msgs/msg/target_status.h
[0.650s] -- Up-to-date symlink: /home/raiaan/franka_ros2_ws/install/franka_msgs/include/franka_msgs/franka_msgs/srv/detail/set_cartesian_stiffness__functions.h
[0.650s] -- Up-to-date symlink: /home/raiaan/franka_ros2_ws/install/franka_msgs/include/franka_msgs/franka_msgs/srv/detail/set_cartesian_stiffness__struct.h
[0.651s] -- Up-to-date symlink: /home/raiaan/franka_ros2_ws/install/franka_msgs/include/franka_msgs/franka_msgs/srv/detail/set_cartesian_stiffness__type_support.h
[0.651s] -- Up-to-date symlink: /home/raiaan/franka_ros2_ws/install/franka_msgs/include/franka_msgs/franka_msgs/srv/detail/set_force_torque_collision_behavior__functions.h
[0.652s] -- Up-to-date symlink: /home/raiaan/franka_ros2_ws/install/franka_msgs/include/franka_msgs/franka_msgs/srv/detail/set_force_torque_collision_behavior__struct.h
[0.652s] -- Up-to-date symlink: /home/raiaan/franka_ros2_ws/install/franka_msgs/include/franka_msgs/franka_msgs/srv/detail/set_force_torque_collision_behavior__type_support.h
[0.652s] -- Up-to-date symlink: /home/raiaan/franka_ros2_ws/install/franka_msgs/include/franka_msgs/franka_msgs/srv/detail/set_full_collision_behavior__functions.h
[0.653s] -- Up-to-date symlink: /home/raiaan/franka_ros2_ws/install/franka_msgs/include/franka_msgs/franka_msgs/srv/detail/set_full_collision_behavior__struct.h
[0.653s] -- Up-to-date symlink: /home/raiaan/franka_ros2_ws/install/franka_msgs/include/franka_msgs/franka_msgs/srv/detail/set_full_collision_behavior__type_support.h
[0.654s] -- Up-to-date symlink: /home/raiaan/franka_ros2_ws/install/franka_msgs/include/franka_msgs/franka_msgs/srv/detail/set_joint_stiffness__functions.h
[0.654s] -- Up-to-date symlink: /home/raiaan/franka_ros2_ws/install/franka_msgs/include/franka_msgs/franka_msgs/srv/detail/set_joint_stiffness__struct.h
[0.655s] -- Up-to-date symlink: /home/raiaan/franka_ros2_ws/install/franka_msgs/include/franka_msgs/franka_msgs/srv/detail/set_joint_stiffness__type_support.h
[0.655s] -- Up-to-date symlink: /home/raiaan/franka_ros2_ws/install/franka_msgs/include/franka_msgs/franka_msgs/srv/detail/set_load__functions.h
[0.655s] -- Up-to-date symlink: /home/raiaan/franka_ros2_ws/install/franka_msgs/include/franka_msgs/franka_msgs/srv/detail/set_load__struct.h
[0.656s] -- Up-to-date symlink: /home/raiaan/franka_ros2_ws/install/franka_msgs/include/franka_msgs/franka_msgs/srv/detail/set_load__type_support.h
[0.656s] -- Up-to-date symlink: /home/raiaan/franka_ros2_ws/install/franka_msgs/include/franka_msgs/franka_msgs/srv/detail/set_stiffness_frame__functions.h
[0.656s] -- Up-to-date symlink: /home/raiaan/franka_ros2_ws/install/franka_msgs/include/franka_msgs/franka_msgs/srv/detail/set_stiffness_frame__struct.h
[0.657s] -- Up-to-date symlink: /home/raiaan/franka_ros2_ws/install/franka_msgs/include/franka_msgs/franka_msgs/srv/detail/set_stiffness_frame__type_support.h
[0.657s] -- Up-to-date symlink: /home/raiaan/franka_ros2_ws/install/franka_msgs/include/franka_msgs/franka_msgs/srv/detail/set_tcp_frame__functions.h
[0.658s] -- Up-to-date symlink: /home/raiaan/franka_ros2_ws/install/franka_msgs/include/franka_msgs/franka_msgs/srv/detail/set_tcp_frame__struct.h
[0.658s] -- Up-to-date symlink: /home/raiaan/franka_ros2_ws/install/franka_msgs/include/franka_msgs/franka_msgs/srv/detail/set_tcp_frame__type_support.h
[0.658s] -- Up-to-date symlink: /home/raiaan/franka_ros2_ws/install/franka_msgs/include/franka_msgs/franka_msgs/srv/set_cartesian_stiffness.h
[0.659s] -- Up-to-date symlink: /home/raiaan/franka_ros2_ws/install/franka_msgs/include/franka_msgs/franka_msgs/srv/set_force_torque_collision_behavior.h
[0.659s] -- Up-to-date symlink: /home/raiaan/franka_ros2_ws/install/franka_msgs/include/franka_msgs/franka_msgs/srv/set_full_collision_behavior.h
[0.659s] -- Up-to-date symlink: /home/raiaan/franka_ros2_ws/install/franka_msgs/include/franka_msgs/franka_msgs/srv/set_joint_stiffness.h
[0.660s] -- Up-to-date symlink: /home/raiaan/franka_ros2_ws/install/franka_msgs/include/franka_msgs/franka_msgs/srv/set_load.h
[0.660s] -- Up-to-date symlink: /home/raiaan/franka_ros2_ws/install/franka_msgs/include/franka_msgs/franka_msgs/srv/set_stiffness_frame.h
[0.660s] -- Up-to-date symlink: /home/raiaan/franka_ros2_ws/install/franka_msgs/include/franka_msgs/franka_msgs/srv/set_tcp_frame.h
[0.661s] -- Up-to-date symlink: /home/raiaan/franka_ros2_ws/install/franka_msgs/share/franka_msgs/environment/library_path.sh
[0.662s] -- Up-to-date symlink: /home/raiaan/franka_ros2_ws/install/franka_msgs/share/franka_msgs/environment/library_path.dsv
[0.664s] -- Up-to-date symlink: /home/raiaan/franka_ros2_ws/install/franka_msgs/include/franka_msgs/franka_msgs/action/detail/error_recovery__rosidl_typesupport_fastrtps_c.h
[0.665s] -- Up-to-date symlink: /home/raiaan/franka_ros2_ws/install/franka_msgs/include/franka_msgs/franka_msgs/action/detail/grasp__rosidl_typesupport_fastrtps_c.h
[0.665s] -- Up-to-date symlink: /home/raiaan/franka_ros2_ws/install/franka_msgs/include/franka_msgs/franka_msgs/action/detail/homing__rosidl_typesupport_fastrtps_c.h
[0.666s] -- Up-to-date symlink: /home/raiaan/franka_ros2_ws/install/franka_msgs/include/franka_msgs/franka_msgs/action/detail/move__rosidl_typesupport_fastrtps_c.h
[0.666s] -- Up-to-date symlink: /home/raiaan/franka_ros2_ws/install/franka_msgs/include/franka_msgs/franka_msgs/action/detail/ptp_motion__rosidl_typesupport_fastrtps_c.h
[0.667s] -- Up-to-date symlink: /home/raiaan/franka_ros2_ws/install/franka_msgs/include/franka_msgs/franka_msgs/msg/detail/collision_indicators__rosidl_typesupport_fastrtps_c.h
[0.667s] -- Up-to-date symlink: /home/raiaan/franka_ros2_ws/install/franka_msgs/include/franka_msgs/franka_msgs/msg/detail/elbow__rosidl_typesupport_fastrtps_c.h
[0.667s] -- Up-to-date symlink: /home/raiaan/franka_ros2_ws/install/franka_msgs/include/franka_msgs/franka_msgs/msg/detail/errors__rosidl_typesupport_fastrtps_c.h
[0.668s] -- Up-to-date symlink: /home/raiaan/franka_ros2_ws/install/franka_msgs/include/franka_msgs/franka_msgs/msg/detail/franka_robot_state__rosidl_typesupport_fastrtps_c.h
[0.669s] -- Up-to-date symlink: /home/raiaan/franka_ros2_ws/install/franka_msgs/include/franka_msgs/franka_msgs/msg/detail/grasp_epsilon__rosidl_typesupport_fastrtps_c.h
[0.669s] -- Up-to-date symlink: /home/raiaan/franka_ros2_ws/install/franka_msgs/include/franka_msgs/franka_msgs/msg/detail/target_status__rosidl_typesupport_fastrtps_c.h
[0.669s] -- Up-to-date symlink: /home/raiaan/franka_ros2_ws/install/franka_msgs/include/franka_msgs/franka_msgs/msg/rosidl_typesupport_fastrtps_c__visibility_control.h
[0.670s] -- Up-to-date symlink: /home/raiaan/franka_ros2_ws/install/franka_msgs/include/franka_msgs/franka_msgs/srv/detail/set_cartesian_stiffness__rosidl_typesupport_fastrtps_c.h
[0.670s] -- Up-to-date symlink: /home/raiaan/franka_ros2_ws/install/franka_msgs/include/franka_msgs/franka_msgs/srv/detail/set_force_torque_collision_behavior__rosidl_typesupport_fastrtps_c.h
[0.671s] -- Up-to-date symlink: /home/raiaan/franka_ros2_ws/install/franka_msgs/include/franka_msgs/franka_msgs/srv/detail/set_full_collision_behavior__rosidl_typesupport_fastrtps_c.h
[0.671s] -- Up-to-date symlink: /home/raiaan/franka_ros2_ws/install/franka_msgs/include/franka_msgs/franka_msgs/srv/detail/set_joint_stiffness__rosidl_typesupport_fastrtps_c.h
[0.671s] -- Up-to-date symlink: /home/raiaan/franka_ros2_ws/install/franka_msgs/include/franka_msgs/franka_msgs/srv/detail/set_load__rosidl_typesupport_fastrtps_c.h
[0.672s] -- Up-to-date symlink: /home/raiaan/franka_ros2_ws/install/franka_msgs/include/franka_msgs/franka_msgs/srv/detail/set_stiffness_frame__rosidl_typesupport_fastrtps_c.h
[0.672s] -- Up-to-date symlink: /home/raiaan/franka_ros2_ws/install/franka_msgs/include/franka_msgs/franka_msgs/srv/detail/set_tcp_frame__rosidl_typesupport_fastrtps_c.h
[0.675s] -- Up-to-date symlink: /home/raiaan/franka_ros2_ws/install/franka_msgs/include/franka_msgs/franka_msgs/action/detail/error_recovery__rosidl_typesupport_introspection_c.h
[0.675s] -- Up-to-date symlink: /home/raiaan/franka_ros2_ws/install/franka_msgs/include/franka_msgs/franka_msgs/action/detail/grasp__rosidl_typesupport_introspection_c.h
[0.675s] -- Up-to-date symlink: /home/raiaan/franka_ros2_ws/install/franka_msgs/include/franka_msgs/franka_msgs/action/detail/homing__rosidl_typesupport_introspection_c.h
[0.676s] -- Up-to-date symlink: /home/raiaan/franka_ros2_ws/install/franka_msgs/include/franka_msgs/franka_msgs/action/detail/move__rosidl_typesupport_introspection_c.h
[0.676s] -- Up-to-date symlink: /home/raiaan/franka_ros2_ws/install/franka_msgs/include/franka_msgs/franka_msgs/action/detail/ptp_motion__rosidl_typesupport_introspection_c.h
[0.677s] -- Up-to-date symlink: /home/raiaan/franka_ros2_ws/install/franka_msgs/include/franka_msgs/franka_msgs/msg/detail/collision_indicators__rosidl_typesupport_introspection_c.h
[0.677s] -- Up-to-date symlink: /home/raiaan/franka_ros2_ws/install/franka_msgs/include/franka_msgs/franka_msgs/msg/detail/elbow__rosidl_typesupport_introspection_c.h
[0.677s] -- Up-to-date symlink: /home/raiaan/franka_ros2_ws/install/franka_msgs/include/franka_msgs/franka_msgs/msg/detail/errors__rosidl_typesupport_introspection_c.h
[0.678s] -- Up-to-date symlink: /home/raiaan/franka_ros2_ws/install/franka_msgs/include/franka_msgs/franka_msgs/msg/detail/franka_robot_state__rosidl_typesupport_introspection_c.h
[0.678s] -- Up-to-date symlink: /home/raiaan/franka_ros2_ws/install/franka_msgs/include/franka_msgs/franka_msgs/msg/detail/grasp_epsilon__rosidl_typesupport_introspection_c.h
[0.679s] -- Up-to-date symlink: /home/raiaan/franka_ros2_ws/install/franka_msgs/include/franka_msgs/franka_msgs/msg/detail/target_status__rosidl_typesupport_introspection_c.h
[0.679s] -- Up-to-date symlink: /home/raiaan/franka_ros2_ws/install/franka_msgs/include/franka_msgs/franka_msgs/msg/rosidl_typesupport_introspection_c__visibility_control.h
[0.680s] -- Up-to-date symlink: /home/raiaan/franka_ros2_ws/install/franka_msgs/include/franka_msgs/franka_msgs/srv/detail/set_cartesian_stiffness__rosidl_typesupport_introspection_c.h
[0.680s] -- Up-to-date symlink: /home/raiaan/franka_ros2_ws/install/franka_msgs/include/franka_msgs/franka_msgs/srv/detail/set_force_torque_collision_behavior__rosidl_typesupport_introspection_c.h
[0.680s] -- Up-to-date symlink: /home/raiaan/franka_ros2_ws/install/franka_msgs/include/franka_msgs/franka_msgs/srv/detail/set_full_collision_behavior__rosidl_typesupport_introspection_c.h
[0.681s] -- Up-to-date symlink: /home/raiaan/franka_ros2_ws/install/franka_msgs/include/franka_msgs/franka_msgs/srv/detail/set_joint_stiffness__rosidl_typesupport_introspection_c.h
[0.681s] -- Up-to-date symlink: /home/raiaan/franka_ros2_ws/install/franka_msgs/include/franka_msgs/franka_msgs/srv/detail/set_load__rosidl_typesupport_introspection_c.h
[0.682s] -- Up-to-date symlink: /home/raiaan/franka_ros2_ws/install/franka_msgs/include/franka_msgs/franka_msgs/srv/detail/set_stiffness_frame__rosidl_typesupport_introspection_c.h
[0.682s] -- Up-to-date symlink: /home/raiaan/franka_ros2_ws/install/franka_msgs/include/franka_msgs/franka_msgs/srv/detail/set_tcp_frame__rosidl_typesupport_introspection_c.h
[0.686s] -- Up-to-date symlink: /home/raiaan/franka_ros2_ws/install/franka_msgs/include/franka_msgs/franka_msgs/action/detail/error_recovery__builder.hpp
[0.687s] -- Up-to-date symlink: /home/raiaan/franka_ros2_ws/install/franka_msgs/include/franka_msgs/franka_msgs/action/detail/error_recovery__struct.hpp
[0.687s] -- Up-to-date symlink: /home/raiaan/franka_ros2_ws/install/franka_msgs/include/franka_msgs/franka_msgs/action/detail/error_recovery__traits.hpp
[0.688s] -- Up-to-date symlink: /home/raiaan/franka_ros2_ws/install/franka_msgs/include/franka_msgs/franka_msgs/action/detail/error_recovery__type_support.hpp
[0.688s] -- Up-to-date symlink: /home/raiaan/franka_ros2_ws/install/franka_msgs/include/franka_msgs/franka_msgs/action/detail/grasp__builder.hpp
[0.689s] -- Up-to-date symlink: /home/raiaan/franka_ros2_ws/install/franka_msgs/include/franka_msgs/franka_msgs/action/detail/grasp__struct.hpp
[0.690s] -- Up-to-date symlink: /home/raiaan/franka_ros2_ws/install/franka_msgs/include/franka_msgs/franka_msgs/action/detail/grasp__traits.hpp
[0.690s] -- Up-to-date symlink: /home/raiaan/franka_ros2_ws/install/franka_msgs/include/franka_msgs/franka_msgs/action/detail/grasp__type_support.hpp
[0.690s] -- Up-to-date symlink: /home/raiaan/franka_ros2_ws/install/franka_msgs/include/franka_msgs/franka_msgs/action/detail/homing__builder.hpp
[0.691s] -- Up-to-date symlink: /home/raiaan/franka_ros2_ws/install/franka_msgs/include/franka_msgs/franka_msgs/action/detail/homing__struct.hpp
[0.692s] -- Up-to-date symlink: /home/raiaan/franka_ros2_ws/install/franka_msgs/include/franka_msgs/franka_msgs/action/detail/homing__traits.hpp
[0.692s] -- Up-to-date symlink: /home/raiaan/franka_ros2_ws/install/franka_msgs/include/franka_msgs/franka_msgs/action/detail/homing__type_support.hpp
[0.693s] -- Up-to-date symlink: /home/raiaan/franka_ros2_ws/install/franka_msgs/include/franka_msgs/franka_msgs/action/detail/move__builder.hpp
[0.694s] -- Up-to-date symlink: /home/raiaan/franka_ros2_ws/install/franka_msgs/include/franka_msgs/franka_msgs/action/detail/move__struct.hpp
[0.694s] -- Up-to-date symlink: /home/raiaan/franka_ros2_ws/install/franka_msgs/include/franka_msgs/franka_msgs/action/detail/move__traits.hpp
[0.695s] -- Up-to-date symlink: /home/raiaan/franka_ros2_ws/install/franka_msgs/include/franka_msgs/franka_msgs/action/detail/move__type_support.hpp
[0.695s] -- Up-to-date symlink: /home/raiaan/franka_ros2_ws/install/franka_msgs/include/franka_msgs/franka_msgs/action/detail/ptp_motion__builder.hpp
[0.696s] -- Up-to-date symlink: /home/raiaan/franka_ros2_ws/install/franka_msgs/include/franka_msgs/franka_msgs/action/detail/ptp_motion__struct.hpp
[0.697s] -- Up-to-date symlink: /home/raiaan/franka_ros2_ws/install/franka_msgs/include/franka_msgs/franka_msgs/action/detail/ptp_motion__traits.hpp
[0.698s] -- Up-to-date symlink: /home/raiaan/franka_ros2_ws/install/franka_msgs/include/franka_msgs/franka_msgs/action/detail/ptp_motion__type_support.hpp
[0.699s] -- Up-to-date symlink: /home/raiaan/franka_ros2_ws/install/franka_msgs/include/franka_msgs/franka_msgs/action/error_recovery.hpp
[0.699s] -- Up-to-date symlink: /home/raiaan/franka_ros2_ws/install/franka_msgs/include/franka_msgs/franka_msgs/action/grasp.hpp
[0.700s] -- Up-to-date symlink: /home/raiaan/franka_ros2_ws/install/franka_msgs/include/franka_msgs/franka_msgs/action/homing.hpp
[0.701s] -- Up-to-date symlink: /home/raiaan/franka_ros2_ws/install/franka_msgs/include/franka_msgs/franka_msgs/action/move.hpp
[0.702s] -- Up-to-date symlink: /home/raiaan/franka_ros2_ws/install/franka_msgs/include/franka_msgs/franka_msgs/action/ptp_motion.hpp
[0.702s] -- Up-to-date symlink: /home/raiaan/franka_ros2_ws/install/franka_msgs/include/franka_msgs/franka_msgs/msg/collision_indicators.hpp
[0.703s] -- Up-to-date symlink: /home/raiaan/franka_ros2_ws/install/franka_msgs/include/franka_msgs/franka_msgs/msg/detail/collision_indicators__builder.hpp
[0.703s] -- Up-to-date symlink: /home/raiaan/franka_ros2_ws/install/franka_msgs/include/franka_msgs/franka_msgs/msg/detail/collision_indicators__struct.hpp
[0.704s] -- Up-to-date symlink: /home/raiaan/franka_ros2_ws/install/franka_msgs/include/franka_msgs/franka_msgs/msg/detail/collision_indicators__traits.hpp
[0.704s] -- Up-to-date symlink: /home/raiaan/franka_ros2_ws/install/franka_msgs/include/franka_msgs/franka_msgs/msg/detail/collision_indicators__type_support.hpp
[0.705s] -- Up-to-date symlink: /home/raiaan/franka_ros2_ws/install/franka_msgs/include/franka_msgs/franka_msgs/msg/detail/elbow__builder.hpp
[0.705s] -- Up-to-date symlink: /home/raiaan/franka_ros2_ws/install/franka_msgs/include/franka_msgs/franka_msgs/msg/detail/elbow__struct.hpp
[0.706s] -- Up-to-date symlink: /home/raiaan/franka_ros2_ws/install/franka_msgs/include/franka_msgs/franka_msgs/msg/detail/elbow__traits.hpp
[0.706s] -- Up-to-date symlink: /home/raiaan/franka_ros2_ws/install/franka_msgs/include/franka_msgs/franka_msgs/msg/detail/elbow__type_support.hpp
[0.707s] -- Up-to-date symlink: /home/raiaan/franka_ros2_ws/install/franka_msgs/include/franka_msgs/franka_msgs/msg/detail/errors__builder.hpp
[0.707s] -- Up-to-date symlink: /home/raiaan/franka_ros2_ws/install/franka_msgs/include/franka_msgs/franka_msgs/msg/detail/errors__struct.hpp
[0.707s] -- Up-to-date symlink: /home/raiaan/franka_ros2_ws/install/franka_msgs/include/franka_msgs/franka_msgs/msg/detail/errors__traits.hpp
[0.708s] -- Up-to-date symlink: /home/raiaan/franka_ros2_ws/install/franka_msgs/include/franka_msgs/franka_msgs/msg/detail/errors__type_support.hpp
[0.708s] -- Up-to-date symlink: /home/raiaan/franka_ros2_ws/install/franka_msgs/include/franka_msgs/franka_msgs/msg/detail/franka_robot_state__builder.hpp
[0.709s] -- Up-to-date symlink: /home/raiaan/franka_ros2_ws/install/franka_msgs/include/franka_msgs/franka_msgs/msg/detail/franka_robot_state__struct.hpp
[0.709s] -- Up-to-date symlink: /home/raiaan/franka_ros2_ws/install/franka_msgs/include/franka_msgs/franka_msgs/msg/detail/franka_robot_state__traits.hpp
[0.709s] -- Up-to-date symlink: /home/raiaan/franka_ros2_ws/install/franka_msgs/include/franka_msgs/franka_msgs/msg/detail/franka_robot_state__type_support.hpp
[0.710s] -- Up-to-date symlink: /home/raiaan/franka_ros2_ws/install/franka_msgs/include/franka_msgs/franka_msgs/msg/detail/grasp_epsilon__builder.hpp
[0.710s] -- Up-to-date symlink: /home/raiaan/franka_ros2_ws/install/franka_msgs/include/franka_msgs/franka_msgs/msg/detail/grasp_epsilon__struct.hpp
[0.711s] -- Up-to-date symlink: /home/raiaan/franka_ros2_ws/install/franka_msgs/include/franka_msgs/franka_msgs/msg/detail/grasp_epsilon__traits.hpp
[0.711s] -- Up-to-date symlink: /home/raiaan/franka_ros2_ws/install/franka_msgs/include/franka_msgs/franka_msgs/msg/detail/grasp_epsilon__type_support.hpp
[0.711s] -- Up-to-date symlink: /home/raiaan/franka_ros2_ws/install/franka_msgs/include/franka_msgs/franka_msgs/msg/detail/target_status__builder.hpp
[0.712s] -- Up-to-date symlink: /home/raiaan/franka_ros2_ws/install/franka_msgs/include/franka_msgs/franka_msgs/msg/detail/target_status__struct.hpp
[0.712s] -- Up-to-date symlink: /home/raiaan/franka_ros2_ws/install/franka_msgs/include/franka_msgs/franka_msgs/msg/detail/target_status__traits.hpp
[0.713s] -- Up-to-date symlink: /home/raiaan/franka_ros2_ws/install/franka_msgs/include/franka_msgs/franka_msgs/msg/detail/target_status__type_support.hpp
[0.713s] -- Up-to-date symlink: /home/raiaan/franka_ros2_ws/install/franka_msgs/include/franka_msgs/franka_msgs/msg/elbow.hpp
[0.714s] -- Up-to-date symlink: /home/raiaan/franka_ros2_ws/install/franka_msgs/include/franka_msgs/franka_msgs/msg/errors.hpp
[0.715s] -- Up-to-date symlink: /home/raiaan/franka_ros2_ws/install/franka_msgs/include/franka_msgs/franka_msgs/msg/franka_robot_state.hpp
[0.715s] -- Up-to-date symlink: /home/raiaan/franka_ros2_ws/install/franka_msgs/include/franka_msgs/franka_msgs/msg/grasp_epsilon.hpp
[0.716s] -- Up-to-date symlink: /home/raiaan/franka_ros2_ws/install/franka_msgs/include/franka_msgs/franka_msgs/msg/rosidl_generator_cpp__visibility_control.hpp
[0.717s] -- Up-to-date symlink: /home/raiaan/franka_ros2_ws/install/franka_msgs/include/franka_msgs/franka_msgs/msg/target_status.hpp
[0.718s] -- Up-to-date symlink: /home/raiaan/franka_ros2_ws/install/franka_msgs/include/franka_msgs/franka_msgs/srv/detail/set_cartesian_stiffness__builder.hpp
[0.718s] -- Up-to-date symlink: /home/raiaan/franka_ros2_ws/install/franka_msgs/include/franka_msgs/franka_msgs/srv/detail/set_cartesian_stiffness__struct.hpp
[0.719s] -- Up-to-date symlink: /home/raiaan/franka_ros2_ws/install/franka_msgs/include/franka_msgs/franka_msgs/srv/detail/set_cartesian_stiffness__traits.hpp
[0.719s] -- Up-to-date symlink: /home/raiaan/franka_ros2_ws/install/franka_msgs/include/franka_msgs/franka_msgs/srv/detail/set_cartesian_stiffness__type_support.hpp
[0.720s] -- Up-to-date symlink: /home/raiaan/franka_ros2_ws/install/franka_msgs/include/franka_msgs/franka_msgs/srv/detail/set_force_torque_collision_behavior__builder.hpp
[0.720s] -- Up-to-date symlink: /home/raiaan/franka_ros2_ws/install/franka_msgs/include/franka_msgs/franka_msgs/srv/detail/set_force_torque_collision_behavior__struct.hpp
[0.721s] -- Up-to-date symlink: /home/raiaan/franka_ros2_ws/install/franka_msgs/include/franka_msgs/franka_msgs/srv/detail/set_force_torque_collision_behavior__traits.hpp
[0.721s] -- Up-to-date symlink: /home/raiaan/franka_ros2_ws/install/franka_msgs/include/franka_msgs/franka_msgs/srv/detail/set_force_torque_collision_behavior__type_support.hpp
[0.722s] -- Up-to-date symlink: /home/raiaan/franka_ros2_ws/install/franka_msgs/include/franka_msgs/franka_msgs/srv/detail/set_full_collision_behavior__builder.hpp
[0.722s] -- Up-to-date symlink: /home/raiaan/franka_ros2_ws/install/franka_msgs/include/franka_msgs/franka_msgs/srv/detail/set_full_collision_behavior__struct.hpp
[0.723s] -- Up-to-date symlink: /home/raiaan/franka_ros2_ws/install/franka_msgs/include/franka_msgs/franka_msgs/srv/detail/set_full_collision_behavior__traits.hpp
[0.723s] -- Up-to-date symlink: /home/raiaan/franka_ros2_ws/install/franka_msgs/include/franka_msgs/franka_msgs/srv/detail/set_full_collision_behavior__type_support.hpp
[0.724s] -- Up-to-date symlink: /home/raiaan/franka_ros2_ws/install/franka_msgs/include/franka_msgs/franka_msgs/srv/detail/set_joint_stiffness__builder.hpp
[0.724s] -- Up-to-date symlink: /home/raiaan/franka_ros2_ws/install/franka_msgs/include/franka_msgs/franka_msgs/srv/detail/set_joint_stiffness__struct.hpp
[0.725s] -- Up-to-date symlink: /home/raiaan/franka_ros2_ws/install/franka_msgs/include/franka_msgs/franka_msgs/srv/detail/set_joint_stiffness__traits.hpp
[0.725s] -- Up-to-date symlink: /home/raiaan/franka_ros2_ws/install/franka_msgs/include/franka_msgs/franka_msgs/srv/detail/set_joint_stiffness__type_support.hpp
[0.726s] -- Up-to-date symlink: /home/raiaan/franka_ros2_ws/install/franka_msgs/include/franka_msgs/franka_msgs/srv/detail/set_load__builder.hpp
[0.726s] -- Up-to-date symlink: /home/raiaan/franka_ros2_ws/install/franka_msgs/include/franka_msgs/franka_msgs/srv/detail/set_load__struct.hpp
[0.726s] -- Up-to-date symlink: /home/raiaan/franka_ros2_ws/install/franka_msgs/include/franka_msgs/franka_msgs/srv/detail/set_load__traits.hpp
[0.727s] -- Up-to-date symlink: /home/raiaan/franka_ros2_ws/install/franka_msgs/include/franka_msgs/franka_msgs/srv/detail/set_load__type_support.hpp
[0.728s] -- Up-to-date symlink: /home/raiaan/franka_ros2_ws/install/franka_msgs/include/franka_msgs/franka_msgs/srv/detail/set_stiffness_frame__builder.hpp
[0.728s] -- Up-to-date symlink: /home/raiaan/franka_ros2_ws/install/franka_msgs/include/franka_msgs/franka_msgs/srv/detail/set_stiffness_frame__struct.hpp
[0.729s] -- Up-to-date symlink: /home/raiaan/franka_ros2_ws/install/franka_msgs/include/franka_msgs/franka_msgs/srv/detail/set_stiffness_frame__traits.hpp
[0.729s] -- Up-to-date symlink: /home/raiaan/franka_ros2_ws/install/franka_msgs/include/franka_msgs/franka_msgs/srv/detail/set_stiffness_frame__type_support.hpp
[0.730s] -- Up-to-date symlink: /home/raiaan/franka_ros2_ws/install/franka_msgs/include/franka_msgs/franka_msgs/srv/detail/set_tcp_frame__builder.hpp
[0.730s] -- Up-to-date symlink: /home/raiaan/franka_ros2_ws/install/franka_msgs/include/franka_msgs/franka_msgs/srv/detail/set_tcp_frame__struct.hpp
[0.731s] -- Up-to-date symlink: /home/raiaan/franka_ros2_ws/install/franka_msgs/include/franka_msgs/franka_msgs/srv/detail/set_tcp_frame__traits.hpp
[0.731s] -- Up-to-date symlink: /home/raiaan/franka_ros2_ws/install/franka_msgs/include/franka_msgs/franka_msgs/srv/detail/set_tcp_frame__type_support.hpp
[0.732s] -- Up-to-date symlink: /home/raiaan/franka_ros2_ws/install/franka_msgs/include/franka_msgs/franka_msgs/srv/set_cartesian_stiffness.hpp
[0.732s] -- Up-to-date symlink: /home/raiaan/franka_ros2_ws/install/franka_msgs/include/franka_msgs/franka_msgs/srv/set_force_torque_collision_behavior.hpp
[0.733s] -- Up-to-date symlink: /home/raiaan/franka_ros2_ws/install/franka_msgs/include/franka_msgs/franka_msgs/srv/set_full_collision_behavior.hpp
[0.733s] -- Up-to-date symlink: /home/raiaan/franka_ros2_ws/install/franka_msgs/include/franka_msgs/franka_msgs/srv/set_joint_stiffness.hpp
[0.734s] -- Up-to-date symlink: /home/raiaan/franka_ros2_ws/install/franka_msgs/include/franka_msgs/franka_msgs/srv/set_load.hpp
[0.735s] -- Up-to-date symlink: /home/raiaan/franka_ros2_ws/install/franka_msgs/include/franka_msgs/franka_msgs/srv/set_stiffness_frame.hpp
[0.735s] -- Up-to-date symlink: /home/raiaan/franka_ros2_ws/install/franka_msgs/include/franka_msgs/franka_msgs/srv/set_tcp_frame.hpp
[0.740s] -- Up-to-date symlink: /home/raiaan/franka_ros2_ws/install/franka_msgs/include/franka_msgs/franka_msgs/action/detail/error_recovery__rosidl_typesupport_fastrtps_cpp.hpp
[0.741s] -- Up-to-date symlink: /home/raiaan/franka_ros2_ws/install/franka_msgs/include/franka_msgs/franka_msgs/action/detail/grasp__rosidl_typesupport_fastrtps_cpp.hpp
[0.741s] -- Up-to-date symlink: /home/raiaan/franka_ros2_ws/install/franka_msgs/include/franka_msgs/franka_msgs/action/detail/homing__rosidl_typesupport_fastrtps_cpp.hpp
[0.742s] -- Up-to-date symlink: /home/raiaan/franka_ros2_ws/install/franka_msgs/include/franka_msgs/franka_msgs/action/detail/move__rosidl_typesupport_fastrtps_cpp.hpp
[0.742s] -- Up-to-date symlink: /home/raiaan/franka_ros2_ws/install/franka_msgs/include/franka_msgs/franka_msgs/action/detail/ptp_motion__rosidl_typesupport_fastrtps_cpp.hpp
[0.743s] -- Up-to-date symlink: /home/raiaan/franka_ros2_ws/install/franka_msgs/include/franka_msgs/franka_msgs/msg/detail/collision_indicators__rosidl_typesupport_fastrtps_cpp.hpp
[0.743s] -- Up-to-date symlink: /home/raiaan/franka_ros2_ws/install/franka_msgs/include/franka_msgs/franka_msgs/msg/detail/elbow__rosidl_typesupport_fastrtps_cpp.hpp
[0.744s] -- Up-to-date symlink: /home/raiaan/franka_ros2_ws/install/franka_msgs/include/franka_msgs/franka_msgs/msg/detail/errors__rosidl_typesupport_fastrtps_cpp.hpp
[0.745s] -- Up-to-date symlink: /home/raiaan/franka_ros2_ws/install/franka_msgs/include/franka_msgs/franka_msgs/msg/detail/franka_robot_state__rosidl_typesupport_fastrtps_cpp.hpp
[0.746s] -- Up-to-date symlink: /home/raiaan/franka_ros2_ws/install/franka_msgs/include/franka_msgs/franka_msgs/msg/detail/grasp_epsilon__rosidl_typesupport_fastrtps_cpp.hpp
[0.746s] -- Up-to-date symlink: /home/raiaan/franka_ros2_ws/install/franka_msgs/include/franka_msgs/franka_msgs/msg/detail/target_status__rosidl_typesupport_fastrtps_cpp.hpp
[0.747s] -- Up-to-date symlink: /home/raiaan/franka_ros2_ws/install/franka_msgs/include/franka_msgs/franka_msgs/msg/rosidl_typesupport_fastrtps_cpp__visibility_control.h
[0.748s] -- Up-to-date symlink: /home/raiaan/franka_ros2_ws/install/franka_msgs/include/franka_msgs/franka_msgs/srv/detail/set_cartesian_stiffness__rosidl_typesupport_fastrtps_cpp.hpp
[0.748s] -- Up-to-date symlink: /home/raiaan/franka_ros2_ws/install/franka_msgs/include/franka_msgs/franka_msgs/srv/detail/set_force_torque_collision_behavior__rosidl_typesupport_fastrtps_cpp.hpp
[0.749s] -- Up-to-date symlink: /home/raiaan/franka_ros2_ws/install/franka_msgs/include/franka_msgs/franka_msgs/srv/detail/set_full_collision_behavior__rosidl_typesupport_fastrtps_cpp.hpp
[0.749s] -- Up-to-date symlink: /home/raiaan/franka_ros2_ws/install/franka_msgs/include/franka_msgs/franka_msgs/srv/detail/set_joint_stiffness__rosidl_typesupport_fastrtps_cpp.hpp
[0.749s] -- Up-to-date symlink: /home/raiaan/franka_ros2_ws/install/franka_msgs/include/franka_msgs/franka_msgs/srv/detail/set_load__rosidl_typesupport_fastrtps_cpp.hpp
[0.750s] -- Up-to-date symlink: /home/raiaan/franka_ros2_ws/install/franka_msgs/include/franka_msgs/franka_msgs/srv/detail/set_stiffness_frame__rosidl_typesupport_fastrtps_cpp.hpp
[0.750s] -- Up-to-date symlink: /home/raiaan/franka_ros2_ws/install/franka_msgs/include/franka_msgs/franka_msgs/srv/detail/set_tcp_frame__rosidl_typesupport_fastrtps_cpp.hpp
[0.753s] -- Up-to-date symlink: /home/raiaan/franka_ros2_ws/install/franka_msgs/include/franka_msgs/franka_msgs/action/detail/error_recovery__rosidl_typesupport_introspection_cpp.hpp
[0.753s] -- Up-to-date symlink: /home/raiaan/franka_ros2_ws/install/franka_msgs/include/franka_msgs/franka_msgs/action/detail/grasp__rosidl_typesupport_introspection_cpp.hpp
[0.753s] -- Up-to-date symlink: /home/raiaan/franka_ros2_ws/install/franka_msgs/include/franka_msgs/franka_msgs/action/detail/homing__rosidl_typesupport_introspection_cpp.hpp
[0.754s] -- Up-to-date symlink: /home/raiaan/franka_ros2_ws/install/franka_msgs/include/franka_msgs/franka_msgs/action/detail/move__rosidl_typesupport_introspection_cpp.hpp
[0.754s] -- Up-to-date symlink: /home/raiaan/franka_ros2_ws/install/franka_msgs/include/franka_msgs/franka_msgs/action/detail/ptp_motion__rosidl_typesupport_introspection_cpp.hpp
[0.755s] -- Up-to-date symlink: /home/raiaan/franka_ros2_ws/install/franka_msgs/include/franka_msgs/franka_msgs/msg/detail/collision_indicators__rosidl_typesupport_introspection_cpp.hpp
[0.755s] -- Up-to-date symlink: /home/raiaan/franka_ros2_ws/install/franka_msgs/include/franka_msgs/franka_msgs/msg/detail/elbow__rosidl_typesupport_introspection_cpp.hpp
[0.756s] -- Up-to-date symlink: /home/raiaan/franka_ros2_ws/install/franka_msgs/include/franka_msgs/franka_msgs/msg/detail/errors__rosidl_typesupport_introspection_cpp.hpp
[0.756s] -- Up-to-date symlink: /home/raiaan/franka_ros2_ws/install/franka_msgs/include/franka_msgs/franka_msgs/msg/detail/franka_robot_state__rosidl_typesupport_introspection_cpp.hpp
[0.756s] -- Up-to-date symlink: /home/raiaan/franka_ros2_ws/install/franka_msgs/include/franka_msgs/franka_msgs/msg/detail/grasp_epsilon__rosidl_typesupport_introspection_cpp.hpp
[0.757s] -- Up-to-date symlink: /home/raiaan/franka_ros2_ws/install/franka_msgs/include/franka_msgs/franka_msgs/msg/detail/target_status__rosidl_typesupport_introspection_cpp.hpp
[0.757s] -- Up-to-date symlink: /home/raiaan/franka_ros2_ws/install/franka_msgs/include/franka_msgs/franka_msgs/srv/detail/set_cartesian_stiffness__rosidl_typesupport_introspection_cpp.hpp
[0.758s] -- Up-to-date symlink: /home/raiaan/franka_ros2_ws/install/franka_msgs/include/franka_msgs/franka_msgs/srv/detail/set_force_torque_collision_behavior__rosidl_typesupport_introspection_cpp.hpp
[0.758s] -- Up-to-date symlink: /home/raiaan/franka_ros2_ws/install/franka_msgs/include/franka_msgs/franka_msgs/srv/detail/set_full_collision_behavior__rosidl_typesupport_introspection_cpp.hpp
[0.758s] -- Up-to-date symlink: /home/raiaan/franka_ros2_ws/install/franka_msgs/include/franka_msgs/franka_msgs/srv/detail/set_joint_stiffness__rosidl_typesupport_introspection_cpp.hpp
[0.759s] -- Up-to-date symlink: /home/raiaan/franka_ros2_ws/install/franka_msgs/include/franka_msgs/franka_msgs/srv/detail/set_load__rosidl_typesupport_introspection_cpp.hpp
[0.759s] -- Up-to-date symlink: /home/raiaan/franka_ros2_ws/install/franka_msgs/include/franka_msgs/franka_msgs/srv/detail/set_stiffness_frame__rosidl_typesupport_introspection_cpp.hpp
[0.760s] -- Up-to-date symlink: /home/raiaan/franka_ros2_ws/install/franka_msgs/include/franka_msgs/franka_msgs/srv/detail/set_tcp_frame__rosidl_typesupport_introspection_cpp.hpp
[0.761s] -- Up-to-date symlink: /home/raiaan/franka_ros2_ws/install/franka_msgs/share/franka_msgs/environment/pythonpath.sh
[0.761s] -- Up-to-date symlink: /home/raiaan/franka_ros2_ws/install/franka_msgs/share/franka_msgs/environment/pythonpath.dsv
[0.761s] -- Up-to-date symlink: /home/raiaan/franka_ros2_ws/install/franka_msgs/local/lib/python3.10/dist-packages/franka_msgs-2.2.0-py3.10.egg-info/PKG-INFO
[0.762s] -- Up-to-date symlink: /home/raiaan/franka_ros2_ws/install/franka_msgs/local/lib/python3.10/dist-packages/franka_msgs-2.2.0-py3.10.egg-info/SOURCES.txt
[0.762s] -- Up-to-date symlink: /home/raiaan/franka_ros2_ws/install/franka_msgs/local/lib/python3.10/dist-packages/franka_msgs-2.2.0-py3.10.egg-info/dependency_links.txt
[0.763s] -- Up-to-date symlink: /home/raiaan/franka_ros2_ws/install/franka_msgs/local/lib/python3.10/dist-packages/franka_msgs-2.2.0-py3.10.egg-info/top_level.txt
[0.764s] -- Up-to-date symlink: /home/raiaan/franka_ros2_ws/install/franka_msgs/local/lib/python3.10/dist-packages/franka_msgs/__init__.py
[0.765s] -- Up-to-date symlink: /home/raiaan/franka_ros2_ws/install/franka_msgs/local/lib/python3.10/dist-packages/franka_msgs/_franka_msgs_s.ep.rosidl_typesupport_c.c
[0.765s] -- Up-to-date symlink: /home/raiaan/franka_ros2_ws/install/franka_msgs/local/lib/python3.10/dist-packages/franka_msgs/_franka_msgs_s.ep.rosidl_typesupport_fastrtps_c.c
[0.766s] -- Up-to-date symlink: /home/raiaan/franka_ros2_ws/install/franka_msgs/local/lib/python3.10/dist-packages/franka_msgs/_franka_msgs_s.ep.rosidl_typesupport_introspection_c.c
[0.766s] -- Up-to-date symlink: /home/raiaan/franka_ros2_ws/install/franka_msgs/local/lib/python3.10/dist-packages/franka_msgs/action/__init__.py
[0.767s] -- Up-to-date symlink: /home/raiaan/franka_ros2_ws/install/franka_msgs/local/lib/python3.10/dist-packages/franka_msgs/action/_error_recovery.py
[0.767s] -- Up-to-date symlink: /home/raiaan/franka_ros2_ws/install/franka_msgs/local/lib/python3.10/dist-packages/franka_msgs/action/_error_recovery_s.c
[0.768s] -- Up-to-date symlink: /home/raiaan/franka_ros2_ws/install/franka_msgs/local/lib/python3.10/dist-packages/franka_msgs/action/_grasp.py
[0.768s] -- Up-to-date symlink: /home/raiaan/franka_ros2_ws/install/franka_msgs/local/lib/python3.10/dist-packages/franka_msgs/action/_grasp_s.c
[0.768s] -- Up-to-date symlink: /home/raiaan/franka_ros2_ws/install/franka_msgs/local/lib/python3.10/dist-packages/franka_msgs/action/_homing.py
[0.769s] -- Up-to-date symlink: /home/raiaan/franka_ros2_ws/install/franka_msgs/local/lib/python3.10/dist-packages/franka_msgs/action/_homing_s.c
[0.769s] -- Up-to-date symlink: /home/raiaan/franka_ros2_ws/install/franka_msgs/local/lib/python3.10/dist-packages/franka_msgs/action/_move.py
[0.770s] -- Up-to-date symlink: /home/raiaan/franka_ros2_ws/install/franka_msgs/local/lib/python3.10/dist-packages/franka_msgs/action/_move_s.c
[0.770s] -- Up-to-date symlink: /home/raiaan/franka_ros2_ws/install/franka_msgs/local/lib/python3.10/dist-packages/franka_msgs/action/_ptp_motion.py
[0.770s] -- Up-to-date symlink: /home/raiaan/franka_ros2_ws/install/franka_msgs/local/lib/python3.10/dist-packages/franka_msgs/action/_ptp_motion_s.c
[0.771s] -- Up-to-date symlink: /home/raiaan/franka_ros2_ws/install/franka_msgs/local/lib/python3.10/dist-packages/franka_msgs/franka_msgs_s__rosidl_typesupport_c.cpython-310-x86_64-linux-gnu.so
[0.771s] -- Up-to-date symlink: /home/raiaan/franka_ros2_ws/install/franka_msgs/local/lib/python3.10/dist-packages/franka_msgs/franka_msgs_s__rosidl_typesupport_fastrtps_c.cpython-310-x86_64-linux-gnu.so
[0.772s] -- Up-to-date symlink: /home/raiaan/franka_ros2_ws/install/franka_msgs/local/lib/python3.10/dist-packages/franka_msgs/franka_msgs_s__rosidl_typesupport_introspection_c.cpython-310-x86_64-linux-gnu.so
[0.772s] -- Up-to-date symlink: /home/raiaan/franka_ros2_ws/install/franka_msgs/local/lib/python3.10/dist-packages/franka_msgs/libfranka_msgs__rosidl_generator_py.so
[0.773s] -- Up-to-date symlink: /home/raiaan/franka_ros2_ws/install/franka_msgs/local/lib/python3.10/dist-packages/franka_msgs/msg/__init__.py
[0.773s] -- Up-to-date symlink: /home/raiaan/franka_ros2_ws/install/franka_msgs/local/lib/python3.10/dist-packages/franka_msgs/msg/_collision_indicators.py
[0.774s] -- Up-to-date symlink: /home/raiaan/franka_ros2_ws/install/franka_msgs/local/lib/python3.10/dist-packages/franka_msgs/msg/_collision_indicators_s.c
[0.774s] -- Up-to-date symlink: /home/raiaan/franka_ros2_ws/install/franka_msgs/local/lib/python3.10/dist-packages/franka_msgs/msg/_elbow.py
[0.775s] -- Up-to-date symlink: /home/raiaan/franka_ros2_ws/install/franka_msgs/local/lib/python3.10/dist-packages/franka_msgs/msg/_elbow_s.c
[0.775s] -- Up-to-date symlink: /home/raiaan/franka_ros2_ws/install/franka_msgs/local/lib/python3.10/dist-packages/franka_msgs/msg/_errors.py
[0.776s] -- Up-to-date symlink: /home/raiaan/franka_ros2_ws/install/franka_msgs/local/lib/python3.10/dist-packages/franka_msgs/msg/_errors_s.c
[0.776s] -- Up-to-date symlink: /home/raiaan/franka_ros2_ws/install/franka_msgs/local/lib/python3.10/dist-packages/franka_msgs/msg/_franka_robot_state.py
[0.777s] -- Up-to-date symlink: /home/raiaan/franka_ros2_ws/install/franka_msgs/local/lib/python3.10/dist-packages/franka_msgs/msg/_franka_robot_state_s.c
[0.777s] -- Up-to-date symlink: /home/raiaan/franka_ros2_ws/install/franka_msgs/local/lib/python3.10/dist-packages/franka_msgs/msg/_grasp_epsilon.py
[0.778s] -- Up-to-date symlink: /home/raiaan/franka_ros2_ws/install/franka_msgs/local/lib/python3.10/dist-packages/franka_msgs/msg/_grasp_epsilon_s.c
[0.778s] -- Up-to-date symlink: /home/raiaan/franka_ros2_ws/install/franka_msgs/local/lib/python3.10/dist-packages/franka_msgs/msg/_target_status.py
[0.779s] -- Up-to-date symlink: /home/raiaan/franka_ros2_ws/install/franka_msgs/local/lib/python3.10/dist-packages/franka_msgs/msg/_target_status_s.c
[0.779s] -- Up-to-date symlink: /home/raiaan/franka_ros2_ws/install/franka_msgs/local/lib/python3.10/dist-packages/franka_msgs/srv/__init__.py
[0.780s] -- Up-to-date symlink: /home/raiaan/franka_ros2_ws/install/franka_msgs/local/lib/python3.10/dist-packages/franka_msgs/srv/_set_cartesian_stiffness.py
[0.781s] -- Up-to-date symlink: /home/raiaan/franka_ros2_ws/install/franka_msgs/local/lib/python3.10/dist-packages/franka_msgs/srv/_set_cartesian_stiffness_s.c
[0.781s] -- Up-to-date symlink: /home/raiaan/franka_ros2_ws/install/franka_msgs/local/lib/python3.10/dist-packages/franka_msgs/srv/_set_force_torque_collision_behavior.py
[0.782s] -- Up-to-date symlink: /home/raiaan/franka_ros2_ws/install/franka_msgs/local/lib/python3.10/dist-packages/franka_msgs/srv/_set_force_torque_collision_behavior_s.c
[0.782s] -- Up-to-date symlink: /home/raiaan/franka_ros2_ws/install/franka_msgs/local/lib/python3.10/dist-packages/franka_msgs/srv/_set_full_collision_behavior.py
[0.782s] -- Up-to-date symlink: /home/raiaan/franka_ros2_ws/install/franka_msgs/local/lib/python3.10/dist-packages/franka_msgs/srv/_set_full_collision_behavior_s.c
[0.783s] -- Up-to-date symlink: /home/raiaan/franka_ros2_ws/install/franka_msgs/local/lib/python3.10/dist-packages/franka_msgs/srv/_set_joint_stiffness.py
[0.783s] -- Up-to-date symlink: /home/raiaan/franka_ros2_ws/install/franka_msgs/local/lib/python3.10/dist-packages/franka_msgs/srv/_set_joint_stiffness_s.c
[0.784s] -- Up-to-date symlink: /home/raiaan/franka_ros2_ws/install/franka_msgs/local/lib/python3.10/dist-packages/franka_msgs/srv/_set_load.py
[0.784s] -- Up-to-date symlink: /home/raiaan/franka_ros2_ws/install/franka_msgs/local/lib/python3.10/dist-packages/franka_msgs/srv/_set_load_s.c
[0.785s] -- Up-to-date symlink: /home/raiaan/franka_ros2_ws/install/franka_msgs/local/lib/python3.10/dist-packages/franka_msgs/srv/_set_stiffness_frame.py
[0.785s] -- Up-to-date symlink: /home/raiaan/franka_ros2_ws/install/franka_msgs/local/lib/python3.10/dist-packages/franka_msgs/srv/_set_stiffness_frame_s.c
[0.786s] -- Up-to-date symlink: /home/raiaan/franka_ros2_ws/install/franka_msgs/local/lib/python3.10/dist-packages/franka_msgs/srv/_set_tcp_frame.py
[0.786s] -- Up-to-date symlink: /home/raiaan/franka_ros2_ws/install/franka_msgs/local/lib/python3.10/dist-packages/franka_msgs/srv/_set_tcp_frame_s.c
[0.787s] -- Up-to-date symlink: /home/raiaan/franka_ros2_ws/install/franka_msgs/local/lib/python3.10/dist-packages/franka_msgs/franka_msgs_s__rosidl_typesupport_fastrtps_c.cpython-310-x86_64-linux-gnu.so
[0.787s] -- Up-to-date symlink: /home/raiaan/franka_ros2_ws/install/franka_msgs/local/lib/python3.10/dist-packages/franka_msgs/franka_msgs_s__rosidl_typesupport_introspection_c.cpython-310-x86_64-linux-gnu.so
[0.788s] -- Up-to-date symlink: /home/raiaan/franka_ros2_ws/install/franka_msgs/local/lib/python3.10/dist-packages/franka_msgs/franka_msgs_s__rosidl_typesupport_c.cpython-310-x86_64-linux-gnu.so
[0.789s] -- Up-to-date symlink: /home/raiaan/franka_ros2_ws/install/franka_msgs/share/franka_msgs/action/ErrorRecovery.idl
[0.789s] -- Up-to-date symlink: /home/raiaan/franka_ros2_ws/install/franka_msgs/share/franka_msgs/action/Grasp.idl
[0.790s] -- Up-to-date symlink: /home/raiaan/franka_ros2_ws/install/franka_msgs/share/franka_msgs/action/Homing.idl
[0.790s] -- Up-to-date symlink: /home/raiaan/franka_ros2_ws/install/franka_msgs/share/franka_msgs/action/Move.idl
[0.791s] -- Up-to-date symlink: /home/raiaan/franka_ros2_ws/install/franka_msgs/share/franka_msgs/action/PTPMotion.idl
[0.791s] -- Up-to-date symlink: /home/raiaan/franka_ros2_ws/install/franka_msgs/share/franka_msgs/msg/CollisionIndicators.idl
[0.792s] -- Up-to-date symlink: /home/raiaan/franka_ros2_ws/install/franka_msgs/share/franka_msgs/msg/Elbow.idl
[0.792s] -- Up-to-date symlink: /home/raiaan/franka_ros2_ws/install/franka_msgs/share/franka_msgs/msg/Errors.idl
[0.793s] -- Up-to-date symlink: /home/raiaan/franka_ros2_ws/install/franka_msgs/share/franka_msgs/msg/FrankaRobotState.idl
[0.793s] -- Up-to-date symlink: /home/raiaan/franka_ros2_ws/install/franka_msgs/share/franka_msgs/msg/GraspEpsilon.idl
[0.794s] -- Up-to-date symlink: /home/raiaan/franka_ros2_ws/install/franka_msgs/share/franka_msgs/msg/TargetStatus.idl
[0.794s] -- Up-to-date symlink: /home/raiaan/franka_ros2_ws/install/franka_msgs/share/franka_msgs/srv/SetCartesianStiffness.idl
[0.795s] -- Up-to-date symlink: /home/raiaan/franka_ros2_ws/install/franka_msgs/share/franka_msgs/srv/SetTCPFrame.idl
[0.795s] -- Up-to-date symlink: /home/raiaan/franka_ros2_ws/install/franka_msgs/share/franka_msgs/srv/SetForceTorqueCollisionBehavior.idl
[0.796s] -- Up-to-date symlink: /home/raiaan/franka_ros2_ws/install/franka_msgs/share/franka_msgs/srv/SetFullCollisionBehavior.idl
[0.797s] -- Up-to-date symlink: /home/raiaan/franka_ros2_ws/install/franka_msgs/share/franka_msgs/srv/SetJointStiffness.idl
[0.797s] -- Up-to-date symlink: /home/raiaan/franka_ros2_ws/install/franka_msgs/share/franka_msgs/srv/SetStiffnessFrame.idl
[0.798s] -- Up-to-date symlink: /home/raiaan/franka_ros2_ws/install/franka_msgs/share/franka_msgs/srv/SetLoad.idl
[0.798s] -- Up-to-date symlink: /home/raiaan/franka_ros2_ws/install/franka_msgs/share/franka_msgs/action/ErrorRecovery.action
[0.799s] -- Up-to-date symlink: /home/raiaan/franka_ros2_ws/install/franka_msgs/share/franka_msgs/action/Grasp.action
[0.799s] -- Up-to-date symlink: /home/raiaan/franka_ros2_ws/install/franka_msgs/share/franka_msgs/action/Homing.action
[0.800s] -- Up-to-date symlink: /home/raiaan/franka_ros2_ws/install/franka_msgs/share/franka_msgs/action/Move.action
[0.800s] -- Up-to-date symlink: /home/raiaan/franka_ros2_ws/install/franka_msgs/share/franka_msgs/action/PTPMotion.action
[0.800s] -- Up-to-date symlink: /home/raiaan/franka_ros2_ws/install/franka_msgs/share/franka_msgs/msg/CollisionIndicators.msg
[0.801s] -- Up-to-date symlink: /home/raiaan/franka_ros2_ws/install/franka_msgs/share/franka_msgs/msg/Elbow.msg
[0.801s] -- Up-to-date symlink: /home/raiaan/franka_ros2_ws/install/franka_msgs/share/franka_msgs/msg/Errors.msg
[0.802s] -- Up-to-date symlink: /home/raiaan/franka_ros2_ws/install/franka_msgs/share/franka_msgs/msg/FrankaRobotState.msg
[0.802s] -- Up-to-date symlink: /home/raiaan/franka_ros2_ws/install/franka_msgs/share/franka_msgs/msg/GraspEpsilon.msg
[0.802s] -- Up-to-date symlink: /home/raiaan/franka_ros2_ws/install/franka_msgs/share/franka_msgs/msg/TargetStatus.msg
[0.803s] -- Up-to-date symlink: /home/raiaan/franka_ros2_ws/install/franka_msgs/share/franka_msgs/srv/SetCartesianStiffness.srv
[0.804s] -- Up-to-date symlink: /home/raiaan/franka_ros2_ws/install/franka_msgs/share/franka_msgs/srv/SetCartesianStiffness_Request.msg
[0.804s] -- Up-to-date symlink: /home/raiaan/franka_ros2_ws/install/franka_msgs/share/franka_msgs/srv/SetCartesianStiffness_Response.msg
[0.805s] -- Up-to-date symlink: /home/raiaan/franka_ros2_ws/install/franka_msgs/share/franka_msgs/srv/SetTCPFrame.srv
[0.805s] -- Up-to-date symlink: /home/raiaan/franka_ros2_ws/install/franka_msgs/share/franka_msgs/srv/SetTCPFrame_Request.msg
[0.806s] -- Up-to-date symlink: /home/raiaan/franka_ros2_ws/install/franka_msgs/share/franka_msgs/srv/SetTCPFrame_Response.msg
[0.807s] -- Up-to-date symlink: /home/raiaan/franka_ros2_ws/install/franka_msgs/share/franka_msgs/srv/SetForceTorqueCollisionBehavior.srv
[0.807s] -- Up-to-date symlink: /home/raiaan/franka_ros2_ws/install/franka_msgs/share/franka_msgs/srv/SetForceTorqueCollisionBehavior_Request.msg
[0.808s] -- Up-to-date symlink: /home/raiaan/franka_ros2_ws/install/franka_msgs/share/franka_msgs/srv/SetForceTorqueCollisionBehavior_Response.msg
[0.808s] -- Up-to-date symlink: /home/raiaan/franka_ros2_ws/install/franka_msgs/share/franka_msgs/srv/SetFullCollisionBehavior.srv
[0.809s] -- Up-to-date symlink: /home/raiaan/franka_ros2_ws/install/franka_msgs/share/franka_msgs/srv/SetFullCollisionBehavior_Request.msg
[0.809s] -- Up-to-date symlink: /home/raiaan/franka_ros2_ws/install/franka_msgs/share/franka_msgs/srv/SetFullCollisionBehavior_Response.msg
[0.810s] -- Up-to-date symlink: /home/raiaan/franka_ros2_ws/install/franka_msgs/share/franka_msgs/srv/SetJointStiffness.srv
[0.810s] -- Up-to-date symlink: /home/raiaan/franka_ros2_ws/install/franka_msgs/share/franka_msgs/srv/SetJointStiffness_Request.msg
[0.811s] -- Up-to-date symlink: /home/raiaan/franka_ros2_ws/install/franka_msgs/share/franka_msgs/srv/SetJointStiffness_Response.msg
[0.811s] -- Up-to-date symlink: /home/raiaan/franka_ros2_ws/install/franka_msgs/share/franka_msgs/srv/SetStiffnessFrame.srv
[0.812s] -- Up-to-date symlink: /home/raiaan/franka_ros2_ws/install/franka_msgs/share/franka_msgs/srv/SetStiffnessFrame_Request.msg
[0.812s] -- Up-to-date symlink: /home/raiaan/franka_ros2_ws/install/franka_msgs/share/franka_msgs/srv/SetStiffnessFrame_Response.msg
[0.813s] -- Up-to-date symlink: /home/raiaan/franka_ros2_ws/install/franka_msgs/share/franka_msgs/srv/SetLoad.srv
[0.813s] -- Up-to-date symlink: /home/raiaan/franka_ros2_ws/install/franka_msgs/share/franka_msgs/srv/SetLoad_Request.msg
[0.814s] -- Up-to-date symlink: /home/raiaan/franka_ros2_ws/install/franka_msgs/share/franka_msgs/srv/SetLoad_Response.msg
[0.814s] -- Up-to-date symlink: /home/raiaan/franka_ros2_ws/install/franka_msgs/share/ament_index/resource_index/package_run_dependencies/franka_msgs
[0.814s] -- Up-to-date symlink: /home/raiaan/franka_ros2_ws/install/franka_msgs/share/ament_index/resource_index/parent_prefix_path/franka_msgs
[0.815s] -- Up-to-date symlink: /home/raiaan/franka_ros2_ws/install/franka_msgs/share/franka_msgs/environment/ament_prefix_path.sh
[0.815s] -- Up-to-date symlink: /home/raiaan/franka_ros2_ws/install/franka_msgs/share/franka_msgs/environment/ament_prefix_path.dsv
[0.816s] -- Up-to-date symlink: /home/raiaan/franka_ros2_ws/install/franka_msgs/share/franka_msgs/environment/path.sh
[0.816s] -- Up-to-date symlink: /home/raiaan/franka_ros2_ws/install/franka_msgs/share/franka_msgs/environment/path.dsv
[0.817s] -- Up-to-date symlink: /home/raiaan/franka_ros2_ws/install/franka_msgs/share/franka_msgs/local_setup.bash
[0.817s] -- Up-to-date symlink: /home/raiaan/franka_ros2_ws/install/franka_msgs/share/franka_msgs/local_setup.sh
[0.818s] -- Up-to-date symlink: /home/raiaan/franka_ros2_ws/install/franka_msgs/share/franka_msgs/local_setup.zsh
[0.818s] -- Up-to-date symlink: /home/raiaan/franka_ros2_ws/install/franka_msgs/share/franka_msgs/local_setup.dsv
[0.818s] -- Symlinking: /home/raiaan/franka_ros2_ws/install/franka_msgs/share/franka_msgs/package.dsv
[0.829s] -- Up-to-date symlink: /home/raiaan/franka_ros2_ws/install/franka_msgs/share/ament_index/resource_index/packages/franka_msgs
[0.830s] -- Up-to-date symlink: /home/raiaan/franka_ros2_ws/install/franka_msgs/share/franka_msgs/cmake/rosidl_cmake-extras.cmake
[0.830s] -- Up-to-date symlink: /home/raiaan/franka_ros2_ws/install/franka_msgs/share/franka_msgs/cmake/ament_cmake_export_dependencies-extras.cmake
[0.831s] -- Up-to-date symlink: /home/raiaan/franka_ros2_ws/install/franka_msgs/share/franka_msgs/cmake/ament_cmake_export_include_directories-extras.cmake
[0.831s] -- Up-to-date symlink: /home/raiaan/franka_ros2_ws/install/franka_msgs/share/franka_msgs/cmake/ament_cmake_export_libraries-extras.cmake
[0.832s] -- Up-to-date symlink: /home/raiaan/franka_ros2_ws/install/franka_msgs/share/franka_msgs/cmake/ament_cmake_export_targets-extras.cmake
[0.833s] -- Up-to-date symlink: /home/raiaan/franka_ros2_ws/install/franka_msgs/share/franka_msgs/cmake/rosidl_cmake_export_typesupport_targets-extras.cmake
[0.833s] -- Up-to-date symlink: /home/raiaan/franka_ros2_ws/install/franka_msgs/share/franka_msgs/cmake/rosidl_cmake_export_typesupport_libraries-extras.cmake
[0.834s] -- Up-to-date symlink: /home/raiaan/franka_ros2_ws/install/franka_msgs/share/franka_msgs/cmake/franka_msgsConfig.cmake
[0.834s] -- Up-to-date symlink: /home/raiaan/franka_ros2_ws/install/franka_msgs/share/franka_msgs/cmake/franka_msgsConfig-version.cmake
[0.835s] -- Up-to-date symlink: /home/raiaan/franka_ros2_ws/install/franka_msgs/share/franka_msgs/package.xml
[0.836s] -- Up-to-date: /home/raiaan/franka_ros2_ws/install/franka_msgs/lib/libfranka_msgs__rosidl_generator_c.so
[0.837s] -- Up-to-date: /home/raiaan/franka_ros2_ws/install/franka_msgs/lib/libfranka_msgs__rosidl_typesupport_fastrtps_c.so
[0.839s] -- Up-to-date: /home/raiaan/franka_ros2_ws/install/franka_msgs/lib/libfranka_msgs__rosidl_typesupport_introspection_c.so
[0.840s] -- Up-to-date: /home/raiaan/franka_ros2_ws/install/franka_msgs/lib/libfranka_msgs__rosidl_typesupport_c.so
[0.841s] -- Up-to-date: /home/raiaan/franka_ros2_ws/install/franka_msgs/lib/libfranka_msgs__rosidl_typesupport_fastrtps_cpp.so
[0.842s] -- Up-to-date: /home/raiaan/franka_ros2_ws/install/franka_msgs/lib/libfranka_msgs__rosidl_typesupport_introspection_cpp.so
[0.843s] -- Up-to-date: /home/raiaan/franka_ros2_ws/install/franka_msgs/lib/libfranka_msgs__rosidl_typesupport_cpp.so
[0.891s] Listing '/home/raiaan/franka_ros2_ws/install/franka_msgs/local/lib/python3.10/dist-packages/franka_msgs'...
[0.891s] Listing '/home/raiaan/franka_ros2_ws/install/franka_msgs/local/lib/python3.10/dist-packages/franka_msgs/action'...
[0.891s] Listing '/home/raiaan/franka_ros2_ws/install/franka_msgs/local/lib/python3.10/dist-packages/franka_msgs/msg'...
[0.891s] Listing '/home/raiaan/franka_ros2_ws/install/franka_msgs/local/lib/python3.10/dist-packages/franka_msgs/srv'...
[0.897s] -- Up-to-date: /home/raiaan/franka_ros2_ws/install/franka_msgs/lib/libfranka_msgs__rosidl_generator_py.so
[0.898s] -- Up-to-date: /home/raiaan/franka_ros2_ws/install/franka_msgs/share/franka_msgs/cmake/export_franka_msgs__rosidl_generator_cExport.cmake
[0.899s] -- Up-to-date: /home/raiaan/franka_ros2_ws/install/franka_msgs/share/franka_msgs/cmake/export_franka_msgs__rosidl_generator_cExport-noconfig.cmake
[0.900s] -- Up-to-date: /home/raiaan/franka_ros2_ws/install/franka_msgs/share/franka_msgs/cmake/export_franka_msgs__rosidl_typesupport_fastrtps_cExport.cmake
[0.900s] -- Up-to-date: /home/raiaan/franka_ros2_ws/install/franka_msgs/share/franka_msgs/cmake/export_franka_msgs__rosidl_typesupport_fastrtps_cExport-noconfig.cmake
[0.901s] -- Up-to-date: /home/raiaan/franka_ros2_ws/install/franka_msgs/share/franka_msgs/cmake/franka_msgs__rosidl_typesupport_introspection_cExport.cmake
[0.901s] -- Up-to-date: /home/raiaan/franka_ros2_ws/install/franka_msgs/share/franka_msgs/cmake/franka_msgs__rosidl_typesupport_introspection_cExport-noconfig.cmake
[0.902s] -- Up-to-date: /home/raiaan/franka_ros2_ws/install/franka_msgs/share/franka_msgs/cmake/franka_msgs__rosidl_typesupport_cExport.cmake
[0.902s] -- Up-to-date: /home/raiaan/franka_ros2_ws/install/franka_msgs/share/franka_msgs/cmake/franka_msgs__rosidl_typesupport_cExport-noconfig.cmake
[0.903s] -- Up-to-date: /home/raiaan/franka_ros2_ws/install/franka_msgs/share/franka_msgs/cmake/export_franka_msgs__rosidl_generator_cppExport.cmake
[0.904s] -- Up-to-date: /home/raiaan/franka_ros2_ws/install/franka_msgs/share/franka_msgs/cmake/export_franka_msgs__rosidl_typesupport_fastrtps_cppExport.cmake
[0.904s] -- Up-to-date: /home/raiaan/franka_ros2_ws/install/franka_msgs/share/franka_msgs/cmake/export_franka_msgs__rosidl_typesupport_fastrtps_cppExport-noconfig.cmake
[0.905s] -- Up-to-date: /home/raiaan/franka_ros2_ws/install/franka_msgs/share/franka_msgs/cmake/franka_msgs__rosidl_typesupport_introspection_cppExport.cmake
[0.905s] -- Up-to-date: /home/raiaan/franka_ros2_ws/install/franka_msgs/share/franka_msgs/cmake/franka_msgs__rosidl_typesupport_introspection_cppExport-noconfig.cmake
[0.907s] -- Up-to-date: /home/raiaan/franka_ros2_ws/install/franka_msgs/share/franka_msgs/cmake/franka_msgs__rosidl_typesupport_cppExport.cmake
[0.907s] -- Up-to-date: /home/raiaan/franka_ros2_ws/install/franka_msgs/share/franka_msgs/cmake/franka_msgs__rosidl_typesupport_cppExport-noconfig.cmake
[0.908s] -- Up-to-date: /home/raiaan/franka_ros2_ws/install/franka_msgs/share/franka_msgs/cmake/export_franka_msgs__rosidl_generator_pyExport.cmake
[0.908s] -- Up-to-date: /home/raiaan/franka_ros2_ws/install/franka_msgs/share/franka_msgs/cmake/export_franka_msgs__rosidl_generator_pyExport-noconfig.cmake
[0.912s] Invoked command in '/home/raiaan/franka_ros2_ws/build/franka_msgs' returned '0': CMAKE_PREFIX_PATH=${CMAKE_PREFIX_PATH}:/opt/ros/humble /usr/bin/cmake --install /home/raiaan/franka_ros2_ws/build/franka_msgs
