[0.009s] Invoking command in '/home/raiaan/franka_ros2_ws/build/libfranka': CMAKE_PREFIX_PATH=${CMAKE_PREFIX_PATH}:/opt/ros/humble /usr/bin/cmake --build /home/raiaan/franka_ros2_ws/build/libfranka -- -j6 -l6
[0.185s] [ 37%] Built target franka
[0.208s] [ 40%] Built target examples_common
[0.232s] [ 42%] Built target echo_robot_state
[0.232s] [ 45%] Built target communication_test
[0.233s] [ 48%] Built target async_position_control
[0.234s] [ 50%] Built target force_control
[0.236s] [ 53%] Built target cartesian_impedance_control
[0.236s] [ 55%] Built target generate_cartesian_pose_motion
[0.258s] [ 58%] Built target generate_cartesian_pose_motion_external_control_loop
[0.266s] [ 61%] Built target generate_cartesian_velocity_motion
[0.266s] [ 63%] Built target generate_cartesian_velocity_motion_external_control_loop
[0.266s] [ 66%] Built target generate_consecutive_motions
[0.273s] [ 68%] Built target generate_elbow_motion
[0.273s] [ 71%] Built target generate_joint_position_motion
[0.287s] [ 74%] Built target generate_joint_position_motion_external_control_loop
[0.288s] [ 76%] Built target generate_joint_velocity_motion
[0.289s] [ 79%] Built target generate_joint_velocity_motion_external_control_loop
[0.294s] [ 81%] Built target grasp_object
[0.303s] [ 84%] Built target joint_point_to_point_motion
[0.305s] [ 87%] Built target joint_impedance_control
[0.314s] [ 89%] Built target vacuum_object
[0.314s] [ 92%] Built target motion_with_control
[0.314s] [ 94%] Built target motion_with_control_external_control_loop
[0.315s] [ 97%] Built target print_joint_poses
[0.325s] [100%] Built target logging_example
[0.335s] Invoked command in '/home/raiaan/franka_ros2_ws/build/libfranka' returned '0': CMAKE_PREFIX_PATH=${CMAKE_PREFIX_PATH}:/opt/ros/humble /usr/bin/cmake --build /home/raiaan/franka_ros2_ws/build/libfranka -- -j6 -l6
[0.338s] Invoking command in '/home/raiaan/franka_ros2_ws/build/libfranka': CMAKE_PREFIX_PATH=${CMAKE_PREFIX_PATH}:/opt/ros/humble /usr/bin/cmake --install /home/raiaan/franka_ros2_ws/build/libfranka
[0.344s] -- Install configuration: "Release"
[0.346s] -- Up-to-date: /home/raiaan/franka_ros2_ws/install/libfranka/lib/libfranka.so.0.20.4
[0.346s] -- Up-to-date: /home/raiaan/franka_ros2_ws/install/libfranka/lib/libfranka.so.0.20
[0.346s] -- Up-to-date: /home/raiaan/franka_ros2_ws/install/libfranka/lib/libfranka.so
[0.346s] -- Up-to-date: /home/raiaan/franka_ros2_ws/install/libfranka/include
[0.346s] -- Up-to-date: /home/raiaan/franka_ros2_ws/install/libfranka/include/franka
[0.347s] -- Up-to-date: /home/raiaan/franka_ros2_ws/install/libfranka/include/franka/active_control.h
[0.347s] -- Up-to-date: /home/raiaan/franka_ros2_ws/install/libfranka/include/franka/joint_velocity_limits.h
[0.347s] -- Up-to-date: /home/raiaan/franka_ros2_ws/install/libfranka/include/franka/vacuum_gripper.h
[0.347s] -- Up-to-date: /home/raiaan/franka_ros2_ws/install/libfranka/include/franka/control_types.h
[0.347s] -- Up-to-date: /home/raiaan/franka_ros2_ws/install/libfranka/include/franka/active_motion_generator.h
[0.347s] -- Up-to-date: /home/raiaan/franka_ros2_ws/install/libfranka/include/franka/active_torque_control.h
[0.348s] -- Up-to-date: /home/raiaan/franka_ros2_ws/install/libfranka/include/franka/exception.h
[0.348s] -- Up-to-date: /home/raiaan/franka_ros2_ws/install/libfranka/include/franka/gripper.h
[0.348s] -- Up-to-date: /home/raiaan/franka_ros2_ws/install/libfranka/include/franka/duration.h
[0.348s] -- Up-to-date: /home/raiaan/franka_ros2_ws/install/libfranka/include/franka/async_control
[0.348s] -- Up-to-date: /home/raiaan/franka_ros2_ws/install/libfranka/include/franka/async_control/target_status.hpp
[0.348s] -- Up-to-date: /home/raiaan/franka_ros2_ws/install/libfranka/include/franka/async_control/async_position_control_handler.hpp
[0.348s] -- Up-to-date: /home/raiaan/franka_ros2_ws/install/libfranka/include/franka/rate_limiting.h
[0.348s] -- Up-to-date: /home/raiaan/franka_ros2_ws/install/libfranka/include/franka/logging
[0.348s] -- Up-to-date: /home/raiaan/franka_ros2_ws/install/libfranka/include/franka/logging/cout_logging_sink.hpp
[0.348s] -- Up-to-date: /home/raiaan/franka_ros2_ws/install/libfranka/include/franka/logging/logger.hpp
[0.349s] -- Up-to-date: /home/raiaan/franka_ros2_ws/install/libfranka/include/franka/logging/robot_state_log.hpp
[0.349s] -- Up-to-date: /home/raiaan/franka_ros2_ws/install/libfranka/include/franka/logging/logging_sink_interface.hpp
[0.349s] -- Up-to-date: /home/raiaan/franka_ros2_ws/install/libfranka/include/franka/errors.h
[0.349s] -- Up-to-date: /home/raiaan/franka_ros2_ws/install/libfranka/include/franka/active_control_base.h
[0.349s] -- Up-to-date: /home/raiaan/franka_ros2_ws/install/libfranka/include/franka/commands
[0.349s] -- Up-to-date: /home/raiaan/franka_ros2_ws/install/libfranka/include/franka/commands/get_robot_model_command.hpp
[0.349s] -- Up-to-date: /home/raiaan/franka_ros2_ws/install/libfranka/include/franka/robot.h
[0.349s] -- Up-to-date: /home/raiaan/franka_ros2_ws/install/libfranka/include/franka/control_tools.h
[0.349s] -- Up-to-date: /home/raiaan/franka_ros2_ws/install/libfranka/include/franka/robot_state.h
[0.349s] -- Up-to-date: /home/raiaan/franka_ros2_ws/install/libfranka/include/franka/vacuum_gripper_state.h
[0.350s] -- Up-to-date: /home/raiaan/franka_ros2_ws/install/libfranka/include/franka/lowpass_filter.h
[0.350s] -- Up-to-date: /home/raiaan/franka_ros2_ws/install/libfranka/include/franka/robot_model_base.h
[0.350s] -- Up-to-date: /home/raiaan/franka_ros2_ws/install/libfranka/include/franka/robot_model.h
[0.350s] -- Up-to-date: /home/raiaan/franka_ros2_ws/install/libfranka/include/franka/gripper_state.h
[0.350s] -- Up-to-date: /home/raiaan/franka_ros2_ws/install/libfranka/include/franka/model.h
[0.350s] -- Up-to-date: /home/raiaan/franka_ros2_ws/install/libfranka/include
[0.350s] -- Up-to-date: /home/raiaan/franka_ros2_ws/install/libfranka/include/research_interface
[0.350s] -- Up-to-date: /home/raiaan/franka_ros2_ws/install/libfranka/include/research_interface/robot
[0.350s] -- Up-to-date: /home/raiaan/franka_ros2_ws/install/libfranka/include/research_interface/robot/rbk_types.h
[0.350s] -- Up-to-date: /home/raiaan/franka_ros2_ws/install/libfranka/include/research_interface/robot/service_types.h
[0.350s] -- Up-to-date: /home/raiaan/franka_ros2_ws/install/libfranka/include/research_interface/robot/error.h
[0.350s] -- Up-to-date: /home/raiaan/franka_ros2_ws/install/libfranka/include/research_interface/robot/service_traits.h
[0.350s] -- Up-to-date: /home/raiaan/franka_ros2_ws/install/libfranka/include/research_interface/gripper
[0.350s] -- Up-to-date: /home/raiaan/franka_ros2_ws/install/libfranka/include/research_interface/gripper/types.h
[0.350s] -- Up-to-date: /home/raiaan/franka_ros2_ws/install/libfranka/include/research_interface/vacuum_gripper
[0.350s] -- Up-to-date: /home/raiaan/franka_ros2_ws/install/libfranka/include/research_interface/vacuum_gripper/types.h
[0.350s] -- Up-to-date: /home/raiaan/franka_ros2_ws/install/libfranka/lib/cmake/Franka/FrankaConfig.cmake
[0.350s] -- Up-to-date: /home/raiaan/franka_ros2_ws/install/libfranka/lib/cmake/Franka/FrankaConfigVersion.cmake
[0.350s] -- Up-to-date: /home/raiaan/franka_ros2_ws/install/libfranka/lib/cmake/Franka/FrankaTargets.cmake
[0.350s] -- Up-to-date: /home/raiaan/franka_ros2_ws/install/libfranka/lib/cmake/Franka/FrankaTargets-release.cmake
[0.350s] -- Up-to-date: /home/raiaan/franka_ros2_ws/install/libfranka/bin/async_position_control
[0.352s] -- Up-to-date: /home/raiaan/franka_ros2_ws/install/libfranka/bin/cartesian_impedance_control
[0.353s] -- Up-to-date: /home/raiaan/franka_ros2_ws/install/libfranka/bin/communication_test
[0.354s] -- Up-to-date: /home/raiaan/franka_ros2_ws/install/libfranka/bin/echo_robot_state
[0.355s] -- Up-to-date: /home/raiaan/franka_ros2_ws/install/libfranka/bin/force_control
[0.356s] -- Up-to-date: /home/raiaan/franka_ros2_ws/install/libfranka/bin/generate_cartesian_pose_motion
[0.357s] -- Up-to-date: /home/raiaan/franka_ros2_ws/install/libfranka/bin/generate_cartesian_pose_motion_external_control_loop
[0.358s] -- Up-to-date: /home/raiaan/franka_ros2_ws/install/libfranka/bin/generate_cartesian_velocity_motion
[0.359s] -- Up-to-date: /home/raiaan/franka_ros2_ws/install/libfranka/bin/generate_cartesian_velocity_motion_external_control_loop
[0.360s] -- Up-to-date: /home/raiaan/franka_ros2_ws/install/libfranka/bin/generate_consecutive_motions
[0.362s] -- Up-to-date: /home/raiaan/franka_ros2_ws/install/libfranka/bin/generate_elbow_motion
[0.362s] -- Up-to-date: /home/raiaan/franka_ros2_ws/install/libfranka/bin/generate_joint_position_motion
[0.364s] -- Up-to-date: /home/raiaan/franka_ros2_ws/install/libfranka/bin/generate_joint_position_motion_external_control_loop
[0.366s] -- Up-to-date: /home/raiaan/franka_ros2_ws/install/libfranka/bin/generate_joint_velocity_motion
[0.366s] -- Up-to-date: /home/raiaan/franka_ros2_ws/install/libfranka/bin/generate_joint_velocity_motion_external_control_loop
[0.368s] -- Up-to-date: /home/raiaan/franka_ros2_ws/install/libfranka/bin/grasp_object
[0.369s] -- Up-to-date: /home/raiaan/franka_ros2_ws/install/libfranka/bin/joint_impedance_control
[0.370s] -- Up-to-date: /home/raiaan/franka_ros2_ws/install/libfranka/bin/joint_point_to_point_motion
[0.371s] -- Up-to-date: /home/raiaan/franka_ros2_ws/install/libfranka/bin/motion_with_control
[0.372s] -- Up-to-date: /home/raiaan/franka_ros2_ws/install/libfranka/bin/motion_with_control_external_control_loop
[0.372s] -- Up-to-date: /home/raiaan/franka_ros2_ws/install/libfranka/bin/print_joint_poses
[0.373s] -- Up-to-date: /home/raiaan/franka_ros2_ws/install/libfranka/bin/vacuum_object
[0.375s] -- Up-to-date: /home/raiaan/franka_ros2_ws/install/libfranka/bin/logging_example
[0.377s] Invoked command in '/home/raiaan/franka_ros2_ws/build/libfranka' returned '0': CMAKE_PREFIX_PATH=${CMAKE_PREFIX_PATH}:/opt/ros/humble /usr/bin/cmake --install /home/raiaan/franka_ros2_ws/build/libfranka
