[1.995s] Invoking command in '/home/raiaan/franka_ros2_ws/build/franka_gripper': CMAKE_PREFIX_PATH=/home/raiaan/franka_ros2_ws/install/libfranka:/home/raiaan/franka_ros2_ws/install/franka_msgs:/home/raiaan/franka_ros2_ws/install/franka_ros2:/home/raiaan/franka_ros2_ws/install/franka_bringup:/home/raiaan/franka_ros2_ws/install/franka_robot_state_broadcaster:/home/raiaan/franka_ros2_ws/install/franka_mobile_example_controllers:/home/raiaan/franka_ros2_ws/install/franka_example_controllers:/home/raiaan/franka_ros2_ws/install/franka_semantic_components:/home/raiaan/franka_ros2_ws/install/franka_gazebo_bringup:/home/raiaan/franka_ros2_ws/install/franka_ign_ros2_control:/home/raiaan/franka_ros2_ws/install/franka_fr3_moveit_config:/home/raiaan/franka_ros2_ws/install/franka_hardware:/home/raiaan/franka_ros2_ws/install/franka_gripper:/home/raiaan/franka_ros2_ws/install/integration_launch_testing:/home/raiaan/franka_ros2_ws/install/franka_description:/opt/ros/humble LD_LIBRARY_PATH=/home/raiaan/franka_ros2_ws/install/libfranka/lib:/home/raiaan/franka_ros2_ws/install/franka_msgs/lib:/usr/lib/x86_64-linux-gnu/gazebo-11/plugins:/home/raiaan/franka_ros2_ws/install/franka_robot_state_broadcaster/lib:/home/raiaan/franka_ros2_ws/install/franka_mobile_example_controllers/lib:/home/raiaan/franka_ros2_ws/install/franka_example_controllers/lib:/home/raiaan/franka_ros2_ws/install/franka_semantic_components/lib:/home/raiaan/franka_ros2_ws/install/franka_ign_ros2_control/lib:/home/raiaan/franka_ros2_ws/install/franka_hardware/lib:/home/raiaan/franka_ros2_ws/install/franka_gripper/lib:/home/raiaan/franka_ros2_ws/install/integration_launch_testing/lib:/opt/ros/humble/opt/rviz_ogre_vendor/lib:/opt/ros/humble/lib/x86_64-linux-gnu:/opt/ros/humble/lib /usr/bin/cmake --build /home/raiaan/franka_ros2_ws/build/franka_gripper -- -j6 -l6
[2.072s] [  0%] Built target ament_cmake_python_symlink_franka_gripper
[2.072s] [ 50%] Built target franka_gripper_node
[2.079s] [100%] Built target gripper_server
[2.296s] running egg_info
[2.296s] writing franka_gripper.egg-info/PKG-INFO
[2.297s] writing dependency_links to franka_gripper.egg-info/dependency_links.txt
[2.297s] writing top-level names to franka_gripper.egg-info/top_level.txt
[2.299s] reading manifest file 'franka_gripper.egg-info/SOURCES.txt'
[2.300s] writing manifest file 'franka_gripper.egg-info/SOURCES.txt'
[2.327s] [100%] Built target ament_cmake_python_build_franka_gripper_egg
[2.339s] Invoked command in '/home/raiaan/franka_ros2_ws/build/franka_gripper' returned '0': CMAKE_PREFIX_PATH=/home/raiaan/franka_ros2_ws/install/libfranka:/home/raiaan/franka_ros2_ws/install/franka_msgs:/home/raiaan/franka_ros2_ws/install/franka_ros2:/home/raiaan/franka_ros2_ws/install/franka_bringup:/home/raiaan/franka_ros2_ws/install/franka_robot_state_broadcaster:/home/raiaan/franka_ros2_ws/install/franka_mobile_example_controllers:/home/raiaan/franka_ros2_ws/install/franka_example_controllers:/home/raiaan/franka_ros2_ws/install/franka_semantic_components:/home/raiaan/franka_ros2_ws/install/franka_gazebo_bringup:/home/raiaan/franka_ros2_ws/install/franka_ign_ros2_control:/home/raiaan/franka_ros2_ws/install/franka_fr3_moveit_config:/home/raiaan/franka_ros2_ws/install/franka_hardware:/home/raiaan/franka_ros2_ws/install/franka_gripper:/home/raiaan/franka_ros2_ws/install/integration_launch_testing:/home/raiaan/franka_ros2_ws/install/franka_description:/opt/ros/humble LD_LIBRARY_PATH=/home/raiaan/franka_ros2_ws/install/libfranka/lib:/home/raiaan/franka_ros2_ws/install/franka_msgs/lib:/usr/lib/x86_64-linux-gnu/gazebo-11/plugins:/home/raiaan/franka_ros2_ws/install/franka_robot_state_broadcaster/lib:/home/raiaan/franka_ros2_ws/install/franka_mobile_example_controllers/lib:/home/raiaan/franka_ros2_ws/install/franka_example_controllers/lib:/home/raiaan/franka_ros2_ws/install/franka_semantic_components/lib:/home/raiaan/franka_ros2_ws/install/franka_ign_ros2_control/lib:/home/raiaan/franka_ros2_ws/install/franka_hardware/lib:/home/raiaan/franka_ros2_ws/install/franka_gripper/lib:/home/raiaan/franka_ros2_ws/install/integration_launch_testing/lib:/opt/ros/humble/opt/rviz_ogre_vendor/lib:/opt/ros/humble/lib/x86_64-linux-gnu:/opt/ros/humble/lib /usr/bin/cmake --build /home/raiaan/franka_ros2_ws/build/franka_gripper -- -j6 -l6
[2.341s] Invoking command in '/home/raiaan/franka_ros2_ws/build/franka_gripper': CMAKE_PREFIX_PATH=/home/raiaan/franka_ros2_ws/install/libfranka:/home/raiaan/franka_ros2_ws/install/franka_msgs:/home/raiaan/franka_ros2_ws/install/franka_ros2:/home/raiaan/franka_ros2_ws/install/franka_bringup:/home/raiaan/franka_ros2_ws/install/franka_robot_state_broadcaster:/home/raiaan/franka_ros2_ws/install/franka_mobile_example_controllers:/home/raiaan/franka_ros2_ws/install/franka_example_controllers:/home/raiaan/franka_ros2_ws/install/franka_semantic_components:/home/raiaan/franka_ros2_ws/install/franka_gazebo_bringup:/home/raiaan/franka_ros2_ws/install/franka_ign_ros2_control:/home/raiaan/franka_ros2_ws/install/franka_fr3_moveit_config:/home/raiaan/franka_ros2_ws/install/franka_hardware:/home/raiaan/franka_ros2_ws/install/franka_gripper:/home/raiaan/franka_ros2_ws/install/integration_launch_testing:/home/raiaan/franka_ros2_ws/install/franka_description:/opt/ros/humble LD_LIBRARY_PATH=/home/raiaan/franka_ros2_ws/install/libfranka/lib:/home/raiaan/franka_ros2_ws/install/franka_msgs/lib:/usr/lib/x86_64-linux-gnu/gazebo-11/plugins:/home/raiaan/franka_ros2_ws/install/franka_robot_state_broadcaster/lib:/home/raiaan/franka_ros2_ws/install/franka_mobile_example_controllers/lib:/home/raiaan/franka_ros2_ws/install/franka_example_controllers/lib:/home/raiaan/franka_ros2_ws/install/franka_semantic_components/lib:/home/raiaan/franka_ros2_ws/install/franka_ign_ros2_control/lib:/home/raiaan/franka_ros2_ws/install/franka_hardware/lib:/home/raiaan/franka_ros2_ws/install/franka_gripper/lib:/home/raiaan/franka_ros2_ws/install/integration_launch_testing/lib:/opt/ros/humble/opt/rviz_ogre_vendor/lib:/opt/ros/humble/lib/x86_64-linux-gnu:/opt/ros/humble/lib /usr/bin/cmake --install /home/raiaan/franka_ros2_ws/build/franka_gripper
[2.349s] -- Install configuration: ""
[2.351s] -- Execute custom install script
[2.352s] -- Up-to-date symlink: /home/raiaan/franka_ros2_ws/install/franka_gripper/lib/franka_gripper/franka_gripper_node
[2.352s] -- Up-to-date symlink: /home/raiaan/franka_ros2_ws/install/franka_gripper/lib/libgripper_server.so
[2.352s] -- Up-to-date symlink: /home/raiaan/franka_ros2_ws/install/franka_gripper/share/franka_gripper//launch/gripper.launch.py
[2.352s] -- Up-to-date symlink: /home/raiaan/franka_ros2_ws/install/franka_gripper/share/franka_gripper//config/franka_gripper_node.yaml
[2.353s] -- Up-to-date symlink: /home/raiaan/franka_ros2_ws/install/franka_gripper/share/franka_gripper/environment/pythonpath.sh
[2.353s] -- Up-to-date symlink: /home/raiaan/franka_ros2_ws/install/franka_gripper/share/franka_gripper/environment/pythonpath.dsv
[2.353s] -- Up-to-date symlink: /home/raiaan/franka_ros2_ws/install/franka_gripper/local/lib/python3.10/dist-packages/franka_gripper-2.2.0-py3.10.egg-info/PKG-INFO
[2.353s] -- Up-to-date symlink: /home/raiaan/franka_ros2_ws/install/franka_gripper/local/lib/python3.10/dist-packages/franka_gripper-2.2.0-py3.10.egg-info/SOURCES.txt
[2.354s] -- Up-to-date symlink: /home/raiaan/franka_ros2_ws/install/franka_gripper/local/lib/python3.10/dist-packages/franka_gripper-2.2.0-py3.10.egg-info/dependency_links.txt
[2.354s] -- Up-to-date symlink: /home/raiaan/franka_ros2_ws/install/franka_gripper/local/lib/python3.10/dist-packages/franka_gripper-2.2.0-py3.10.egg-info/top_level.txt
[2.355s] -- Up-to-date symlink: /home/raiaan/franka_ros2_ws/install/franka_gripper/local/lib/python3.10/dist-packages/franka_gripper/__init__.py
[2.355s] -- Up-to-date symlink: /home/raiaan/franka_ros2_ws/install/franka_gripper/lib/franka_gripper/fake_gripper_state_publisher.py
[2.355s] -- Up-to-date symlink: /home/raiaan/franka_ros2_ws/install/franka_gripper/share/ament_index/resource_index/package_run_dependencies/franka_gripper
[2.355s] -- Up-to-date symlink: /home/raiaan/franka_ros2_ws/install/franka_gripper/share/ament_index/resource_index/parent_prefix_path/franka_gripper
[2.355s] -- Up-to-date symlink: /home/raiaan/franka_ros2_ws/install/franka_gripper/share/franka_gripper/environment/ament_prefix_path.sh
[2.356s] -- Up-to-date symlink: /home/raiaan/franka_ros2_ws/install/franka_gripper/share/franka_gripper/environment/ament_prefix_path.dsv
[2.356s] -- Up-to-date symlink: /home/raiaan/franka_ros2_ws/install/franka_gripper/share/franka_gripper/environment/path.sh
[2.356s] -- Up-to-date symlink: /home/raiaan/franka_ros2_ws/install/franka_gripper/share/franka_gripper/environment/path.dsv
[2.356s] -- Up-to-date symlink: /home/raiaan/franka_ros2_ws/install/franka_gripper/share/franka_gripper/local_setup.bash
[2.356s] -- Up-to-date symlink: /home/raiaan/franka_ros2_ws/install/franka_gripper/share/franka_gripper/local_setup.sh
[2.357s] -- Up-to-date symlink: /home/raiaan/franka_ros2_ws/install/franka_gripper/share/franka_gripper/local_setup.zsh
[2.357s] -- Up-to-date symlink: /home/raiaan/franka_ros2_ws/install/franka_gripper/share/franka_gripper/local_setup.dsv
[2.357s] -- Symlinking: /home/raiaan/franka_ros2_ws/install/franka_gripper/share/franka_gripper/package.dsv
[2.369s] -- Up-to-date symlink: /home/raiaan/franka_ros2_ws/install/franka_gripper/share/ament_index/resource_index/packages/franka_gripper
[2.369s] -- Up-to-date symlink: /home/raiaan/franka_ros2_ws/install/franka_gripper/share/ament_index/resource_index/rclcpp_components/franka_gripper
[2.369s] -- Up-to-date symlink: /home/raiaan/franka_ros2_ws/install/franka_gripper/share/franka_gripper/cmake/franka_gripperConfig.cmake
[2.370s] -- Up-to-date symlink: /home/raiaan/franka_ros2_ws/install/franka_gripper/share/franka_gripper/cmake/franka_gripperConfig-version.cmake
[2.370s] -- Up-to-date symlink: /home/raiaan/franka_ros2_ws/install/franka_gripper/share/franka_gripper/package.xml
[2.406s] Listing '/home/raiaan/franka_ros2_ws/install/franka_gripper/local/lib/python3.10/dist-packages/franka_gripper'...
[2.413s] Invoked command in '/home/raiaan/franka_ros2_ws/build/franka_gripper' returned '0': CMAKE_PREFIX_PATH=/home/raiaan/franka_ros2_ws/install/libfranka:/home/raiaan/franka_ros2_ws/install/franka_msgs:/home/raiaan/franka_ros2_ws/install/franka_ros2:/home/raiaan/franka_ros2_ws/install/franka_bringup:/home/raiaan/franka_ros2_ws/install/franka_robot_state_broadcaster:/home/raiaan/franka_ros2_ws/install/franka_mobile_example_controllers:/home/raiaan/franka_ros2_ws/install/franka_example_controllers:/home/raiaan/franka_ros2_ws/install/franka_semantic_components:/home/raiaan/franka_ros2_ws/install/franka_gazebo_bringup:/home/raiaan/franka_ros2_ws/install/franka_ign_ros2_control:/home/raiaan/franka_ros2_ws/install/franka_fr3_moveit_config:/home/raiaan/franka_ros2_ws/install/franka_hardware:/home/raiaan/franka_ros2_ws/install/franka_gripper:/home/raiaan/franka_ros2_ws/install/integration_launch_testing:/home/raiaan/franka_ros2_ws/install/franka_description:/opt/ros/humble LD_LIBRARY_PATH=/home/raiaan/franka_ros2_ws/install/libfranka/lib:/home/raiaan/franka_ros2_ws/install/franka_msgs/lib:/usr/lib/x86_64-linux-gnu/gazebo-11/plugins:/home/raiaan/franka_ros2_ws/install/franka_robot_state_broadcaster/lib:/home/raiaan/franka_ros2_ws/install/franka_mobile_example_controllers/lib:/home/raiaan/franka_ros2_ws/install/franka_example_controllers/lib:/home/raiaan/franka_ros2_ws/install/franka_semantic_components/lib:/home/raiaan/franka_ros2_ws/install/franka_ign_ros2_control/lib:/home/raiaan/franka_ros2_ws/install/franka_hardware/lib:/home/raiaan/franka_ros2_ws/install/franka_gripper/lib:/home/raiaan/franka_ros2_ws/install/integration_launch_testing/lib:/opt/ros/humble/opt/rviz_ogre_vendor/lib:/opt/ros/humble/lib/x86_64-linux-gnu:/opt/ros/humble/lib /usr/bin/cmake --install /home/raiaan/franka_ros2_ws/build/franka_gripper
