[0.728s] DEBUG:colcon:Command line arguments: ['/usr/bin/colcon', 'build', '--symlink-install', '--packages-select', 'libfranka', '--cmake-args', '-DBUILD_TESTS=OFF', '--parallel-workers', '1']
[0.728s] DEBUG:colcon:Parsed command line arguments: Namespace(log_base=None, log_level=None, verb_name='build', build_base='build', install_base='install', merge_install=False, symlink_install=True, test_result_base=None, continue_on_error=False, executor='parallel', parallel_workers=1, event_handlers=None, ignore_user_meta=False, metas=['./colcon.meta'], base_paths=['.'], packages_ignore=None, packages_ignore_regex=None, paths=None, packages_up_to=None, packages_up_to_regex=None, packages_above=None, packages_above_and_dependencies=None, packages_above_depth=None, packages_select_by_dep=None, packages_skip_by_dep=None, packages_skip_up_to=None, packages_select_build_failed=False, packages_skip_build_finished=False, packages_select_test_failures=False, packages_skip_test_passed=False, packages_select=['libfranka'], packages_skip=None, packages_select_regex=None, packages_skip_regex=None, packages_start=None, packages_end=None, allow_overriding=[], cmake_args=['-DBUILD_TESTS=OFF'], cmake_target=None, cmake_target_skip_unavailable=False, cmake_clean_cache=False, cmake_clean_first=False, cmake_force_configure=False, ament_cmake_args=None, catkin_cmake_args=None, catkin_skip_building_tests=False, verb_parser=<colcon_defaults.argument_parser.defaults.DefaultArgumentsDecorator object at 0x7ee38a317ac0>, verb_extension=<colcon_core.verb.build.BuildVerb object at 0x7ee38a4c88b0>, main=<bound method BuildVerb.main of <colcon_core.verb.build.BuildVerb object at 0x7ee38a4c88b0>>)
[0.853s] Level 1:colcon.colcon_core.package_discovery:discover_packages(colcon_meta) check parameters
[0.854s] Level 1:colcon.colcon_core.package_discovery:discover_packages(recursive) check parameters
[0.854s] Level 1:colcon.colcon_core.package_discovery:discover_packages(ignore) check parameters
[0.854s] Level 1:colcon.colcon_core.package_discovery:discover_packages(path) check parameters
[0.854s] Level 1:colcon.colcon_core.package_discovery:discover_packages(colcon_meta) discover
[0.854s] Level 1:colcon.colcon_core.package_discovery:discover_packages(recursive) discover
[0.854s] INFO:colcon.colcon_core.package_discovery:Crawling recursively for packages in '/home/raiaan/franka_ros2_ws'
[0.854s] Level 1:colcon.colcon_core.package_identification:_identify(.) by extensions ['ignore', 'ignore_ament_install']
[0.854s] Level 1:colcon.colcon_core.package_identification:_identify(.) by extension 'ignore'
[0.854s] Level 1:colcon.colcon_core.package_identification:_identify(.) by extension 'ignore_ament_install'
[0.854s] Level 1:colcon.colcon_core.package_identification:_identify(.) by extensions ['colcon_pkg']
[0.854s] Level 1:colcon.colcon_core.package_identification:_identify(.) by extension 'colcon_pkg'
[0.854s] Level 1:colcon.colcon_core.package_identification:_identify(.) by extensions ['colcon_meta']
[0.854s] Level 1:colcon.colcon_core.package_identification:_identify(.) by extension 'colcon_meta'
[0.854s] Level 1:colcon.colcon_core.package_identification:_identify(.) by extensions ['ros']
[0.854s] Level 1:colcon.colcon_core.package_identification:_identify(.) by extension 'ros'
[0.866s] Level 1:colcon.colcon_core.package_identification:_identify(.) by extensions ['cmake', 'python']
[0.866s] Level 1:colcon.colcon_core.package_identification:_identify(.) by extension 'cmake'
[0.866s] Level 1:colcon.colcon_core.package_identification:_identify(.) by extension 'python'
[0.866s] Level 1:colcon.colcon_core.package_identification:_identify(.) by extensions ['python_setup_py']
[0.866s] Level 1:colcon.colcon_core.package_identification:_identify(.) by extension 'python_setup_py'
[0.866s] Level 1:colcon.colcon_core.package_identification:_identify(build) by extensions ['ignore', 'ignore_ament_install']
[0.867s] Level 1:colcon.colcon_core.package_identification:_identify(build) by extension 'ignore'
[0.867s] Level 1:colcon.colcon_core.package_identification:_identify(build) ignored
[0.867s] Level 1:colcon.colcon_core.package_identification:_identify(install) by extensions ['ignore', 'ignore_ament_install']
[0.867s] Level 1:colcon.colcon_core.package_identification:_identify(install) by extension 'ignore'
[0.867s] Level 1:colcon.colcon_core.package_identification:_identify(install) ignored
[0.868s] Level 1:colcon.colcon_core.package_identification:_identify(log) by extensions ['ignore', 'ignore_ament_install']
[0.868s] Level 1:colcon.colcon_core.package_identification:_identify(log) by extension 'ignore'
[0.868s] Level 1:colcon.colcon_core.package_identification:_identify(log) ignored
[0.868s] Level 1:colcon.colcon_core.package_identification:_identify(src) by extensions ['ignore', 'ignore_ament_install']
[0.868s] Level 1:colcon.colcon_core.package_identification:_identify(src) by extension 'ignore'
[0.868s] Level 1:colcon.colcon_core.package_identification:_identify(src) by extension 'ignore_ament_install'
[0.868s] Level 1:colcon.colcon_core.package_identification:_identify(src) by extensions ['colcon_pkg']
[0.868s] Level 1:colcon.colcon_core.package_identification:_identify(src) by extension 'colcon_pkg'
[0.868s] Level 1:colcon.colcon_core.package_identification:_identify(src) by extensions ['colcon_meta']
[0.868s] Level 1:colcon.colcon_core.package_identification:_identify(src) by extension 'colcon_meta'
[0.868s] Level 1:colcon.colcon_core.package_identification:_identify(src) by extensions ['ros']
[0.868s] Level 1:colcon.colcon_core.package_identification:_identify(src) by extension 'ros'
[0.869s] Level 1:colcon.colcon_core.package_identification:_identify(src) by extensions ['cmake', 'python']
[0.869s] Level 1:colcon.colcon_core.package_identification:_identify(src) by extension 'cmake'
[0.869s] Level 1:colcon.colcon_core.package_identification:_identify(src) by extension 'python'
[0.869s] Level 1:colcon.colcon_core.package_identification:_identify(src) by extensions ['python_setup_py']
[0.869s] Level 1:colcon.colcon_core.package_identification:_identify(src) by extension 'python_setup_py'
[0.869s] Level 1:colcon.colcon_core.package_identification:_identify(src/franka_description) by extensions ['ignore', 'ignore_ament_install']
[0.869s] Level 1:colcon.colcon_core.package_identification:_identify(src/franka_description) by extension 'ignore'
[0.869s] Level 1:colcon.colcon_core.package_identification:_identify(src/franka_description) by extension 'ignore_ament_install'
[0.869s] Level 1:colcon.colcon_core.package_identification:_identify(src/franka_description) by extensions ['colcon_pkg']
[0.869s] Level 1:colcon.colcon_core.package_identification:_identify(src/franka_description) by extension 'colcon_pkg'
[0.869s] Level 1:colcon.colcon_core.package_identification:_identify(src/franka_description) by extensions ['colcon_meta']
[0.869s] Level 1:colcon.colcon_core.package_identification:_identify(src/franka_description) by extension 'colcon_meta'
[0.869s] Level 1:colcon.colcon_core.package_identification:_identify(src/franka_description) by extensions ['ros']
[0.869s] Level 1:colcon.colcon_core.package_identification:_identify(src/franka_description) by extension 'ros'
[0.872s] DEBUG:colcon.colcon_core.package_identification:Package 'src/franka_description' with type 'ros.ament_cmake' and name 'franka_description'
[0.872s] Level 1:colcon.colcon_core.package_identification:_identify(src/franka_ros2) by extensions ['ignore', 'ignore_ament_install']
[0.872s] Level 1:colcon.colcon_core.package_identification:_identify(src/franka_ros2) by extension 'ignore'
[0.872s] Level 1:colcon.colcon_core.package_identification:_identify(src/franka_ros2) by extension 'ignore_ament_install'
[0.872s] Level 1:colcon.colcon_core.package_identification:_identify(src/franka_ros2) by extensions ['colcon_pkg']
[0.872s] Level 1:colcon.colcon_core.package_identification:_identify(src/franka_ros2) by extension 'colcon_pkg'
[0.872s] Level 1:colcon.colcon_core.package_identification:_identify(src/franka_ros2) by extensions ['colcon_meta']
[0.872s] Level 1:colcon.colcon_core.package_identification:_identify(src/franka_ros2) by extension 'colcon_meta'
[0.872s] Level 1:colcon.colcon_core.package_identification:_identify(src/franka_ros2) by extensions ['ros']
[0.872s] Level 1:colcon.colcon_core.package_identification:_identify(src/franka_ros2) by extension 'ros'
[0.872s] Level 1:colcon.colcon_core.package_identification:_identify(src/franka_ros2) by extensions ['cmake', 'python']
[0.872s] Level 1:colcon.colcon_core.package_identification:_identify(src/franka_ros2) by extension 'cmake'
[0.872s] Level 1:colcon.colcon_core.package_identification:_identify(src/franka_ros2) by extension 'python'
[0.872s] Level 1:colcon.colcon_core.package_identification:_identify(src/franka_ros2) by extensions ['python_setup_py']
[0.872s] Level 1:colcon.colcon_core.package_identification:_identify(src/franka_ros2) by extension 'python_setup_py'
[0.872s] Level 1:colcon.colcon_core.package_identification:_identify(src/franka_ros2/docs) by extensions ['ignore', 'ignore_ament_install']
[0.872s] Level 1:colcon.colcon_core.package_identification:_identify(src/franka_ros2/docs) by extension 'ignore'
[0.872s] Level 1:colcon.colcon_core.package_identification:_identify(src/franka_ros2/docs) by extension 'ignore_ament_install'
[0.873s] Level 1:colcon.colcon_core.package_identification:_identify(src/franka_ros2/docs) by extensions ['colcon_pkg']
[0.873s] Level 1:colcon.colcon_core.package_identification:_identify(src/franka_ros2/docs) by extension 'colcon_pkg'
[0.873s] Level 1:colcon.colcon_core.package_identification:_identify(src/franka_ros2/docs) by extensions ['colcon_meta']
[0.873s] Level 1:colcon.colcon_core.package_identification:_identify(src/franka_ros2/docs) by extension 'colcon_meta'
[0.873s] Level 1:colcon.colcon_core.package_identification:_identify(src/franka_ros2/docs) by extensions ['ros']
[0.873s] Level 1:colcon.colcon_core.package_identification:_identify(src/franka_ros2/docs) by extension 'ros'
[0.873s] Level 1:colcon.colcon_core.package_identification:_identify(src/franka_ros2/docs) by extensions ['cmake', 'python']
[0.873s] Level 1:colcon.colcon_core.package_identification:_identify(src/franka_ros2/docs) by extension 'cmake'
[0.873s] Level 1:colcon.colcon_core.package_identification:_identify(src/franka_ros2/docs) by extension 'python'
[0.873s] Level 1:colcon.colcon_core.package_identification:_identify(src/franka_ros2/docs) by extensions ['python_setup_py']
[0.873s] Level 1:colcon.colcon_core.package_identification:_identify(src/franka_ros2/docs) by extension 'python_setup_py'
[0.873s] Level 1:colcon.colcon_core.package_identification:_identify(src/franka_ros2/docs/assets) by extensions ['ignore', 'ignore_ament_install']
[0.873s] Level 1:colcon.colcon_core.package_identification:_identify(src/franka_ros2/docs/assets) by extension 'ignore'
[0.873s] Level 1:colcon.colcon_core.package_identification:_identify(src/franka_ros2/docs/assets) by extension 'ignore_ament_install'
[0.873s] Level 1:colcon.colcon_core.package_identification:_identify(src/franka_ros2/docs/assets) by extensions ['colcon_pkg']
[0.873s] Level 1:colcon.colcon_core.package_identification:_identify(src/franka_ros2/docs/assets) by extension 'colcon_pkg'
[0.873s] Level 1:colcon.colcon_core.package_identification:_identify(src/franka_ros2/docs/assets) by extensions ['colcon_meta']
[0.873s] Level 1:colcon.colcon_core.package_identification:_identify(src/franka_ros2/docs/assets) by extension 'colcon_meta'
[0.873s] Level 1:colcon.colcon_core.package_identification:_identify(src/franka_ros2/docs/assets) by extensions ['ros']
[0.873s] Level 1:colcon.colcon_core.package_identification:_identify(src/franka_ros2/docs/assets) by extension 'ros'
[0.873s] Level 1:colcon.colcon_core.package_identification:_identify(src/franka_ros2/docs/assets) by extensions ['cmake', 'python']
[0.873s] Level 1:colcon.colcon_core.package_identification:_identify(src/franka_ros2/docs/assets) by extension 'cmake'
[0.873s] Level 1:colcon.colcon_core.package_identification:_identify(src/franka_ros2/docs/assets) by extension 'python'
[0.873s] Level 1:colcon.colcon_core.package_identification:_identify(src/franka_ros2/docs/assets) by extensions ['python_setup_py']
[0.873s] Level 1:colcon.colcon_core.package_identification:_identify(src/franka_ros2/docs/assets) by extension 'python_setup_py'
[0.873s] Level 1:colcon.colcon_core.package_identification:_identify(src/franka_ros2/franka_bringup) by extensions ['ignore', 'ignore_ament_install']
[0.874s] Level 1:colcon.colcon_core.package_identification:_identify(src/franka_ros2/franka_bringup) by extension 'ignore'
[0.874s] Level 1:colcon.colcon_core.package_identification:_identify(src/franka_ros2/franka_bringup) by extension 'ignore_ament_install'
[0.874s] Level 1:colcon.colcon_core.package_identification:_identify(src/franka_ros2/franka_bringup) by extensions ['colcon_pkg']
[0.874s] Level 1:colcon.colcon_core.package_identification:_identify(src/franka_ros2/franka_bringup) by extension 'colcon_pkg'
[0.874s] Level 1:colcon.colcon_core.package_identification:_identify(src/franka_ros2/franka_bringup) by extensions ['colcon_meta']
[0.874s] Level 1:colcon.colcon_core.package_identification:_identify(src/franka_ros2/franka_bringup) by extension 'colcon_meta'
[0.874s] Level 1:colcon.colcon_core.package_identification:_identify(src/franka_ros2/franka_bringup) by extensions ['ros']
[0.874s] Level 1:colcon.colcon_core.package_identification:_identify(src/franka_ros2/franka_bringup) by extension 'ros'
[0.874s] DEBUG:colcon.colcon_core.package_identification:Package 'src/franka_ros2/franka_bringup' with type 'ros.ament_cmake' and name 'franka_bringup'
[0.874s] Level 1:colcon.colcon_core.package_identification:_identify(src/franka_ros2/franka_example_controllers) by extensions ['ignore', 'ignore_ament_install']
[0.875s] Level 1:colcon.colcon_core.package_identification:_identify(src/franka_ros2/franka_example_controllers) by extension 'ignore'
[0.875s] Level 1:colcon.colcon_core.package_identification:_identify(src/franka_ros2/franka_example_controllers) by extension 'ignore_ament_install'
[0.875s] Level 1:colcon.colcon_core.package_identification:_identify(src/franka_ros2/franka_example_controllers) by extensions ['colcon_pkg']
[0.875s] Level 1:colcon.colcon_core.package_identification:_identify(src/franka_ros2/franka_example_controllers) by extension 'colcon_pkg'
[0.875s] Level 1:colcon.colcon_core.package_identification:_identify(src/franka_ros2/franka_example_controllers) by extensions ['colcon_meta']
[0.875s] Level 1:colcon.colcon_core.package_identification:_identify(src/franka_ros2/franka_example_controllers) by extension 'colcon_meta'
[0.875s] Level 1:colcon.colcon_core.package_identification:_identify(src/franka_ros2/franka_example_controllers) by extensions ['ros']
[0.875s] Level 1:colcon.colcon_core.package_identification:_identify(src/franka_ros2/franka_example_controllers) by extension 'ros'
[0.876s] DEBUG:colcon.colcon_core.package_identification:Package 'src/franka_ros2/franka_example_controllers' with type 'ros.ament_cmake' and name 'franka_example_controllers'
[0.876s] Level 1:colcon.colcon_core.package_identification:_identify(src/franka_ros2/franka_fr3_moveit_config) by extensions ['ignore', 'ignore_ament_install']
[0.876s] Level 1:colcon.colcon_core.package_identification:_identify(src/franka_ros2/franka_fr3_moveit_config) by extension 'ignore'
[0.876s] Level 1:colcon.colcon_core.package_identification:_identify(src/franka_ros2/franka_fr3_moveit_config) by extension 'ignore_ament_install'
[0.876s] Level 1:colcon.colcon_core.package_identification:_identify(src/franka_ros2/franka_fr3_moveit_config) by extensions ['colcon_pkg']
[0.876s] Level 1:colcon.colcon_core.package_identification:_identify(src/franka_ros2/franka_fr3_moveit_config) by extension 'colcon_pkg'
[0.876s] Level 1:colcon.colcon_core.package_identification:_identify(src/franka_ros2/franka_fr3_moveit_config) by extensions ['colcon_meta']
[0.876s] Level 1:colcon.colcon_core.package_identification:_identify(src/franka_ros2/franka_fr3_moveit_config) by extension 'colcon_meta'
[0.876s] Level 1:colcon.colcon_core.package_identification:_identify(src/franka_ros2/franka_fr3_moveit_config) by extensions ['ros']
[0.876s] Level 1:colcon.colcon_core.package_identification:_identify(src/franka_ros2/franka_fr3_moveit_config) by extension 'ros'
[0.877s] DEBUG:colcon.colcon_core.package_identification:Package 'src/franka_ros2/franka_fr3_moveit_config' with type 'ros.ament_cmake' and name 'franka_fr3_moveit_config'
[0.877s] Level 1:colcon.colcon_core.package_identification:_identify(src/franka_ros2/franka_gazebo) by extensions ['ignore', 'ignore_ament_install']
[0.877s] Level 1:colcon.colcon_core.package_identification:_identify(src/franka_ros2/franka_gazebo) by extension 'ignore'
[0.877s] Level 1:colcon.colcon_core.package_identification:_identify(src/franka_ros2/franka_gazebo) by extension 'ignore_ament_install'
[0.877s] Level 1:colcon.colcon_core.package_identification:_identify(src/franka_ros2/franka_gazebo) by extensions ['colcon_pkg']
[0.877s] Level 1:colcon.colcon_core.package_identification:_identify(src/franka_ros2/franka_gazebo) by extension 'colcon_pkg'
[0.877s] Level 1:colcon.colcon_core.package_identification:_identify(src/franka_ros2/franka_gazebo) by extensions ['colcon_meta']
[0.877s] Level 1:colcon.colcon_core.package_identification:_identify(src/franka_ros2/franka_gazebo) by extension 'colcon_meta'
[0.877s] Level 1:colcon.colcon_core.package_identification:_identify(src/franka_ros2/franka_gazebo) by extensions ['ros']
[0.877s] Level 1:colcon.colcon_core.package_identification:_identify(src/franka_ros2/franka_gazebo) by extension 'ros'
[0.877s] Level 1:colcon.colcon_core.package_identification:_identify(src/franka_ros2/franka_gazebo) by extensions ['cmake', 'python']
[0.878s] Level 1:colcon.colcon_core.package_identification:_identify(src/franka_ros2/franka_gazebo) by extension 'cmake'
[0.878s] Level 1:colcon.colcon_core.package_identification:_identify(src/franka_ros2/franka_gazebo) by extension 'python'
[0.878s] Level 1:colcon.colcon_core.package_identification:_identify(src/franka_ros2/franka_gazebo) by extensions ['python_setup_py']
[0.878s] Level 1:colcon.colcon_core.package_identification:_identify(src/franka_ros2/franka_gazebo) by extension 'python_setup_py'
[0.878s] Level 1:colcon.colcon_core.package_identification:_identify(src/franka_ros2/franka_gazebo/doc) by extensions ['ignore', 'ignore_ament_install']
[0.878s] Level 1:colcon.colcon_core.package_identification:_identify(src/franka_ros2/franka_gazebo/doc) by extension 'ignore'
[0.878s] Level 1:colcon.colcon_core.package_identification:_identify(src/franka_ros2/franka_gazebo/doc) by extension 'ignore_ament_install'
[0.878s] Level 1:colcon.colcon_core.package_identification:_identify(src/franka_ros2/franka_gazebo/doc) by extensions ['colcon_pkg']
[0.878s] Level 1:colcon.colcon_core.package_identification:_identify(src/franka_ros2/franka_gazebo/doc) by extension 'colcon_pkg'
[0.878s] Level 1:colcon.colcon_core.package_identification:_identify(src/franka_ros2/franka_gazebo/doc) by extensions ['colcon_meta']
[0.878s] Level 1:colcon.colcon_core.package_identification:_identify(src/franka_ros2/franka_gazebo/doc) by extension 'colcon_meta'
[0.878s] Level 1:colcon.colcon_core.package_identification:_identify(src/franka_ros2/franka_gazebo/doc) by extensions ['ros']
[0.878s] Level 1:colcon.colcon_core.package_identification:_identify(src/franka_ros2/franka_gazebo/doc) by extension 'ros'
[0.878s] Level 1:colcon.colcon_core.package_identification:_identify(src/franka_ros2/franka_gazebo/doc) by extensions ['cmake', 'python']
[0.878s] Level 1:colcon.colcon_core.package_identification:_identify(src/franka_ros2/franka_gazebo/doc) by extension 'cmake'
[0.878s] Level 1:colcon.colcon_core.package_identification:_identify(src/franka_ros2/franka_gazebo/doc) by extension 'python'
[0.878s] Level 1:colcon.colcon_core.package_identification:_identify(src/franka_ros2/franka_gazebo/doc) by extensions ['python_setup_py']
[0.878s] Level 1:colcon.colcon_core.package_identification:_identify(src/franka_ros2/franka_gazebo/doc) by extension 'python_setup_py'
[0.878s] Level 1:colcon.colcon_core.package_identification:_identify(src/franka_ros2/franka_gazebo/franka_gazebo_bringup) by extensions ['ignore', 'ignore_ament_install']
[0.878s] Level 1:colcon.colcon_core.package_identification:_identify(src/franka_ros2/franka_gazebo/franka_gazebo_bringup) by extension 'ignore'
[0.878s] Level 1:colcon.colcon_core.package_identification:_identify(src/franka_ros2/franka_gazebo/franka_gazebo_bringup) by extension 'ignore_ament_install'
[0.878s] Level 1:colcon.colcon_core.package_identification:_identify(src/franka_ros2/franka_gazebo/franka_gazebo_bringup) by extensions ['colcon_pkg']
[0.878s] Level 1:colcon.colcon_core.package_identification:_identify(src/franka_ros2/franka_gazebo/franka_gazebo_bringup) by extension 'colcon_pkg'
[0.878s] Level 1:colcon.colcon_core.package_identification:_identify(src/franka_ros2/franka_gazebo/franka_gazebo_bringup) by extensions ['colcon_meta']
[0.878s] Level 1:colcon.colcon_core.package_identification:_identify(src/franka_ros2/franka_gazebo/franka_gazebo_bringup) by extension 'colcon_meta'
[0.878s] Level 1:colcon.colcon_core.package_identification:_identify(src/franka_ros2/franka_gazebo/franka_gazebo_bringup) by extensions ['ros']
[0.878s] Level 1:colcon.colcon_core.package_identification:_identify(src/franka_ros2/franka_gazebo/franka_gazebo_bringup) by extension 'ros'
[0.879s] DEBUG:colcon.colcon_core.package_identification:Package 'src/franka_ros2/franka_gazebo/franka_gazebo_bringup' with type 'ros.ament_cmake' and name 'franka_gazebo_bringup'
[0.879s] Level 1:colcon.colcon_core.package_identification:_identify(src/franka_ros2/franka_gazebo/franka_ign_ros2_control) by extensions ['ignore', 'ignore_ament_install']
[0.879s] Level 1:colcon.colcon_core.package_identification:_identify(src/franka_ros2/franka_gazebo/franka_ign_ros2_control) by extension 'ignore'
[0.880s] Level 1:colcon.colcon_core.package_identification:_identify(src/franka_ros2/franka_gazebo/franka_ign_ros2_control) by extension 'ignore_ament_install'
[0.880s] Level 1:colcon.colcon_core.package_identification:_identify(src/franka_ros2/franka_gazebo/franka_ign_ros2_control) by extensions ['colcon_pkg']
[0.880s] Level 1:colcon.colcon_core.package_identification:_identify(src/franka_ros2/franka_gazebo/franka_ign_ros2_control) by extension 'colcon_pkg'
[0.880s] Level 1:colcon.colcon_core.package_identification:_identify(src/franka_ros2/franka_gazebo/franka_ign_ros2_control) by extensions ['colcon_meta']
[0.880s] Level 1:colcon.colcon_core.package_identification:_identify(src/franka_ros2/franka_gazebo/franka_ign_ros2_control) by extension 'colcon_meta'
[0.880s] Level 1:colcon.colcon_core.package_identification:_identify(src/franka_ros2/franka_gazebo/franka_ign_ros2_control) by extensions ['ros']
[0.880s] Level 1:colcon.colcon_core.package_identification:_identify(src/franka_ros2/franka_gazebo/franka_ign_ros2_control) by extension 'ros'
[0.885s] DEBUG:colcon.colcon_core.package_identification:Package 'src/franka_ros2/franka_gazebo/franka_ign_ros2_control' with type 'ros.ament_cmake' and name 'franka_ign_ros2_control'
[0.885s] Level 1:colcon.colcon_core.package_identification:_identify(src/franka_ros2/franka_gripper) by extensions ['ignore', 'ignore_ament_install']
[0.885s] Level 1:colcon.colcon_core.package_identification:_identify(src/franka_ros2/franka_gripper) by extension 'ignore'
[0.885s] Level 1:colcon.colcon_core.package_identification:_identify(src/franka_ros2/franka_gripper) by extension 'ignore_ament_install'
[0.885s] Level 1:colcon.colcon_core.package_identification:_identify(src/franka_ros2/franka_gripper) by extensions ['colcon_pkg']
[0.885s] Level 1:colcon.colcon_core.package_identification:_identify(src/franka_ros2/franka_gripper) by extension 'colcon_pkg'
[0.885s] Level 1:colcon.colcon_core.package_identification:_identify(src/franka_ros2/franka_gripper) by extensions ['colcon_meta']
[0.885s] Level 1:colcon.colcon_core.package_identification:_identify(src/franka_ros2/franka_gripper) by extension 'colcon_meta'
[0.885s] Level 1:colcon.colcon_core.package_identification:_identify(src/franka_ros2/franka_gripper) by extensions ['ros']
[0.885s] Level 1:colcon.colcon_core.package_identification:_identify(src/franka_ros2/franka_gripper) by extension 'ros'
[0.886s] DEBUG:colcon.colcon_core.package_identification:Package 'src/franka_ros2/franka_gripper' with type 'ros.ament_cmake' and name 'franka_gripper'
[0.886s] Level 1:colcon.colcon_core.package_identification:_identify(src/franka_ros2/franka_hardware) by extensions ['ignore', 'ignore_ament_install']
[0.887s] Level 1:colcon.colcon_core.package_identification:_identify(src/franka_ros2/franka_hardware) by extension 'ignore'
[0.887s] Level 1:colcon.colcon_core.package_identification:_identify(src/franka_ros2/franka_hardware) by extension 'ignore_ament_install'
[0.887s] Level 1:colcon.colcon_core.package_identification:_identify(src/franka_ros2/franka_hardware) by extensions ['colcon_pkg']
[0.887s] Level 1:colcon.colcon_core.package_identification:_identify(src/franka_ros2/franka_hardware) by extension 'colcon_pkg'
[0.887s] Level 1:colcon.colcon_core.package_identification:_identify(src/franka_ros2/franka_hardware) by extensions ['colcon_meta']
[0.887s] Level 1:colcon.colcon_core.package_identification:_identify(src/franka_ros2/franka_hardware) by extension 'colcon_meta'
[0.887s] Level 1:colcon.colcon_core.package_identification:_identify(src/franka_ros2/franka_hardware) by extensions ['ros']
[0.887s] Level 1:colcon.colcon_core.package_identification:_identify(src/franka_ros2/franka_hardware) by extension 'ros'
[0.888s] DEBUG:colcon.colcon_core.package_identification:Package 'src/franka_ros2/franka_hardware' with type 'ros.ament_cmake' and name 'franka_hardware'
[0.888s] Level 1:colcon.colcon_core.package_identification:_identify(src/franka_ros2/franka_mobile_example_controllers) by extensions ['ignore', 'ignore_ament_install']
[0.888s] Level 1:colcon.colcon_core.package_identification:_identify(src/franka_ros2/franka_mobile_example_controllers) by extension 'ignore'
[0.888s] Level 1:colcon.colcon_core.package_identification:_identify(src/franka_ros2/franka_mobile_example_controllers) by extension 'ignore_ament_install'
[0.888s] Level 1:colcon.colcon_core.package_identification:_identify(src/franka_ros2/franka_mobile_example_controllers) by extensions ['colcon_pkg']
[0.888s] Level 1:colcon.colcon_core.package_identification:_identify(src/franka_ros2/franka_mobile_example_controllers) by extension 'colcon_pkg'
[0.888s] Level 1:colcon.colcon_core.package_identification:_identify(src/franka_ros2/franka_mobile_example_controllers) by extensions ['colcon_meta']
[0.888s] Level 1:colcon.colcon_core.package_identification:_identify(src/franka_ros2/franka_mobile_example_controllers) by extension 'colcon_meta'
[0.888s] Level 1:colcon.colcon_core.package_identification:_identify(src/franka_ros2/franka_mobile_example_controllers) by extensions ['ros']
[0.888s] Level 1:colcon.colcon_core.package_identification:_identify(src/franka_ros2/franka_mobile_example_controllers) by extension 'ros'
[0.889s] DEBUG:colcon.colcon_core.package_identification:Package 'src/franka_ros2/franka_mobile_example_controllers' with type 'ros.ament_cmake' and name 'franka_mobile_example_controllers'
[0.889s] Level 1:colcon.colcon_core.package_identification:_identify(src/franka_ros2/franka_mobile_sensors) by extensions ['ignore', 'ignore_ament_install']
[0.889s] Level 1:colcon.colcon_core.package_identification:_identify(src/franka_ros2/franka_mobile_sensors) by extension 'ignore'
[0.889s] Level 1:colcon.colcon_core.package_identification:_identify(src/franka_ros2/franka_mobile_sensors) ignored
[0.889s] Level 1:colcon.colcon_core.package_identification:_identify(src/franka_ros2/franka_msgs) by extensions ['ignore', 'ignore_ament_install']
[0.889s] Level 1:colcon.colcon_core.package_identification:_identify(src/franka_ros2/franka_msgs) by extension 'ignore'
[0.889s] Level 1:colcon.colcon_core.package_identification:_identify(src/franka_ros2/franka_msgs) by extension 'ignore_ament_install'
[0.889s] Level 1:colcon.colcon_core.package_identification:_identify(src/franka_ros2/franka_msgs) by extensions ['colcon_pkg']
[0.890s] Level 1:colcon.colcon_core.package_identification:_identify(src/franka_ros2/franka_msgs) by extension 'colcon_pkg'
[0.890s] Level 1:colcon.colcon_core.package_identification:_identify(src/franka_ros2/franka_msgs) by extensions ['colcon_meta']
[0.890s] Level 1:colcon.colcon_core.package_identification:_identify(src/franka_ros2/franka_msgs) by extension 'colcon_meta'
[0.890s] Level 1:colcon.colcon_core.package_identification:_identify(src/franka_ros2/franka_msgs) by extensions ['ros']
[0.890s] Level 1:colcon.colcon_core.package_identification:_identify(src/franka_ros2/franka_msgs) by extension 'ros'
[0.890s] DEBUG:colcon.colcon_core.package_identification:Package 'src/franka_ros2/franka_msgs' with type 'ros.ament_cmake' and name 'franka_msgs'
[0.890s] Level 1:colcon.colcon_core.package_identification:_identify(src/franka_ros2/franka_robot_state_broadcaster) by extensions ['ignore', 'ignore_ament_install']
[0.891s] Level 1:colcon.colcon_core.package_identification:_identify(src/franka_ros2/franka_robot_state_broadcaster) by extension 'ignore'
[0.891s] Level 1:colcon.colcon_core.package_identification:_identify(src/franka_ros2/franka_robot_state_broadcaster) by extension 'ignore_ament_install'
[0.891s] Level 1:colcon.colcon_core.package_identification:_identify(src/franka_ros2/franka_robot_state_broadcaster) by extensions ['colcon_pkg']
[0.891s] Level 1:colcon.colcon_core.package_identification:_identify(src/franka_ros2/franka_robot_state_broadcaster) by extension 'colcon_pkg'
[0.891s] Level 1:colcon.colcon_core.package_identification:_identify(src/franka_ros2/franka_robot_state_broadcaster) by extensions ['colcon_meta']
[0.891s] Level 1:colcon.colcon_core.package_identification:_identify(src/franka_ros2/franka_robot_state_broadcaster) by extension 'colcon_meta'
[0.891s] Level 1:colcon.colcon_core.package_identification:_identify(src/franka_ros2/franka_robot_state_broadcaster) by extensions ['ros']
[0.891s] Level 1:colcon.colcon_core.package_identification:_identify(src/franka_ros2/franka_robot_state_broadcaster) by extension 'ros'
[0.892s] DEBUG:colcon.colcon_core.package_identification:Package 'src/franka_ros2/franka_robot_state_broadcaster' with type 'ros.ament_cmake' and name 'franka_robot_state_broadcaster'
[0.892s] Level 1:colcon.colcon_core.package_identification:_identify(src/franka_ros2/franka_ros2) by extensions ['ignore', 'ignore_ament_install']
[0.892s] Level 1:colcon.colcon_core.package_identification:_identify(src/franka_ros2/franka_ros2) by extension 'ignore'
[0.892s] Level 1:colcon.colcon_core.package_identification:_identify(src/franka_ros2/franka_ros2) by extension 'ignore_ament_install'
[0.892s] Level 1:colcon.colcon_core.package_identification:_identify(src/franka_ros2/franka_ros2) by extensions ['colcon_pkg']
[0.892s] Level 1:colcon.colcon_core.package_identification:_identify(src/franka_ros2/franka_ros2) by extension 'colcon_pkg'
[0.892s] Level 1:colcon.colcon_core.package_identification:_identify(src/franka_ros2/franka_ros2) by extensions ['colcon_meta']
[0.892s] Level 1:colcon.colcon_core.package_identification:_identify(src/franka_ros2/franka_ros2) by extension 'colcon_meta'
[0.892s] Level 1:colcon.colcon_core.package_identification:_identify(src/franka_ros2/franka_ros2) by extensions ['ros']
[0.892s] Level 1:colcon.colcon_core.package_identification:_identify(src/franka_ros2/franka_ros2) by extension 'ros'
[0.893s] DEBUG:colcon.colcon_core.package_identification:Package 'src/franka_ros2/franka_ros2' with type 'ros.ament_cmake' and name 'franka_ros2'
[0.893s] Level 1:colcon.colcon_core.package_identification:_identify(src/franka_ros2/franka_semantic_components) by extensions ['ignore', 'ignore_ament_install']
[0.894s] Level 1:colcon.colcon_core.package_identification:_identify(src/franka_ros2/franka_semantic_components) by extension 'ignore'
[0.894s] Level 1:colcon.colcon_core.package_identification:_identify(src/franka_ros2/franka_semantic_components) by extension 'ignore_ament_install'
[0.894s] Level 1:colcon.colcon_core.package_identification:_identify(src/franka_ros2/franka_semantic_components) by extensions ['colcon_pkg']
[0.894s] Level 1:colcon.colcon_core.package_identification:_identify(src/franka_ros2/franka_semantic_components) by extension 'colcon_pkg'
[0.894s] Level 1:colcon.colcon_core.package_identification:_identify(src/franka_ros2/franka_semantic_components) by extensions ['colcon_meta']
[0.894s] Level 1:colcon.colcon_core.package_identification:_identify(src/franka_ros2/franka_semantic_components) by extension 'colcon_meta'
[0.894s] Level 1:colcon.colcon_core.package_identification:_identify(src/franka_ros2/franka_semantic_components) by extensions ['ros']
[0.894s] Level 1:colcon.colcon_core.package_identification:_identify(src/franka_ros2/franka_semantic_components) by extension 'ros'
[0.895s] DEBUG:colcon.colcon_core.package_identification:Package 'src/franka_ros2/franka_semantic_components' with type 'ros.ament_cmake' and name 'franka_semantic_components'
[0.895s] Level 1:colcon.colcon_core.package_identification:_identify(src/franka_ros2/integration_launch_testing) by extensions ['ignore', 'ignore_ament_install']
[0.895s] Level 1:colcon.colcon_core.package_identification:_identify(src/franka_ros2/integration_launch_testing) by extension 'ignore'
[0.895s] Level 1:colcon.colcon_core.package_identification:_identify(src/franka_ros2/integration_launch_testing) by extension 'ignore_ament_install'
[0.895s] Level 1:colcon.colcon_core.package_identification:_identify(src/franka_ros2/integration_launch_testing) by extensions ['colcon_pkg']
[0.895s] Level 1:colcon.colcon_core.package_identification:_identify(src/franka_ros2/integration_launch_testing) by extension 'colcon_pkg'
[0.895s] Level 1:colcon.colcon_core.package_identification:_identify(src/franka_ros2/integration_launch_testing) by extensions ['colcon_meta']
[0.895s] Level 1:colcon.colcon_core.package_identification:_identify(src/franka_ros2/integration_launch_testing) by extension 'colcon_meta'
[0.895s] Level 1:colcon.colcon_core.package_identification:_identify(src/franka_ros2/integration_launch_testing) by extensions ['ros']
[0.895s] Level 1:colcon.colcon_core.package_identification:_identify(src/franka_ros2/integration_launch_testing) by extension 'ros'
[0.896s] DEBUG:colcon.colcon_core.package_identification:Package 'src/franka_ros2/integration_launch_testing' with type 'ros.ament_cmake' and name 'integration_launch_testing'
[0.896s] Level 1:colcon.colcon_core.package_identification:_identify(src/libfranka) by extensions ['ignore', 'ignore_ament_install']
[0.896s] Level 1:colcon.colcon_core.package_identification:_identify(src/libfranka) by extension 'ignore'
[0.896s] Level 1:colcon.colcon_core.package_identification:_identify(src/libfranka) by extension 'ignore_ament_install'
[0.896s] Level 1:colcon.colcon_core.package_identification:_identify(src/libfranka) by extensions ['colcon_pkg']
[0.896s] Level 1:colcon.colcon_core.package_identification:_identify(src/libfranka) by extension 'colcon_pkg'
[0.896s] Level 1:colcon.colcon_core.package_identification:_identify(src/libfranka) by extensions ['colcon_meta']
[0.896s] Level 1:colcon.colcon_core.package_identification:_identify(src/libfranka) by extension 'colcon_meta'
[0.896s] Level 1:colcon.colcon_core.package_identification:_identify(src/libfranka) by extensions ['ros']
[0.896s] Level 1:colcon.colcon_core.package_identification:_identify(src/libfranka) by extension 'ros'
[0.897s] DEBUG:colcon.colcon_core.package_identification:Package 'src/libfranka' with type 'ros.cmake' and name 'libfranka'
[0.897s] Level 1:colcon.colcon_core.package_discovery:discover_packages(recursive) using defaults
[0.897s] Level 1:colcon.colcon_core.package_discovery:discover_packages(ignore) discover
[0.897s] Level 1:colcon.colcon_core.package_discovery:discover_packages(ignore) using defaults
[0.897s] Level 1:colcon.colcon_core.package_discovery:discover_packages(path) discover
[0.897s] Level 1:colcon.colcon_core.package_discovery:discover_packages(path) using defaults
[0.930s] INFO:colcon.colcon_core.package_selection:Skipping not selected package 'franka_description' in 'src/franka_description'
[0.930s] INFO:colcon.colcon_core.package_selection:Skipping not selected package 'franka_msgs' in 'src/franka_ros2/franka_msgs'
[0.930s] INFO:colcon.colcon_core.package_selection:Skipping not selected package 'integration_launch_testing' in 'src/franka_ros2/integration_launch_testing'
[0.930s] INFO:colcon.colcon_core.package_selection:Skipping not selected package 'franka_gripper' in 'src/franka_ros2/franka_gripper'
[0.930s] INFO:colcon.colcon_core.package_selection:Skipping not selected package 'franka_hardware' in 'src/franka_ros2/franka_hardware'
[0.931s] INFO:colcon.colcon_core.package_selection:Skipping not selected package 'franka_fr3_moveit_config' in 'src/franka_ros2/franka_fr3_moveit_config'
[0.931s] INFO:colcon.colcon_core.package_selection:Skipping not selected package 'franka_ign_ros2_control' in 'src/franka_ros2/franka_gazebo/franka_ign_ros2_control'
[0.931s] INFO:colcon.colcon_core.package_selection:Skipping not selected package 'franka_semantic_components' in 'src/franka_ros2/franka_semantic_components'
[0.931s] INFO:colcon.colcon_core.package_selection:Skipping not selected package 'franka_example_controllers' in 'src/franka_ros2/franka_example_controllers'
[0.931s] INFO:colcon.colcon_core.package_selection:Skipping not selected package 'franka_gazebo_bringup' in 'src/franka_ros2/franka_gazebo/franka_gazebo_bringup'
[0.931s] INFO:colcon.colcon_core.package_selection:Skipping not selected package 'franka_mobile_example_controllers' in 'src/franka_ros2/franka_mobile_example_controllers'
[0.931s] INFO:colcon.colcon_core.package_selection:Skipping not selected package 'franka_robot_state_broadcaster' in 'src/franka_ros2/franka_robot_state_broadcaster'
[0.931s] INFO:colcon.colcon_core.package_selection:Skipping not selected package 'franka_bringup' in 'src/franka_ros2/franka_bringup'
[0.931s] INFO:colcon.colcon_core.package_selection:Skipping not selected package 'franka_ros2' in 'src/franka_ros2/franka_ros2'
[0.931s] Level 1:colcon.colcon_core.package_discovery:discover_packages(prefix_path) check parameters
[0.931s] Level 1:colcon.colcon_core.package_discovery:discover_packages(prefix_path) discover
[0.934s] DEBUG:colcon.colcon_installed_package_information.package_discovery:Found 337 installed packages in /opt/ros/humble
[0.935s] Level 1:colcon.colcon_core.package_discovery:discover_packages(prefix_path) using defaults
[0.977s] Level 5:colcon.colcon_core.verb:set package 'libfranka' build argument 'cmake_args' from command line to '['-DBUILD_TESTS=OFF']'
[0.977s] Level 5:colcon.colcon_core.verb:set package 'libfranka' build argument 'cmake_target' from command line to 'None'
[0.977s] Level 5:colcon.colcon_core.verb:set package 'libfranka' build argument 'cmake_target_skip_unavailable' from command line to 'False'
[0.977s] Level 5:colcon.colcon_core.verb:set package 'libfranka' build argument 'cmake_clean_cache' from command line to 'False'
[0.977s] Level 5:colcon.colcon_core.verb:set package 'libfranka' build argument 'cmake_clean_first' from command line to 'False'
[0.977s] Level 5:colcon.colcon_core.verb:set package 'libfranka' build argument 'cmake_force_configure' from command line to 'False'
[0.977s] Level 5:colcon.colcon_core.verb:set package 'libfranka' build argument 'ament_cmake_args' from command line to 'None'
[0.978s] Level 5:colcon.colcon_core.verb:set package 'libfranka' build argument 'catkin_cmake_args' from command line to 'None'
[0.978s] Level 5:colcon.colcon_core.verb:set package 'libfranka' build argument 'catkin_skip_building_tests' from command line to 'False'
[0.978s] DEBUG:colcon.colcon_core.verb:Building package 'libfranka' with the following arguments: {'ament_cmake_args': None, 'build_base': '/home/raiaan/franka_ros2_ws/build/libfranka', 'catkin_cmake_args': None, 'catkin_skip_building_tests': False, 'cmake_args': ['-DBUILD_TESTS=OFF'], 'cmake_clean_cache': False, 'cmake_clean_first': False, 'cmake_force_configure': False, 'cmake_target': None, 'cmake_target_skip_unavailable': False, 'install_base': '/home/raiaan/franka_ros2_ws/install/libfranka', 'merge_install': False, 'path': '/home/raiaan/franka_ros2_ws/src/libfranka', 'symlink_install': True, 'test_result_base': None}
[0.978s] INFO:colcon.colcon_core.executor:Executing jobs using 'parallel' executor
[0.979s] DEBUG:colcon.colcon_parallel_executor.executor.parallel:run_until_complete
[0.980s] INFO:colcon.colcon_ros.task.cmake.build:Building ROS package in '/home/raiaan/franka_ros2_ws/src/libfranka' with build type 'cmake'
[0.980s] INFO:colcon.colcon_cmake.task.cmake.build:Building CMake package in '/home/raiaan/franka_ros2_ws/src/libfranka'
[0.984s] INFO:colcon.colcon_core.plugin_system:Skipping extension 'colcon_core.shell.bat': Not used on non-Windows systems
[0.984s] INFO:colcon.colcon_core.shell:Skip shell extension 'powershell' for command environment: Not usable outside of PowerShell
[0.985s] DEBUG:colcon.colcon_core.shell:Skip shell extension 'dsv' for command environment
[0.996s] DEBUG:colcon.colcon_core.event_handler.log_command:Invoking command in '/home/raiaan/franka_ros2_ws/build/libfranka': CMAKE_PREFIX_PATH=/opt/ros/humble /usr/bin/cmake /home/raiaan/franka_ros2_ws/src/libfranka -DBUILD_TESTS=OFF -DCMAKE_INSTALL_PREFIX=/home/raiaan/franka_ros2_ws/install/libfranka
[233.984s] DEBUG:colcon.colcon_core.event_handler.log_command:Invoked command in '/home/raiaan/franka_ros2_ws/build/libfranka' returned '0': CMAKE_PREFIX_PATH=/opt/ros/humble /usr/bin/cmake /home/raiaan/franka_ros2_ws/src/libfranka -DBUILD_TESTS=OFF -DCMAKE_INSTALL_PREFIX=/home/raiaan/franka_ros2_ws/install/libfranka
[233.990s] DEBUG:colcon.colcon_core.event_handler.log_command:Invoking command in '/home/raiaan/franka_ros2_ws/build/libfranka': CMAKE_PREFIX_PATH=/opt/ros/humble /usr/bin/cmake --build /home/raiaan/franka_ros2_ws/build/libfranka -- -j6 -l6
[323.640s] DEBUG:colcon.colcon_core.event_handler.log_command:Invoked command in '/home/raiaan/franka_ros2_ws/build/libfranka' returned '0': CMAKE_PREFIX_PATH=/opt/ros/humble /usr/bin/cmake --build /home/raiaan/franka_ros2_ws/build/libfranka -- -j6 -l6
[323.650s] DEBUG:colcon.colcon_core.event_handler.log_command:Invoking command in '/home/raiaan/franka_ros2_ws/build/libfranka': CMAKE_PREFIX_PATH=/opt/ros/humble /usr/bin/cmake --install /home/raiaan/franka_ros2_ws/build/libfranka
[323.675s] DEBUG:colcon.colcon_core.event_handler.log_command:Invoked command in '/home/raiaan/franka_ros2_ws/build/libfranka' returned '0': CMAKE_PREFIX_PATH=/opt/ros/humble /usr/bin/cmake --install /home/raiaan/franka_ros2_ws/build/libfranka
[323.676s] Level 1:colcon.colcon_core.shell:create_environment_hook('libfranka', 'pkg_config_path')
[323.676s] INFO:colcon.colcon_core.shell:Creating environment hook '/home/raiaan/franka_ros2_ws/install/libfranka/share/libfranka/hook/pkg_config_path.ps1'
[323.679s] INFO:colcon.colcon_core.shell:Creating environment descriptor '/home/raiaan/franka_ros2_ws/install/libfranka/share/libfranka/hook/pkg_config_path.dsv'
[323.680s] INFO:colcon.colcon_core.shell:Creating environment hook '/home/raiaan/franka_ros2_ws/install/libfranka/share/libfranka/hook/pkg_config_path.sh'
[323.685s] Level 1:colcon.colcon_core.shell:create_environment_hook('libfranka', 'pkg_config_path_multiarch')
[323.686s] INFO:colcon.colcon_core.shell:Creating environment hook '/home/raiaan/franka_ros2_ws/install/libfranka/share/libfranka/hook/pkg_config_path_multiarch.ps1'
[323.686s] INFO:colcon.colcon_core.shell:Creating environment descriptor '/home/raiaan/franka_ros2_ws/install/libfranka/share/libfranka/hook/pkg_config_path_multiarch.dsv'
[323.686s] INFO:colcon.colcon_core.shell:Creating environment hook '/home/raiaan/franka_ros2_ws/install/libfranka/share/libfranka/hook/pkg_config_path_multiarch.sh'
[323.687s] Level 1:colcon.colcon_core.environment:create_environment_scripts_only(libfranka)
[323.695s] Level 1:colcon.colcon_core.environment:checking '/home/raiaan/franka_ros2_ws/install/libfranka' for CMake module files
[323.695s] Level 1:colcon.colcon_core.environment:checking '/home/raiaan/franka_ros2_ws/install/libfranka' for CMake config files
[323.695s] Level 1:colcon.colcon_core.shell:create_environment_hook('libfranka', 'cmake_prefix_path')
[323.695s] INFO:colcon.colcon_core.shell:Creating environment hook '/home/raiaan/franka_ros2_ws/install/libfranka/share/libfranka/hook/cmake_prefix_path.ps1'
[323.696s] INFO:colcon.colcon_core.shell:Creating environment descriptor '/home/raiaan/franka_ros2_ws/install/libfranka/share/libfranka/hook/cmake_prefix_path.dsv'
[323.696s] INFO:colcon.colcon_core.shell:Creating environment hook '/home/raiaan/franka_ros2_ws/install/libfranka/share/libfranka/hook/cmake_prefix_path.sh'
[323.697s] Level 1:colcon.colcon_core.environment:checking '/home/raiaan/franka_ros2_ws/install/libfranka/lib'
[323.697s] Level 1:colcon.colcon_core.shell:create_environment_hook('libfranka', 'ld_library_path_lib')
[323.697s] INFO:colcon.colcon_core.shell:Creating environment hook '/home/raiaan/franka_ros2_ws/install/libfranka/share/libfranka/hook/ld_library_path_lib.ps1'
[323.697s] INFO:colcon.colcon_core.shell:Creating environment descriptor '/home/raiaan/franka_ros2_ws/install/libfranka/share/libfranka/hook/ld_library_path_lib.dsv'
[323.698s] INFO:colcon.colcon_core.shell:Creating environment hook '/home/raiaan/franka_ros2_ws/install/libfranka/share/libfranka/hook/ld_library_path_lib.sh'
[323.698s] Level 1:colcon.colcon_core.environment:checking '/home/raiaan/franka_ros2_ws/install/libfranka/bin'
[323.698s] Level 1:colcon.colcon_core.shell:create_environment_hook('libfranka', 'path')
[323.699s] INFO:colcon.colcon_core.shell:Creating environment hook '/home/raiaan/franka_ros2_ws/install/libfranka/share/libfranka/hook/path.ps1'
[323.699s] INFO:colcon.colcon_core.shell:Creating environment descriptor '/home/raiaan/franka_ros2_ws/install/libfranka/share/libfranka/hook/path.dsv'
[323.699s] INFO:colcon.colcon_core.shell:Creating environment hook '/home/raiaan/franka_ros2_ws/install/libfranka/share/libfranka/hook/path.sh'
[323.699s] Level 1:colcon.colcon_core.environment:checking '/home/raiaan/franka_ros2_ws/install/libfranka/lib/pkgconfig/libfranka.pc'
[323.700s] Level 1:colcon.colcon_core.environment:checking '/home/raiaan/franka_ros2_ws/install/libfranka/lib/python3.10/site-packages'
[323.700s] Level 1:colcon.colcon_core.environment:checking '/home/raiaan/franka_ros2_ws/install/libfranka/bin'
[323.700s] Level 1:colcon.colcon_core.shell:create_environment_hook('libfranka', 'pythonscriptspath')
[323.700s] INFO:colcon.colcon_core.shell:Creating environment hook '/home/raiaan/franka_ros2_ws/install/libfranka/share/libfranka/hook/pythonscriptspath.ps1'
[323.701s] INFO:colcon.colcon_core.shell:Creating environment descriptor '/home/raiaan/franka_ros2_ws/install/libfranka/share/libfranka/hook/pythonscriptspath.dsv'
[323.701s] INFO:colcon.colcon_core.shell:Creating environment hook '/home/raiaan/franka_ros2_ws/install/libfranka/share/libfranka/hook/pythonscriptspath.sh'
[323.701s] INFO:colcon.colcon_core.shell:Creating package script '/home/raiaan/franka_ros2_ws/install/libfranka/share/libfranka/package.ps1'
[323.702s] INFO:colcon.colcon_core.shell:Creating package descriptor '/home/raiaan/franka_ros2_ws/install/libfranka/share/libfranka/package.dsv'
[323.704s] INFO:colcon.colcon_core.shell:Creating package script '/home/raiaan/franka_ros2_ws/install/libfranka/share/libfranka/package.sh'
[323.705s] INFO:colcon.colcon_core.shell:Creating package script '/home/raiaan/franka_ros2_ws/install/libfranka/share/libfranka/package.bash'
[323.706s] INFO:colcon.colcon_core.shell:Creating package script '/home/raiaan/franka_ros2_ws/install/libfranka/share/libfranka/package.zsh'
[323.707s] Level 1:colcon.colcon_core.environment:create_file_with_runtime_dependencies(/home/raiaan/franka_ros2_ws/install/libfranka/share/colcon-core/packages/libfranka)
[323.708s] DEBUG:colcon.colcon_parallel_executor.executor.parallel:closing loop
[323.709s] DEBUG:colcon.colcon_parallel_executor.executor.parallel:loop closed
[323.709s] DEBUG:colcon.colcon_parallel_executor.executor.parallel:run_until_complete finished with '0'
[323.709s] DEBUG:colcon.colcon_core.event_reactor:joining thread
[323.990s] INFO:colcon.colcon_core.plugin_system:Skipping extension 'colcon_notification.desktop_notification.notify_send': Could not find 'notify-send'
[323.990s] INFO:colcon.colcon_core.plugin_system:Skipping extension 'colcon_notification.desktop_notification.terminal_notifier': Not used on non-Darwin systems
[323.990s] INFO:colcon.colcon_core.plugin_system:Skipping extension 'colcon_notification.desktop_notification.win32': Not used on non-Windows systems
[323.990s] INFO:colcon.colcon_notification.desktop_notification:Sending desktop notification using 'notify2'
[323.991s] DEBUG:colcon.colcon_notification.desktop_notification.notify2:Failed to initialize notify2: org.freedesktop.DBus.Error.FileNotFound: Failed to connect to socket /run/user/1000/bus: No such file or directory
[323.992s] DEBUG:colcon.colcon_core.event_reactor:joined thread
[323.992s] INFO:colcon.colcon_core.shell:Creating prefix script '/home/raiaan/franka_ros2_ws/install/local_setup.ps1'
[323.996s] INFO:colcon.colcon_core.shell:Creating prefix util module '/home/raiaan/franka_ros2_ws/install/_local_setup_util_ps1.py'
[324.000s] INFO:colcon.colcon_core.shell:Creating prefix chain script '/home/raiaan/franka_ros2_ws/install/setup.ps1'
[324.003s] INFO:colcon.colcon_core.shell:Creating prefix script '/home/raiaan/franka_ros2_ws/install/local_setup.sh'
[324.005s] INFO:colcon.colcon_core.shell:Creating prefix util module '/home/raiaan/franka_ros2_ws/install/_local_setup_util_sh.py'
[324.007s] INFO:colcon.colcon_core.shell:Creating prefix chain script '/home/raiaan/franka_ros2_ws/install/setup.sh'
[324.010s] INFO:colcon.colcon_core.shell:Creating prefix script '/home/raiaan/franka_ros2_ws/install/local_setup.bash'
[324.012s] INFO:colcon.colcon_core.shell:Creating prefix chain script '/home/raiaan/franka_ros2_ws/install/setup.bash'
[324.015s] INFO:colcon.colcon_core.shell:Creating prefix script '/home/raiaan/franka_ros2_ws/install/local_setup.zsh'
[324.016s] INFO:colcon.colcon_core.shell:Creating prefix chain script '/home/raiaan/franka_ros2_ws/install/setup.zsh'
