-- The C compiler identification is GNU 11.4.0
-- The CXX compiler identification is GNU 11.4.0
-- Detecting C compiler ABI info
-- Detecting C compiler ABI info - done
-- Check for working C compiler: /usr/bin/cc - skipped
-- Detecting C compile features
-- Detecting C compile features - done
-- Detecting CXX compiler ABI info
-- Detecting CXX compiler ABI info - done
-- Check for working CXX compiler: /usr/bin/c++ - skipped
-- Detecting CXX compile features
-- Detecting CXX compile features - done
-- Found ament_cmake: 1.3.12 (/opt/ros/humble/share/ament_cmake/cmake)
-- Found Python3: /usr/bin/python3 (found version "3.10.12") found components: Interpreter 
-- Override CMake install command with custom implementation using symlinks instead of copying resources
-- Found franka_msgs: 2.2.0 (/home/raiaan/franka_ros2_ws/install/franka_msgs/share/franka_msgs/cmake)
-- Found rosidl_generator_c: 3.1.8 (/opt/ros/humble/share/rosidl_generator_c/cmake)
-- Found rosidl_adapter: 3.1.8 (/opt/ros/humble/share/rosidl_adapter/cmake)
-- Found rosidl_generator_cpp: 3.1.8 (/opt/ros/humble/share/rosidl_generator_cpp/cmake)
-- Using all available rosidl_typesupport_c: rosidl_typesupport_fastrtps_c;rosidl_typesupport_introspection_c
-- Using all available rosidl_typesupport_cpp: rosidl_typesupport_fastrtps_cpp;rosidl_typesupport_introspection_cpp
-- Found rclcpp: 16.0.17 (/opt/ros/humble/share/rclcpp/cmake)
-- Found rmw_implementation_cmake: 6.1.2 (/opt/ros/humble/share/rmw_implementation_cmake/cmake)
-- Found rmw_fastrtps_cpp: 6.2.9 (/opt/ros/humble/share/rmw_fastrtps_cpp/cmake)
-- Found OpenSSL: /usr/lib/x86_64-linux-gnu/libcrypto.so (found version "3.0.2")  
-- Found FastRTPS: /opt/ros/humble/include  
-- Using RMW implementation 'rmw_fastrtps_cpp' as default
-- Looking for pthread.h
-- Looking for pthread.h - found
-- Performing Test CMAKE_HAVE_LIBC_PTHREAD
-- Performing Test CMAKE_HAVE_LIBC_PTHREAD - Success
-- Found Threads: TRUE  
-- Found rclcpp_action: 16.0.17 (/opt/ros/humble/share/rclcpp_action/cmake)
-- Found rclcpp_components: 16.0.17 (/opt/ros/humble/share/rclcpp_components/cmake)
-- Found std_srvs: 4.9.0 (/opt/ros/humble/share/std_srvs/cmake)
-- Found control_msgs: 4.8.0 (/opt/ros/humble/share/control_msgs/cmake)
-- Found ament_cmake_clang_format: 0.12.14 (/opt/ros/humble/share/ament_cmake_clang_format/cmake)
-- Found ament_cmake_copyright: 0.12.14 (/opt/ros/humble/share/ament_cmake_copyright/cmake)
-- Found ament_cmake_cppcheck: 0.12.14 (/opt/ros/humble/share/ament_cmake_cppcheck/cmake)
-- Found ament_cmake_flake8: 0.12.14 (/opt/ros/humble/share/ament_cmake_flake8/cmake)
-- Found ament_cmake_lint_cmake: 0.12.14 (/opt/ros/humble/share/ament_cmake_lint_cmake/cmake)
-- Found ament_cmake_pep257: 0.12.14 (/opt/ros/humble/share/ament_cmake_pep257/cmake)
-- Found ament_cmake_xmllint: 0.12.14 (/opt/ros/humble/share/ament_cmake_xmllint/cmake)
-- Configuring done
-- Generating done
-- Build files have been written to: /home/raiaan/franka_ros2_ws/build/franka_gripper
[ 25%] [32mBuilding CXX object CMakeFiles/gripper_server.dir/src/gripper_action_server.cpp.o[0m
[ 50%] [32mBuilding CXX object CMakeFiles/franka_gripper_node.dir/rclcpp_components/node_main_franka_gripper_node.cpp.o[0m
[ 50%] Built target ament_cmake_python_symlink_franka_gripper
running egg_info
creating franka_gripper.egg-info
writing franka_gripper.egg-info/PKG-INFO
writing dependency_links to franka_gripper.egg-info/dependency_links.txt
writing top-level names to franka_gripper.egg-info/top_level.txt
writing manifest file 'franka_gripper.egg-info/SOURCES.txt'
reading manifest file 'franka_gripper.egg-info/SOURCES.txt'
writing manifest file 'franka_gripper.egg-info/SOURCES.txt'
[ 50%] Built target ament_cmake_python_build_franka_gripper_egg
[ 75%] [32m[1mLinking CXX executable franka_gripper_node[0m
[ 75%] Built target franka_gripper_node
[100%] [32m[1mLinking CXX shared library libgripper_server.so[0m
[100%] Built target gripper_server
-- Install configuration: ""
-- Execute custom install script
-- Symlinking: /home/raiaan/franka_ros2_ws/install/franka_gripper/lib/franka_gripper/franka_gripper_node
-- Symlinking: /home/raiaan/franka_ros2_ws/install/franka_gripper/lib/libgripper_server.so
-- Symlinking: /home/raiaan/franka_ros2_ws/install/franka_gripper/share/franka_gripper//launch/gripper.launch.py
-- Symlinking: /home/raiaan/franka_ros2_ws/install/franka_gripper/share/franka_gripper//config/franka_gripper_node.yaml
-- Symlinking: /home/raiaan/franka_ros2_ws/install/franka_gripper/share/franka_gripper/environment/pythonpath.sh
-- Symlinking: /home/raiaan/franka_ros2_ws/install/franka_gripper/share/franka_gripper/environment/pythonpath.dsv
-- Symlinking: /home/raiaan/franka_ros2_ws/install/franka_gripper/local/lib/python3.10/dist-packages/franka_gripper-2.2.0-py3.10.egg-info/PKG-INFO
-- Symlinking: /home/raiaan/franka_ros2_ws/install/franka_gripper/local/lib/python3.10/dist-packages/franka_gripper-2.2.0-py3.10.egg-info/SOURCES.txt
-- Symlinking: /home/raiaan/franka_ros2_ws/install/franka_gripper/local/lib/python3.10/dist-packages/franka_gripper-2.2.0-py3.10.egg-info/dependency_links.txt
-- Symlinking: /home/raiaan/franka_ros2_ws/install/franka_gripper/local/lib/python3.10/dist-packages/franka_gripper-2.2.0-py3.10.egg-info/top_level.txt
-- Symlinking: /home/raiaan/franka_ros2_ws/install/franka_gripper/local/lib/python3.10/dist-packages/franka_gripper/__init__.py
-- Symlinking: /home/raiaan/franka_ros2_ws/install/franka_gripper/lib/franka_gripper/fake_gripper_state_publisher.py
-- Symlinking: /home/raiaan/franka_ros2_ws/install/franka_gripper/share/ament_index/resource_index/package_run_dependencies/franka_gripper
-- Symlinking: /home/raiaan/franka_ros2_ws/install/franka_gripper/share/ament_index/resource_index/parent_prefix_path/franka_gripper
-- Symlinking: /home/raiaan/franka_ros2_ws/install/franka_gripper/share/franka_gripper/environment/ament_prefix_path.sh
-- Symlinking: /home/raiaan/franka_ros2_ws/install/franka_gripper/share/franka_gripper/environment/ament_prefix_path.dsv
-- Symlinking: /home/raiaan/franka_ros2_ws/install/franka_gripper/share/franka_gripper/environment/path.sh
-- Symlinking: /home/raiaan/franka_ros2_ws/install/franka_gripper/share/franka_gripper/environment/path.dsv
-- Symlinking: /home/raiaan/franka_ros2_ws/install/franka_gripper/share/franka_gripper/local_setup.bash
-- Symlinking: /home/raiaan/franka_ros2_ws/install/franka_gripper/share/franka_gripper/local_setup.sh
-- Symlinking: /home/raiaan/franka_ros2_ws/install/franka_gripper/share/franka_gripper/local_setup.zsh
-- Symlinking: /home/raiaan/franka_ros2_ws/install/franka_gripper/share/franka_gripper/local_setup.dsv
-- Symlinking: /home/raiaan/franka_ros2_ws/install/franka_gripper/share/franka_gripper/package.dsv
-- Symlinking: /home/raiaan/franka_ros2_ws/install/franka_gripper/share/ament_index/resource_index/packages/franka_gripper
-- Symlinking: /home/raiaan/franka_ros2_ws/install/franka_gripper/share/ament_index/resource_index/rclcpp_components/franka_gripper
-- Symlinking: /home/raiaan/franka_ros2_ws/install/franka_gripper/share/franka_gripper/cmake/franka_gripperConfig.cmake
-- Symlinking: /home/raiaan/franka_ros2_ws/install/franka_gripper/share/franka_gripper/cmake/franka_gripperConfig-version.cmake
-- Symlinking: /home/raiaan/franka_ros2_ws/install/franka_gripper/share/franka_gripper/package.xml
Listing '/home/raiaan/franka_ros2_ws/install/franka_gripper/local/lib/python3.10/dist-packages/franka_gripper'...
Compiling '/home/raiaan/franka_ros2_ws/install/franka_gripper/local/lib/python3.10/dist-packages/franka_gripper/__init__.py'...
