[2.140s] Invoking command in '/home/raiaan/franka_ros2_ws/build/franka_gripper': AMENT_PREFIX_PATH=/home/raiaan/franka_ros2_ws/install/franka_msgs:${AMENT_PREFIX_PATH} CMAKE_PREFIX_PATH=/home/raiaan/franka_ros2_ws/install/libfranka:/home/raiaan/franka_ros2_ws/install/franka_msgs:/opt/ros/humble LD_LIBRARY_PATH=/home/raiaan/franka_ros2_ws/install/libfranka/lib:/home/raiaan/franka_ros2_ws/install/franka_msgs/lib:${LD_LIBRARY_PATH} PATH=/home/raiaan/franka_ros2_ws/install/libfranka/bin:${PATH} PKG_CONFIG_PATH=/home/raiaan/franka_ros2_ws/install/libfranka/lib/x86_64-linux-gnu/pkgconfig:/home/raiaan/franka_ros2_ws/install/libfranka/lib/pkgconfig PYTHONPATH=/home/raiaan/franka_ros2_ws/install/franka_msgs/local/lib/python3.10/dist-packages:${PYTHONPATH} /usr/bin/cmake /home/raiaan/franka_ros2_ws/src/franka_ros2/franka_gripper -DAMENT_CMAKE_SYMLINK_INSTALL=1 -DCMAKE_INSTALL_PREFIX=/home/raiaan/franka_ros2_ws/install/franka_gripper
[2.822s] -- The C compiler identification is GNU 11.4.0
[6.109s] -- The CXX compiler identification is GNU 11.4.0
[8.367s] -- Detecting C compiler ABI info
[9.081s] -- Detecting C compiler ABI info - done
[9.092s] -- Check for working C compiler: /usr/bin/cc - skipped
[9.092s] -- Detecting C compile features
[9.093s] -- Detecting C compile features - done
[9.096s] -- Detecting CXX compiler ABI info
[9.860s] -- Detecting CXX compiler ABI info - done
[9.869s] -- Check for working CXX compiler: /usr/bin/c++ - skipped
[9.869s] -- Detecting CXX compile features
[9.869s] -- Detecting CXX compile features - done
[9.872s] -- Found ament_cmake: 1.3.12 (/opt/ros/humble/share/ament_cmake/cmake)
[10.030s] -- Found Python3: /usr/bin/python3 (found version "3.10.12") found components: Interpreter 
[10.109s] -- Override CMake install command with custom implementation using symlinks instead of copying resources
[10.138s] -- Found franka_msgs: 2.2.0 (/home/raiaan/franka_ros2_ws/install/franka_msgs/share/franka_msgs/cmake)
[11.071s] -- Found rosidl_generator_c: 3.1.8 (/opt/ros/humble/share/rosidl_generator_c/cmake)
[11.076s] -- Found rosidl_adapter: 3.1.8 (/opt/ros/humble/share/rosidl_adapter/cmake)
[11.084s] -- Found rosidl_generator_cpp: 3.1.8 (/opt/ros/humble/share/rosidl_generator_cpp/cmake)
[11.097s] -- Using all available rosidl_typesupport_c: rosidl_typesupport_fastrtps_c;rosidl_typesupport_introspection_c
[11.112s] -- Using all available rosidl_typesupport_cpp: rosidl_typesupport_fastrtps_cpp;rosidl_typesupport_introspection_cpp
[11.206s] -- Found rclcpp: 16.0.17 (/opt/ros/humble/share/rclcpp/cmake)
[11.237s] -- Found rmw_implementation_cmake: 6.1.2 (/opt/ros/humble/share/rmw_implementation_cmake/cmake)
[11.240s] -- Found rmw_fastrtps_cpp: 6.2.9 (/opt/ros/humble/share/rmw_fastrtps_cpp/cmake)
[17.888s] -- Found OpenSSL: /usr/lib/x86_64-linux-gnu/libcrypto.so (found version "3.0.2")  
[26.651s] -- Found FastRTPS: /opt/ros/humble/include  
[42.097s] -- Using RMW implementation 'rmw_fastrtps_cpp' as default
[42.110s] -- Looking for pthread.h
[42.665s] -- Looking for pthread.h - found
[42.666s] -- Performing Test CMAKE_HAVE_LIBC_PTHREAD
[43.240s] -- Performing Test CMAKE_HAVE_LIBC_PTHREAD - Success
[43.242s] -- Found Threads: TRUE  
[43.275s] -- Found rclcpp_action: 16.0.17 (/opt/ros/humble/share/rclcpp_action/cmake)
[43.283s] -- Found rclcpp_components: 16.0.17 (/opt/ros/humble/share/rclcpp_components/cmake)
[43.306s] -- Found std_srvs: 4.9.0 (/opt/ros/humble/share/std_srvs/cmake)
[43.324s] -- Found control_msgs: 4.8.0 (/opt/ros/humble/share/control_msgs/cmake)
[43.439s] -- Found ament_cmake_clang_format: 0.12.14 (/opt/ros/humble/share/ament_cmake_clang_format/cmake)
[43.441s] -- Found ament_cmake_copyright: 0.12.14 (/opt/ros/humble/share/ament_cmake_copyright/cmake)
[43.442s] -- Found ament_cmake_cppcheck: 0.12.14 (/opt/ros/humble/share/ament_cmake_cppcheck/cmake)
[43.443s] -- Found ament_cmake_flake8: 0.12.14 (/opt/ros/humble/share/ament_cmake_flake8/cmake)
[43.445s] -- Found ament_cmake_lint_cmake: 0.12.14 (/opt/ros/humble/share/ament_cmake_lint_cmake/cmake)
[43.446s] -- Found ament_cmake_pep257: 0.12.14 (/opt/ros/humble/share/ament_cmake_pep257/cmake)
[43.447s] -- Found ament_cmake_xmllint: 0.12.14 (/opt/ros/humble/share/ament_cmake_xmllint/cmake)
[43.507s] -- Configuring done
[43.528s] -- Generating done
[43.535s] -- Build files have been written to: /home/raiaan/franka_ros2_ws/build/franka_gripper
[43.545s] Invoked command in '/home/raiaan/franka_ros2_ws/build/franka_gripper' returned '0': AMENT_PREFIX_PATH=/home/raiaan/franka_ros2_ws/install/franka_msgs:${AMENT_PREFIX_PATH} CMAKE_PREFIX_PATH=/home/raiaan/franka_ros2_ws/install/libfranka:/home/raiaan/franka_ros2_ws/install/franka_msgs:/opt/ros/humble LD_LIBRARY_PATH=/home/raiaan/franka_ros2_ws/install/libfranka/lib:/home/raiaan/franka_ros2_ws/install/franka_msgs/lib:${LD_LIBRARY_PATH} PATH=/home/raiaan/franka_ros2_ws/install/libfranka/bin:${PATH} PKG_CONFIG_PATH=/home/raiaan/franka_ros2_ws/install/libfranka/lib/x86_64-linux-gnu/pkgconfig:/home/raiaan/franka_ros2_ws/install/libfranka/lib/pkgconfig PYTHONPATH=/home/raiaan/franka_ros2_ws/install/franka_msgs/local/lib/python3.10/dist-packages:${PYTHONPATH} /usr/bin/cmake /home/raiaan/franka_ros2_ws/src/franka_ros2/franka_gripper -DAMENT_CMAKE_SYMLINK_INSTALL=1 -DCMAKE_INSTALL_PREFIX=/home/raiaan/franka_ros2_ws/install/franka_gripper
[43.547s] Invoking command in '/home/raiaan/franka_ros2_ws/build/franka_gripper': AMENT_PREFIX_PATH=/home/raiaan/franka_ros2_ws/install/franka_msgs:${AMENT_PREFIX_PATH} CMAKE_PREFIX_PATH=/home/raiaan/franka_ros2_ws/install/libfranka:/home/raiaan/franka_ros2_ws/install/franka_msgs:/opt/ros/humble LD_LIBRARY_PATH=/home/raiaan/franka_ros2_ws/install/libfranka/lib:/home/raiaan/franka_ros2_ws/install/franka_msgs/lib:${LD_LIBRARY_PATH} PATH=/home/raiaan/franka_ros2_ws/install/libfranka/bin:${PATH} PKG_CONFIG_PATH=/home/raiaan/franka_ros2_ws/install/libfranka/lib/x86_64-linux-gnu/pkgconfig:/home/raiaan/franka_ros2_ws/install/libfranka/lib/pkgconfig PYTHONPATH=/home/raiaan/franka_ros2_ws/install/franka_msgs/local/lib/python3.10/dist-packages:${PYTHONPATH} /usr/bin/cmake --build /home/raiaan/franka_ros2_ws/build/franka_gripper -- -j6 -l6
[43.591s] [ 25%] [32mBuilding CXX object CMakeFiles/gripper_server.dir/src/gripper_action_server.cpp.o[0m
[43.592s] [ 50%] [32mBuilding CXX object CMakeFiles/franka_gripper_node.dir/rclcpp_components/node_main_franka_gripper_node.cpp.o[0m
[43.599s] [ 50%] Built target ament_cmake_python_symlink_franka_gripper
[43.795s] running egg_info
[43.795s] creating franka_gripper.egg-info
[43.796s] writing franka_gripper.egg-info/PKG-INFO
[43.796s] writing dependency_links to franka_gripper.egg-info/dependency_links.txt
[43.796s] writing top-level names to franka_gripper.egg-info/top_level.txt
[43.796s] writing manifest file 'franka_gripper.egg-info/SOURCES.txt'
[43.798s] reading manifest file 'franka_gripper.egg-info/SOURCES.txt'
[43.798s] writing manifest file 'franka_gripper.egg-info/SOURCES.txt'
[43.819s] [ 50%] Built target ament_cmake_python_build_franka_gripper_egg
[46.436s] [ 75%] [32m[1mLinking CXX executable franka_gripper_node[0m
[46.981s] [ 75%] Built target franka_gripper_node
[51.702s] [100%] [32m[1mLinking CXX shared library libgripper_server.so[0m
[52.649s] [100%] Built target gripper_server
[52.660s] Invoked command in '/home/raiaan/franka_ros2_ws/build/franka_gripper' returned '0': AMENT_PREFIX_PATH=/home/raiaan/franka_ros2_ws/install/franka_msgs:${AMENT_PREFIX_PATH} CMAKE_PREFIX_PATH=/home/raiaan/franka_ros2_ws/install/libfranka:/home/raiaan/franka_ros2_ws/install/franka_msgs:/opt/ros/humble LD_LIBRARY_PATH=/home/raiaan/franka_ros2_ws/install/libfranka/lib:/home/raiaan/franka_ros2_ws/install/franka_msgs/lib:${LD_LIBRARY_PATH} PATH=/home/raiaan/franka_ros2_ws/install/libfranka/bin:${PATH} PKG_CONFIG_PATH=/home/raiaan/franka_ros2_ws/install/libfranka/lib/x86_64-linux-gnu/pkgconfig:/home/raiaan/franka_ros2_ws/install/libfranka/lib/pkgconfig PYTHONPATH=/home/raiaan/franka_ros2_ws/install/franka_msgs/local/lib/python3.10/dist-packages:${PYTHONPATH} /usr/bin/cmake --build /home/raiaan/franka_ros2_ws/build/franka_gripper -- -j6 -l6
[52.661s] Invoking command in '/home/raiaan/franka_ros2_ws/build/franka_gripper': AMENT_PREFIX_PATH=/home/raiaan/franka_ros2_ws/install/franka_msgs:${AMENT_PREFIX_PATH} CMAKE_PREFIX_PATH=/home/raiaan/franka_ros2_ws/install/libfranka:/home/raiaan/franka_ros2_ws/install/franka_msgs:/opt/ros/humble LD_LIBRARY_PATH=/home/raiaan/franka_ros2_ws/install/libfranka/lib:/home/raiaan/franka_ros2_ws/install/franka_msgs/lib:${LD_LIBRARY_PATH} PATH=/home/raiaan/franka_ros2_ws/install/libfranka/bin:${PATH} PKG_CONFIG_PATH=/home/raiaan/franka_ros2_ws/install/libfranka/lib/x86_64-linux-gnu/pkgconfig:/home/raiaan/franka_ros2_ws/install/libfranka/lib/pkgconfig PYTHONPATH=/home/raiaan/franka_ros2_ws/install/franka_msgs/local/lib/python3.10/dist-packages:${PYTHONPATH} /usr/bin/cmake --install /home/raiaan/franka_ros2_ws/build/franka_gripper
[52.667s] -- Install configuration: ""
[52.668s] -- Execute custom install script
[52.668s] -- Symlinking: /home/raiaan/franka_ros2_ws/install/franka_gripper/lib/franka_gripper/franka_gripper_node
[52.676s] -- Symlinking: /home/raiaan/franka_ros2_ws/install/franka_gripper/lib/libgripper_server.so
[52.685s] -- Symlinking: /home/raiaan/franka_ros2_ws/install/franka_gripper/share/franka_gripper//launch/gripper.launch.py
[52.694s] -- Symlinking: /home/raiaan/franka_ros2_ws/install/franka_gripper/share/franka_gripper//config/franka_gripper_node.yaml
[52.701s] -- Symlinking: /home/raiaan/franka_ros2_ws/install/franka_gripper/share/franka_gripper/environment/pythonpath.sh
[52.708s] -- Symlinking: /home/raiaan/franka_ros2_ws/install/franka_gripper/share/franka_gripper/environment/pythonpath.dsv
[52.716s] -- Symlinking: /home/raiaan/franka_ros2_ws/install/franka_gripper/local/lib/python3.10/dist-packages/franka_gripper-2.2.0-py3.10.egg-info/PKG-INFO
[52.723s] -- Symlinking: /home/raiaan/franka_ros2_ws/install/franka_gripper/local/lib/python3.10/dist-packages/franka_gripper-2.2.0-py3.10.egg-info/SOURCES.txt
[52.730s] -- Symlinking: /home/raiaan/franka_ros2_ws/install/franka_gripper/local/lib/python3.10/dist-packages/franka_gripper-2.2.0-py3.10.egg-info/dependency_links.txt
[52.737s] -- Symlinking: /home/raiaan/franka_ros2_ws/install/franka_gripper/local/lib/python3.10/dist-packages/franka_gripper-2.2.0-py3.10.egg-info/top_level.txt
[52.745s] -- Symlinking: /home/raiaan/franka_ros2_ws/install/franka_gripper/local/lib/python3.10/dist-packages/franka_gripper/__init__.py
[52.753s] -- Symlinking: /home/raiaan/franka_ros2_ws/install/franka_gripper/lib/franka_gripper/fake_gripper_state_publisher.py
[52.761s] -- Symlinking: /home/raiaan/franka_ros2_ws/install/franka_gripper/share/ament_index/resource_index/package_run_dependencies/franka_gripper
[52.768s] -- Symlinking: /home/raiaan/franka_ros2_ws/install/franka_gripper/share/ament_index/resource_index/parent_prefix_path/franka_gripper
[52.775s] -- Symlinking: /home/raiaan/franka_ros2_ws/install/franka_gripper/share/franka_gripper/environment/ament_prefix_path.sh
[52.782s] -- Symlinking: /home/raiaan/franka_ros2_ws/install/franka_gripper/share/franka_gripper/environment/ament_prefix_path.dsv
[52.789s] -- Symlinking: /home/raiaan/franka_ros2_ws/install/franka_gripper/share/franka_gripper/environment/path.sh
[52.796s] -- Symlinking: /home/raiaan/franka_ros2_ws/install/franka_gripper/share/franka_gripper/environment/path.dsv
[52.804s] -- Symlinking: /home/raiaan/franka_ros2_ws/install/franka_gripper/share/franka_gripper/local_setup.bash
[52.811s] -- Symlinking: /home/raiaan/franka_ros2_ws/install/franka_gripper/share/franka_gripper/local_setup.sh
[52.819s] -- Symlinking: /home/raiaan/franka_ros2_ws/install/franka_gripper/share/franka_gripper/local_setup.zsh
[52.828s] -- Symlinking: /home/raiaan/franka_ros2_ws/install/franka_gripper/share/franka_gripper/local_setup.dsv
[52.835s] -- Symlinking: /home/raiaan/franka_ros2_ws/install/franka_gripper/share/franka_gripper/package.dsv
[52.843s] -- Symlinking: /home/raiaan/franka_ros2_ws/install/franka_gripper/share/ament_index/resource_index/packages/franka_gripper
[52.851s] -- Symlinking: /home/raiaan/franka_ros2_ws/install/franka_gripper/share/ament_index/resource_index/rclcpp_components/franka_gripper
[52.860s] -- Symlinking: /home/raiaan/franka_ros2_ws/install/franka_gripper/share/franka_gripper/cmake/franka_gripperConfig.cmake
[52.867s] -- Symlinking: /home/raiaan/franka_ros2_ws/install/franka_gripper/share/franka_gripper/cmake/franka_gripperConfig-version.cmake
[52.875s] -- Symlinking: /home/raiaan/franka_ros2_ws/install/franka_gripper/share/franka_gripper/package.xml
[52.913s] Listing '/home/raiaan/franka_ros2_ws/install/franka_gripper/local/lib/python3.10/dist-packages/franka_gripper'...
[52.913s] Compiling '/home/raiaan/franka_ros2_ws/install/franka_gripper/local/lib/python3.10/dist-packages/franka_gripper/__init__.py'...
[52.920s] Invoked command in '/home/raiaan/franka_ros2_ws/build/franka_gripper' returned '0': AMENT_PREFIX_PATH=/home/raiaan/franka_ros2_ws/install/franka_msgs:${AMENT_PREFIX_PATH} CMAKE_PREFIX_PATH=/home/raiaan/franka_ros2_ws/install/libfranka:/home/raiaan/franka_ros2_ws/install/franka_msgs:/opt/ros/humble LD_LIBRARY_PATH=/home/raiaan/franka_ros2_ws/install/libfranka/lib:/home/raiaan/franka_ros2_ws/install/franka_msgs/lib:${LD_LIBRARY_PATH} PATH=/home/raiaan/franka_ros2_ws/install/libfranka/bin:${PATH} PKG_CONFIG_PATH=/home/raiaan/franka_ros2_ws/install/libfranka/lib/x86_64-linux-gnu/pkgconfig:/home/raiaan/franka_ros2_ws/install/libfranka/lib/pkgconfig PYTHONPATH=/home/raiaan/franka_ros2_ws/install/franka_msgs/local/lib/python3.10/dist-packages:${PYTHONPATH} /usr/bin/cmake --install /home/raiaan/franka_ros2_ws/build/franka_gripper
