-- The C compiler identification is GNU 11.4.0
-- The CXX compiler identification is GNU 11.4.0
-- Detecting C compiler ABI info
-- Detecting C compiler ABI info - done
-- Check for working C compiler: /usr/bin/cc - skipped
-- Detecting C compile features
-- Detecting C compile features - done
-- Detecting CXX compiler ABI info
-- Detecting CXX compiler ABI info - done
-- Check for working CXX compiler: /usr/bin/c++ - skipped
-- Detecting CXX compile features
-- Detecting CXX compile features - done
-- Found ament_cmake: 1.3.12 (/opt/ros/humble/share/ament_cmake/cmake)
-- Found Python3: /usr/bin/python3 (found version "3.10.12") found components: Interpreter 
-- Override CMake install command with custom implementation using symlinks instead of copying resources
-- Found ament_lint_auto: 0.12.14 (/opt/ros/humble/share/ament_lint_auto/cmake)
-- Configuring done
-- Generating done
-- Build files have been written to: /home/raiaan/franka_ros2_ws/build/franka_gazebo_bringup
-- Install configuration: ""
-- Execute custom install script
-- Symlinking: /home/raiaan/franka_ros2_ws/install/franka_gazebo_bringup/share/franka_gazebo_bringup/launch/gazebo_joint_impedance_controller_example.launch.py
-- Symlinking: /home/raiaan/franka_ros2_ws/install/franka_gazebo_bringup/share/franka_gazebo_bringup/launch/gazebo_joint_position_controller_example.launch.py
-- Symlinking: /home/raiaan/franka_ros2_ws/install/franka_gazebo_bringup/share/franka_gazebo_bringup/launch/gazebo_joint_velocity_controller_example.launch.py
-- Symlinking: /home/raiaan/franka_ros2_ws/install/franka_gazebo_bringup/share/franka_gazebo_bringup/launch/visualize_franka_robot.launch.py
-- Symlinking: /home/raiaan/franka_ros2_ws/install/franka_gazebo_bringup/share/franka_gazebo_bringup/config/franka_gazebo_controllers.yaml
-- Symlinking: /home/raiaan/franka_ros2_ws/install/franka_gazebo_bringup/share/ament_index/resource_index/package_run_dependencies/franka_gazebo_bringup
-- Symlinking: /home/raiaan/franka_ros2_ws/install/franka_gazebo_bringup/share/ament_index/resource_index/parent_prefix_path/franka_gazebo_bringup
-- Symlinking: /home/raiaan/franka_ros2_ws/install/franka_gazebo_bringup/share/franka_gazebo_bringup/environment/ament_prefix_path.sh
-- Symlinking: /home/raiaan/franka_ros2_ws/install/franka_gazebo_bringup/share/franka_gazebo_bringup/environment/ament_prefix_path.dsv
-- Symlinking: /home/raiaan/franka_ros2_ws/install/franka_gazebo_bringup/share/franka_gazebo_bringup/environment/path.sh
-- Symlinking: /home/raiaan/franka_ros2_ws/install/franka_gazebo_bringup/share/franka_gazebo_bringup/environment/path.dsv
-- Symlinking: /home/raiaan/franka_ros2_ws/install/franka_gazebo_bringup/share/franka_gazebo_bringup/local_setup.bash
-- Symlinking: /home/raiaan/franka_ros2_ws/install/franka_gazebo_bringup/share/franka_gazebo_bringup/local_setup.sh
-- Symlinking: /home/raiaan/franka_ros2_ws/install/franka_gazebo_bringup/share/franka_gazebo_bringup/local_setup.zsh
-- Symlinking: /home/raiaan/franka_ros2_ws/install/franka_gazebo_bringup/share/franka_gazebo_bringup/local_setup.dsv
-- Symlinking: /home/raiaan/franka_ros2_ws/install/franka_gazebo_bringup/share/franka_gazebo_bringup/package.dsv
-- Symlinking: /home/raiaan/franka_ros2_ws/install/franka_gazebo_bringup/share/ament_index/resource_index/packages/franka_gazebo_bringup
-- Symlinking: /home/raiaan/franka_ros2_ws/install/franka_gazebo_bringup/share/franka_gazebo_bringup/cmake/franka_gazebo_bringupConfig.cmake
-- Symlinking: /home/raiaan/franka_ros2_ws/install/franka_gazebo_bringup/share/franka_gazebo_bringup/cmake/franka_gazebo_bringupConfig-version.cmake
-- Symlinking: /home/raiaan/franka_ros2_ws/install/franka_gazebo_bringup/share/franka_gazebo_bringup/package.xml
