[3.529s] Invoking command in '/home/raiaan/franka_ros2_ws/build/franka_gazebo_bringup': AMENT_PREFIX_PATH=/home/raiaan/franka_ros2_ws/install/franka_ign_ros2_control:/home/raiaan/franka_ros2_ws/install/franka_hardware:/home/raiaan/franka_ros2_ws/install/franka_msgs:/home/raiaan/franka_ros2_ws/install/franka_description:${AMENT_PREFIX_PATH} CMAKE_PREFIX_PATH=/home/raiaan/franka_ros2_ws/install/franka_ign_ros2_control:/home/raiaan/franka_ros2_ws/install/franka_hardware:/home/raiaan/franka_ros2_ws/install/libfranka:/home/raiaan/franka_ros2_ws/install/franka_msgs:/home/raiaan/franka_ros2_ws/install/franka_description:/opt/ros/humble LD_LIBRARY_PATH=/home/raiaan/franka_ros2_ws/install/franka_ign_ros2_control/lib:/home/raiaan/franka_ros2_ws/install/franka_hardware/lib:/home/raiaan/franka_ros2_ws/install/libfranka/lib:/home/raiaan/franka_ros2_ws/install/franka_msgs/lib:${LD_LIBRARY_PATH} PATH=/home/raiaan/franka_ros2_ws/install/libfranka/bin:${PATH} PKG_CONFIG_PATH=/home/raiaan/franka_ros2_ws/install/libfranka/lib/x86_64-linux-gnu/pkgconfig:/home/raiaan/franka_ros2_ws/install/libfranka/lib/pkgconfig PYTHONPATH=/home/raiaan/franka_ros2_ws/install/franka_msgs/local/lib/python3.10/dist-packages:${PYTHONPATH} /usr/bin/cmake /home/raiaan/franka_ros2_ws/src/franka_ros2/franka_gazebo/franka_gazebo_bringup -DAMENT_CMAKE_SYMLINK_INSTALL=1 -DCMAKE_INSTALL_PREFIX=/home/raiaan/franka_ros2_ws/install/franka_gazebo_bringup
[4.197s] -- The C compiler identification is GNU 11.4.0
[6.959s] -- The CXX compiler identification is GNU 11.4.0
[9.205s] -- Detecting C compiler ABI info
[9.747s] -- Detecting C compiler ABI info - done
[9.753s] -- Check for working C compiler: /usr/bin/cc - skipped
[9.753s] -- Detecting C compile features
[9.753s] -- Detecting C compile features - done
[9.756s] -- Detecting CXX compiler ABI info
[10.450s] -- Detecting CXX compiler ABI info - done
[10.456s] -- Check for working CXX compiler: /usr/bin/c++ - skipped
[10.456s] -- Detecting CXX compile features
[10.456s] -- Detecting CXX compile features - done
[10.459s] -- Found ament_cmake: 1.3.12 (/opt/ros/humble/share/ament_cmake/cmake)
[10.587s] -- Found Python3: /usr/bin/python3 (found version "3.10.12") found components: Interpreter 
[10.641s] -- Override CMake install command with custom implementation using symlinks instead of copying resources
[10.666s] -- Found ament_lint_auto: 0.12.14 (/opt/ros/humble/share/ament_lint_auto/cmake)
[10.722s] -- Configuring done
[10.725s] -- Generating done
[10.727s] -- Build files have been written to: /home/raiaan/franka_ros2_ws/build/franka_gazebo_bringup
[10.732s] Invoked command in '/home/raiaan/franka_ros2_ws/build/franka_gazebo_bringup' returned '0': AMENT_PREFIX_PATH=/home/raiaan/franka_ros2_ws/install/franka_ign_ros2_control:/home/raiaan/franka_ros2_ws/install/franka_hardware:/home/raiaan/franka_ros2_ws/install/franka_msgs:/home/raiaan/franka_ros2_ws/install/franka_description:${AMENT_PREFIX_PATH} CMAKE_PREFIX_PATH=/home/raiaan/franka_ros2_ws/install/franka_ign_ros2_control:/home/raiaan/franka_ros2_ws/install/franka_hardware:/home/raiaan/franka_ros2_ws/install/libfranka:/home/raiaan/franka_ros2_ws/install/franka_msgs:/home/raiaan/franka_ros2_ws/install/franka_description:/opt/ros/humble LD_LIBRARY_PATH=/home/raiaan/franka_ros2_ws/install/franka_ign_ros2_control/lib:/home/raiaan/franka_ros2_ws/install/franka_hardware/lib:/home/raiaan/franka_ros2_ws/install/libfranka/lib:/home/raiaan/franka_ros2_ws/install/franka_msgs/lib:${LD_LIBRARY_PATH} PATH=/home/raiaan/franka_ros2_ws/install/libfranka/bin:${PATH} PKG_CONFIG_PATH=/home/raiaan/franka_ros2_ws/install/libfranka/lib/x86_64-linux-gnu/pkgconfig:/home/raiaan/franka_ros2_ws/install/libfranka/lib/pkgconfig PYTHONPATH=/home/raiaan/franka_ros2_ws/install/franka_msgs/local/lib/python3.10/dist-packages:${PYTHONPATH} /usr/bin/cmake /home/raiaan/franka_ros2_ws/src/franka_ros2/franka_gazebo/franka_gazebo_bringup -DAMENT_CMAKE_SYMLINK_INSTALL=1 -DCMAKE_INSTALL_PREFIX=/home/raiaan/franka_ros2_ws/install/franka_gazebo_bringup
[10.732s] Invoking command in '/home/raiaan/franka_ros2_ws/build/franka_gazebo_bringup': AMENT_PREFIX_PATH=/home/raiaan/franka_ros2_ws/install/franka_ign_ros2_control:/home/raiaan/franka_ros2_ws/install/franka_hardware:/home/raiaan/franka_ros2_ws/install/franka_msgs:/home/raiaan/franka_ros2_ws/install/franka_description:${AMENT_PREFIX_PATH} CMAKE_PREFIX_PATH=/home/raiaan/franka_ros2_ws/install/franka_ign_ros2_control:/home/raiaan/franka_ros2_ws/install/franka_hardware:/home/raiaan/franka_ros2_ws/install/libfranka:/home/raiaan/franka_ros2_ws/install/franka_msgs:/home/raiaan/franka_ros2_ws/install/franka_description:/opt/ros/humble LD_LIBRARY_PATH=/home/raiaan/franka_ros2_ws/install/franka_ign_ros2_control/lib:/home/raiaan/franka_ros2_ws/install/franka_hardware/lib:/home/raiaan/franka_ros2_ws/install/libfranka/lib:/home/raiaan/franka_ros2_ws/install/franka_msgs/lib:${LD_LIBRARY_PATH} PATH=/home/raiaan/franka_ros2_ws/install/libfranka/bin:${PATH} PKG_CONFIG_PATH=/home/raiaan/franka_ros2_ws/install/libfranka/lib/x86_64-linux-gnu/pkgconfig:/home/raiaan/franka_ros2_ws/install/libfranka/lib/pkgconfig PYTHONPATH=/home/raiaan/franka_ros2_ws/install/franka_msgs/local/lib/python3.10/dist-packages:${PYTHONPATH} /usr/bin/cmake --build /home/raiaan/franka_ros2_ws/build/franka_gazebo_bringup -- -j6 -l6
[10.765s] Invoked command in '/home/raiaan/franka_ros2_ws/build/franka_gazebo_bringup' returned '0': AMENT_PREFIX_PATH=/home/raiaan/franka_ros2_ws/install/franka_ign_ros2_control:/home/raiaan/franka_ros2_ws/install/franka_hardware:/home/raiaan/franka_ros2_ws/install/franka_msgs:/home/raiaan/franka_ros2_ws/install/franka_description:${AMENT_PREFIX_PATH} CMAKE_PREFIX_PATH=/home/raiaan/franka_ros2_ws/install/franka_ign_ros2_control:/home/raiaan/franka_ros2_ws/install/franka_hardware:/home/raiaan/franka_ros2_ws/install/libfranka:/home/raiaan/franka_ros2_ws/install/franka_msgs:/home/raiaan/franka_ros2_ws/install/franka_description:/opt/ros/humble LD_LIBRARY_PATH=/home/raiaan/franka_ros2_ws/install/franka_ign_ros2_control/lib:/home/raiaan/franka_ros2_ws/install/franka_hardware/lib:/home/raiaan/franka_ros2_ws/install/libfranka/lib:/home/raiaan/franka_ros2_ws/install/franka_msgs/lib:${LD_LIBRARY_PATH} PATH=/home/raiaan/franka_ros2_ws/install/libfranka/bin:${PATH} PKG_CONFIG_PATH=/home/raiaan/franka_ros2_ws/install/libfranka/lib/x86_64-linux-gnu/pkgconfig:/home/raiaan/franka_ros2_ws/install/libfranka/lib/pkgconfig PYTHONPATH=/home/raiaan/franka_ros2_ws/install/franka_msgs/local/lib/python3.10/dist-packages:${PYTHONPATH} /usr/bin/cmake --build /home/raiaan/franka_ros2_ws/build/franka_gazebo_bringup -- -j6 -l6
[10.767s] Invoking command in '/home/raiaan/franka_ros2_ws/build/franka_gazebo_bringup': AMENT_PREFIX_PATH=/home/raiaan/franka_ros2_ws/install/franka_ign_ros2_control:/home/raiaan/franka_ros2_ws/install/franka_hardware:/home/raiaan/franka_ros2_ws/install/franka_msgs:/home/raiaan/franka_ros2_ws/install/franka_description:${AMENT_PREFIX_PATH} CMAKE_PREFIX_PATH=/home/raiaan/franka_ros2_ws/install/franka_ign_ros2_control:/home/raiaan/franka_ros2_ws/install/franka_hardware:/home/raiaan/franka_ros2_ws/install/libfranka:/home/raiaan/franka_ros2_ws/install/franka_msgs:/home/raiaan/franka_ros2_ws/install/franka_description:/opt/ros/humble LD_LIBRARY_PATH=/home/raiaan/franka_ros2_ws/install/franka_ign_ros2_control/lib:/home/raiaan/franka_ros2_ws/install/franka_hardware/lib:/home/raiaan/franka_ros2_ws/install/libfranka/lib:/home/raiaan/franka_ros2_ws/install/franka_msgs/lib:${LD_LIBRARY_PATH} PATH=/home/raiaan/franka_ros2_ws/install/libfranka/bin:${PATH} PKG_CONFIG_PATH=/home/raiaan/franka_ros2_ws/install/libfranka/lib/x86_64-linux-gnu/pkgconfig:/home/raiaan/franka_ros2_ws/install/libfranka/lib/pkgconfig PYTHONPATH=/home/raiaan/franka_ros2_ws/install/franka_msgs/local/lib/python3.10/dist-packages:${PYTHONPATH} /usr/bin/cmake --install /home/raiaan/franka_ros2_ws/build/franka_gazebo_bringup
[10.772s] -- Install configuration: ""
[10.772s] -- Execute custom install script
[10.775s] -- Symlinking: /home/raiaan/franka_ros2_ws/install/franka_gazebo_bringup/share/franka_gazebo_bringup/launch/gazebo_joint_impedance_controller_example.launch.py
[10.782s] -- Symlinking: /home/raiaan/franka_ros2_ws/install/franka_gazebo_bringup/share/franka_gazebo_bringup/launch/gazebo_joint_position_controller_example.launch.py
[10.791s] -- Symlinking: /home/raiaan/franka_ros2_ws/install/franka_gazebo_bringup/share/franka_gazebo_bringup/launch/gazebo_joint_velocity_controller_example.launch.py
[10.799s] -- Symlinking: /home/raiaan/franka_ros2_ws/install/franka_gazebo_bringup/share/franka_gazebo_bringup/launch/visualize_franka_robot.launch.py
[10.807s] -- Symlinking: /home/raiaan/franka_ros2_ws/install/franka_gazebo_bringup/share/franka_gazebo_bringup/config/franka_gazebo_controllers.yaml
[10.815s] -- Symlinking: /home/raiaan/franka_ros2_ws/install/franka_gazebo_bringup/share/ament_index/resource_index/package_run_dependencies/franka_gazebo_bringup
[10.822s] -- Symlinking: /home/raiaan/franka_ros2_ws/install/franka_gazebo_bringup/share/ament_index/resource_index/parent_prefix_path/franka_gazebo_bringup
[10.830s] -- Symlinking: /home/raiaan/franka_ros2_ws/install/franka_gazebo_bringup/share/franka_gazebo_bringup/environment/ament_prefix_path.sh
[10.838s] -- Symlinking: /home/raiaan/franka_ros2_ws/install/franka_gazebo_bringup/share/franka_gazebo_bringup/environment/ament_prefix_path.dsv
[10.846s] -- Symlinking: /home/raiaan/franka_ros2_ws/install/franka_gazebo_bringup/share/franka_gazebo_bringup/environment/path.sh
[10.856s] -- Symlinking: /home/raiaan/franka_ros2_ws/install/franka_gazebo_bringup/share/franka_gazebo_bringup/environment/path.dsv
[10.864s] -- Symlinking: /home/raiaan/franka_ros2_ws/install/franka_gazebo_bringup/share/franka_gazebo_bringup/local_setup.bash
[10.872s] -- Symlinking: /home/raiaan/franka_ros2_ws/install/franka_gazebo_bringup/share/franka_gazebo_bringup/local_setup.sh
[10.880s] -- Symlinking: /home/raiaan/franka_ros2_ws/install/franka_gazebo_bringup/share/franka_gazebo_bringup/local_setup.zsh
[10.888s] -- Symlinking: /home/raiaan/franka_ros2_ws/install/franka_gazebo_bringup/share/franka_gazebo_bringup/local_setup.dsv
[10.895s] -- Symlinking: /home/raiaan/franka_ros2_ws/install/franka_gazebo_bringup/share/franka_gazebo_bringup/package.dsv
[10.903s] -- Symlinking: /home/raiaan/franka_ros2_ws/install/franka_gazebo_bringup/share/ament_index/resource_index/packages/franka_gazebo_bringup
[10.911s] -- Symlinking: /home/raiaan/franka_ros2_ws/install/franka_gazebo_bringup/share/franka_gazebo_bringup/cmake/franka_gazebo_bringupConfig.cmake
[10.918s] -- Symlinking: /home/raiaan/franka_ros2_ws/install/franka_gazebo_bringup/share/franka_gazebo_bringup/cmake/franka_gazebo_bringupConfig-version.cmake
[10.926s] -- Symlinking: /home/raiaan/franka_ros2_ws/install/franka_gazebo_bringup/share/franka_gazebo_bringup/package.xml
[10.937s] Invoked command in '/home/raiaan/franka_ros2_ws/build/franka_gazebo_bringup' returned '0': AMENT_PREFIX_PATH=/home/raiaan/franka_ros2_ws/install/franka_ign_ros2_control:/home/raiaan/franka_ros2_ws/install/franka_hardware:/home/raiaan/franka_ros2_ws/install/franka_msgs:/home/raiaan/franka_ros2_ws/install/franka_description:${AMENT_PREFIX_PATH} CMAKE_PREFIX_PATH=/home/raiaan/franka_ros2_ws/install/franka_ign_ros2_control:/home/raiaan/franka_ros2_ws/install/franka_hardware:/home/raiaan/franka_ros2_ws/install/libfranka:/home/raiaan/franka_ros2_ws/install/franka_msgs:/home/raiaan/franka_ros2_ws/install/franka_description:/opt/ros/humble LD_LIBRARY_PATH=/home/raiaan/franka_ros2_ws/install/franka_ign_ros2_control/lib:/home/raiaan/franka_ros2_ws/install/franka_hardware/lib:/home/raiaan/franka_ros2_ws/install/libfranka/lib:/home/raiaan/franka_ros2_ws/install/franka_msgs/lib:${LD_LIBRARY_PATH} PATH=/home/raiaan/franka_ros2_ws/install/libfranka/bin:${PATH} PKG_CONFIG_PATH=/home/raiaan/franka_ros2_ws/install/libfranka/lib/x86_64-linux-gnu/pkgconfig:/home/raiaan/franka_ros2_ws/install/libfranka/lib/pkgconfig PYTHONPATH=/home/raiaan/franka_ros2_ws/install/franka_msgs/local/lib/python3.10/dist-packages:${PYTHONPATH} /usr/bin/cmake --install /home/raiaan/franka_ros2_ws/build/franka_gazebo_bringup
