[ 37%] Built target franka
[ 40%] Built target examples_common
[ 42%] Built target async_position_control
[ 45%] Built target generate_cartesian_pose_motion
[ 48%] Built target generate_cartesian_pose_motion_external_control_loop
[ 50%] Built target generate_cartesian_velocity_motion
[ 53%] Built target generate_cartesian_velocity_motion_external_control_loop
[ 55%] Built target generate_consecutive_motions
[ 58%] Built target generate_elbow_motion
[ 61%] Built target generate_joint_position_motion
[ 63%] Built target generate_joint_position_motion_external_control_loop
[ 66%] Built target generate_joint_velocity_motion
[ 68%] Built target generate_joint_velocity_motion_external_control_loop
[ 71%] Built target grasp_object
[ 74%] Built target joint_impedance_control
[ 76%] Built target joint_point_to_point_motion
[ 79%] Built target motion_with_control
[ 81%] Built target motion_with_control_external_control_loop
[ 84%] Built target print_joint_poses
[ 87%] Built target vacuum_object
[ 89%] Built target logging_example
[ 92%] Built target force_control
[ 94%] Built target echo_robot_state
[ 97%] Built target communication_test
[100%] Built target cartesian_impedance_control
-- Install configuration: "Release"
-- Up-to-date: /home/raiaan/franka_ros2_ws/install/libfranka/lib/libfranka.so.0.20.4
-- Up-to-date: /home/raiaan/franka_ros2_ws/install/libfranka/lib/libfranka.so.0.20
-- Up-to-date: /home/raiaan/franka_ros2_ws/install/libfranka/lib/libfranka.so
-- Up-to-date: /home/raiaan/franka_ros2_ws/install/libfranka/include
-- Up-to-date: /home/raiaan/franka_ros2_ws/install/libfranka/include/franka
-- Up-to-date: /home/raiaan/franka_ros2_ws/install/libfranka/include/franka/active_control.h
-- Up-to-date: /home/raiaan/franka_ros2_ws/install/libfranka/include/franka/joint_velocity_limits.h
-- Up-to-date: /home/raiaan/franka_ros2_ws/install/libfranka/include/franka/vacuum_gripper.h
-- Up-to-date: /home/raiaan/franka_ros2_ws/install/libfranka/include/franka/control_types.h
-- Up-to-date: /home/raiaan/franka_ros2_ws/install/libfranka/include/franka/active_motion_generator.h
-- Up-to-date: /home/raiaan/franka_ros2_ws/install/libfranka/include/franka/active_torque_control.h
-- Up-to-date: /home/raiaan/franka_ros2_ws/install/libfranka/include/franka/exception.h
-- Up-to-date: /home/raiaan/franka_ros2_ws/install/libfranka/include/franka/gripper.h
-- Up-to-date: /home/raiaan/franka_ros2_ws/install/libfranka/include/franka/duration.h
-- Up-to-date: /home/raiaan/franka_ros2_ws/install/libfranka/include/franka/async_control
-- Up-to-date: /home/raiaan/franka_ros2_ws/install/libfranka/include/franka/async_control/target_status.hpp
-- Up-to-date: /home/raiaan/franka_ros2_ws/install/libfranka/include/franka/async_control/async_position_control_handler.hpp
-- Up-to-date: /home/raiaan/franka_ros2_ws/install/libfranka/include/franka/rate_limiting.h
-- Up-to-date: /home/raiaan/franka_ros2_ws/install/libfranka/include/franka/logging
-- Up-to-date: /home/raiaan/franka_ros2_ws/install/libfranka/include/franka/logging/cout_logging_sink.hpp
-- Up-to-date: /home/raiaan/franka_ros2_ws/install/libfranka/include/franka/logging/logger.hpp
-- Up-to-date: /home/raiaan/franka_ros2_ws/install/libfranka/include/franka/logging/robot_state_log.hpp
-- Up-to-date: /home/raiaan/franka_ros2_ws/install/libfranka/include/franka/logging/logging_sink_interface.hpp
-- Up-to-date: /home/raiaan/franka_ros2_ws/install/libfranka/include/franka/errors.h
-- Up-to-date: /home/raiaan/franka_ros2_ws/install/libfranka/include/franka/active_control_base.h
-- Up-to-date: /home/raiaan/franka_ros2_ws/install/libfranka/include/franka/commands
-- Up-to-date: /home/raiaan/franka_ros2_ws/install/libfranka/include/franka/commands/get_robot_model_command.hpp
-- Up-to-date: /home/raiaan/franka_ros2_ws/install/libfranka/include/franka/robot.h
-- Up-to-date: /home/raiaan/franka_ros2_ws/install/libfranka/include/franka/control_tools.h
-- Up-to-date: /home/raiaan/franka_ros2_ws/install/libfranka/include/franka/robot_state.h
-- Up-to-date: /home/raiaan/franka_ros2_ws/install/libfranka/include/franka/vacuum_gripper_state.h
-- Up-to-date: /home/raiaan/franka_ros2_ws/install/libfranka/include/franka/lowpass_filter.h
-- Up-to-date: /home/raiaan/franka_ros2_ws/install/libfranka/include/franka/robot_model_base.h
-- Up-to-date: /home/raiaan/franka_ros2_ws/install/libfranka/include/franka/robot_model.h
-- Up-to-date: /home/raiaan/franka_ros2_ws/install/libfranka/include/franka/gripper_state.h
-- Up-to-date: /home/raiaan/franka_ros2_ws/install/libfranka/include/franka/model.h
-- Up-to-date: /home/raiaan/franka_ros2_ws/install/libfranka/include
-- Up-to-date: /home/raiaan/franka_ros2_ws/install/libfranka/include/research_interface
-- Up-to-date: /home/raiaan/franka_ros2_ws/install/libfranka/include/research_interface/robot
-- Up-to-date: /home/raiaan/franka_ros2_ws/install/libfranka/include/research_interface/robot/rbk_types.h
-- Up-to-date: /home/raiaan/franka_ros2_ws/install/libfranka/include/research_interface/robot/service_types.h
-- Up-to-date: /home/raiaan/franka_ros2_ws/install/libfranka/include/research_interface/robot/error.h
-- Up-to-date: /home/raiaan/franka_ros2_ws/install/libfranka/include/research_interface/robot/service_traits.h
-- Up-to-date: /home/raiaan/franka_ros2_ws/install/libfranka/include/research_interface/gripper
-- Up-to-date: /home/raiaan/franka_ros2_ws/install/libfranka/include/research_interface/gripper/types.h
-- Up-to-date: /home/raiaan/franka_ros2_ws/install/libfranka/include/research_interface/vacuum_gripper
-- Up-to-date: /home/raiaan/franka_ros2_ws/install/libfranka/include/research_interface/vacuum_gripper/types.h
-- Up-to-date: /home/raiaan/franka_ros2_ws/install/libfranka/lib/cmake/Franka/FrankaConfig.cmake
-- Up-to-date: /home/raiaan/franka_ros2_ws/install/libfranka/lib/cmake/Franka/FrankaConfigVersion.cmake
-- Up-to-date: /home/raiaan/franka_ros2_ws/install/libfranka/lib/cmake/Franka/FrankaTargets.cmake
-- Up-to-date: /home/raiaan/franka_ros2_ws/install/libfranka/lib/cmake/Franka/FrankaTargets-release.cmake
-- Up-to-date: /home/raiaan/franka_ros2_ws/install/libfranka/bin/async_position_control
-- Up-to-date: /home/raiaan/franka_ros2_ws/install/libfranka/bin/cartesian_impedance_control
-- Up-to-date: /home/raiaan/franka_ros2_ws/install/libfranka/bin/communication_test
-- Up-to-date: /home/raiaan/franka_ros2_ws/install/libfranka/bin/echo_robot_state
-- Up-to-date: /home/raiaan/franka_ros2_ws/install/libfranka/bin/force_control
-- Up-to-date: /home/raiaan/franka_ros2_ws/install/libfranka/bin/generate_cartesian_pose_motion
-- Up-to-date: /home/raiaan/franka_ros2_ws/install/libfranka/bin/generate_cartesian_pose_motion_external_control_loop
-- Up-to-date: /home/raiaan/franka_ros2_ws/install/libfranka/bin/generate_cartesian_velocity_motion
-- Up-to-date: /home/raiaan/franka_ros2_ws/install/libfranka/bin/generate_cartesian_velocity_motion_external_control_loop
-- Up-to-date: /home/raiaan/franka_ros2_ws/install/libfranka/bin/generate_consecutive_motions
-- Up-to-date: /home/raiaan/franka_ros2_ws/install/libfranka/bin/generate_elbow_motion
-- Up-to-date: /home/raiaan/franka_ros2_ws/install/libfranka/bin/generate_joint_position_motion
-- Up-to-date: /home/raiaan/franka_ros2_ws/install/libfranka/bin/generate_joint_position_motion_external_control_loop
-- Up-to-date: /home/raiaan/franka_ros2_ws/install/libfranka/bin/generate_joint_velocity_motion
-- Up-to-date: /home/raiaan/franka_ros2_ws/install/libfranka/bin/generate_joint_velocity_motion_external_control_loop
-- Up-to-date: /home/raiaan/franka_ros2_ws/install/libfranka/bin/grasp_object
-- Up-to-date: /home/raiaan/franka_ros2_ws/install/libfranka/bin/joint_impedance_control
-- Up-to-date: /home/raiaan/franka_ros2_ws/install/libfranka/bin/joint_point_to_point_motion
-- Up-to-date: /home/raiaan/franka_ros2_ws/install/libfranka/bin/motion_with_control
-- Up-to-date: /home/raiaan/franka_ros2_ws/install/libfranka/bin/motion_with_control_external_control_loop
-- Up-to-date: /home/raiaan/franka_ros2_ws/install/libfranka/bin/print_joint_poses
-- Up-to-date: /home/raiaan/franka_ros2_ws/install/libfranka/bin/vacuum_object
-- Up-to-date: /home/raiaan/franka_ros2_ws/install/libfranka/bin/logging_example
