[2.089s] Invoking command in '/home/raiaan/franka_ros2_ws/build/franka_hardware': CMAKE_PREFIX_PATH=/home/raiaan/franka_ros2_ws/install/libfranka:/home/raiaan/franka_ros2_ws/install/franka_msgs:/home/raiaan/franka_ros2_ws/install/franka_ros2:/home/raiaan/franka_ros2_ws/install/franka_bringup:/home/raiaan/franka_ros2_ws/install/franka_robot_state_broadcaster:/home/raiaan/franka_ros2_ws/install/franka_mobile_example_controllers:/home/raiaan/franka_ros2_ws/install/franka_example_controllers:/home/raiaan/franka_ros2_ws/install/franka_semantic_components:/home/raiaan/franka_ros2_ws/install/franka_gazebo_bringup:/home/raiaan/franka_ros2_ws/install/franka_ign_ros2_control:/home/raiaan/franka_ros2_ws/install/franka_fr3_moveit_config:/home/raiaan/franka_ros2_ws/install/franka_hardware:/home/raiaan/franka_ros2_ws/install/franka_gripper:/home/raiaan/franka_ros2_ws/install/integration_launch_testing:/home/raiaan/franka_ros2_ws/install/franka_description:/opt/ros/humble LD_LIBRARY_PATH=/home/raiaan/franka_ros2_ws/install/libfranka/lib:/home/raiaan/franka_ros2_ws/install/franka_msgs/lib:/usr/lib/x86_64-linux-gnu/gazebo-11/plugins:/home/raiaan/franka_ros2_ws/install/franka_robot_state_broadcaster/lib:/home/raiaan/franka_ros2_ws/install/franka_mobile_example_controllers/lib:/home/raiaan/franka_ros2_ws/install/franka_example_controllers/lib:/home/raiaan/franka_ros2_ws/install/franka_semantic_components/lib:/home/raiaan/franka_ros2_ws/install/franka_ign_ros2_control/lib:/home/raiaan/franka_ros2_ws/install/franka_hardware/lib:/home/raiaan/franka_ros2_ws/install/franka_gripper/lib:/home/raiaan/franka_ros2_ws/install/integration_launch_testing/lib:/opt/ros/humble/opt/rviz_ogre_vendor/lib:/opt/ros/humble/lib/x86_64-linux-gnu:/opt/ros/humble/lib /usr/bin/cmake --build /home/raiaan/franka_ros2_ws/build/franka_hardware -- -j6 -l6
[2.187s] [  9%] Built target gmock_main
[2.189s] [ 23%] Built target gmock
[2.217s] [ 61%] Built target franka_hardware
[2.269s] [ 80%] Built target franka_hardware_robot_test
[2.269s] [ 80%] Built target franka_hardware_command_interface_test
[2.277s] [100%] Built target franka_hardware_test
[2.290s] Invoked command in '/home/raiaan/franka_ros2_ws/build/franka_hardware' returned '0': CMAKE_PREFIX_PATH=/home/raiaan/franka_ros2_ws/install/libfranka:/home/raiaan/franka_ros2_ws/install/franka_msgs:/home/raiaan/franka_ros2_ws/install/franka_ros2:/home/raiaan/franka_ros2_ws/install/franka_bringup:/home/raiaan/franka_ros2_ws/install/franka_robot_state_broadcaster:/home/raiaan/franka_ros2_ws/install/franka_mobile_example_controllers:/home/raiaan/franka_ros2_ws/install/franka_example_controllers:/home/raiaan/franka_ros2_ws/install/franka_semantic_components:/home/raiaan/franka_ros2_ws/install/franka_gazebo_bringup:/home/raiaan/franka_ros2_ws/install/franka_ign_ros2_control:/home/raiaan/franka_ros2_ws/install/franka_fr3_moveit_config:/home/raiaan/franka_ros2_ws/install/franka_hardware:/home/raiaan/franka_ros2_ws/install/franka_gripper:/home/raiaan/franka_ros2_ws/install/integration_launch_testing:/home/raiaan/franka_ros2_ws/install/franka_description:/opt/ros/humble LD_LIBRARY_PATH=/home/raiaan/franka_ros2_ws/install/libfranka/lib:/home/raiaan/franka_ros2_ws/install/franka_msgs/lib:/usr/lib/x86_64-linux-gnu/gazebo-11/plugins:/home/raiaan/franka_ros2_ws/install/franka_robot_state_broadcaster/lib:/home/raiaan/franka_ros2_ws/install/franka_mobile_example_controllers/lib:/home/raiaan/franka_ros2_ws/install/franka_example_controllers/lib:/home/raiaan/franka_ros2_ws/install/franka_semantic_components/lib:/home/raiaan/franka_ros2_ws/install/franka_ign_ros2_control/lib:/home/raiaan/franka_ros2_ws/install/franka_hardware/lib:/home/raiaan/franka_ros2_ws/install/franka_gripper/lib:/home/raiaan/franka_ros2_ws/install/integration_launch_testing/lib:/opt/ros/humble/opt/rviz_ogre_vendor/lib:/opt/ros/humble/lib/x86_64-linux-gnu:/opt/ros/humble/lib /usr/bin/cmake --build /home/raiaan/franka_ros2_ws/build/franka_hardware -- -j6 -l6
[2.292s] Invoking command in '/home/raiaan/franka_ros2_ws/build/franka_hardware': CMAKE_PREFIX_PATH=/home/raiaan/franka_ros2_ws/install/libfranka:/home/raiaan/franka_ros2_ws/install/franka_msgs:/home/raiaan/franka_ros2_ws/install/franka_ros2:/home/raiaan/franka_ros2_ws/install/franka_bringup:/home/raiaan/franka_ros2_ws/install/franka_robot_state_broadcaster:/home/raiaan/franka_ros2_ws/install/franka_mobile_example_controllers:/home/raiaan/franka_ros2_ws/install/franka_example_controllers:/home/raiaan/franka_ros2_ws/install/franka_semantic_components:/home/raiaan/franka_ros2_ws/install/franka_gazebo_bringup:/home/raiaan/franka_ros2_ws/install/franka_ign_ros2_control:/home/raiaan/franka_ros2_ws/install/franka_fr3_moveit_config:/home/raiaan/franka_ros2_ws/install/franka_hardware:/home/raiaan/franka_ros2_ws/install/franka_gripper:/home/raiaan/franka_ros2_ws/install/integration_launch_testing:/home/raiaan/franka_ros2_ws/install/franka_description:/opt/ros/humble LD_LIBRARY_PATH=/home/raiaan/franka_ros2_ws/install/libfranka/lib:/home/raiaan/franka_ros2_ws/install/franka_msgs/lib:/usr/lib/x86_64-linux-gnu/gazebo-11/plugins:/home/raiaan/franka_ros2_ws/install/franka_robot_state_broadcaster/lib:/home/raiaan/franka_ros2_ws/install/franka_mobile_example_controllers/lib:/home/raiaan/franka_ros2_ws/install/franka_example_controllers/lib:/home/raiaan/franka_ros2_ws/install/franka_semantic_components/lib:/home/raiaan/franka_ros2_ws/install/franka_ign_ros2_control/lib:/home/raiaan/franka_ros2_ws/install/franka_hardware/lib:/home/raiaan/franka_ros2_ws/install/franka_gripper/lib:/home/raiaan/franka_ros2_ws/install/integration_launch_testing/lib:/opt/ros/humble/opt/rviz_ogre_vendor/lib:/opt/ros/humble/lib/x86_64-linux-gnu:/opt/ros/humble/lib /usr/bin/cmake --install /home/raiaan/franka_ros2_ws/build/franka_hardware
[2.305s] -- Install configuration: ""
[2.308s] -- Execute custom install script
[2.308s] -- Up-to-date symlink: /home/raiaan/franka_ros2_ws/install/franka_hardware/share/franka_hardware//franka_hardware.xml
[2.310s] -- Up-to-date symlink: /home/raiaan/franka_ros2_ws/install/franka_hardware/lib/libfranka_hardware.so
[2.311s] -- Up-to-date symlink: /home/raiaan/franka_ros2_ws/install/franka_hardware/include/franka_hardware/actions_helper/ptp_motion_handler.hpp
[2.312s] -- Up-to-date symlink: /home/raiaan/franka_ros2_ws/install/franka_hardware/include/franka_hardware/franka_action_server.hpp
[2.312s] -- Up-to-date symlink: /home/raiaan/franka_ros2_ws/install/franka_hardware/include/franka_hardware/franka_executor.hpp
[2.313s] -- Up-to-date symlink: /home/raiaan/franka_ros2_ws/install/franka_hardware/include/franka_hardware/franka_hardware_interface.hpp
[2.313s] -- Up-to-date symlink: /home/raiaan/franka_ros2_ws/install/franka_hardware/include/franka_hardware/franka_param_service_server.hpp
[2.314s] -- Up-to-date symlink: /home/raiaan/franka_ros2_ws/install/franka_hardware/include/franka_hardware/model.hpp
[2.314s] -- Up-to-date symlink: /home/raiaan/franka_ros2_ws/install/franka_hardware/include/franka_hardware/robot.hpp
[2.315s] -- Up-to-date symlink: /home/raiaan/franka_ros2_ws/install/franka_hardware/include/franka_hardware/ros_libfranka_logger.hpp
[2.316s] -- Up-to-date symlink: /home/raiaan/franka_ros2_ws/install/franka_hardware/share/franka_hardware/environment/library_path.sh
[2.317s] -- Up-to-date symlink: /home/raiaan/franka_ros2_ws/install/franka_hardware/share/franka_hardware/environment/library_path.dsv
[2.317s] -- Up-to-date symlink: /home/raiaan/franka_ros2_ws/install/franka_hardware/share/ament_index/resource_index/package_run_dependencies/franka_hardware
[2.318s] -- Up-to-date symlink: /home/raiaan/franka_ros2_ws/install/franka_hardware/share/ament_index/resource_index/parent_prefix_path/franka_hardware
[2.318s] -- Up-to-date symlink: /home/raiaan/franka_ros2_ws/install/franka_hardware/share/franka_hardware/environment/ament_prefix_path.sh
[2.319s] -- Up-to-date symlink: /home/raiaan/franka_ros2_ws/install/franka_hardware/share/franka_hardware/environment/ament_prefix_path.dsv
[2.320s] -- Up-to-date symlink: /home/raiaan/franka_ros2_ws/install/franka_hardware/share/franka_hardware/environment/path.sh
[2.320s] -- Up-to-date symlink: /home/raiaan/franka_ros2_ws/install/franka_hardware/share/franka_hardware/environment/path.dsv
[2.321s] -- Up-to-date symlink: /home/raiaan/franka_ros2_ws/install/franka_hardware/share/franka_hardware/local_setup.bash
[2.321s] -- Up-to-date symlink: /home/raiaan/franka_ros2_ws/install/franka_hardware/share/franka_hardware/local_setup.sh
[2.322s] -- Up-to-date symlink: /home/raiaan/franka_ros2_ws/install/franka_hardware/share/franka_hardware/local_setup.zsh
[2.322s] -- Up-to-date symlink: /home/raiaan/franka_ros2_ws/install/franka_hardware/share/franka_hardware/local_setup.dsv
[2.323s] -- Symlinking: /home/raiaan/franka_ros2_ws/install/franka_hardware/share/franka_hardware/package.dsv
[2.333s] -- Up-to-date symlink: /home/raiaan/franka_ros2_ws/install/franka_hardware/share/ament_index/resource_index/packages/franka_hardware
[2.333s] -- Up-to-date symlink: /home/raiaan/franka_ros2_ws/install/franka_hardware/share/ament_index/resource_index/hardware_interface__pluginlib__plugin/franka_hardware
[2.333s] -- Up-to-date symlink: /home/raiaan/franka_ros2_ws/install/franka_hardware/share/franka_hardware/cmake/ament_cmake_export_include_directories-extras.cmake
[2.334s] -- Up-to-date symlink: /home/raiaan/franka_ros2_ws/install/franka_hardware/share/franka_hardware/cmake/ament_cmake_export_libraries-extras.cmake
[2.334s] -- Up-to-date symlink: /home/raiaan/franka_ros2_ws/install/franka_hardware/share/franka_hardware/cmake/ament_cmake_export_dependencies-extras.cmake
[2.334s] -- Up-to-date symlink: /home/raiaan/franka_ros2_ws/install/franka_hardware/share/franka_hardware/cmake/franka_hardwareConfig.cmake
[2.334s] -- Up-to-date symlink: /home/raiaan/franka_ros2_ws/install/franka_hardware/share/franka_hardware/cmake/franka_hardwareConfig-version.cmake
[2.335s] -- Up-to-date symlink: /home/raiaan/franka_ros2_ws/install/franka_hardware/share/franka_hardware/package.xml
[2.339s] Invoked command in '/home/raiaan/franka_ros2_ws/build/franka_hardware' returned '0': CMAKE_PREFIX_PATH=/home/raiaan/franka_ros2_ws/install/libfranka:/home/raiaan/franka_ros2_ws/install/franka_msgs:/home/raiaan/franka_ros2_ws/install/franka_ros2:/home/raiaan/franka_ros2_ws/install/franka_bringup:/home/raiaan/franka_ros2_ws/install/franka_robot_state_broadcaster:/home/raiaan/franka_ros2_ws/install/franka_mobile_example_controllers:/home/raiaan/franka_ros2_ws/install/franka_example_controllers:/home/raiaan/franka_ros2_ws/install/franka_semantic_components:/home/raiaan/franka_ros2_ws/install/franka_gazebo_bringup:/home/raiaan/franka_ros2_ws/install/franka_ign_ros2_control:/home/raiaan/franka_ros2_ws/install/franka_fr3_moveit_config:/home/raiaan/franka_ros2_ws/install/franka_hardware:/home/raiaan/franka_ros2_ws/install/franka_gripper:/home/raiaan/franka_ros2_ws/install/integration_launch_testing:/home/raiaan/franka_ros2_ws/install/franka_description:/opt/ros/humble LD_LIBRARY_PATH=/home/raiaan/franka_ros2_ws/install/libfranka/lib:/home/raiaan/franka_ros2_ws/install/franka_msgs/lib:/usr/lib/x86_64-linux-gnu/gazebo-11/plugins:/home/raiaan/franka_ros2_ws/install/franka_robot_state_broadcaster/lib:/home/raiaan/franka_ros2_ws/install/franka_mobile_example_controllers/lib:/home/raiaan/franka_ros2_ws/install/franka_example_controllers/lib:/home/raiaan/franka_ros2_ws/install/franka_semantic_components/lib:/home/raiaan/franka_ros2_ws/install/franka_ign_ros2_control/lib:/home/raiaan/franka_ros2_ws/install/franka_hardware/lib:/home/raiaan/franka_ros2_ws/install/franka_gripper/lib:/home/raiaan/franka_ros2_ws/install/integration_launch_testing/lib:/opt/ros/humble/opt/rviz_ogre_vendor/lib:/opt/ros/humble/lib/x86_64-linux-gnu:/opt/ros/humble/lib /usr/bin/cmake --install /home/raiaan/franka_ros2_ws/build/franka_hardware
