[2.573s] Invoking command in '/home/raiaan/franka_ros2_ws/build/franka_semantic_components': AMENT_PREFIX_PATH=/home/raiaan/franka_ros2_ws/install/franka_hardware:/home/raiaan/franka_ros2_ws/install/franka_msgs:${AMENT_PREFIX_PATH} CMAKE_PREFIX_PATH=/home/raiaan/franka_ros2_ws/install/franka_hardware:/home/raiaan/franka_ros2_ws/install/libfranka:/home/raiaan/franka_ros2_ws/install/franka_msgs:/opt/ros/humble LD_LIBRARY_PATH=/home/raiaan/franka_ros2_ws/install/franka_hardware/lib:/home/raiaan/franka_ros2_ws/install/libfranka/lib:/home/raiaan/franka_ros2_ws/install/franka_msgs/lib:${LD_LIBRARY_PATH} PATH=/home/raiaan/franka_ros2_ws/install/libfranka/bin:${PATH} PKG_CONFIG_PATH=/home/raiaan/franka_ros2_ws/install/libfranka/lib/x86_64-linux-gnu/pkgconfig:/home/raiaan/franka_ros2_ws/install/libfranka/lib/pkgconfig PYTHONPATH=/home/raiaan/franka_ros2_ws/install/franka_msgs/local/lib/python3.10/dist-packages:${PYTHONPATH} /usr/bin/cmake /home/raiaan/franka_ros2_ws/src/franka_ros2/franka_semantic_components -DAMENT_CMAKE_SYMLINK_INSTALL=1 -DCMAKE_INSTALL_PREFIX=/home/raiaan/franka_ros2_ws/install/franka_semantic_components
[3.260s] -- The C compiler identification is GNU 11.4.0
[6.553s] -- The CXX compiler identification is GNU 11.4.0
[9.310s] -- Detecting C compiler ABI info
[10.050s] -- Detecting C compiler ABI info - done
[10.063s] -- Check for working C compiler: /usr/bin/cc - skipped
[10.064s] -- Detecting C compile features
[10.065s] -- Detecting C compile features - done
[10.071s] -- Detecting CXX compiler ABI info
[10.788s] -- Detecting CXX compiler ABI info - done
[10.796s] -- Check for working CXX compiler: /usr/bin/c++ - skipped
[10.796s] -- Detecting CXX compile features
[10.796s] -- Detecting CXX compile features - done
[10.800s] -- Found ament_cmake: 1.3.12 (/opt/ros/humble/share/ament_cmake/cmake)
[10.972s] -- Found Python3: /usr/bin/python3 (found version "3.10.12") found components: Interpreter 
[11.049s] -- Override CMake install command with custom implementation using symlinks instead of copying resources
[11.081s] -- Looking for pthread.h
[11.787s] -- Looking for pthread.h - found
[11.787s] -- Performing Test CMAKE_HAVE_LIBC_PTHREAD
[12.467s] -- Performing Test CMAKE_HAVE_LIBC_PTHREAD - Success
[12.468s] -- Found Threads: TRUE  
[12.473s] -- Found franka_hardware: 2.2.0 (/home/raiaan/franka_ros2_ws/install/franka_hardware/share/franka_hardware/cmake)
[13.486s] -- Found rosidl_generator_c: 3.1.8 (/opt/ros/humble/share/rosidl_generator_c/cmake)
[13.490s] -- Found rosidl_adapter: 3.1.8 (/opt/ros/humble/share/rosidl_adapter/cmake)
[13.499s] -- Found rosidl_generator_cpp: 3.1.8 (/opt/ros/humble/share/rosidl_generator_cpp/cmake)
[13.512s] -- Using all available rosidl_typesupport_c: rosidl_typesupport_fastrtps_c;rosidl_typesupport_introspection_c
[13.530s] -- Using all available rosidl_typesupport_cpp: rosidl_typesupport_fastrtps_cpp;rosidl_typesupport_introspection_cpp
[21.864s] -- Found rmw_implementation_cmake: 6.1.2 (/opt/ros/humble/share/rmw_implementation_cmake/cmake)
[21.867s] -- Found rmw_fastrtps_cpp: 6.2.9 (/opt/ros/humble/share/rmw_fastrtps_cpp/cmake)
[21.894s] -- Found TinyXML2 via Config file: TinyXML2_DIR-NOTFOUND
[21.951s] -- Found OpenSSL: /usr/lib/x86_64-linux-gnu/libcrypto.so (found version "3.0.2")  
[21.957s] -- Found TinyXML2 via Config file: TinyXML2_DIR-NOTFOUND
[23.128s] -- Found FastRTPS: /opt/ros/humble/include  
[23.136s] -- Found TinyXML2 via Config file: TinyXML2_DIR-NOTFOUND
[23.148s] -- Found TinyXML2 via Config file: TinyXML2_DIR-NOTFOUND
[23.687s] -- Using RMW implementation 'rmw_fastrtps_cpp' as default
[23.762s] -- Found franka_msgs: 2.2.0 (/home/raiaan/franka_ros2_ws/install/franka_msgs/share/franka_msgs/cmake)
[23.793s] -- Found controller_interface: 2.53.0 (/opt/ros/humble/share/controller_interface/cmake)
[23.806s] -- Found urdf: 2.6.1 (/opt/ros/humble/share/urdf/cmake)
[23.844s] -- Found ament_cmake_clang_format: 0.12.14 (/opt/ros/humble/share/ament_cmake_clang_format/cmake)
[23.846s] -- Found ament_cmake_copyright: 0.12.14 (/opt/ros/humble/share/ament_cmake_copyright/cmake)
[23.847s] -- Found ament_cmake_cppcheck: 0.12.14 (/opt/ros/humble/share/ament_cmake_cppcheck/cmake)
[23.849s] -- Found ament_cmake_flake8: 0.12.14 (/opt/ros/humble/share/ament_cmake_flake8/cmake)
[23.850s] -- Found ament_cmake_lint_cmake: 0.12.14 (/opt/ros/humble/share/ament_cmake_lint_cmake/cmake)
[23.852s] -- Found ament_cmake_pep257: 0.12.14 (/opt/ros/humble/share/ament_cmake_pep257/cmake)
[23.853s] -- Found ament_cmake_xmllint: 0.12.14 (/opt/ros/humble/share/ament_cmake_xmllint/cmake)
[23.855s] -- Found ament_cmake_gmock: 1.3.12 (/opt/ros/humble/share/ament_cmake_gmock/cmake)
[23.860s] -- Found gmock sources under '/opt/ros/humble/src/gmock_vendor': C++ tests using 'Google Mock' will be built
[23.864s] -- Found ament_cmake_gtest: 1.3.12 (/opt/ros/humble/share/ament_cmake_gtest/cmake)
[23.865s] -- Found gtest sources under '/opt/ros/humble/src/gtest_vendor': C++ tests using 'Google Test' will be built
[23.933s] -- Configuring done
[24.004s] -- Generating done
[24.022s] -- Build files have been written to: /home/raiaan/franka_ros2_ws/build/franka_semantic_components
[24.036s] Invoked command in '/home/raiaan/franka_ros2_ws/build/franka_semantic_components' returned '0': AMENT_PREFIX_PATH=/home/raiaan/franka_ros2_ws/install/franka_hardware:/home/raiaan/franka_ros2_ws/install/franka_msgs:${AMENT_PREFIX_PATH} CMAKE_PREFIX_PATH=/home/raiaan/franka_ros2_ws/install/franka_hardware:/home/raiaan/franka_ros2_ws/install/libfranka:/home/raiaan/franka_ros2_ws/install/franka_msgs:/opt/ros/humble LD_LIBRARY_PATH=/home/raiaan/franka_ros2_ws/install/franka_hardware/lib:/home/raiaan/franka_ros2_ws/install/libfranka/lib:/home/raiaan/franka_ros2_ws/install/franka_msgs/lib:${LD_LIBRARY_PATH} PATH=/home/raiaan/franka_ros2_ws/install/libfranka/bin:${PATH} PKG_CONFIG_PATH=/home/raiaan/franka_ros2_ws/install/libfranka/lib/x86_64-linux-gnu/pkgconfig:/home/raiaan/franka_ros2_ws/install/libfranka/lib/pkgconfig PYTHONPATH=/home/raiaan/franka_ros2_ws/install/franka_msgs/local/lib/python3.10/dist-packages:${PYTHONPATH} /usr/bin/cmake /home/raiaan/franka_ros2_ws/src/franka_ros2/franka_semantic_components -DAMENT_CMAKE_SYMLINK_INSTALL=1 -DCMAKE_INSTALL_PREFIX=/home/raiaan/franka_ros2_ws/install/franka_semantic_components
[24.037s] Invoking command in '/home/raiaan/franka_ros2_ws/build/franka_semantic_components': AMENT_PREFIX_PATH=/home/raiaan/franka_ros2_ws/install/franka_hardware:/home/raiaan/franka_ros2_ws/install/franka_msgs:${AMENT_PREFIX_PATH} CMAKE_PREFIX_PATH=/home/raiaan/franka_ros2_ws/install/franka_hardware:/home/raiaan/franka_ros2_ws/install/libfranka:/home/raiaan/franka_ros2_ws/install/franka_msgs:/opt/ros/humble LD_LIBRARY_PATH=/home/raiaan/franka_ros2_ws/install/franka_hardware/lib:/home/raiaan/franka_ros2_ws/install/libfranka/lib:/home/raiaan/franka_ros2_ws/install/franka_msgs/lib:${LD_LIBRARY_PATH} PATH=/home/raiaan/franka_ros2_ws/install/libfranka/bin:${PATH} PKG_CONFIG_PATH=/home/raiaan/franka_ros2_ws/install/libfranka/lib/x86_64-linux-gnu/pkgconfig:/home/raiaan/franka_ros2_ws/install/libfranka/lib/pkgconfig PYTHONPATH=/home/raiaan/franka_ros2_ws/install/franka_msgs/local/lib/python3.10/dist-packages:${PYTHONPATH} /usr/bin/cmake --build /home/raiaan/franka_ros2_ws/build/franka_semantic_components -- -j6 -l6
[24.083s] [ 18%] [32mBuilding CXX object gmock/CMakeFiles/gmock_main.dir/src/gmock_main.cc.o[0m
[24.084s] [ 18%] [32mBuilding CXX object CMakeFiles/franka_semantic_components.dir/src/franka_robot_model.cpp.o[0m
[24.084s] [ 22%] [32mBuilding CXX object CMakeFiles/franka_semantic_components.dir/src/franka_cartesian_velocity_interface.cpp.o[0m
[24.084s] [ 22%] [32mBuilding CXX object CMakeFiles/franka_semantic_components.dir/src/franka_robot_state.cpp.o[0m
[24.084s] [ 18%] [32mBuilding CXX object gmock/CMakeFiles/gmock.dir/opt/ros/humble/src/gtest_vendor/src/gtest-all.cc.o[0m
[24.084s] [ 27%] [32mBuilding CXX object gmock/CMakeFiles/gmock.dir/src/gmock-all.cc.o[0m
[24.721s] In file included from [01m[K/home/raiaan/franka_ros2_ws/src/franka_ros2/franka_semantic_components/include/franka_semantic_components/franka_robot_model.hpp:23[m[K,
[24.721s]                  from [01m[K/home/raiaan/franka_ros2_ws/src/franka_ros2/franka_semantic_components/src/franka_robot_model.cpp:15[m[K:
[24.721s] [01m[K/home/raiaan/franka_ros2_ws/install/franka_hardware/include/franka_hardware/model.hpp:[m[K In member function ‘[01m[Kstd::array<double, 7> franka_hardware::Model::coriolis(const std::array<double, 7>&, const std::array<double, 7>&, const std::array<double, 9>&, double, const std::array<double, 3>&) const[m[K’:
[24.721s] [01m[K/home/raiaan/franka_ros2_ws/install/franka_hardware/include/franka_hardware/model.hpp:141:28:[m[K [01;35m[Kwarning: [m[K‘[01m[Kstd::array<double, 7> franka::Model::coriolis(const std::array<double, 7>&, const std::array<double, 7>&, const std::array<double, 9>&, double, const std::array<double, 3>&) const[m[K’ is deprecated: Use coriolis(q, dq, i_total, m_total, f_x_ctotal, g_earth) instead [[01;35m[K]8;;https://gcc.gnu.org/onlinedocs/gcc/Warning-Options.html#index-Wdeprecated-declarations-Wdeprecated-declarations]8;;[m[K]
[24.721s]   141 |     return [01;35m[Kmodel_->coriolis(q, dq, I_total, m_total, F_x_Ctotal)[m[K;
[24.721s]       |            [01;35m[K~~~~~~~~~~~~~~~~^~~~~~~~~~~~~~~~~~~~~~~~~~~~~~~~~~~~~[m[K
[24.721s] In file included from [01m[K/home/raiaan/franka_ros2_ws/install/franka_hardware/include/franka_hardware/model.hpp:19[m[K,
[24.722s]                  from [01m[K/home/raiaan/franka_ros2_ws/src/franka_ros2/franka_semantic_components/include/franka_semantic_components/franka_robot_model.hpp:23[m[K,
[24.722s]                  from [01m[K/home/raiaan/franka_ros2_ws/src/franka_ros2/franka_semantic_components/src/franka_robot_model.cpp:15[m[K:
[24.722s] [01m[K/home/raiaan/franka_ros2_ws/install/libfranka/include/franka/model.h:247:3:[m[K [01;36m[Knote: [m[Kdeclared here
[24.722s]   247 |   [01;36m[Kcoriolis[m[K(const std::array<double, 7>& q,        // NOLINT(readability-identifier-length)
[24.722s]       |   [01;36m[K^~~~~~~~[m[K
[25.072s] [ 31%] [32mBuilding CXX object CMakeFiles/franka_semantic_components.dir/src/franka_cartesian_pose_interface.cpp.o[0m
[25.351s] [ 36%] [32m[1mLinking CXX static library libgmock_main.a[0m
[25.411s] [ 36%] Built target gmock_main
[25.422s] [ 40%] [32mBuilding CXX object CMakeFiles/franka_semantic_components.dir/src/franka_semantic_component_interface.cpp.o[0m
[25.641s] [ 45%] [32mBuilding CXX object CMakeFiles/franka_semantic_components.dir/src/translation_utils.cpp.o[0m
[27.026s] [ 50%] [32m[1mLinking CXX shared library libfranka_semantic_components.so[0m
[27.116s] [ 54%] [32m[1mLinking CXX static library libgmock.a[0m
[27.195s] [ 54%] Built target gmock
[27.851s] [ 54%] Built target franka_semantic_components
[27.869s] [ 59%] [32mBuilding CXX object CMakeFiles/test_franka_robot_model.dir/test/franka_robot_model_test.cpp.o[0m
[27.869s] [ 63%] [32mBuilding CXX object CMakeFiles/franka_cartesian_velocity_interface_test.dir/test/franka_cartesian_velocity_interface_test.cpp.o[0m
[27.869s] [ 68%] [32mBuilding CXX object CMakeFiles/franka_cartesian_pose_interface_test.dir/test/franka_cartesian_pose_interface_test.cpp.o[0m
[27.870s] [ 72%] [32mBuilding CXX object CMakeFiles/test_franka_robot_state.dir/test/franka_robot_state_test.cpp.o[0m
[27.870s] [ 77%] [32mBuilding CXX object CMakeFiles/franka_semantic_component_interface_test.dir/test/franka_semantic_interface_test.cpp.o[0m
[28.514s] In file included from [01m[K/home/raiaan/franka_ros2_ws/src/franka_ros2/franka_semantic_components/include/franka_semantic_components/franka_robot_model.hpp:23[m[K,
[28.514s]                  from [01m[K/home/raiaan/franka_ros2_ws/src/franka_ros2/franka_semantic_components/test/franka_robot_model_test.hpp:24[m[K,
[28.514s]                  from [01m[K/home/raiaan/franka_ros2_ws/src/franka_ros2/franka_semantic_components/test/franka_robot_model_test.cpp:15[m[K:
[28.514s] [01m[K/home/raiaan/franka_ros2_ws/install/franka_hardware/include/franka_hardware/model.hpp:[m[K In member function ‘[01m[Kstd::array<double, 7> franka_hardware::Model::coriolis(const std::array<double, 7>&, const std::array<double, 7>&, const std::array<double, 9>&, double, const std::array<double, 3>&) const[m[K’:
[28.514s] [01m[K/home/raiaan/franka_ros2_ws/install/franka_hardware/include/franka_hardware/model.hpp:141:28:[m[K [01;35m[Kwarning: [m[K‘[01m[Kstd::array<double, 7> franka::Model::coriolis(const std::array<double, 7>&, const std::array<double, 7>&, const std::array<double, 9>&, double, const std::array<double, 3>&) const[m[K’ is deprecated: Use coriolis(q, dq, i_total, m_total, f_x_ctotal, g_earth) instead [[01;35m[K]8;;https://gcc.gnu.org/onlinedocs/gcc/Warning-Options.html#index-Wdeprecated-declarations-Wdeprecated-declarations]8;;[m[K]
[28.514s]   141 |     return [01;35m[Kmodel_->coriolis(q, dq, I_total, m_total, F_x_Ctotal)[m[K;
[28.514s]       |            [01;35m[K~~~~~~~~~~~~~~~~^~~~~~~~~~~~~~~~~~~~~~~~~~~~~~~~~~~~~[m[K
[28.515s] In file included from [01m[K/home/raiaan/franka_ros2_ws/src/franka_ros2/franka_semantic_components/test/franka_robot_model_test.hpp:22[m[K,
[28.515s]                  from [01m[K/home/raiaan/franka_ros2_ws/src/franka_ros2/franka_semantic_components/test/franka_robot_model_test.cpp:15[m[K:
[28.515s] [01m[K/home/raiaan/franka_ros2_ws/install/libfranka/include/franka/model.h:247:3:[m[K [01;36m[Knote: [m[Kdeclared here
[28.515s]   247 |   [01;36m[Kcoriolis[m[K(const std::array<double, 7>& q,        // NOLINT(readability-identifier-length)
[28.515s]       |   [01;36m[K^~~~~~~~[m[K
[29.455s] [ 81%] [32m[1mLinking CXX executable franka_semantic_component_interface_test[0m
[29.924s] [ 86%] [32m[1mLinking CXX executable test_franka_robot_state[0m
[30.128s] [ 90%] [32m[1mLinking CXX executable franka_cartesian_pose_interface_test[0m
[30.168s] [ 95%] [32m[1mLinking CXX executable franka_cartesian_velocity_interface_test[0m
[30.213s] [ 95%] Built target franka_semantic_component_interface_test
[30.500s] [100%] [32m[1mLinking CXX executable test_franka_robot_model[0m
[30.696s] [100%] Built target test_franka_robot_state
[30.902s] [100%] Built target franka_cartesian_pose_interface_test
[30.945s] [100%] Built target franka_cartesian_velocity_interface_test
[31.378s] [100%] Built target test_franka_robot_model
[31.388s] Invoked command in '/home/raiaan/franka_ros2_ws/build/franka_semantic_components' returned '0': AMENT_PREFIX_PATH=/home/raiaan/franka_ros2_ws/install/franka_hardware:/home/raiaan/franka_ros2_ws/install/franka_msgs:${AMENT_PREFIX_PATH} CMAKE_PREFIX_PATH=/home/raiaan/franka_ros2_ws/install/franka_hardware:/home/raiaan/franka_ros2_ws/install/libfranka:/home/raiaan/franka_ros2_ws/install/franka_msgs:/opt/ros/humble LD_LIBRARY_PATH=/home/raiaan/franka_ros2_ws/install/franka_hardware/lib:/home/raiaan/franka_ros2_ws/install/libfranka/lib:/home/raiaan/franka_ros2_ws/install/franka_msgs/lib:${LD_LIBRARY_PATH} PATH=/home/raiaan/franka_ros2_ws/install/libfranka/bin:${PATH} PKG_CONFIG_PATH=/home/raiaan/franka_ros2_ws/install/libfranka/lib/x86_64-linux-gnu/pkgconfig:/home/raiaan/franka_ros2_ws/install/libfranka/lib/pkgconfig PYTHONPATH=/home/raiaan/franka_ros2_ws/install/franka_msgs/local/lib/python3.10/dist-packages:${PYTHONPATH} /usr/bin/cmake --build /home/raiaan/franka_ros2_ws/build/franka_semantic_components -- -j6 -l6
[31.389s] Invoking command in '/home/raiaan/franka_ros2_ws/build/franka_semantic_components': AMENT_PREFIX_PATH=/home/raiaan/franka_ros2_ws/install/franka_hardware:/home/raiaan/franka_ros2_ws/install/franka_msgs:${AMENT_PREFIX_PATH} CMAKE_PREFIX_PATH=/home/raiaan/franka_ros2_ws/install/franka_hardware:/home/raiaan/franka_ros2_ws/install/libfranka:/home/raiaan/franka_ros2_ws/install/franka_msgs:/opt/ros/humble LD_LIBRARY_PATH=/home/raiaan/franka_ros2_ws/install/franka_hardware/lib:/home/raiaan/franka_ros2_ws/install/libfranka/lib:/home/raiaan/franka_ros2_ws/install/franka_msgs/lib:${LD_LIBRARY_PATH} PATH=/home/raiaan/franka_ros2_ws/install/libfranka/bin:${PATH} PKG_CONFIG_PATH=/home/raiaan/franka_ros2_ws/install/libfranka/lib/x86_64-linux-gnu/pkgconfig:/home/raiaan/franka_ros2_ws/install/libfranka/lib/pkgconfig PYTHONPATH=/home/raiaan/franka_ros2_ws/install/franka_msgs/local/lib/python3.10/dist-packages:${PYTHONPATH} /usr/bin/cmake --install /home/raiaan/franka_ros2_ws/build/franka_semantic_components
[31.395s] -- Install configuration: ""
[31.396s] -- Execute custom install script
[31.396s] -- Symlinking: /home/raiaan/franka_ros2_ws/install/franka_semantic_components/lib/libfranka_semantic_components.so
[31.404s] -- Symlinking: /home/raiaan/franka_ros2_ws/install/franka_semantic_components/include/franka_semantic_components/franka_cartesian_pose_interface.hpp
[31.412s] -- Symlinking: /home/raiaan/franka_ros2_ws/install/franka_semantic_components/include/franka_semantic_components/franka_cartesian_velocity_interface.hpp
[31.420s] -- Symlinking: /home/raiaan/franka_ros2_ws/install/franka_semantic_components/include/franka_semantic_components/franka_robot_model.hpp
[31.427s] -- Symlinking: /home/raiaan/franka_ros2_ws/install/franka_semantic_components/include/franka_semantic_components/franka_robot_state.hpp
[31.434s] -- Symlinking: /home/raiaan/franka_ros2_ws/install/franka_semantic_components/include/franka_semantic_components/franka_semantic_component_interface.hpp
[31.442s] -- Symlinking: /home/raiaan/franka_ros2_ws/install/franka_semantic_components/share/franka_semantic_components/robot_description_test.txt
[31.451s] -- Symlinking: /home/raiaan/franka_ros2_ws/install/franka_semantic_components/share/franka_semantic_components/environment/library_path.sh
[31.458s] -- Symlinking: /home/raiaan/franka_ros2_ws/install/franka_semantic_components/share/franka_semantic_components/environment/library_path.dsv
[31.465s] -- Symlinking: /home/raiaan/franka_ros2_ws/install/franka_semantic_components/share/ament_index/resource_index/package_run_dependencies/franka_semantic_components
[31.473s] -- Symlinking: /home/raiaan/franka_ros2_ws/install/franka_semantic_components/share/ament_index/resource_index/parent_prefix_path/franka_semantic_components
[31.481s] -- Symlinking: /home/raiaan/franka_ros2_ws/install/franka_semantic_components/share/franka_semantic_components/environment/ament_prefix_path.sh
[31.488s] -- Symlinking: /home/raiaan/franka_ros2_ws/install/franka_semantic_components/share/franka_semantic_components/environment/ament_prefix_path.dsv
[31.496s] -- Symlinking: /home/raiaan/franka_ros2_ws/install/franka_semantic_components/share/franka_semantic_components/environment/path.sh
[31.503s] -- Symlinking: /home/raiaan/franka_ros2_ws/install/franka_semantic_components/share/franka_semantic_components/environment/path.dsv
[31.512s] -- Symlinking: /home/raiaan/franka_ros2_ws/install/franka_semantic_components/share/franka_semantic_components/local_setup.bash
[31.521s] -- Symlinking: /home/raiaan/franka_ros2_ws/install/franka_semantic_components/share/franka_semantic_components/local_setup.sh
[31.531s] -- Symlinking: /home/raiaan/franka_ros2_ws/install/franka_semantic_components/share/franka_semantic_components/local_setup.zsh
[31.539s] -- Symlinking: /home/raiaan/franka_ros2_ws/install/franka_semantic_components/share/franka_semantic_components/local_setup.dsv
[31.548s] -- Symlinking: /home/raiaan/franka_ros2_ws/install/franka_semantic_components/share/franka_semantic_components/package.dsv
[31.558s] -- Symlinking: /home/raiaan/franka_ros2_ws/install/franka_semantic_components/share/ament_index/resource_index/packages/franka_semantic_components
[31.569s] -- Symlinking: /home/raiaan/franka_ros2_ws/install/franka_semantic_components/share/franka_semantic_components/cmake/ament_cmake_export_include_directories-extras.cmake
[31.579s] -- Symlinking: /home/raiaan/franka_ros2_ws/install/franka_semantic_components/share/franka_semantic_components/cmake/ament_cmake_export_libraries-extras.cmake
[31.590s] -- Symlinking: /home/raiaan/franka_ros2_ws/install/franka_semantic_components/share/franka_semantic_components/cmake/ament_cmake_export_dependencies-extras.cmake
[31.601s] -- Symlinking: /home/raiaan/franka_ros2_ws/install/franka_semantic_components/share/franka_semantic_components/cmake/franka_semantic_componentsConfig.cmake
[31.612s] -- Symlinking: /home/raiaan/franka_ros2_ws/install/franka_semantic_components/share/franka_semantic_components/cmake/franka_semantic_componentsConfig-version.cmake
[31.624s] -- Symlinking: /home/raiaan/franka_ros2_ws/install/franka_semantic_components/share/franka_semantic_components/package.xml
[31.638s] Invoked command in '/home/raiaan/franka_ros2_ws/build/franka_semantic_components' returned '0': AMENT_PREFIX_PATH=/home/raiaan/franka_ros2_ws/install/franka_hardware:/home/raiaan/franka_ros2_ws/install/franka_msgs:${AMENT_PREFIX_PATH} CMAKE_PREFIX_PATH=/home/raiaan/franka_ros2_ws/install/franka_hardware:/home/raiaan/franka_ros2_ws/install/libfranka:/home/raiaan/franka_ros2_ws/install/franka_msgs:/opt/ros/humble LD_LIBRARY_PATH=/home/raiaan/franka_ros2_ws/install/franka_hardware/lib:/home/raiaan/franka_ros2_ws/install/libfranka/lib:/home/raiaan/franka_ros2_ws/install/franka_msgs/lib:${LD_LIBRARY_PATH} PATH=/home/raiaan/franka_ros2_ws/install/libfranka/bin:${PATH} PKG_CONFIG_PATH=/home/raiaan/franka_ros2_ws/install/libfranka/lib/x86_64-linux-gnu/pkgconfig:/home/raiaan/franka_ros2_ws/install/libfranka/lib/pkgconfig PYTHONPATH=/home/raiaan/franka_ros2_ws/install/franka_msgs/local/lib/python3.10/dist-packages:${PYTHONPATH} /usr/bin/cmake --install /home/raiaan/franka_ros2_ws/build/franka_semantic_components
