[3.282s] Invoking command in '/home/raiaan/franka_ros2_ws/build/franka_ign_ros2_control': CMAKE_PREFIX_PATH=/home/raiaan/franka_ros2_ws/install/franka_hardware:/home/raiaan/franka_ros2_ws/install/libfranka:/home/raiaan/franka_ros2_ws/install/franka_msgs:/home/raiaan/franka_ros2_ws/install/franka_ros2:/home/raiaan/franka_ros2_ws/install/franka_bringup:/home/raiaan/franka_ros2_ws/install/franka_robot_state_broadcaster:/home/raiaan/franka_ros2_ws/install/franka_mobile_example_controllers:/home/raiaan/franka_ros2_ws/install/franka_example_controllers:/home/raiaan/franka_ros2_ws/install/franka_semantic_components:/home/raiaan/franka_ros2_ws/install/franka_gazebo_bringup:/home/raiaan/franka_ros2_ws/install/franka_ign_ros2_control:/home/raiaan/franka_ros2_ws/install/franka_fr3_moveit_config:/home/raiaan/franka_ros2_ws/install/franka_gripper:/home/raiaan/franka_ros2_ws/install/integration_launch_testing:/home/raiaan/franka_ros2_ws/install/franka_description:/opt/ros/humble LD_LIBRARY_PATH=/home/raiaan/franka_ros2_ws/install/franka_hardware/lib:/home/raiaan/franka_ros2_ws/install/libfranka/lib:/home/raiaan/franka_ros2_ws/install/franka_msgs/lib:/home/raiaan/franka_ros2_ws/install/franka_robot_state_broadcaster/lib:/home/raiaan/franka_ros2_ws/install/franka_mobile_example_controllers/lib:/home/raiaan/franka_ros2_ws/install/franka_example_controllers/lib:/home/raiaan/franka_ros2_ws/install/franka_semantic_components/lib:/home/raiaan/franka_ros2_ws/install/franka_ign_ros2_control/lib:/home/raiaan/franka_ros2_ws/install/franka_gripper/lib:/home/raiaan/franka_ros2_ws/install/integration_launch_testing/lib:/opt/ros/humble/opt/rviz_ogre_vendor/lib:/opt/ros/humble/lib/x86_64-linux-gnu:/opt/ros/humble/lib /usr/bin/cmake --build /home/raiaan/franka_ros2_ws/build/franka_ign_ros2_control -- -j6 -l6
[3.337s] -- Found ament_cmake: 1.3.12 (/opt/ros/humble/share/ament_cmake/cmake)
[3.474s] -- Override CMake install command with custom implementation using symlinks instead of copying resources
[3.507s] -- Found ament_index_cpp: 1.4.0 (/opt/ros/humble/share/ament_index_cpp/cmake)
[3.511s] -- Found controller_manager: 2.53.0 (/opt/ros/humble/share/controller_manager/cmake)
[4.380s] -- Found rosidl_generator_c: 3.1.8 (/opt/ros/humble/share/rosidl_generator_c/cmake)
[4.383s] -- Found rosidl_adapter: 3.1.8 (/opt/ros/humble/share/rosidl_adapter/cmake)
[4.389s] -- Found rosidl_generator_cpp: 3.1.8 (/opt/ros/humble/share/rosidl_generator_cpp/cmake)
[4.401s] -- Using all available rosidl_typesupport_c: rosidl_typesupport_fastrtps_c;rosidl_typesupport_introspection_c
[4.415s] -- Using all available rosidl_typesupport_cpp: rosidl_typesupport_fastrtps_cpp;rosidl_typesupport_introspection_cpp
[12.131s] -- Found rmw_implementation_cmake: 6.1.2 (/opt/ros/humble/share/rmw_implementation_cmake/cmake)
[12.132s] -- Found rmw_fastrtps_cpp: 6.2.9 (/opt/ros/humble/share/rmw_fastrtps_cpp/cmake)
[12.150s] -- Found TinyXML2 via Config file: TinyXML2_DIR-NOTFOUND
[12.158s] -- Found TinyXML2 via Config file: TinyXML2_DIR-NOTFOUND
[12.602s] -- Found TinyXML2 via Config file: TinyXML2_DIR-NOTFOUND
[12.610s] -- Found TinyXML2 via Config file: TinyXML2_DIR-NOTFOUND
[13.046s] -- Using RMW implementation 'rmw_fastrtps_cpp' as default
[13.128s] -- Found yaml_cpp_vendor: 8.0.2 (/opt/ros/humble/share/yaml_cpp_vendor/cmake)
[13.133s] -- Found franka_hardware: 2.2.0 (/home/raiaan/franka_ros2_ws/install/franka_hardware/share/franka_hardware/cmake)
[13.136s] -- Found urdf: 2.6.1 (/opt/ros/humble/share/urdf/cmake)
[13.141s] -- Found kdl_parser: 2.6.4 (/opt/ros/humble/share/kdl_parser/cmake)
[13.146s] -- Found eigen3_cmake_module: 0.1.1 (/opt/ros/humble/share/eigen3_cmake_module/cmake)
[13.149s] -- Ensuring Eigen3 include directory is part of orocos-kdl CMake target
[13.157s] -- Found tf2_geometry_msgs: 0.25.18 (/opt/ros/humble/share/tf2_geometry_msgs/cmake)
[13.224s] -- Found tf2_eigen: 0.25.18 (/opt/ros/humble/share/tf2_eigen/cmake)
[13.229s] -- Looking for ignition-gazebo6 -- found version 6.16.0
[13.239s] -- Searching for dependencies of ignition-gazebo6
[13.239s] -- Looking for sdformat12 -- found version 12.7.2
[13.240s] -- Searching for dependencies of sdformat12
[13.248s] -- Looking for ignition-math6 -- found version 6.15.1
[13.248s] -- Searching for dependencies of ignition-math6
[13.251s] -- Looking for ignition-utils1 -- found version 1.5.1
[13.252s] -- Searching for dependencies of ignition-utils1
[13.256s] -- Looking for ignition-plugin1 -- found version 1.4.0
[13.257s] -- Searching for dependencies of ignition-plugin1
[13.259s] -- Searching for <ignition-plugin1> component [loader]
[13.260s] -- Looking for ignition-plugin1-loader -- found version 1.4.0
[13.261s] -- Searching for dependencies of ignition-plugin1-loader
[13.263s] -- Searching for <ignition-plugin1> component [register]
[13.264s] -- Looking for ignition-plugin1-register -- found version 1.4.0
[13.264s] -- Searching for dependencies of ignition-plugin1-register
[13.266s] -- Looking for ignition-transport11 -- found version 11.4.1
[13.267s] -- Searching for dependencies of ignition-transport11
[26.587s] -- Config-file not installed for ZeroMQ -- checking for pkg-config
[26.598s] -- Checking for module 'libzmq >= 4'
[26.630s] --   Found libzmq , version 4.3.4
[26.690s] -- Checking for module 'uuid'
[26.703s] --   Found uuid, version 2.37.2
[26.736s] -- Looking for ignition-utils1 -- found version 1.5.1
[26.737s] -- Searching for dependencies of ignition-utils1
[26.737s] -- Searching for <ignition-utils1> component [cli]
[26.739s] -- Looking for ignition-utils1-cli -- found version 1.5.1
[26.740s] -- Searching for dependencies of ignition-utils1-cli
[26.743s] -- Looking for ignition-msgs8 -- found version 8.7.0
[26.743s] -- Searching for dependencies of ignition-msgs8
[33.789s] -- Found Protobuf: /usr/lib/x86_64-linux-gnu/libprotobuf.so (found suitable version "3.12.4", minimum required is "3") 
[33.790s] -- Looking for ignition-math6 -- found version 6.15.1
[34.447s] -- Searching for <ignition-transport11> component [log]
[34.451s] -- Looking for ignition-transport11-log -- found version 11.4.1
[34.452s] -- Searching for dependencies of ignition-transport11-log
[34.458s] -- Searching for <ignition-transport11> component [parameters]
[34.461s] -- Looking for ignition-transport11-parameters -- found version 11.4.1
[34.463s] -- Searching for dependencies of ignition-transport11-parameters
[34.467s] -- Looking for ignition-msgs8 -- found version 8.7.0
[34.470s] -- Looking for ignition-common4 -- found version 4.7.0
[34.471s] -- Searching for dependencies of ignition-common4
[34.473s] -- Looking for dlfcn.h - found
[34.473s] -- Looking for libdl - found
[35.058s] -- Searching for <ignition-common4> component [profiler]
[35.061s] -- Looking for ignition-common4-profiler -- found version 4.7.0
[35.062s] -- Searching for dependencies of ignition-common4-profiler
[35.066s] -- Searching for <ignition-common4> component [events]
[35.068s] -- Looking for ignition-common4-events -- found version 4.7.0
[35.069s] -- Searching for dependencies of ignition-common4-events
[35.070s] -- Looking for ignition-math6 -- found version 6.15.1
[35.074s] -- Searching for <ignition-common4> component [av]
[35.077s] -- Looking for ignition-common4-av -- found version 4.7.0
[35.078s] -- Searching for dependencies of ignition-common4-av
[35.090s] -- Checking for module 'libswscale'
[35.115s] --   Found libswscale, version 5.9.100
[35.170s] -- Checking for module 'libavdevice >= 56.4.100'
[35.197s] --   Found libavdevice , version 58.13.100
[35.240s] -- Checking for module 'libavformat'
[35.264s] --   Found libavformat, version 58.76.100
[35.314s] -- Checking for module 'libavcodec'
[35.326s] --   Found libavcodec, version 58.134.100
[35.375s] -- Checking for module 'libavutil'
[35.399s] --   Found libavutil, version 56.70.100
[35.474s] -- Looking for ignition-fuel_tools7 -- found version 7.3.0
[35.474s] -- Searching for dependencies of ignition-fuel_tools7
[43.308s] -- Checking for module 'jsoncpp'
[43.326s] --   Found jsoncpp, version 1.9.5
[43.365s] -- Checking for module 'libzip'
[43.377s] --   Found libzip, version 1.7.3
[43.406s] -- Looking for ignition-common4 -- found version 4.7.0
[43.407s] -- Looking for ignition-math6 -- found version 6.15.1
[43.407s] -- Looking for ignition-msgs8 -- found version 8.7.0
[43.410s] -- Looking for ignition-gui6 -- found version 6.8.0
[43.410s] -- Searching for dependencies of ignition-gui6
[50.944s] -- Looking for ignition-math6 -- found version 6.15.1
[50.944s] -- Looking for ignition-common4 -- found version 4.7.0
[50.946s] -- Looking for ignition-plugin1 -- found version 1.4.0
[50.947s] -- Looking for ignition-transport11 -- found version 11.4.1
[50.950s] -- Looking for ignition-rendering6 -- found version 6.6.3
[50.951s] -- Searching for dependencies of ignition-rendering6
[50.951s] -- Looking for ignition-math6 -- found version 6.15.1
[50.952s] -- Searching for dependencies of ignition-math6
[50.952s] -- Searching for <ignition-math6> component [eigen3]
[50.955s] -- Looking for ignition-math6-eigen3 -- found version 6.15.1
[50.956s] -- Searching for dependencies of ignition-math6-eigen3
[50.960s] -- Looking for ignition-common4 -- found version 4.7.0
[50.961s] -- Searching for dependencies of ignition-common4
[50.961s] -- Looking for dlfcn.h - found
[50.961s] -- Looking for libdl - found
[51.275s] -- Searching for <ignition-common4> component [graphics]
[51.276s] -- Looking for ignition-common4-graphics -- found version 4.7.0
[51.276s] -- Searching for dependencies of ignition-common4-graphics
[51.277s] -- Looking for ignition-math6 -- found version 6.15.1
[51.277s] -- Looking for ignition-utils1 -- found version 1.5.1
[51.279s] -- Searching for <ignition-common4> component [events]
[51.279s] -- Looking for ignition-plugin1 -- found version 1.4.0
[51.280s] -- Searching for dependencies of ignition-plugin1
[51.280s] -- Searching for <ignition-plugin1> component [all]
[51.281s] -- Looking for all libraries of ignition-plugin1 -- found version 1.4.0
[51.281s] -- Looking for ignition-plugin1 -- found version 1.4.0
[51.285s] -- Looking for ignition-msgs8 -- found version 8.7.0
[51.869s] -- Looking for ignition-physics5 -- found version 5.3.2
[51.870s] -- Searching for dependencies of ignition-physics5
[51.871s] -- Looking for ignition-math6 -- found version 6.15.1
[51.871s] -- Looking for ignition-plugin1 -- found version 1.4.0
[51.872s] -- Looking for ignition-utils1 -- found version 1.5.1
[51.874s] -- Searching for <ignition-physics5> component [heightmap]
[51.875s] -- Looking for ignition-physics5-heightmap -- found version 5.3.2
[51.876s] -- Searching for dependencies of ignition-physics5-heightmap
[51.876s] -- Looking for ignition-common4 -- found version 4.7.0
[51.877s] -- Searching for <ignition-physics5> component [mesh]
[51.878s] -- Looking for ignition-physics5-mesh -- found version 5.3.2
[51.878s] -- Searching for dependencies of ignition-physics5-mesh
[51.879s] -- Looking for ignition-common4 -- found version 4.7.0
[51.880s] -- Searching for <ignition-physics5> component [sdf]
[51.881s] -- Looking for ignition-physics5-sdf -- found version 5.3.2
[51.881s] -- Searching for dependencies of ignition-physics5-sdf
[51.882s] -- Looking for sdformat12 -- found version 12.7.2
[51.885s] -- Looking for ignition-sensors6 -- found version 6.8.0
[51.885s] -- Searching for dependencies of ignition-sensors6
[58.562s] -- Found Protobuf: /usr/lib/x86_64-linux-gnu/libprotobuf.so (found version "3.12.4") 
[58.563s] -- Looking for ignition-math6 -- found version 6.15.1
[58.564s] -- Looking for ignition-common4 -- found version 4.7.0
[58.565s] -- Looking for ignition-transport11 -- found version 11.4.1
[58.565s] -- Looking for ignition-rendering6 -- found version 6.6.3
[58.566s] -- Looking for ignition-msgs8 -- found version 8.7.0
[58.566s] -- Looking for sdformat12 -- found version 12.7.2
[58.571s] -- Searching for <ignition-sensors6> component [air_pressure]
[58.572s] -- Looking for ignition-sensors6-air_pressure -- found version 6.8.0
[58.573s] -- Searching for dependencies of ignition-sensors6-air_pressure
[58.576s] -- Searching for <ignition-sensors6> component [altimeter]
[58.577s] -- Looking for ignition-sensors6-altimeter -- found version 6.8.0
[58.577s] -- Searching for dependencies of ignition-sensors6-altimeter
[58.579s] -- Searching for <ignition-sensors6> component [imu]
[58.581s] -- Looking for ignition-sensors6-imu -- found version 6.8.0
[58.581s] -- Searching for dependencies of ignition-sensors6-imu
[58.583s] -- Searching for <ignition-sensors6> component [force_torque]
[58.584s] -- Looking for ignition-sensors6-force_torque -- found version 6.8.0
[58.585s] -- Searching for dependencies of ignition-sensors6-force_torque
[58.586s] -- Searching for <ignition-sensors6> component [logical_camera]
[58.587s] -- Looking for ignition-sensors6-logical_camera -- found version 6.8.0
[58.588s] -- Searching for dependencies of ignition-sensors6-logical_camera
[58.591s] -- Searching for <ignition-sensors6> component [magnetometer]
[58.593s] -- Looking for ignition-sensors6-magnetometer -- found version 6.8.0
[58.594s] -- Searching for dependencies of ignition-sensors6-magnetometer
[58.596s] -- Searching for <ignition-sensors6> component [navsat]
[58.597s] -- Looking for ignition-sensors6-navsat -- found version 6.8.0
[58.597s] -- Searching for dependencies of ignition-sensors6-navsat
[58.600s] -- Searching for <ignition-sensors6> component [rendering]
[58.601s] -- Looking for ignition-sensors6-rendering -- found version 6.8.0
[58.601s] -- Searching for dependencies of ignition-sensors6-rendering
[58.604s] -- Searching for <ignition-sensors6> component [lidar]
[58.606s] -- Looking for ignition-sensors6-lidar -- found version 6.8.0
[58.607s] -- Searching for dependencies of ignition-sensors6-lidar
[58.608s] -- Looking for ignition-sensors6 -- found version 6.8.0
[58.611s] -- Searching for <ignition-sensors6> component [gpu_lidar]
[58.612s] -- Looking for ignition-sensors6-gpu_lidar -- found version 6.8.0
[58.613s] -- Searching for dependencies of ignition-sensors6-gpu_lidar
[58.613s] -- Looking for ignition-sensors6 -- found version 6.8.0
[58.615s] -- Searching for <ignition-sensors6> component [camera]
[58.616s] -- Looking for ignition-sensors6-camera -- found version 6.8.0
[58.617s] -- Searching for dependencies of ignition-sensors6-camera
[58.617s] -- Looking for ignition-sensors6 -- found version 6.8.0
[58.619s] -- Searching for <ignition-sensors6> component [boundingbox_camera]
[58.620s] -- Looking for ignition-sensors6-boundingbox_camera -- found version 6.8.0
[58.620s] -- Searching for dependencies of ignition-sensors6-boundingbox_camera
[58.622s] -- Searching for <ignition-sensors6> component [segmentation_camera]
[58.625s] -- Looking for ignition-sensors6-segmentation_camera -- found version 6.8.0
[58.625s] -- Searching for dependencies of ignition-sensors6-segmentation_camera
[58.626s] -- Searching for <ignition-sensors6> component [depth_camera]
[58.627s] -- Looking for ignition-sensors6-depth_camera -- found version 6.8.0
[58.628s] -- Searching for dependencies of ignition-sensors6-depth_camera
[58.628s] -- Looking for ignition-sensors6 -- found version 6.8.0
[58.630s] -- Searching for <ignition-sensors6> component [rgbd_camera]
[58.631s] -- Looking for ignition-sensors6-rgbd_camera -- found version 6.8.0
[58.631s] -- Searching for dependencies of ignition-sensors6-rgbd_camera
[58.632s] -- Looking for ignition-sensors6 -- found version 6.8.0
[58.633s] -- Searching for <ignition-sensors6> component [thermal_camera]
[58.634s] -- Looking for ignition-sensors6-thermal_camera -- found version 6.8.0
[58.635s] -- Searching for dependencies of ignition-sensors6-thermal_camera
[58.635s] -- Looking for ignition-sensors6 -- found version 6.8.0
[58.638s] -- Looking for ignition-rendering6 -- found version 6.6.3
[58.638s] -- Looking for ignition-math6 -- found version 6.15.1
[58.639s] -- Looking for ignition-utils1 -- found version 1.5.1
[64.739s] -- Compiling against Ignition Fortress
[64.740s] -- Looking for ignition-plugin1 -- found version 1.4.0
[64.751s] -- Found ament_lint_auto: 0.12.14 (/opt/ros/humble/share/ament_lint_auto/cmake)
[64.824s] -- Added test 'copyright' to check source files copyright and LICENSE
[64.826s] -- Added test 'cppcheck' to perform static code analysis on C / C++ code
[64.827s] -- Configured cppcheck include dirs: /home/raiaan/franka_ros2_ws/src/franka_ros2/franka_gazebo/franka_ign_ros2_control/include
[64.827s] -- Configured cppcheck exclude dirs and/or files: 
[64.827s] -- Added test 'cpplint' to check C / C++ code against the Google style
[64.827s] -- Configured cpplint exclude dirs and/or files: 
[64.828s] -- Added test 'lint_cmake' to check CMake code style
[64.830s] -- Added test 'uncrustify' to check C / C++ code style
[64.830s] -- Configured uncrustify additional arguments: 
[64.830s] -- Added test 'xmllint' to check XML markup files
[64.834s] -- Configuring done
[64.888s] -- Generating done
[64.904s] -- Build files have been written to: /home/raiaan/franka_ros2_ws/build/franka_ign_ros2_control
[64.950s] [35m[1mConsolidate compiler generated dependencies of target ign_hardware_plugins[0m
[64.950s] [35m[1mConsolidate compiler generated dependencies of target franka_ign_ros2_control-system[0m
[64.989s] [ 16%] [32m[1mLinking CXX shared library libign_hardware_plugins.so[0m
[64.989s] [ 33%] [32m[1mLinking CXX shared library libfranka_ign_ros2_control-system.so[0m
[66.114s] [ 66%] Built target ign_hardware_plugins
[66.325s] [100%] Built target franka_ign_ros2_control-system
[66.336s] Invoked command in '/home/raiaan/franka_ros2_ws/build/franka_ign_ros2_control' returned '0': CMAKE_PREFIX_PATH=/home/raiaan/franka_ros2_ws/install/franka_hardware:/home/raiaan/franka_ros2_ws/install/libfranka:/home/raiaan/franka_ros2_ws/install/franka_msgs:/home/raiaan/franka_ros2_ws/install/franka_ros2:/home/raiaan/franka_ros2_ws/install/franka_bringup:/home/raiaan/franka_ros2_ws/install/franka_robot_state_broadcaster:/home/raiaan/franka_ros2_ws/install/franka_mobile_example_controllers:/home/raiaan/franka_ros2_ws/install/franka_example_controllers:/home/raiaan/franka_ros2_ws/install/franka_semantic_components:/home/raiaan/franka_ros2_ws/install/franka_gazebo_bringup:/home/raiaan/franka_ros2_ws/install/franka_ign_ros2_control:/home/raiaan/franka_ros2_ws/install/franka_fr3_moveit_config:/home/raiaan/franka_ros2_ws/install/franka_gripper:/home/raiaan/franka_ros2_ws/install/integration_launch_testing:/home/raiaan/franka_ros2_ws/install/franka_description:/opt/ros/humble LD_LIBRARY_PATH=/home/raiaan/franka_ros2_ws/install/franka_hardware/lib:/home/raiaan/franka_ros2_ws/install/libfranka/lib:/home/raiaan/franka_ros2_ws/install/franka_msgs/lib:/home/raiaan/franka_ros2_ws/install/franka_robot_state_broadcaster/lib:/home/raiaan/franka_ros2_ws/install/franka_mobile_example_controllers/lib:/home/raiaan/franka_ros2_ws/install/franka_example_controllers/lib:/home/raiaan/franka_ros2_ws/install/franka_semantic_components/lib:/home/raiaan/franka_ros2_ws/install/franka_ign_ros2_control/lib:/home/raiaan/franka_ros2_ws/install/franka_gripper/lib:/home/raiaan/franka_ros2_ws/install/integration_launch_testing/lib:/opt/ros/humble/opt/rviz_ogre_vendor/lib:/opt/ros/humble/lib/x86_64-linux-gnu:/opt/ros/humble/lib /usr/bin/cmake --build /home/raiaan/franka_ros2_ws/build/franka_ign_ros2_control -- -j6 -l6
[66.339s] Invoking command in '/home/raiaan/franka_ros2_ws/build/franka_ign_ros2_control': CMAKE_PREFIX_PATH=/home/raiaan/franka_ros2_ws/install/franka_hardware:/home/raiaan/franka_ros2_ws/install/libfranka:/home/raiaan/franka_ros2_ws/install/franka_msgs:/home/raiaan/franka_ros2_ws/install/franka_ros2:/home/raiaan/franka_ros2_ws/install/franka_bringup:/home/raiaan/franka_ros2_ws/install/franka_robot_state_broadcaster:/home/raiaan/franka_ros2_ws/install/franka_mobile_example_controllers:/home/raiaan/franka_ros2_ws/install/franka_example_controllers:/home/raiaan/franka_ros2_ws/install/franka_semantic_components:/home/raiaan/franka_ros2_ws/install/franka_gazebo_bringup:/home/raiaan/franka_ros2_ws/install/franka_ign_ros2_control:/home/raiaan/franka_ros2_ws/install/franka_fr3_moveit_config:/home/raiaan/franka_ros2_ws/install/franka_gripper:/home/raiaan/franka_ros2_ws/install/integration_launch_testing:/home/raiaan/franka_ros2_ws/install/franka_description:/opt/ros/humble LD_LIBRARY_PATH=/home/raiaan/franka_ros2_ws/install/franka_hardware/lib:/home/raiaan/franka_ros2_ws/install/libfranka/lib:/home/raiaan/franka_ros2_ws/install/franka_msgs/lib:/home/raiaan/franka_ros2_ws/install/franka_robot_state_broadcaster/lib:/home/raiaan/franka_ros2_ws/install/franka_mobile_example_controllers/lib:/home/raiaan/franka_ros2_ws/install/franka_example_controllers/lib:/home/raiaan/franka_ros2_ws/install/franka_semantic_components/lib:/home/raiaan/franka_ros2_ws/install/franka_ign_ros2_control/lib:/home/raiaan/franka_ros2_ws/install/franka_gripper/lib:/home/raiaan/franka_ros2_ws/install/integration_launch_testing/lib:/opt/ros/humble/opt/rviz_ogre_vendor/lib:/opt/ros/humble/lib/x86_64-linux-gnu:/opt/ros/humble/lib /usr/bin/cmake --install /home/raiaan/franka_ros2_ws/build/franka_ign_ros2_control
[66.345s] -- Install configuration: ""
[66.345s] -- Execute custom install script
[66.346s] -- Up-to-date symlink: /home/raiaan/franka_ros2_ws/install/franka_ign_ros2_control/lib/libign_hardware_plugins.so
[66.346s] -- Up-to-date symlink: /home/raiaan/franka_ros2_ws/install/franka_ign_ros2_control/include/ign_ros2_control/ign_ros2_control_plugin.hpp
[66.347s] -- Up-to-date symlink: /home/raiaan/franka_ros2_ws/install/franka_ign_ros2_control/include/ign_ros2_control/ign_system.hpp
[66.347s] -- Up-to-date symlink: /home/raiaan/franka_ros2_ws/install/franka_ign_ros2_control/include/ign_ros2_control/ign_system_interface.hpp
[66.348s] -- Up-to-date symlink: /home/raiaan/franka_ros2_ws/install/franka_ign_ros2_control/include/ign_ros2_control/model_kdl.h
[66.348s] -- Up-to-date symlink: /home/raiaan/franka_ros2_ws/install/franka_ign_ros2_control/share/franka_ign_ros2_control/environment/library_path.sh
[66.349s] -- Up-to-date symlink: /home/raiaan/franka_ros2_ws/install/franka_ign_ros2_control/share/franka_ign_ros2_control/environment/library_path.dsv
[66.349s] -- Up-to-date symlink: /home/raiaan/franka_ros2_ws/install/franka_ign_ros2_control/lib/libfranka_ign_ros2_control-system.so
[66.350s] -- Up-to-date symlink: /home/raiaan/franka_ros2_ws/install/franka_ign_ros2_control/share/franka_ign_ros2_control//ign_hardware_plugins.xml
[66.350s] -- Up-to-date symlink: /home/raiaan/franka_ros2_ws/install/franka_ign_ros2_control/share/ament_index/resource_index/package_run_dependencies/franka_ign_ros2_control
[66.351s] -- Up-to-date symlink: /home/raiaan/franka_ros2_ws/install/franka_ign_ros2_control/share/ament_index/resource_index/parent_prefix_path/franka_ign_ros2_control
[66.351s] -- Up-to-date symlink: /home/raiaan/franka_ros2_ws/install/franka_ign_ros2_control/share/franka_ign_ros2_control/environment/ament_prefix_path.sh
[66.352s] -- Up-to-date symlink: /home/raiaan/franka_ros2_ws/install/franka_ign_ros2_control/share/franka_ign_ros2_control/environment/ament_prefix_path.dsv
[66.352s] -- Up-to-date symlink: /home/raiaan/franka_ros2_ws/install/franka_ign_ros2_control/share/franka_ign_ros2_control/environment/path.sh
[66.352s] -- Up-to-date symlink: /home/raiaan/franka_ros2_ws/install/franka_ign_ros2_control/share/franka_ign_ros2_control/environment/path.dsv
[66.353s] -- Up-to-date symlink: /home/raiaan/franka_ros2_ws/install/franka_ign_ros2_control/share/franka_ign_ros2_control/local_setup.bash
[66.353s] -- Up-to-date symlink: /home/raiaan/franka_ros2_ws/install/franka_ign_ros2_control/share/franka_ign_ros2_control/local_setup.sh
[66.354s] -- Up-to-date symlink: /home/raiaan/franka_ros2_ws/install/franka_ign_ros2_control/share/franka_ign_ros2_control/local_setup.zsh
[66.354s] -- Up-to-date symlink: /home/raiaan/franka_ros2_ws/install/franka_ign_ros2_control/share/franka_ign_ros2_control/local_setup.dsv
[66.354s] -- Symlinking: /home/raiaan/franka_ros2_ws/install/franka_ign_ros2_control/share/franka_ign_ros2_control/package.dsv
[66.364s] -- Up-to-date symlink: /home/raiaan/franka_ros2_ws/install/franka_ign_ros2_control/share/ament_index/resource_index/packages/franka_ign_ros2_control
[66.364s] -- Up-to-date symlink: /home/raiaan/franka_ros2_ws/install/franka_ign_ros2_control/share/ament_index/resource_index/franka_ign_ros2_control__pluginlib__plugin/franka_ign_ros2_control
[66.365s] -- Up-to-date symlink: /home/raiaan/franka_ros2_ws/install/franka_ign_ros2_control/share/franka_ign_ros2_control/cmake/ament_cmake_export_include_directories-extras.cmake
[66.365s] -- Up-to-date symlink: /home/raiaan/franka_ros2_ws/install/franka_ign_ros2_control/share/franka_ign_ros2_control/cmake/ament_cmake_export_libraries-extras.cmake
[66.366s] -- Up-to-date symlink: /home/raiaan/franka_ros2_ws/install/franka_ign_ros2_control/share/franka_ign_ros2_control/cmake/franka_ign_ros2_controlConfig.cmake
[66.366s] -- Up-to-date symlink: /home/raiaan/franka_ros2_ws/install/franka_ign_ros2_control/share/franka_ign_ros2_control/cmake/franka_ign_ros2_controlConfig-version.cmake
[66.367s] -- Up-to-date symlink: /home/raiaan/franka_ros2_ws/install/franka_ign_ros2_control/share/franka_ign_ros2_control/package.xml
[66.369s] Invoked command in '/home/raiaan/franka_ros2_ws/build/franka_ign_ros2_control' returned '0': CMAKE_PREFIX_PATH=/home/raiaan/franka_ros2_ws/install/franka_hardware:/home/raiaan/franka_ros2_ws/install/libfranka:/home/raiaan/franka_ros2_ws/install/franka_msgs:/home/raiaan/franka_ros2_ws/install/franka_ros2:/home/raiaan/franka_ros2_ws/install/franka_bringup:/home/raiaan/franka_ros2_ws/install/franka_robot_state_broadcaster:/home/raiaan/franka_ros2_ws/install/franka_mobile_example_controllers:/home/raiaan/franka_ros2_ws/install/franka_example_controllers:/home/raiaan/franka_ros2_ws/install/franka_semantic_components:/home/raiaan/franka_ros2_ws/install/franka_gazebo_bringup:/home/raiaan/franka_ros2_ws/install/franka_ign_ros2_control:/home/raiaan/franka_ros2_ws/install/franka_fr3_moveit_config:/home/raiaan/franka_ros2_ws/install/franka_gripper:/home/raiaan/franka_ros2_ws/install/integration_launch_testing:/home/raiaan/franka_ros2_ws/install/franka_description:/opt/ros/humble LD_LIBRARY_PATH=/home/raiaan/franka_ros2_ws/install/franka_hardware/lib:/home/raiaan/franka_ros2_ws/install/libfranka/lib:/home/raiaan/franka_ros2_ws/install/franka_msgs/lib:/home/raiaan/franka_ros2_ws/install/franka_robot_state_broadcaster/lib:/home/raiaan/franka_ros2_ws/install/franka_mobile_example_controllers/lib:/home/raiaan/franka_ros2_ws/install/franka_example_controllers/lib:/home/raiaan/franka_ros2_ws/install/franka_semantic_components/lib:/home/raiaan/franka_ros2_ws/install/franka_ign_ros2_control/lib:/home/raiaan/franka_ros2_ws/install/franka_gripper/lib:/home/raiaan/franka_ros2_ws/install/integration_launch_testing/lib:/opt/ros/humble/opt/rviz_ogre_vendor/lib:/opt/ros/humble/lib/x86_64-linux-gnu:/opt/ros/humble/lib /usr/bin/cmake --install /home/raiaan/franka_ros2_ws/build/franka_ign_ros2_control
