[0.012s] Invoking command in '/home/raiaan/franka_ros2_ws/build/libfranka': CMAKE_PREFIX_PATH=${CMAKE_PREFIX_PATH}:/opt/ros/humble /usr/bin/cmake /home/raiaan/franka_ros2_ws/src/libfranka -DCMAKE_INSTALL_PREFIX=/home/raiaan/franka_ros2_ws/install/libfranka
[5.259s] -- pinocchio_default FOUND. pinocchio_default at /opt/ros/humble/lib/x86_64-linux-gnu/libpinocchio_default.so
[5.259s] -- pinocchio_parsers FOUND. pinocchio_parsers at /opt/ros/humble/lib/x86_64-linux-gnu/libpinocchio_parsers.so
[5.260s] -- boost_filesystem FOUND. boost_filesystem at /lib/x86_64-linux-gnu/libboost_filesystem.so
[5.281s] -- Found Boost: /usr/include (found version "1.74.0") found components: filesystem serialization system 
[5.285s] -- eigenpy FOUND. eigenpy at /opt/ros/humble/lib/x86_64-linux-gnu/libeigenpy.so
[93.272s] -- PythonLibraryDirs: 
[93.272s] -- PythonLibVersionString: 3.10.12
[93.288s] -- Python site lib: lib/python3.10/site-packages
[93.288s] -- Python include dirs: /usr/include/python3.10
[93.322s] -- Checking for NumPy
[93.408s] --   NUMPY_INCLUDE_DIRS=/usr/lib/python3/dist-packages/numpy/core/include
[93.495s] --   NUMPY_VERSION=1.21.5
[93.498s] -- NumPy include dir: /usr/lib/python3/dist-packages/numpy/core/include
[93.499s] [33mCMake Warning at /usr/share/cmake-3.22/Modules/FindBoost.cmake:2201 (message):
[93.499s]   No header defined for python310; skipping header check (note: header-only
[93.499s]   libraries have no designated component)
[93.499s] Call Stack (most recent call first):
[93.499s]   /opt/ros/humble/lib/x86_64-linux-gnu/cmake/eigenpy/boost.cmake:148 (find_package)
[93.499s]   /opt/ros/humble/lib/x86_64-linux-gnu/cmake/eigenpy/eigenpyConfig.cmake:149 (SEARCH_FOR_BOOST_PYTHON)
[93.499s]   /usr/share/cmake-3.22/Modules/CMakeFindDependencyMacro.cmake:47 (find_package)
[93.499s]   /opt/ros/humble/lib/x86_64-linux-gnu/cmake/pinocchio/pinocchioConfig.cmake:161 (find_dependency)
[93.499s]   CMakeLists.txt:54 (find_package)
[93.499s] 
[93.499s] [0m
[93.499s] -- Found Boost: /usr/include (found version "1.74.0") found components: python310 
[94.299s] -- Default C++ standard: 201703
[94.299s] -- C++ standard sufficient: Minimal required 11, currently defined: 17
[94.301s] -- hpp-fcl FOUND. hpp-fcl at /opt/ros/humble/lib/x86_64-linux-gnu/libhpp-fcl.so
[94.307s] -- Found Boost: /usr/include (found version "1.74.0") found components: chrono serialization filesystem 
[94.308s] -- C++ standard sufficient: Minimal required 11, currently defined: 17
[94.309s] -- C++ standard sufficient: Minimal required 11, currently defined: 17
[101.392s] -- Found fmt: 8.1.1
[101.396s] -- Found fmt: 8.1.1
[101.411s] -- .git directory found, setting version from latest git tag
[101.415s] -- libfranka version: 0.20.4, Package tag: 0.20.4
[101.457s] -- Configuring done
[101.498s] -- Generating done
[101.511s] -- Build files have been written to: /home/raiaan/franka_ros2_ws/build/libfranka
[101.517s] Invoked command in '/home/raiaan/franka_ros2_ws/build/libfranka' returned '0': CMAKE_PREFIX_PATH=${CMAKE_PREFIX_PATH}:/opt/ros/humble /usr/bin/cmake /home/raiaan/franka_ros2_ws/src/libfranka -DCMAKE_INSTALL_PREFIX=/home/raiaan/franka_ros2_ws/install/libfranka
[101.520s] Invoking command in '/home/raiaan/franka_ros2_ws/build/libfranka': CMAKE_PREFIX_PATH=${CMAKE_PREFIX_PATH}:/opt/ros/humble /usr/bin/cmake --build /home/raiaan/franka_ros2_ws/build/libfranka -- -j6 -l6
[101.566s] [35m[1mConsolidate compiler generated dependencies of target franka[0m
[101.611s] [ 37%] Built target franka
[101.621s] [35m[1mConsolidate compiler generated dependencies of target examples_common[0m
[101.634s] [ 40%] Built target examples_common
[101.652s] [35m[1mConsolidate compiler generated dependencies of target async_position_control[0m
[101.652s] [35m[1mConsolidate compiler generated dependencies of target cartesian_impedance_control[0m
[101.652s] [35m[1mConsolidate compiler generated dependencies of target communication_test[0m
[101.652s] [35m[1mConsolidate compiler generated dependencies of target echo_robot_state[0m
[101.653s] [35m[1mConsolidate compiler generated dependencies of target generate_cartesian_pose_motion[0m
[101.657s] [35m[1mConsolidate compiler generated dependencies of target force_control[0m
[101.664s] [ 42%] Built target async_position_control
[101.664s] [ 45%] Built target cartesian_impedance_control
[101.665s] [ 48%] Built target echo_robot_state
[101.667s] [ 50%] Built target generate_cartesian_pose_motion
[101.668s] [ 53%] Built target communication_test
[101.673s] [ 55%] Built target force_control
[101.675s] [35m[1mConsolidate compiler generated dependencies of target generate_cartesian_velocity_motion[0m
[101.676s] [35m[1mConsolidate compiler generated dependencies of target generate_cartesian_pose_motion_external_control_loop[0m
[101.677s] [35m[1mConsolidate compiler generated dependencies of target generate_cartesian_velocity_motion_external_control_loop[0m
[101.681s] [35m[1mConsolidate compiler generated dependencies of target generate_consecutive_motions[0m
[101.681s] [35m[1mConsolidate compiler generated dependencies of target generate_elbow_motion[0m
[101.685s] [35m[1mConsolidate compiler generated dependencies of target generate_joint_position_motion[0m
[101.692s] [ 58%] Built target generate_cartesian_velocity_motion
[101.692s] [ 61%] Built target generate_cartesian_pose_motion_external_control_loop
[101.694s] [ 66%] Built target generate_elbow_motion
[101.694s] [ 66%] Built target generate_cartesian_velocity_motion_external_control_loop
[101.701s] [35m[1mConsolidate compiler generated dependencies of target generate_joint_position_motion_external_control_loop[0m
[101.701s] [ 68%] Built target generate_consecutive_motions
[101.702s] [35m[1mConsolidate compiler generated dependencies of target generate_joint_velocity_motion_external_control_loop[0m
[101.702s] [35m[1mConsolidate compiler generated dependencies of target generate_joint_velocity_motion[0m
[101.703s] [ 71%] Built target generate_joint_position_motion
[101.705s] [35m[1mConsolidate compiler generated dependencies of target grasp_object[0m
[101.714s] [35m[1mConsolidate compiler generated dependencies of target joint_point_to_point_motion[0m
[101.714s] [35m[1mConsolidate compiler generated dependencies of target joint_impedance_control[0m
[101.716s] [ 75%] Built target generate_joint_velocity_motion
[101.717s] [ 76%] Built target generate_joint_position_motion_external_control_loop
[101.717s] [ 79%] Built target grasp_object
[101.720s] [ 81%] Built target generate_joint_velocity_motion_external_control_loop
[101.725s] [ 84%] Built target joint_impedance_control
[101.726s] [ 87%] Built target joint_point_to_point_motion
[101.726s] [35m[1mConsolidate compiler generated dependencies of target motion_with_control_external_control_loop[0m
[101.727s] [35m[1mConsolidate compiler generated dependencies of target motion_with_control[0m
[101.732s] [35m[1mConsolidate compiler generated dependencies of target vacuum_object[0m
[101.734s] [35m[1mConsolidate compiler generated dependencies of target print_joint_poses[0m
[101.736s] [35m[1mConsolidate compiler generated dependencies of target logging_example[0m
[101.739s] [ 89%] Built target motion_with_control_external_control_loop
[101.739s] [ 92%] Built target motion_with_control
[101.746s] [ 96%] Built target print_joint_poses
[101.746s] [ 97%] Built target vacuum_object
[101.748s] [100%] Built target logging_example
[101.760s] Invoked command in '/home/raiaan/franka_ros2_ws/build/libfranka' returned '0': CMAKE_PREFIX_PATH=${CMAKE_PREFIX_PATH}:/opt/ros/humble /usr/bin/cmake --build /home/raiaan/franka_ros2_ws/build/libfranka -- -j6 -l6
[101.762s] Invoking command in '/home/raiaan/franka_ros2_ws/build/libfranka': CMAKE_PREFIX_PATH=${CMAKE_PREFIX_PATH}:/opt/ros/humble /usr/bin/cmake --install /home/raiaan/franka_ros2_ws/build/libfranka
[101.769s] -- Install configuration: "Release"
[101.769s] -- Up-to-date: /home/raiaan/franka_ros2_ws/install/libfranka/lib/libfranka.so.0.20.4
[101.769s] -- Up-to-date: /home/raiaan/franka_ros2_ws/install/libfranka/lib/libfranka.so.0.20
[101.770s] -- Up-to-date: /home/raiaan/franka_ros2_ws/install/libfranka/lib/libfranka.so
[101.770s] -- Up-to-date: /home/raiaan/franka_ros2_ws/install/libfranka/include
[101.770s] -- Up-to-date: /home/raiaan/franka_ros2_ws/install/libfranka/include/franka
[101.770s] -- Up-to-date: /home/raiaan/franka_ros2_ws/install/libfranka/include/franka/active_control.h
[101.770s] -- Up-to-date: /home/raiaan/franka_ros2_ws/install/libfranka/include/franka/joint_velocity_limits.h
[101.770s] -- Up-to-date: /home/raiaan/franka_ros2_ws/install/libfranka/include/franka/vacuum_gripper.h
[101.771s] -- Up-to-date: /home/raiaan/franka_ros2_ws/install/libfranka/include/franka/control_types.h
[101.771s] -- Up-to-date: /home/raiaan/franka_ros2_ws/install/libfranka/include/franka/active_motion_generator.h
[101.771s] -- Up-to-date: /home/raiaan/franka_ros2_ws/install/libfranka/include/franka/active_torque_control.h
[101.771s] -- Up-to-date: /home/raiaan/franka_ros2_ws/install/libfranka/include/franka/exception.h
[101.771s] -- Up-to-date: /home/raiaan/franka_ros2_ws/install/libfranka/include/franka/gripper.h
[101.771s] -- Up-to-date: /home/raiaan/franka_ros2_ws/install/libfranka/include/franka/duration.h
[101.771s] -- Up-to-date: /home/raiaan/franka_ros2_ws/install/libfranka/include/franka/async_control
[101.771s] -- Up-to-date: /home/raiaan/franka_ros2_ws/install/libfranka/include/franka/async_control/target_status.hpp
[101.771s] -- Up-to-date: /home/raiaan/franka_ros2_ws/install/libfranka/include/franka/async_control/async_position_control_handler.hpp
[101.772s] -- Up-to-date: /home/raiaan/franka_ros2_ws/install/libfranka/include/franka/rate_limiting.h
[101.772s] -- Up-to-date: /home/raiaan/franka_ros2_ws/install/libfranka/include/franka/logging
[101.772s] -- Up-to-date: /home/raiaan/franka_ros2_ws/install/libfranka/include/franka/logging/cout_logging_sink.hpp
[101.772s] -- Up-to-date: /home/raiaan/franka_ros2_ws/install/libfranka/include/franka/logging/logger.hpp
[101.772s] -- Up-to-date: /home/raiaan/franka_ros2_ws/install/libfranka/include/franka/logging/robot_state_log.hpp
[101.772s] -- Up-to-date: /home/raiaan/franka_ros2_ws/install/libfranka/include/franka/logging/logging_sink_interface.hpp
[101.772s] -- Up-to-date: /home/raiaan/franka_ros2_ws/install/libfranka/include/franka/errors.h
[101.773s] -- Up-to-date: /home/raiaan/franka_ros2_ws/install/libfranka/include/franka/active_control_base.h
[101.773s] -- Up-to-date: /home/raiaan/franka_ros2_ws/install/libfranka/include/franka/commands
[101.773s] -- Up-to-date: /home/raiaan/franka_ros2_ws/install/libfranka/include/franka/commands/get_robot_model_command.hpp
[101.773s] -- Up-to-date: /home/raiaan/franka_ros2_ws/install/libfranka/include/franka/robot.h
[101.773s] -- Up-to-date: /home/raiaan/franka_ros2_ws/install/libfranka/include/franka/control_tools.h
[101.773s] -- Up-to-date: /home/raiaan/franka_ros2_ws/install/libfranka/include/franka/robot_state.h
[101.773s] -- Up-to-date: /home/raiaan/franka_ros2_ws/install/libfranka/include/franka/vacuum_gripper_state.h
[101.773s] -- Up-to-date: /home/raiaan/franka_ros2_ws/install/libfranka/include/franka/lowpass_filter.h
[101.773s] -- Up-to-date: /home/raiaan/franka_ros2_ws/install/libfranka/include/franka/robot_model_base.h
[101.774s] -- Up-to-date: /home/raiaan/franka_ros2_ws/install/libfranka/include/franka/robot_model.h
[101.774s] -- Up-to-date: /home/raiaan/franka_ros2_ws/install/libfranka/include/franka/gripper_state.h
[101.774s] -- Up-to-date: /home/raiaan/franka_ros2_ws/install/libfranka/include/franka/model.h
[101.774s] -- Up-to-date: /home/raiaan/franka_ros2_ws/install/libfranka/include
[101.774s] -- Up-to-date: /home/raiaan/franka_ros2_ws/install/libfranka/include/research_interface
[101.774s] -- Up-to-date: /home/raiaan/franka_ros2_ws/install/libfranka/include/research_interface/robot
[101.774s] -- Up-to-date: /home/raiaan/franka_ros2_ws/install/libfranka/include/research_interface/robot/rbk_types.h
[101.774s] -- Up-to-date: /home/raiaan/franka_ros2_ws/install/libfranka/include/research_interface/robot/service_types.h
[101.774s] -- Up-to-date: /home/raiaan/franka_ros2_ws/install/libfranka/include/research_interface/robot/error.h
[101.774s] -- Up-to-date: /home/raiaan/franka_ros2_ws/install/libfranka/include/research_interface/robot/service_traits.h
[101.774s] -- Up-to-date: /home/raiaan/franka_ros2_ws/install/libfranka/include/research_interface/gripper
[101.775s] -- Up-to-date: /home/raiaan/franka_ros2_ws/install/libfranka/include/research_interface/gripper/types.h
[101.775s] -- Up-to-date: /home/raiaan/franka_ros2_ws/install/libfranka/include/research_interface/vacuum_gripper
[101.775s] -- Up-to-date: /home/raiaan/franka_ros2_ws/install/libfranka/include/research_interface/vacuum_gripper/types.h
[101.775s] -- Up-to-date: /home/raiaan/franka_ros2_ws/install/libfranka/lib/cmake/Franka/FrankaConfig.cmake
[101.775s] -- Up-to-date: /home/raiaan/franka_ros2_ws/install/libfranka/lib/cmake/Franka/FrankaConfigVersion.cmake
[101.775s] -- Up-to-date: /home/raiaan/franka_ros2_ws/install/libfranka/lib/cmake/Franka/FrankaTargets.cmake
[101.775s] -- Up-to-date: /home/raiaan/franka_ros2_ws/install/libfranka/lib/cmake/Franka/FrankaTargets-release.cmake
[101.775s] -- Up-to-date: /home/raiaan/franka_ros2_ws/install/libfranka/bin/async_position_control
[101.775s] -- Up-to-date: /home/raiaan/franka_ros2_ws/install/libfranka/bin/cartesian_impedance_control
[101.775s] -- Up-to-date: /home/raiaan/franka_ros2_ws/install/libfranka/bin/communication_test
[101.775s] -- Up-to-date: /home/raiaan/franka_ros2_ws/install/libfranka/bin/echo_robot_state
[101.776s] -- Up-to-date: /home/raiaan/franka_ros2_ws/install/libfranka/bin/force_control
[101.776s] -- Up-to-date: /home/raiaan/franka_ros2_ws/install/libfranka/bin/generate_cartesian_pose_motion
[101.776s] -- Up-to-date: /home/raiaan/franka_ros2_ws/install/libfranka/bin/generate_cartesian_pose_motion_external_control_loop
[101.776s] -- Up-to-date: /home/raiaan/franka_ros2_ws/install/libfranka/bin/generate_cartesian_velocity_motion
[101.776s] -- Up-to-date: /home/raiaan/franka_ros2_ws/install/libfranka/bin/generate_cartesian_velocity_motion_external_control_loop
[101.776s] -- Up-to-date: /home/raiaan/franka_ros2_ws/install/libfranka/bin/generate_consecutive_motions
[101.776s] -- Up-to-date: /home/raiaan/franka_ros2_ws/install/libfranka/bin/generate_elbow_motion
[101.776s] -- Up-to-date: /home/raiaan/franka_ros2_ws/install/libfranka/bin/generate_joint_position_motion
[101.776s] -- Up-to-date: /home/raiaan/franka_ros2_ws/install/libfranka/bin/generate_joint_position_motion_external_control_loop
[101.776s] -- Up-to-date: /home/raiaan/franka_ros2_ws/install/libfranka/bin/generate_joint_velocity_motion
[101.777s] -- Up-to-date: /home/raiaan/franka_ros2_ws/install/libfranka/bin/generate_joint_velocity_motion_external_control_loop
[101.777s] -- Up-to-date: /home/raiaan/franka_ros2_ws/install/libfranka/bin/grasp_object
[101.777s] -- Up-to-date: /home/raiaan/franka_ros2_ws/install/libfranka/bin/joint_impedance_control
[101.777s] -- Up-to-date: /home/raiaan/franka_ros2_ws/install/libfranka/bin/joint_point_to_point_motion
[101.777s] -- Up-to-date: /home/raiaan/franka_ros2_ws/install/libfranka/bin/motion_with_control
[101.777s] -- Up-to-date: /home/raiaan/franka_ros2_ws/install/libfranka/bin/motion_with_control_external_control_loop
[101.777s] -- Up-to-date: /home/raiaan/franka_ros2_ws/install/libfranka/bin/print_joint_poses
[101.777s] -- Up-to-date: /home/raiaan/franka_ros2_ws/install/libfranka/bin/vacuum_object
[101.777s] -- Up-to-date: /home/raiaan/franka_ros2_ws/install/libfranka/bin/logging_example
[101.778s] Invoked command in '/home/raiaan/franka_ros2_ws/build/libfranka' returned '0': CMAKE_PREFIX_PATH=${CMAKE_PREFIX_PATH}:/opt/ros/humble /usr/bin/cmake --install /home/raiaan/franka_ros2_ws/build/libfranka
