-- Install configuration: ""
-- Execute custom install script
-- Up-to-date symlink: /home/raiaan/franka_ros2_ws/install/franka_fr3_moveit_config/share/franka_fr3_moveit_config/config/fr3_controllers.yaml
-- Up-to-date symlink: /home/raiaan/franka_ros2_ws/install/franka_fr3_moveit_config/share/franka_fr3_moveit_config/config/fr3_ros_controllers.yaml
-- Up-to-date symlink: /home/raiaan/franka_ros2_ws/install/franka_fr3_moveit_config/share/franka_fr3_moveit_config/config/kinematics.yaml
-- Up-to-date symlink: /home/raiaan/franka_ros2_ws/install/franka_fr3_moveit_config/share/franka_fr3_moveit_config/config/ompl_planning.yaml
-- Up-to-date symlink: /home/raiaan/franka_ros2_ws/install/franka_fr3_moveit_config/share/franka_fr3_moveit_config/launch/move_group.launch.py
-- Up-to-date symlink: /home/raiaan/franka_ros2_ws/install/franka_fr3_moveit_config/share/franka_fr3_moveit_config/launch/moveit.launch.py
-- Up-to-date symlink: /home/raiaan/franka_ros2_ws/install/franka_fr3_moveit_config/share/franka_fr3_moveit_config/rviz/moveit.rviz
-- Up-to-date symlink: /home/raiaan/franka_ros2_ws/install/franka_fr3_moveit_config/share/ament_index/resource_index/package_run_dependencies/franka_fr3_moveit_config
-- Up-to-date symlink: /home/raiaan/franka_ros2_ws/install/franka_fr3_moveit_config/share/ament_index/resource_index/parent_prefix_path/franka_fr3_moveit_config
-- Up-to-date symlink: /home/raiaan/franka_ros2_ws/install/franka_fr3_moveit_config/share/franka_fr3_moveit_config/environment/ament_prefix_path.sh
-- Up-to-date symlink: /home/raiaan/franka_ros2_ws/install/franka_fr3_moveit_config/share/franka_fr3_moveit_config/environment/ament_prefix_path.dsv
-- Up-to-date symlink: /home/raiaan/franka_ros2_ws/install/franka_fr3_moveit_config/share/franka_fr3_moveit_config/environment/path.sh
-- Up-to-date symlink: /home/raiaan/franka_ros2_ws/install/franka_fr3_moveit_config/share/franka_fr3_moveit_config/environment/path.dsv
-- Up-to-date symlink: /home/raiaan/franka_ros2_ws/install/franka_fr3_moveit_config/share/franka_fr3_moveit_config/local_setup.bash
-- Up-to-date symlink: /home/raiaan/franka_ros2_ws/install/franka_fr3_moveit_config/share/franka_fr3_moveit_config/local_setup.sh
-- Up-to-date symlink: /home/raiaan/franka_ros2_ws/install/franka_fr3_moveit_config/share/franka_fr3_moveit_config/local_setup.zsh
-- Up-to-date symlink: /home/raiaan/franka_ros2_ws/install/franka_fr3_moveit_config/share/franka_fr3_moveit_config/local_setup.dsv
-- Symlinking: /home/raiaan/franka_ros2_ws/install/franka_fr3_moveit_config/share/franka_fr3_moveit_config/package.dsv
-- Up-to-date symlink: /home/raiaan/franka_ros2_ws/install/franka_fr3_moveit_config/share/ament_index/resource_index/packages/franka_fr3_moveit_config
-- Up-to-date symlink: /home/raiaan/franka_ros2_ws/install/franka_fr3_moveit_config/share/franka_fr3_moveit_config/cmake/franka_fr3_moveit_configConfig.cmake
-- Up-to-date symlink: /home/raiaan/franka_ros2_ws/install/franka_fr3_moveit_config/share/franka_fr3_moveit_config/cmake/franka_fr3_moveit_configConfig-version.cmake
-- Up-to-date symlink: /home/raiaan/franka_ros2_ws/install/franka_fr3_moveit_config/share/franka_fr3_moveit_config/package.xml
