[33mCMake Warning at /usr/share/cmake-3.22/Modules/FindBoost.cmake:2201 (message):
  No header defined for python310; skipping header check (note: header-only
  libraries have no designated component)
Call Stack (most recent call first):
  /opt/ros/humble/lib/x86_64-linux-gnu/cmake/eigenpy/boost.cmake:148 (find_package)
  /opt/ros/humble/lib/x86_64-linux-gnu/cmake/eigenpy/eigenpyConfig.cmake:149 (SEARCH_FOR_BOOST_PYTHON)
  /usr/share/cmake-3.22/Modules/CMakeFindDependencyMacro.cmake:47 (find_package)
  /opt/ros/humble/lib/x86_64-linux-gnu/cmake/pinocchio/pinocchioConfig.cmake:161 (find_dependency)
  CMakeLists.txt:25 (find_package)

[0m
In file included from [01m[K/home/raiaan/franka_ros2_ws/install/franka_semantic_components/include/franka_semantic_components/franka_robot_model.hpp:23[m[K,
                 from [01m[K/home/raiaan/franka_ros2_ws/src/franka_ros2/franka_example_controllers/include/franka_example_controllers/joint_impedance_with_ik_example_controller.hpp:25[m[K,
                 from [01m[K/home/raiaan/franka_ros2_ws/src/franka_ros2/franka_example_controllers/src/joint_impedance_with_ik_example_controller.cpp:16[m[K:
[01m[K/home/raiaan/franka_ros2_ws/install/franka_hardware/include/franka_hardware/model.hpp:[m[K In member function ‘[01m[Kstd::array<double, 7> franka_hardware::Model::coriolis(const std::array<double, 7>&, const std::array<double, 7>&, const std::array<double, 9>&, double, const std::array<double, 3>&) const[m[K’:
[01m[K/home/raiaan/franka_ros2_ws/install/franka_hardware/include/franka_hardware/model.hpp:141:28:[m[K [01;35m[Kwarning: [m[K‘[01m[Kstd::array<double, 7> franka::Model::coriolis(const std::array<double, 7>&, const std::array<double, 7>&, const std::array<double, 9>&, double, const std::array<double, 3>&) const[m[K’ is deprecated: Use coriolis(q, dq, i_total, m_total, f_x_ctotal, g_earth) instead [[01;35m[K]8;;https://gcc.gnu.org/onlinedocs/gcc/Warning-Options.html#index-Wdeprecated-declarations-Wdeprecated-declarations]8;;[m[K]
  141 |     return [01;35m[Kmodel_->coriolis(q, dq, I_total, m_total, F_x_Ctotal)[m[K;
      |            [01;35m[K~~~~~~~~~~~~~~~~^~~~~~~~~~~~~~~~~~~~~~~~~~~~~~~~~~~~~[m[K
In file included from [01m[K/home/raiaan/franka_ros2_ws/install/franka_hardware/include/franka_hardware/model.hpp:19[m[K,
                 from [01m[K/home/raiaan/franka_ros2_ws/install/franka_semantic_components/include/franka_semantic_components/franka_robot_model.hpp:23[m[K,
                 from [01m[K/home/raiaan/franka_ros2_ws/src/franka_ros2/franka_example_controllers/include/franka_example_controllers/joint_impedance_with_ik_example_controller.hpp:25[m[K,
                 from [01m[K/home/raiaan/franka_ros2_ws/src/franka_ros2/franka_example_controllers/src/joint_impedance_with_ik_example_controller.cpp:16[m[K:
[01m[K/home/raiaan/franka_ros2_ws/install/libfranka/include/franka/model.h:247:3:[m[K [01;36m[Knote: [m[Kdeclared here
  247 |   [01;36m[Kcoriolis[m[K(const std::array<double, 7>& q,        // NOLINT(readability-identifier-length)
      |   [01;36m[K^~~~~~~~[m[K
In file included from [01m[K/home/raiaan/franka_ros2_ws/install/franka_semantic_components/include/franka_semantic_components/franka_robot_model.hpp:23[m[K,
                 from [01m[K/home/raiaan/franka_ros2_ws/src/franka_ros2/franka_example_controllers/include/franka_example_controllers/model_example_controller.hpp:22[m[K,
                 from [01m[K/home/raiaan/franka_ros2_ws/src/franka_ros2/franka_example_controllers/src/model_example_controller.cpp:15[m[K:
[01m[K/home/raiaan/franka_ros2_ws/install/franka_hardware/include/franka_hardware/model.hpp:[m[K In member function ‘[01m[Kstd::array<double, 7> franka_hardware::Model::coriolis(const std::array<double, 7>&, const std::array<double, 7>&, const std::array<double, 9>&, double, const std::array<double, 3>&) const[m[K’:
[01m[K/home/raiaan/franka_ros2_ws/install/franka_hardware/include/franka_hardware/model.hpp:141:28:[m[K [01;35m[Kwarning: [m[K‘[01m[Kstd::array<double, 7> franka::Model::coriolis(const std::array<double, 7>&, const std::array<double, 7>&, const std::array<double, 9>&, double, const std::array<double, 3>&) const[m[K’ is deprecated: Use coriolis(q, dq, i_total, m_total, f_x_ctotal, g_earth) instead [[01;35m[K]8;;https://gcc.gnu.org/onlinedocs/gcc/Warning-Options.html#index-Wdeprecated-declarations-Wdeprecated-declarations]8;;[m[K]
  141 |     return [01;35m[Kmodel_->coriolis(q, dq, I_total, m_total, F_x_Ctotal)[m[K;
      |            [01;35m[K~~~~~~~~~~~~~~~~^~~~~~~~~~~~~~~~~~~~~~~~~~~~~~~~~~~~~[m[K
In file included from [01m[K/home/raiaan/franka_ros2_ws/install/franka_hardware/include/franka_hardware/model.hpp:19[m[K,
                 from [01m[K/home/raiaan/franka_ros2_ws/install/franka_semantic_components/include/franka_semantic_components/franka_robot_model.hpp:23[m[K,
                 from [01m[K/home/raiaan/franka_ros2_ws/src/franka_ros2/franka_example_controllers/include/franka_example_controllers/model_example_controller.hpp:22[m[K,
                 from [01m[K/home/raiaan/franka_ros2_ws/src/franka_ros2/franka_example_controllers/src/model_example_controller.cpp:15[m[K:
[01m[K/home/raiaan/franka_ros2_ws/install/libfranka/include/franka/model.h:247:3:[m[K [01;36m[Knote: [m[Kdeclared here
  247 |   [01;36m[Kcoriolis[m[K(const std::array<double, 7>& q,        // NOLINT(readability-identifier-length)
      |   [01;36m[K^~~~~~~~[m[K
