[2.935s] Invoking command in '/home/raiaan/franka_ros2_ws/build/franka_example_controllers': AMENT_PREFIX_PATH=/home/raiaan/franka_ros2_ws/install/franka_semantic_components:/home/raiaan/franka_ros2_ws/install/franka_hardware:/home/raiaan/franka_ros2_ws/install/franka_msgs:${AMENT_PREFIX_PATH} CMAKE_PREFIX_PATH=/home/raiaan/franka_ros2_ws/install/franka_semantic_components:/home/raiaan/franka_ros2_ws/install/franka_hardware:/home/raiaan/franka_ros2_ws/install/libfranka:/home/raiaan/franka_ros2_ws/install/franka_msgs:/opt/ros/humble LD_LIBRARY_PATH=/home/raiaan/franka_ros2_ws/install/franka_semantic_components/lib:/home/raiaan/franka_ros2_ws/install/franka_hardware/lib:/home/raiaan/franka_ros2_ws/install/libfranka/lib:/home/raiaan/franka_ros2_ws/install/franka_msgs/lib:${LD_LIBRARY_PATH} PATH=/home/raiaan/franka_ros2_ws/install/libfranka/bin:${PATH} PKG_CONFIG_PATH=/home/raiaan/franka_ros2_ws/install/libfranka/lib/x86_64-linux-gnu/pkgconfig:/home/raiaan/franka_ros2_ws/install/libfranka/lib/pkgconfig PYTHONPATH=/home/raiaan/franka_ros2_ws/install/franka_msgs/local/lib/python3.10/dist-packages:${PYTHONPATH} /usr/bin/cmake /home/raiaan/franka_ros2_ws/src/franka_ros2/franka_example_controllers -DAMENT_CMAKE_SYMLINK_INSTALL=1 -DCMAKE_INSTALL_PREFIX=/home/raiaan/franka_ros2_ws/install/franka_example_controllers
[3.515s] -- The C compiler identification is GNU 11.4.0
[6.225s] -- The CXX compiler identification is GNU 11.4.0
[8.346s] -- Detecting C compiler ABI info
[8.896s] -- Detecting C compiler ABI info - done
[8.903s] -- Check for working C compiler: /usr/bin/cc - skipped
[8.903s] -- Detecting C compile features
[8.903s] -- Detecting C compile features - done
[8.906s] -- Detecting CXX compiler ABI info
[9.473s] -- Detecting CXX compiler ABI info - done
[9.479s] -- Check for working CXX compiler: /usr/bin/c++ - skipped
[9.479s] -- Detecting CXX compile features
[9.479s] -- Detecting CXX compile features - done
[9.481s] -- Found ament_cmake: 1.3.12 (/opt/ros/humble/share/ament_cmake/cmake)
[9.610s] -- Found Python3: /usr/bin/python3 (found version "3.10.12") found components: Interpreter 
[9.663s] -- Override CMake install command with custom implementation using symlinks instead of copying resources
[9.687s] -- Found ament_index_cpp: 1.4.0 (/opt/ros/humble/share/ament_index_cpp/cmake)
[9.689s] -- Found controller_interface: 2.53.0 (/opt/ros/humble/share/controller_interface/cmake)
[10.491s] -- Found rosidl_generator_c: 3.1.8 (/opt/ros/humble/share/rosidl_generator_c/cmake)
[10.495s] -- Found rosidl_adapter: 3.1.8 (/opt/ros/humble/share/rosidl_adapter/cmake)
[10.502s] -- Found rosidl_generator_cpp: 3.1.8 (/opt/ros/humble/share/rosidl_generator_cpp/cmake)
[10.512s] -- Using all available rosidl_typesupport_c: rosidl_typesupport_fastrtps_c;rosidl_typesupport_introspection_c
[10.525s] -- Using all available rosidl_typesupport_cpp: rosidl_typesupport_fastrtps_cpp;rosidl_typesupport_introspection_cpp
[18.308s] -- Found rmw_implementation_cmake: 6.1.2 (/opt/ros/humble/share/rmw_implementation_cmake/cmake)
[18.310s] -- Found rmw_fastrtps_cpp: 6.2.9 (/opt/ros/humble/share/rmw_fastrtps_cpp/cmake)
[18.335s] -- Found TinyXML2 via Config file: TinyXML2_DIR-NOTFOUND
[18.384s] -- Found OpenSSL: /usr/lib/x86_64-linux-gnu/libcrypto.so (found version "3.0.2")  
[18.386s] -- Found TinyXML2 via Config file: TinyXML2_DIR-NOTFOUND
[19.576s] -- Found FastRTPS: /opt/ros/humble/include  
[19.579s] -- Found TinyXML2 via Config file: TinyXML2_DIR-NOTFOUND
[19.588s] -- Found TinyXML2 via Config file: TinyXML2_DIR-NOTFOUND
[20.147s] -- Using RMW implementation 'rmw_fastrtps_cpp' as default
[20.155s] -- Looking for pthread.h
[20.758s] -- Looking for pthread.h - found
[20.758s] -- Performing Test CMAKE_HAVE_LIBC_PTHREAD
[21.489s] -- Performing Test CMAKE_HAVE_LIBC_PTHREAD - Success
[21.490s] -- Found Threads: TRUE  
[21.529s] -- Found franka_msgs: 2.2.0 (/home/raiaan/franka_ros2_ws/install/franka_msgs/share/franka_msgs/cmake)
[21.548s] -- Found franka_semantic_components: 2.2.0 (/home/raiaan/franka_ros2_ws/install/franka_semantic_components/share/franka_semantic_components/cmake)
[21.575s] -- Found moveit_core: 2.5.9 (/opt/ros/humble/share/moveit_core/cmake)
[21.656s] -- Found Boost: /usr/lib/x86_64-linux-gnu/cmake/Boost-1.74.0/BoostConfig.cmake (found version "1.74.0") found components: chrono date_time filesystem iostreams program_options regex serialization system thread 
[29.548s] -- Found parameter_traits: 0.6.0 (/opt/ros/humble/share/parameter_traits/cmake)
[29.565s] -- Found Boost: /usr/lib/x86_64-linux-gnu/cmake/Boost-1.74.0/BoostConfig.cmake (found version "1.74.0") found components: filesystem 
[36.123s] -- library: /usr/lib/x86_64-linux-gnu/libcurl.so
[36.441s] -- Found Eigen3: TRUE (found version "3.4.0") 
[36.441s] -- Ensuring Eigen3 include directory is part of orocos-kdl CMake target
[36.664s] -- pinocchio_default FOUND. pinocchio_default at /opt/ros/humble/lib/x86_64-linux-gnu/libpinocchio_default.so
[36.664s] -- pinocchio_parsers FOUND. pinocchio_parsers at /opt/ros/humble/lib/x86_64-linux-gnu/libpinocchio_parsers.so
[36.665s] -- boost_filesystem FOUND. boost_filesystem at /lib/x86_64-linux-gnu/libboost_filesystem.so
[36.676s] -- Found Boost: /usr/include (found version "1.74.0") found components: filesystem serialization system 
[36.678s] -- eigenpy FOUND. eigenpy at /opt/ros/humble/lib/x86_64-linux-gnu/libeigenpy.so
[36.699s] -- Checking for NumPy
[36.885s] --   NUMPY_INCLUDE_DIRS=/usr/lib/python3/dist-packages/numpy/core/include
[36.972s] --   NUMPY_VERSION=1.21.5
[37.192s] -- Found Python3: /usr/bin/python3 (found version "3.10.12") found components: Interpreter Development.Module NumPy 
[37.192s] -- PythonLibraryDirs: 
[37.192s] -- PythonLibVersionString: 3.10.12
[37.209s] -- Python site lib: lib/python3.10/site-packages
[37.209s] -- Python include dirs: /usr/include/python3.10
[37.242s] -- Checking for NumPy
[37.328s] --   NUMPY_INCLUDE_DIRS=/usr/lib/python3/dist-packages/numpy/core/include
[37.411s] --   NUMPY_VERSION=1.21.5
[37.411s] -- NumPy include dir: /usr/lib/python3/dist-packages/numpy/core/include
[37.416s] [33mCMake Warning at /usr/share/cmake-3.22/Modules/FindBoost.cmake:2201 (message):
[37.416s]   No header defined for python310; skipping header check (note: header-only
[37.416s]   libraries have no designated component)
[37.416s] Call Stack (most recent call first):
[37.416s]   /opt/ros/humble/lib/x86_64-linux-gnu/cmake/eigenpy/boost.cmake:148 (find_package)
[37.416s]   /opt/ros/humble/lib/x86_64-linux-gnu/cmake/eigenpy/eigenpyConfig.cmake:149 (SEARCH_FOR_BOOST_PYTHON)
[37.416s]   /usr/share/cmake-3.22/Modules/CMakeFindDependencyMacro.cmake:47 (find_package)
[37.416s]   /opt/ros/humble/lib/x86_64-linux-gnu/cmake/pinocchio/pinocchioConfig.cmake:161 (find_dependency)
[37.416s]   CMakeLists.txt:25 (find_package)
[37.417s] 
[37.417s] [0m
[37.419s] -- Found Boost: /usr/include (found version "1.74.0") found components: python310 
[38.182s] -- Default C++ standard: 201703
[38.182s] -- Minimal C++ standard upgraded to 11
[38.182s] -- C++ standard sufficient: Minimal required 11, currently defined: 17
[38.184s] -- hpp-fcl FOUND. hpp-fcl at /opt/ros/humble/lib/x86_64-linux-gnu/libhpp-fcl.so
[38.191s] -- Found Boost: /usr/include (found version "1.74.0") found components: chrono serialization filesystem 
[38.193s] -- C++ standard sufficient: Minimal required 11, currently defined: 17
[38.194s] -- C++ standard sufficient: Minimal required 11, currently defined: 17
[38.196s] -- Found std_srvs: 4.9.0 (/opt/ros/humble/share/std_srvs/cmake)
[38.219s] -- Found ament_cmake_clang_format: 0.12.14 (/opt/ros/humble/share/ament_cmake_clang_format/cmake)
[38.220s] -- Found ament_cmake_copyright: 0.12.14 (/opt/ros/humble/share/ament_cmake_copyright/cmake)
[38.222s] -- Found ament_cmake_cppcheck: 0.12.14 (/opt/ros/humble/share/ament_cmake_cppcheck/cmake)
[38.223s] -- Found ament_cmake_flake8: 0.12.14 (/opt/ros/humble/share/ament_cmake_flake8/cmake)
[38.224s] -- Found ament_cmake_lint_cmake: 0.12.14 (/opt/ros/humble/share/ament_cmake_lint_cmake/cmake)
[38.226s] -- Found ament_cmake_pep257: 0.12.14 (/opt/ros/humble/share/ament_cmake_pep257/cmake)
[38.227s] -- Found ament_cmake_xmllint: 0.12.14 (/opt/ros/humble/share/ament_cmake_xmllint/cmake)
[38.229s] -- Found ament_cmake_gmock: 1.3.12 (/opt/ros/humble/share/ament_cmake_gmock/cmake)
[38.230s] -- Found controller_manager: 2.53.0 (/opt/ros/humble/share/controller_manager/cmake)
[38.251s] -- Found ros2_control_test_assets: 2.53.0 (/opt/ros/humble/share/ros2_control_test_assets/cmake)
[38.256s] -- Found gmock sources under '/opt/ros/humble/src/gmock_vendor': C++ tests using 'Google Mock' will be built
[38.261s] -- Found ament_cmake_gtest: 1.3.12 (/opt/ros/humble/share/ament_cmake_gtest/cmake)
[38.262s] -- Found gtest sources under '/opt/ros/humble/src/gtest_vendor': C++ tests using 'Google Test' will be built
[38.323s] -- Configuring done
[38.426s] -- Generating done
[38.447s] -- Build files have been written to: /home/raiaan/franka_ros2_ws/build/franka_example_controllers
[38.464s] Invoked command in '/home/raiaan/franka_ros2_ws/build/franka_example_controllers' returned '0': AMENT_PREFIX_PATH=/home/raiaan/franka_ros2_ws/install/franka_semantic_components:/home/raiaan/franka_ros2_ws/install/franka_hardware:/home/raiaan/franka_ros2_ws/install/franka_msgs:${AMENT_PREFIX_PATH} CMAKE_PREFIX_PATH=/home/raiaan/franka_ros2_ws/install/franka_semantic_components:/home/raiaan/franka_ros2_ws/install/franka_hardware:/home/raiaan/franka_ros2_ws/install/libfranka:/home/raiaan/franka_ros2_ws/install/franka_msgs:/opt/ros/humble LD_LIBRARY_PATH=/home/raiaan/franka_ros2_ws/install/franka_semantic_components/lib:/home/raiaan/franka_ros2_ws/install/franka_hardware/lib:/home/raiaan/franka_ros2_ws/install/libfranka/lib:/home/raiaan/franka_ros2_ws/install/franka_msgs/lib:${LD_LIBRARY_PATH} PATH=/home/raiaan/franka_ros2_ws/install/libfranka/bin:${PATH} PKG_CONFIG_PATH=/home/raiaan/franka_ros2_ws/install/libfranka/lib/x86_64-linux-gnu/pkgconfig:/home/raiaan/franka_ros2_ws/install/libfranka/lib/pkgconfig PYTHONPATH=/home/raiaan/franka_ros2_ws/install/franka_msgs/local/lib/python3.10/dist-packages:${PYTHONPATH} /usr/bin/cmake /home/raiaan/franka_ros2_ws/src/franka_ros2/franka_example_controllers -DAMENT_CMAKE_SYMLINK_INSTALL=1 -DCMAKE_INSTALL_PREFIX=/home/raiaan/franka_ros2_ws/install/franka_example_controllers
[38.465s] Invoking command in '/home/raiaan/franka_ros2_ws/build/franka_example_controllers': AMENT_PREFIX_PATH=/home/raiaan/franka_ros2_ws/install/franka_semantic_components:/home/raiaan/franka_ros2_ws/install/franka_hardware:/home/raiaan/franka_ros2_ws/install/franka_msgs:${AMENT_PREFIX_PATH} CMAKE_PREFIX_PATH=/home/raiaan/franka_ros2_ws/install/franka_semantic_components:/home/raiaan/franka_ros2_ws/install/franka_hardware:/home/raiaan/franka_ros2_ws/install/libfranka:/home/raiaan/franka_ros2_ws/install/franka_msgs:/opt/ros/humble LD_LIBRARY_PATH=/home/raiaan/franka_ros2_ws/install/franka_semantic_components/lib:/home/raiaan/franka_ros2_ws/install/franka_hardware/lib:/home/raiaan/franka_ros2_ws/install/libfranka/lib:/home/raiaan/franka_ros2_ws/install/franka_msgs/lib:${LD_LIBRARY_PATH} PATH=/home/raiaan/franka_ros2_ws/install/libfranka/bin:${PATH} PKG_CONFIG_PATH=/home/raiaan/franka_ros2_ws/install/libfranka/lib/x86_64-linux-gnu/pkgconfig:/home/raiaan/franka_ros2_ws/install/libfranka/lib/pkgconfig PYTHONPATH=/home/raiaan/franka_ros2_ws/install/franka_msgs/local/lib/python3.10/dist-packages:${PYTHONPATH} /usr/bin/cmake --build /home/raiaan/franka_ros2_ws/build/franka_example_controllers -- -j6 -l6
[38.509s] [ 13%] [32mBuilding CXX object CMakeFiles/franka_example_controllers.dir/src/cartesian_orientation_example_controller.cpp.o[0m
[38.509s] [ 16%] [32mBuilding CXX object gmock/CMakeFiles/gmock.dir/src/gmock-all.cc.o[0m
[38.509s] [ 16%] [32mBuilding CXX object gmock/CMakeFiles/gmock_main.dir/src/gmock_main.cc.o[0m
[38.509s] [ 10%] [32mBuilding CXX object gmock/CMakeFiles/gmock.dir/opt/ros/humble/src/gtest_vendor/src/gtest-all.cc.o[0m
[38.510s] [ 10%] [32mBuilding CXX object CMakeFiles/franka_example_controllers.dir/src/cartesian_elbow_example_controller.cpp.o[0m
[38.513s] [ 20%] [32mBuilding CXX object CMakeFiles/ptp_motion_example_node.dir/src/async_motions/ptp_motion_example_node.cpp.o[0m
[39.707s] [ 23%] [32m[1mLinking CXX static library libgmock_main.a[0m
[39.780s] [ 23%] Built target gmock_main
[39.788s] [ 26%] [32mBuilding CXX object CMakeFiles/franka_example_controllers.dir/src/cartesian_pose_example_controller.cpp.o[0m
[40.398s] [ 30%] [32mBuilding CXX object CMakeFiles/franka_example_controllers.dir/src/cartesian_velocity_example_controller.cpp.o[0m
[41.749s] [ 33%] [32m[1mLinking CXX static library libgmock.a[0m
[41.854s] [ 33%] Built target gmock
[41.862s] [ 36%] [32mBuilding CXX object CMakeFiles/franka_example_controllers.dir/src/elbow_example_controller.cpp.o[0m
[43.021s] [ 40%] [32m[1mLinking CXX executable ptp_motion_example_node[0m
[43.263s] [ 43%] [32mBuilding CXX object CMakeFiles/franka_example_controllers.dir/src/gravity_compensation_example_controller.cpp.o[0m
[43.609s] [ 43%] Built target ptp_motion_example_node
[43.617s] [ 46%] [32mBuilding CXX object CMakeFiles/franka_example_controllers.dir/src/gripper_example_controller.cpp.o[0m
[44.215s] [ 50%] [32mBuilding CXX object CMakeFiles/franka_example_controllers.dir/src/joint_impedance_example_controller.cpp.o[0m
[45.121s] [ 53%] [32mBuilding CXX object CMakeFiles/franka_example_controllers_test.dir/test/test_load_gravity_compensation_controller.cpp.o[0m
[45.247s] [ 56%] [32mBuilding CXX object CMakeFiles/franka_example_controllers_test_load_move_to_start.dir/test/test_load_move_to_start_example_controller.cpp.o[0m
[46.271s] [ 60%] [32mBuilding CXX object CMakeFiles/franka_example_controllers.dir/src/joint_impedance_with_ik_example_controller.cpp.o[0m
[46.447s] [ 63%] [32mBuilding CXX object CMakeFiles/franka_example_controllers.dir/src/joint_position_example_controller.cpp.o[0m
[48.891s] [ 66%] [32mBuilding CXX object CMakeFiles/franka_example_controllers.dir/src/joint_velocity_example_controller.cpp.o[0m
[49.572s] In file included from [01m[K/home/raiaan/franka_ros2_ws/install/franka_semantic_components/include/franka_semantic_components/franka_robot_model.hpp:23[m[K,
[49.572s]                  from [01m[K/home/raiaan/franka_ros2_ws/src/franka_ros2/franka_example_controllers/include/franka_example_controllers/joint_impedance_with_ik_example_controller.hpp:25[m[K,
[49.572s]                  from [01m[K/home/raiaan/franka_ros2_ws/src/franka_ros2/franka_example_controllers/src/joint_impedance_with_ik_example_controller.cpp:16[m[K:
[49.572s] [01m[K/home/raiaan/franka_ros2_ws/install/franka_hardware/include/franka_hardware/model.hpp:[m[K In member function ‘[01m[Kstd::array<double, 7> franka_hardware::Model::coriolis(const std::array<double, 7>&, const std::array<double, 7>&, const std::array<double, 9>&, double, const std::array<double, 3>&) const[m[K’:
[49.572s] [01m[K/home/raiaan/franka_ros2_ws/install/franka_hardware/include/franka_hardware/model.hpp:141:28:[m[K [01;35m[Kwarning: [m[K‘[01m[Kstd::array<double, 7> franka::Model::coriolis(const std::array<double, 7>&, const std::array<double, 7>&, const std::array<double, 9>&, double, const std::array<double, 3>&) const[m[K’ is deprecated: Use coriolis(q, dq, i_total, m_total, f_x_ctotal, g_earth) instead [[01;35m[K]8;;https://gcc.gnu.org/onlinedocs/gcc/Warning-Options.html#index-Wdeprecated-declarations-Wdeprecated-declarations]8;;[m[K]
[49.572s]   141 |     return [01;35m[Kmodel_->coriolis(q, dq, I_total, m_total, F_x_Ctotal)[m[K;
[49.573s]       |            [01;35m[K~~~~~~~~~~~~~~~~^~~~~~~~~~~~~~~~~~~~~~~~~~~~~~~~~~~~~[m[K
[49.573s] In file included from [01m[K/home/raiaan/franka_ros2_ws/install/franka_hardware/include/franka_hardware/model.hpp:19[m[K,
[49.573s]                  from [01m[K/home/raiaan/franka_ros2_ws/install/franka_semantic_components/include/franka_semantic_components/franka_robot_model.hpp:23[m[K,
[49.573s]                  from [01m[K/home/raiaan/franka_ros2_ws/src/franka_ros2/franka_example_controllers/include/franka_example_controllers/joint_impedance_with_ik_example_controller.hpp:25[m[K,
[49.573s]                  from [01m[K/home/raiaan/franka_ros2_ws/src/franka_ros2/franka_example_controllers/src/joint_impedance_with_ik_example_controller.cpp:16[m[K:
[49.573s] [01m[K/home/raiaan/franka_ros2_ws/install/libfranka/include/franka/model.h:247:3:[m[K [01;36m[Knote: [m[Kdeclared here
[49.573s]   247 |   [01;36m[Kcoriolis[m[K(const std::array<double, 7>& q,        // NOLINT(readability-identifier-length)
[49.573s]       |   [01;36m[K^~~~~~~~[m[K
[49.577s] [ 70%] [32mBuilding CXX object CMakeFiles/franka_example_controllers.dir/src/model_example_controller.cpp.o[0m
[50.216s] [ 73%] [32m[1mLinking CXX executable franka_example_controllers_test[0m
[50.260s] [ 76%] [32m[1mLinking CXX executable franka_example_controllers_test_load_move_to_start[0m
[50.881s] [ 76%] Built target franka_example_controllers_test
[50.889s] [ 80%] [32mBuilding CXX object CMakeFiles/franka_example_controllers.dir/src/motion_generator.cpp.o[0m
[50.892s] [ 80%] Built target franka_example_controllers_test_load_move_to_start
[50.899s] [ 83%] [32mBuilding CXX object CMakeFiles/franka_example_controllers.dir/src/move_to_start_example_controller.cpp.o[0m
[52.006s] In file included from [01m[K/home/raiaan/franka_ros2_ws/install/franka_semantic_components/include/franka_semantic_components/franka_robot_model.hpp:23[m[K,
[52.006s]                  from [01m[K/home/raiaan/franka_ros2_ws/src/franka_ros2/franka_example_controllers/include/franka_example_controllers/model_example_controller.hpp:22[m[K,
[52.006s]                  from [01m[K/home/raiaan/franka_ros2_ws/src/franka_ros2/franka_example_controllers/src/model_example_controller.cpp:15[m[K:
[52.006s] [01m[K/home/raiaan/franka_ros2_ws/install/franka_hardware/include/franka_hardware/model.hpp:[m[K In member function ‘[01m[Kstd::array<double, 7> franka_hardware::Model::coriolis(const std::array<double, 7>&, const std::array<double, 7>&, const std::array<double, 9>&, double, const std::array<double, 3>&) const[m[K’:
[52.006s] [01m[K/home/raiaan/franka_ros2_ws/install/franka_hardware/include/franka_hardware/model.hpp:141:28:[m[K [01;35m[Kwarning: [m[K‘[01m[Kstd::array<double, 7> franka::Model::coriolis(const std::array<double, 7>&, const std::array<double, 7>&, const std::array<double, 9>&, double, const std::array<double, 3>&) const[m[K’ is deprecated: Use coriolis(q, dq, i_total, m_total, f_x_ctotal, g_earth) instead [[01;35m[K]8;;https://gcc.gnu.org/onlinedocs/gcc/Warning-Options.html#index-Wdeprecated-declarations-Wdeprecated-declarations]8;;[m[K]
[52.006s]   141 |     return [01;35m[Kmodel_->coriolis(q, dq, I_total, m_total, F_x_Ctotal)[m[K;
[52.006s]       |            [01;35m[K~~~~~~~~~~~~~~~~^~~~~~~~~~~~~~~~~~~~~~~~~~~~~~~~~~~~~[m[K
[52.006s] In file included from [01m[K/home/raiaan/franka_ros2_ws/install/franka_hardware/include/franka_hardware/model.hpp:19[m[K,
[52.006s]                  from [01m[K/home/raiaan/franka_ros2_ws/install/franka_semantic_components/include/franka_semantic_components/franka_robot_model.hpp:23[m[K,
[52.006s]                  from [01m[K/home/raiaan/franka_ros2_ws/src/franka_ros2/franka_example_controllers/include/franka_example_controllers/model_example_controller.hpp:22[m[K,
[52.006s]                  from [01m[K/home/raiaan/franka_ros2_ws/src/franka_ros2/franka_example_controllers/src/model_example_controller.cpp:15[m[K:
[52.006s] [01m[K/home/raiaan/franka_ros2_ws/install/libfranka/include/franka/model.h:247:3:[m[K [01;36m[Knote: [m[Kdeclared here
[52.007s]   247 |   [01;36m[Kcoriolis[m[K(const std::array<double, 7>& q,        // NOLINT(readability-identifier-length)
[52.007s]       |   [01;36m[K^~~~~~~~[m[K
[54.873s] [ 86%] [32m[1mLinking CXX shared library libfranka_example_controllers.so[0m
[56.570s] [ 86%] Built target franka_example_controllers
[56.590s] [ 90%] [32mBuilding CXX object CMakeFiles/franka_example_controllers_gravity_test.dir/test/test_gravity_compensation_example.cpp.o[0m
[56.590s] [ 93%] [32mBuilding CXX object CMakeFiles/franka_example_controllers_move_to_start_test.dir/test/test_move_to_start_example_controller.cpp.o[0m
[59.603s] [ 96%] [32m[1mLinking CXX executable franka_example_controllers_gravity_test[0m
[60.591s] [100%] [32m[1mLinking CXX executable franka_example_controllers_move_to_start_test[0m
[60.631s] [100%] Built target franka_example_controllers_gravity_test
[61.656s] [100%] Built target franka_example_controllers_move_to_start_test
[61.667s] Invoked command in '/home/raiaan/franka_ros2_ws/build/franka_example_controllers' returned '0': AMENT_PREFIX_PATH=/home/raiaan/franka_ros2_ws/install/franka_semantic_components:/home/raiaan/franka_ros2_ws/install/franka_hardware:/home/raiaan/franka_ros2_ws/install/franka_msgs:${AMENT_PREFIX_PATH} CMAKE_PREFIX_PATH=/home/raiaan/franka_ros2_ws/install/franka_semantic_components:/home/raiaan/franka_ros2_ws/install/franka_hardware:/home/raiaan/franka_ros2_ws/install/libfranka:/home/raiaan/franka_ros2_ws/install/franka_msgs:/opt/ros/humble LD_LIBRARY_PATH=/home/raiaan/franka_ros2_ws/install/franka_semantic_components/lib:/home/raiaan/franka_ros2_ws/install/franka_hardware/lib:/home/raiaan/franka_ros2_ws/install/libfranka/lib:/home/raiaan/franka_ros2_ws/install/franka_msgs/lib:${LD_LIBRARY_PATH} PATH=/home/raiaan/franka_ros2_ws/install/libfranka/bin:${PATH} PKG_CONFIG_PATH=/home/raiaan/franka_ros2_ws/install/libfranka/lib/x86_64-linux-gnu/pkgconfig:/home/raiaan/franka_ros2_ws/install/libfranka/lib/pkgconfig PYTHONPATH=/home/raiaan/franka_ros2_ws/install/franka_msgs/local/lib/python3.10/dist-packages:${PYTHONPATH} /usr/bin/cmake --build /home/raiaan/franka_ros2_ws/build/franka_example_controllers -- -j6 -l6
[61.670s] Invoking command in '/home/raiaan/franka_ros2_ws/build/franka_example_controllers': AMENT_PREFIX_PATH=/home/raiaan/franka_ros2_ws/install/franka_semantic_components:/home/raiaan/franka_ros2_ws/install/franka_hardware:/home/raiaan/franka_ros2_ws/install/franka_msgs:${AMENT_PREFIX_PATH} CMAKE_PREFIX_PATH=/home/raiaan/franka_ros2_ws/install/franka_semantic_components:/home/raiaan/franka_ros2_ws/install/franka_hardware:/home/raiaan/franka_ros2_ws/install/libfranka:/home/raiaan/franka_ros2_ws/install/franka_msgs:/opt/ros/humble LD_LIBRARY_PATH=/home/raiaan/franka_ros2_ws/install/franka_semantic_components/lib:/home/raiaan/franka_ros2_ws/install/franka_hardware/lib:/home/raiaan/franka_ros2_ws/install/libfranka/lib:/home/raiaan/franka_ros2_ws/install/franka_msgs/lib:${LD_LIBRARY_PATH} PATH=/home/raiaan/franka_ros2_ws/install/libfranka/bin:${PATH} PKG_CONFIG_PATH=/home/raiaan/franka_ros2_ws/install/libfranka/lib/x86_64-linux-gnu/pkgconfig:/home/raiaan/franka_ros2_ws/install/libfranka/lib/pkgconfig PYTHONPATH=/home/raiaan/franka_ros2_ws/install/franka_msgs/local/lib/python3.10/dist-packages:${PYTHONPATH} /usr/bin/cmake --install /home/raiaan/franka_ros2_ws/build/franka_example_controllers
[61.675s] -- Install configuration: ""
[61.676s] -- Execute custom install script
[61.677s] -- Symlinking: /home/raiaan/franka_ros2_ws/install/franka_example_controllers/share/franka_example_controllers//franka_example_controllers.xml
[61.685s] -- Symlinking: /home/raiaan/franka_ros2_ws/install/franka_example_controllers/lib/libfranka_example_controllers.so
[61.693s] -- Symlinking: /home/raiaan/franka_ros2_ws/install/franka_example_controllers/include/franka_example_controllers/async_motions/ptp_motion_example_node.hpp
[61.700s] -- Symlinking: /home/raiaan/franka_ros2_ws/install/franka_example_controllers/include/franka_example_controllers/cartesian_elbow_example_controller.hpp
[61.707s] -- Symlinking: /home/raiaan/franka_ros2_ws/install/franka_example_controllers/include/franka_example_controllers/cartesian_orientation_example_controller.hpp
[61.715s] -- Symlinking: /home/raiaan/franka_ros2_ws/install/franka_example_controllers/include/franka_example_controllers/cartesian_pose_example_controller.hpp
[61.722s] -- Symlinking: /home/raiaan/franka_ros2_ws/install/franka_example_controllers/include/franka_example_controllers/cartesian_velocity_example_controller.hpp
[61.730s] -- Symlinking: /home/raiaan/franka_ros2_ws/install/franka_example_controllers/include/franka_example_controllers/default_robot_behavior_utils.hpp
[61.737s] -- Symlinking: /home/raiaan/franka_ros2_ws/install/franka_example_controllers/include/franka_example_controllers/elbow_example_controller.hpp
[61.745s] -- Symlinking: /home/raiaan/franka_ros2_ws/install/franka_example_controllers/include/franka_example_controllers/gravity_compensation_example_controller.hpp
[61.752s] -- Symlinking: /home/raiaan/franka_ros2_ws/install/franka_example_controllers/include/franka_example_controllers/gripper_example_controller.hpp
[61.759s] -- Symlinking: /home/raiaan/franka_ros2_ws/install/franka_example_controllers/include/franka_example_controllers/joint_impedance_example_controller.hpp
[61.767s] -- Symlinking: /home/raiaan/franka_ros2_ws/install/franka_example_controllers/include/franka_example_controllers/joint_impedance_with_ik_example_controller.hpp
[61.775s] -- Symlinking: /home/raiaan/franka_ros2_ws/install/franka_example_controllers/include/franka_example_controllers/joint_position_example_controller.hpp
[61.782s] -- Symlinking: /home/raiaan/franka_ros2_ws/install/franka_example_controllers/include/franka_example_controllers/joint_velocity_example_controller.hpp
[61.790s] -- Symlinking: /home/raiaan/franka_ros2_ws/install/franka_example_controllers/include/franka_example_controllers/model_example_controller.hpp
[61.798s] -- Symlinking: /home/raiaan/franka_ros2_ws/install/franka_example_controllers/include/franka_example_controllers/motion_generator.hpp
[61.806s] -- Symlinking: /home/raiaan/franka_ros2_ws/install/franka_example_controllers/include/franka_example_controllers/move_to_start_example_controller.hpp
[61.814s] -- Symlinking: /home/raiaan/franka_ros2_ws/install/franka_example_controllers/include/franka_example_controllers/robot_utils.hpp
[61.822s] -- Symlinking: /home/raiaan/franka_ros2_ws/install/franka_example_controllers/include/franka_example_controllers/visibility_control.h
[61.831s] -- Symlinking: /home/raiaan/franka_ros2_ws/install/franka_example_controllers/lib/franka_example_controllers/ptp_motion_example_node
[61.840s] -- Symlinking: /home/raiaan/franka_ros2_ws/install/franka_example_controllers/share/franka_example_controllers/environment/library_path.sh
[61.848s] -- Symlinking: /home/raiaan/franka_ros2_ws/install/franka_example_controllers/share/franka_example_controllers/environment/library_path.dsv
[61.856s] -- Symlinking: /home/raiaan/franka_ros2_ws/install/franka_example_controllers/share/ament_index/resource_index/package_run_dependencies/franka_example_controllers
[61.864s] -- Symlinking: /home/raiaan/franka_ros2_ws/install/franka_example_controllers/share/ament_index/resource_index/parent_prefix_path/franka_example_controllers
[61.872s] -- Symlinking: /home/raiaan/franka_ros2_ws/install/franka_example_controllers/share/franka_example_controllers/environment/ament_prefix_path.sh
[61.880s] -- Symlinking: /home/raiaan/franka_ros2_ws/install/franka_example_controllers/share/franka_example_controllers/environment/ament_prefix_path.dsv
[61.888s] -- Symlinking: /home/raiaan/franka_ros2_ws/install/franka_example_controllers/share/franka_example_controllers/environment/path.sh
[61.897s] -- Symlinking: /home/raiaan/franka_ros2_ws/install/franka_example_controllers/share/franka_example_controllers/environment/path.dsv
[61.905s] -- Symlinking: /home/raiaan/franka_ros2_ws/install/franka_example_controllers/share/franka_example_controllers/local_setup.bash
[61.912s] -- Symlinking: /home/raiaan/franka_ros2_ws/install/franka_example_controllers/share/franka_example_controllers/local_setup.sh
[61.920s] -- Symlinking: /home/raiaan/franka_ros2_ws/install/franka_example_controllers/share/franka_example_controllers/local_setup.zsh
[61.928s] -- Symlinking: /home/raiaan/franka_ros2_ws/install/franka_example_controllers/share/franka_example_controllers/local_setup.dsv
[61.937s] -- Symlinking: /home/raiaan/franka_ros2_ws/install/franka_example_controllers/share/franka_example_controllers/package.dsv
[61.946s] -- Symlinking: /home/raiaan/franka_ros2_ws/install/franka_example_controllers/share/ament_index/resource_index/packages/franka_example_controllers
[61.954s] -- Symlinking: /home/raiaan/franka_ros2_ws/install/franka_example_controllers/share/ament_index/resource_index/controller_interface__pluginlib__plugin/franka_example_controllers
[61.962s] -- Symlinking: /home/raiaan/franka_ros2_ws/install/franka_example_controllers/share/franka_example_controllers/cmake/ament_cmake_export_include_directories-extras.cmake
[61.970s] -- Symlinking: /home/raiaan/franka_ros2_ws/install/franka_example_controllers/share/franka_example_controllers/cmake/ament_cmake_export_libraries-extras.cmake
[61.978s] -- Symlinking: /home/raiaan/franka_ros2_ws/install/franka_example_controllers/share/franka_example_controllers/cmake/ament_cmake_export_dependencies-extras.cmake
[61.986s] -- Symlinking: /home/raiaan/franka_ros2_ws/install/franka_example_controllers/share/franka_example_controllers/cmake/franka_example_controllersConfig.cmake
[61.995s] -- Symlinking: /home/raiaan/franka_ros2_ws/install/franka_example_controllers/share/franka_example_controllers/cmake/franka_example_controllersConfig-version.cmake
[62.004s] -- Symlinking: /home/raiaan/franka_ros2_ws/install/franka_example_controllers/share/franka_example_controllers/package.xml
[62.014s] Invoked command in '/home/raiaan/franka_ros2_ws/build/franka_example_controllers' returned '0': AMENT_PREFIX_PATH=/home/raiaan/franka_ros2_ws/install/franka_semantic_components:/home/raiaan/franka_ros2_ws/install/franka_hardware:/home/raiaan/franka_ros2_ws/install/franka_msgs:${AMENT_PREFIX_PATH} CMAKE_PREFIX_PATH=/home/raiaan/franka_ros2_ws/install/franka_semantic_components:/home/raiaan/franka_ros2_ws/install/franka_hardware:/home/raiaan/franka_ros2_ws/install/libfranka:/home/raiaan/franka_ros2_ws/install/franka_msgs:/opt/ros/humble LD_LIBRARY_PATH=/home/raiaan/franka_ros2_ws/install/franka_semantic_components/lib:/home/raiaan/franka_ros2_ws/install/franka_hardware/lib:/home/raiaan/franka_ros2_ws/install/libfranka/lib:/home/raiaan/franka_ros2_ws/install/franka_msgs/lib:${LD_LIBRARY_PATH} PATH=/home/raiaan/franka_ros2_ws/install/libfranka/bin:${PATH} PKG_CONFIG_PATH=/home/raiaan/franka_ros2_ws/install/libfranka/lib/x86_64-linux-gnu/pkgconfig:/home/raiaan/franka_ros2_ws/install/libfranka/lib/pkgconfig PYTHONPATH=/home/raiaan/franka_ros2_ws/install/franka_msgs/local/lib/python3.10/dist-packages:${PYTHONPATH} /usr/bin/cmake --install /home/raiaan/franka_ros2_ws/build/franka_example_controllers
